Starting a Gradle Daemon, 1 busy and 1 incompatible Daemons could not be reused, use --status for details

> Configure project :
w: The following Kotlin/Native targets cannot be built on this machine and are disabled:
iosArm64, iosSimulatorArm64, iosX64, watchosArm64, watchosSimulatorArm64, watchosX64
To hide this message, add 'kotlin.native.ignoreDisabledTargets=true' to the Gradle properties.

w: The Default Kotlin Hierarchy Template was not applied to 'root project 'kotlin-crypto-pure'':
Explicit .dependsOn() edges were configured for the following source sets:
[iosArm64Main, iosArm64Test, iosMain, iosSimulatorArm64Main, iosSimulatorArm64Test, iosX64Main, iosX64Test, jvmMain, jvmTest, nativeMain, nativeTest, watchosArm64Main, watchosArm64Test, watchosMain, watchosSimulatorArm64Main, watchosSimulatorArm64Test, watchosX64Main, watchosX64Test]

Consider removing dependsOn-calls or disabling the default template by adding
    'kotlin.mpp.applyDefaultHierarchyTemplate=false'
to your gradle.properties

Learn more about hierarchy templates: https://kotl.in/hierarchy-template

WARNING: We recommend using a newer Android Gradle plugin to use compileSdk = 35

This Android Gradle plugin (8.5.2) was tested up to compileSdk = 34.

You are strongly encouraged to update your project to use a newer
Android Gradle plugin that has been tested with compileSdk = 35.

If you are already using the latest version of the Android Gradle plugin,
you may need to wait until a newer version with support for compileSdk = 35 is available.

For more information refer to the compatibility table:
https://d.android.com/r/tools/api-level-support

To suppress this warning, add/update
    android.suppressUnsupportedCompileSdk=35
to this project's gradle.properties.

> Task :checkKotlinGradlePluginConfigurationErrors SKIPPED
> Task :transformCommonMainDependenciesMetadata UP-TO-DATE
> Task :generateProjectStructureMetadata UP-TO-DATE
> Task :metadataCommonMainProcessResources NO-SOURCE
> Task :preBuild UP-TO-DATE
> Task :preDebugBuild UP-TO-DATE
> Task :mergeDebugJniLibFolders UP-TO-DATE
> Task :mergeDebugNativeLibs NO-SOURCE
> Task :stripDebugDebugSymbols NO-SOURCE
> Task :copyDebugJniLibsProjectAndLocalJars UP-TO-DATE
> Task :generateDebugResValues UP-TO-DATE
> Task :generateDebugResources UP-TO-DATE
> Task :packageDebugResources UP-TO-DATE
> Task :parseDebugLocalResources UP-TO-DATE
> Task :generateDebugRFile UP-TO-DATE
> Task :extractDeepLinksForAarDebug UP-TO-DATE
> Task :javaPreCompileDebug UP-TO-DATE
> Task :mergeDebugShaders UP-TO-DATE
> Task :compileDebugShaders NO-SOURCE
> Task :debugAssetsCopyForAGP NO-SOURCE
> Task :generateDebugAssets UP-TO-DATE
> Task :packageDebugAssets UP-TO-DATE
> Task :prepareDebugArtProfile UP-TO-DATE
> Task :prepareLintJarForPublish UP-TO-DATE
> Task :processDebugManifest UP-TO-DATE
> Task :writeDebugAarMetadata UP-TO-DATE
> Task :preReleaseBuild UP-TO-DATE
> Task :mergeReleaseJniLibFolders UP-TO-DATE
> Task :mergeReleaseNativeLibs NO-SOURCE
> Task :stripReleaseDebugSymbols NO-SOURCE
> Task :copyReleaseJniLibsProjectAndLocalJars UP-TO-DATE
> Task :generateReleaseResValues UP-TO-DATE
> Task :extractDeepLinksForAarRelease UP-TO-DATE
> Task :generateReleaseResources UP-TO-DATE
> Task :packageReleaseResources UP-TO-DATE
> Task :parseReleaseLocalResources UP-TO-DATE
> Task :generateReleaseRFile UP-TO-DATE
> Task :javaPreCompileRelease UP-TO-DATE
> Task :mergeReleaseShaders UP-TO-DATE
> Task :compileReleaseShaders NO-SOURCE
> Task :generateReleaseAssets UP-TO-DATE
> Task :releaseAssetsCopyForAGP NO-SOURCE
> Task :packageReleaseAssets UP-TO-DATE
> Task :prepareReleaseArtProfile UP-TO-DATE
> Task :processReleaseManifest UP-TO-DATE
> Task :writeReleaseAarMetadata UP-TO-DATE
> Task :mapReleaseSourceSetPaths UP-TO-DATE
> Task :mergeReleaseResources UP-TO-DATE
> Task :verifyReleaseResources UP-TO-DATE
> Task :cinteropCommonCryptoIosArm64 SKIPPED
> Task :cinteropCommonCryptoIosSimulatorArm64 SKIPPED
> Task :cinteropCommonCryptoIosX64 SKIPPED
> Task :cinteropCommonCryptoWatchosArm64 SKIPPED
> Task :cinteropCommonCryptoWatchosSimulatorArm64 SKIPPED
> Task :cinteropCommonCryptoWatchosX64 SKIPPED

> Task :compileDebugKotlinAndroid FAILED
e: file:///D:/OtherProject/mine/crypto/kotlin-crypto-pure/src/commonMain/kotlin/io/github/iml1s/crypto/Merlin.kt:28:9 None of the following candidates is applicable:
fun <T : Appendable> T.append(vararg value: CharSequence?): T
fun StringBuilder.append(value: Byte): StringBuilder
fun StringBuilder.append(value: Short): StringBuilder
fun StringBuilder.append(obj: Any?): StringBuilder
fun StringBuilder.append(vararg value: String?): StringBuilder
fun StringBuilder.append(vararg value: Any?): StringBuilder
fun StringBuilder.append(str: CharArray, offset: Int, len: Int): StringBuilder
e: file:///D:/OtherProject/mine/crypto/kotlin-crypto-pure/src/commonMain/kotlin/io/github/iml1s/crypto/Merlin.kt:41:16 Unresolved reference 'littleEndian32'.
e: file:///D:/OtherProject/mine/crypto/kotlin-crypto-pure/src/commonMain/kotlin/io/github/iml1s/crypto/Merlin.kt:53:16 Unresolved reference 'littleEndian32'.
e: file:///D:/OtherProject/mine/crypto/kotlin-crypto-pure/src/commonMain/kotlin/io/github/iml1s/crypto/Merlin.kt:70:14 Unresolved reference 'absorbByte'.
e: file:///D:/OtherProject/mine/crypto/kotlin-crypto-pure/src/commonMain/kotlin/io/github/iml1s/crypto/Merlin.kt:76:18 Unresolved reference 'runF'.
e: file:///D:/OtherProject/mine/crypto/kotlin-crypto-pure/src/commonMain/kotlin/io/github/iml1s/crypto/Merlin.kt:86:18 Unresolved reference 'absorbByte'.
e: file:///D:/OtherProject/mine/crypto/kotlin-crypto-pure/src/commonMain/kotlin/io/github/iml1s/crypto/Merlin.kt:91:35 Unresolved reference 'runF'.
e: file:///D:/OtherProject/mine/crypto/kotlin-crypto-pure/src/commonMain/kotlin/io/github/iml1s/crypto/Merlin.kt:102:6 Syntax error: Missing '}.
e: file:///D:/OtherProject/mine/crypto/kotlin-crypto-pure/src/commonMain/kotlin/io/github/iml1s/crypto/Ristretto255.kt:88:19 Unresolved reference 'testBit'.
e: file:///D:/OtherProject/mine/crypto/kotlin-crypto-pure/src/commonMain/kotlin/io/github/iml1s/crypto/Ristretto255.kt:104:70 Unresolved reference 'testBit'.
e: file:///D:/OtherProject/mine/crypto/kotlin-crypto-pure/src/commonMain/kotlin/io/github/iml1s/crypto/Ristretto255.kt:119:23 Unresolved reference 'modPow'.

> Task :compileReleaseKotlinAndroid FAILED
e: file:///D:/OtherProject/mine/crypto/kotlin-crypto-pure/src/commonMain/kotlin/io/github/iml1s/crypto/Merlin.kt:28:9 None of the following candidates is applicable:
fun <T : Appendable> T.append(vararg value: CharSequence?): T
fun StringBuilder.append(value: Byte): StringBuilder
fun StringBuilder.append(value: Short): StringBuilder
fun StringBuilder.append(obj: Any?): StringBuilder
fun StringBuilder.append(vararg value: String?): StringBuilder
fun StringBuilder.append(vararg value: Any?): StringBuilder
fun StringBuilder.append(str: CharArray, offset: Int, len: Int): StringBuilder
e: file:///D:/OtherProject/mine/crypto/kotlin-crypto-pure/src/commonMain/kotlin/io/github/iml1s/crypto/Merlin.kt:41:16 Unresolved reference 'littleEndian32'.
e: file:///D:/OtherProject/mine/crypto/kotlin-crypto-pure/src/commonMain/kotlin/io/github/iml1s/crypto/Merlin.kt:53:16 Unresolved reference 'littleEndian32'.
e: file:///D:/OtherProject/mine/crypto/kotlin-crypto-pure/src/commonMain/kotlin/io/github/iml1s/crypto/Merlin.kt:70:14 Unresolved reference 'absorbByte'.
e: file:///D:/OtherProject/mine/crypto/kotlin-crypto-pure/src/commonMain/kotlin/io/github/iml1s/crypto/Merlin.kt:76:18 Unresolved reference 'runF'.
e: file:///D:/OtherProject/mine/crypto/kotlin-crypto-pure/src/commonMain/kotlin/io/github/iml1s/crypto/Merlin.kt:86:18 Unresolved reference 'absorbByte'.
e: file:///D:/OtherProject/mine/crypto/kotlin-crypto-pure/src/commonMain/kotlin/io/github/iml1s/crypto/Merlin.kt:91:35 Unresolved reference 'runF'.
e: file:///D:/OtherProject/mine/crypto/kotlin-crypto-pure/src/commonMain/kotlin/io/github/iml1s/crypto/Merlin.kt:102:6 Syntax error: Missing '}.
e: file:///D:/OtherProject/mine/crypto/kotlin-crypto-pure/src/commonMain/kotlin/io/github/iml1s/crypto/Ristretto255.kt:88:19 Unresolved reference 'testBit'.
e: file:///D:/OtherProject/mine/crypto/kotlin-crypto-pure/src/commonMain/kotlin/io/github/iml1s/crypto/Ristretto255.kt:104:70 Unresolved reference 'testBit'.
e: file:///D:/OtherProject/mine/crypto/kotlin-crypto-pure/src/commonMain/kotlin/io/github/iml1s/crypto/Ristretto255.kt:119:23 Unresolved reference 'modPow'.

> Task :compileCommonMainKotlinMetadata FAILED
e: file:///D:/OtherProject/mine/crypto/kotlin-crypto-pure/src/commonMain/kotlin/io/github/iml1s/crypto/Merlin.kt:28:9 None of the following candidates is applicable:
fun <T : Appendable> T.append(vararg value: CharSequence?): T
expect fun StringBuilder.append(value: Byte): StringBuilder
expect fun StringBuilder.append(value: Short): StringBuilder
fun StringBuilder.append(obj: Any?): StringBuilder
fun StringBuilder.append(vararg value: String?): StringBuilder
fun StringBuilder.append(vararg value: Any?): StringBuilder
fun StringBuilder.append(str: CharArray, offset: Int, len: Int): StringBuilder
e: file:///D:/OtherProject/mine/crypto/kotlin-crypto-pure/src/commonMain/kotlin/io/github/iml1s/crypto/Merlin.kt:41:16 Unresolved reference 'littleEndian32'.
e: file:///D:/OtherProject/mine/crypto/kotlin-crypto-pure/src/commonMain/kotlin/io/github/iml1s/crypto/Merlin.kt:53:16 Unresolved reference 'littleEndian32'.
e: file:///D:/OtherProject/mine/crypto/kotlin-crypto-pure/src/commonMain/kotlin/io/github/iml1s/crypto/Merlin.kt:70:14 Unresolved reference 'absorbByte'.
e: file:///D:/OtherProject/mine/crypto/kotlin-crypto-pure/src/commonMain/kotlin/io/github/iml1s/crypto/Merlin.kt:76:18 Unresolved reference 'runF'.
e: file:///D:/OtherProject/mine/crypto/kotlin-crypto-pure/src/commonMain/kotlin/io/github/iml1s/crypto/Merlin.kt:86:18 Unresolved reference 'absorbByte'.
e: file:///D:/OtherProject/mine/crypto/kotlin-crypto-pure/src/commonMain/kotlin/io/github/iml1s/crypto/Merlin.kt:91:35 Unresolved reference 'runF'.
e: file:///D:/OtherProject/mine/crypto/kotlin-crypto-pure/src/commonMain/kotlin/io/github/iml1s/crypto/Merlin.kt:102:6 Syntax error: Missing '}.
e: file:///D:/OtherProject/mine/crypto/kotlin-crypto-pure/src/commonMain/kotlin/io/github/iml1s/crypto/Ristretto255.kt:88:19 Unresolved reference 'testBit'.
e: file:///D:/OtherProject/mine/crypto/kotlin-crypto-pure/src/commonMain/kotlin/io/github/iml1s/crypto/Ristretto255.kt:104:70 Unresolved reference 'testBit'.
e: file:///D:/OtherProject/mine/crypto/kotlin-crypto-pure/src/commonMain/kotlin/io/github/iml1s/crypto/Ristretto255.kt:119:23 Unresolved reference 'modPow'.

> Task :commonizeNativeDistribution
w: Detected multiple Kotlin daemon sessions at 

[Incubating] Problems report is available at: file:///D:/OtherProject/mine/crypto/kotlin-crypto-pure/build/reports/problems/problems-report.html

FAILURE: Build completed with 3 failures.

1: Task failed with an exception.
-----------
* What went wrong:
Execution failed for task ':compileDebugKotlinAndroid'.
> A failure occurred while executing org.jetbrains.kotlin.compilerRunner.GradleCompilerRunnerWithWorkers$GradleKotlinCompilerWorkAction
   > Compilation error. See log for more details

* Try:
> Run with --stacktrace option to get the stack trace.
> Run with --info or --debug option to get more log output.
> Run with --scan to get full insights.
> Get more help at https://help.gradle.org.
==============================================================================

2: Task failed with an exception.
-----------
* What went wrong:
Execution failed for task ':compileReleaseKotlinAndroid'.
> A failure occurred while executing org.jetbrains.kotlin.compilerRunner.GradleCompilerRunnerWithWorkers$GradleKotlinCompilerWorkAction
   > Compilation error. See log for more details

* Try:
> Run with --stacktrace option to get the stack trace.
> Run with --info or --debug option to get more log output.
> Run with --scan to get full insights.
> Get more help at https://help.gradle.org.
==============================================================================

3: Task failed with an exception.
-----------
* What went wrong:
Execution failed for task ':compileCommonMainKotlinMetadata'.
> A failure occurred while executing org.jetbrains.kotlin.compilerRunner.GradleCompilerRunnerWithWorkers$GradleKotlinCompilerWorkAction
   > Compilation error. See log for more details

* Try:
> Run with --stacktrace option to get the stack trace.
> Run with --info or --debug option to get more log output.
> Run with --scan to get full insights.
> Get more help at https://help.gradle.org.
==============================================================================

Deprecated Gradle features were used in this build, making it incompatible with Gradle 9.0.

You can use '--warning-mode all' to show the individual deprecation warnings and determine if they come from your own scripts or plugins.

For more on this, please refer to https://docs.gradle.org/8.13/userguide/command_line_interface.html#sec:command_line_warnings in the Gradle documentation.

BUILD FAILED in 1m 15s
38 actionable tasks: 4 executed, 34 up-to-date
