
> Configure project :
e: file:///D:/OtherProject/mine/crypto/kotlin-crypto-pure/build.gradle.kts:2:11: Unresolved reference: libs
e: file:///D:/OtherProject/mine/crypto/kotlin-crypto-pure/build.gradle.kts:3:11: Unresolved reference: libs

FAILURE: Build failed with an exception.

* Where:
Build file 'D:\OtherProject\mine\crypto\kotlin-crypto-pure\build.gradle.kts' line: 2

* What went wrong:
Script compilation errors:

  Line 2:     alias(libs.plugins.kotlin.multiplatform)
                    ^ Unresolved reference: libs

  Line 3:     alias(libs.plugins.android.library)
                    ^ Unresolved reference: libs

2 errors

* Try:
> Run with --stacktrace option to get the stack trace.
> Run with --info or --debug option to get more log output.
> Run with --scan to get full insights.
> Get more help at https://help.gradle.org.

BUILD FAILED in 737ms
