
> Configure project :
w: The following Kotlin/Native targets cannot be built on this machine and are disabled:
iosArm64, iosSimulatorArm64, iosX64, watchosArm64, watchosSimulatorArm64, watchosX64
To hide this message, add 'kotlin.native.ignoreDisabledTargets=true' to the Gradle properties.

w: The Default Kotlin Hierarchy Template was not applied to 'root project 'kotlin-crypto-pure'':
Explicit .dependsOn() edges were configured for the following source sets:
[iosArm64Main, iosArm64Test, iosMain, iosSimulatorArm64Main, iosSimulatorArm64Test, iosX64Main, iosX64Test, jvmMain, jvmTest, nativeMain, nativeTest, watchosArm64Main, watchosArm64Test, watchosMain, watchosSimulatorArm64Main, watchosSimulatorArm64Test, watchosX64Main, watchosX64Test]

Consider removing dependsOn-calls or disabling the default template by adding
    'kotlin.mpp.applyDefaultHierarchyTemplate=false'
to your gradle.properties

Learn more about hierarchy templates: https://kotl.in/hierarchy-template


> Task :checkKotlinGradlePluginConfigurationErrors SKIPPED
> Task :compileKotlinJvm UP-TO-DATE
> Task :jvmProcessResources NO-SOURCE
> Task :jvmMainClasses UP-TO-DATE
> Task :jvmJar UP-TO-DATE
> Task :jvmTestProcessResources NO-SOURCE

> Task :compileTestKotlinJvm FAILED
e: file:///D:/OtherProject/mine/crypto/kotlin-crypto-pure/src/commonTest/kotlin/io/github/iml1s/crypto/Sr25519DebugTest.kt:68:29 Unresolved reference 'toBytes32'.
e: file:///D:/OtherProject/mine/crypto/kotlin-crypto-pure/src/commonTest/kotlin/io/github/iml1s/crypto/Sr25519DebugTest.kt:71:28 Unresolved reference 'toBytes32'.
e: file:///D:/OtherProject/mine/crypto/kotlin-crypto-pure/src/commonTest/kotlin/io/github/iml1s/crypto/Sr25519DebugTest.kt:74:29 Unresolved reference 'toBytes32'.
e: file:///D:/OtherProject/mine/crypto/kotlin-crypto-pure/src/commonTest/kotlin/io/github/iml1s/crypto/Sr25519DebugTest.kt:77:31 Unresolved reference 'toBytes32'.
e: file:///D:/OtherProject/mine/crypto/kotlin-crypto-pure/src/commonTest/kotlin/io/github/iml1s/crypto/Sr25519DebugTest.kt:89:5 Modifier 'private' is not applicable to 'local function'.
e: file:///D:/OtherProject/mine/crypto/kotlin-crypto-pure/src/commonTest/kotlin/io/github/iml1s/crypto/Sr25519DebugTest.kt:97:2 Syntax error: Missing '}.

FAILURE: Build failed with an exception.

* What went wrong:
Execution failed for task ':compileTestKotlinJvm'.
> A failure occurred while executing org.jetbrains.kotlin.compilerRunner.GradleCompilerRunnerWithWorkers$GradleKotlinCompilerWorkAction
   > Compilation error. See log for more details

* Try:
> Run with --stacktrace option to get the stack trace.
> Run with --info or --debug option to get more log output.
> Run with --scan to get full insights.
> Get more help at https://help.gradle.org.

BUILD FAILED in 2s
3 actionable tasks: 1 executed, 2 up-to-date
