JVM Unit Tests (Core & CLI)	Set up job	ï»¿2026-01-04T19:27:57.5157616Z Current runner version: '2.330.0'
JVM Unit Tests (Core & CLI)	Set up job	2026-01-04T19:27:57.5183592Z ##[group]Runner Image Provisioner
JVM Unit Tests (Core & CLI)	Set up job	2026-01-04T19:27:57.5184602Z Hosted Compute Agent
JVM Unit Tests (Core & CLI)	Set up job	2026-01-04T19:27:57.5185170Z Version: 20251211.462
JVM Unit Tests (Core & CLI)	Set up job	2026-01-04T19:27:57.5185883Z Commit: 6cbad8c2bb55d58165063d031ccabf57e2d2db61
JVM Unit Tests (Core & CLI)	Set up job	2026-01-04T19:27:57.5186646Z Build Date: 2025-12-11T16:28:49Z
JVM Unit Tests (Core & CLI)	Set up job	2026-01-04T19:27:57.5187291Z Worker ID: {aa702a6f-8821-4c58-8922-31fbfed6a719}
JVM Unit Tests (Core & CLI)	Set up job	2026-01-04T19:27:57.5187960Z ##[endgroup]
JVM Unit Tests (Core & CLI)	Set up job	2026-01-04T19:27:57.5188622Z ##[group]Operating System
JVM Unit Tests (Core & CLI)	Set up job	2026-01-04T19:27:57.5189164Z Ubuntu
JVM Unit Tests (Core & CLI)	Set up job	2026-01-04T19:27:57.5189638Z 24.04.3
JVM Unit Tests (Core & CLI)	Set up job	2026-01-04T19:27:57.5190039Z LTS
JVM Unit Tests (Core & CLI)	Set up job	2026-01-04T19:27:57.5190560Z ##[endgroup]
JVM Unit Tests (Core & CLI)	Set up job	2026-01-04T19:27:57.5191008Z ##[group]Runner Image
JVM Unit Tests (Core & CLI)	Set up job	2026-01-04T19:27:57.5191560Z Image: ubuntu-24.04
JVM Unit Tests (Core & CLI)	Set up job	2026-01-04T19:27:57.5192141Z Version: 20251215.174.1
JVM Unit Tests (Core & CLI)	Set up job	2026-01-04T19:27:57.5193159Z Included Software: https://github.com/actions/runner-images/blob/ubuntu24/20251215.174/images/ubuntu/Ubuntu2404-Readme.md
JVM Unit Tests (Core & CLI)	Set up job	2026-01-04T19:27:57.5194494Z Image Release: https://github.com/actions/runner-images/releases/tag/ubuntu24%2F20251215.174
JVM Unit Tests (Core & CLI)	Set up job	2026-01-04T19:27:57.5195674Z ##[endgroup]
JVM Unit Tests (Core & CLI)	Set up job	2026-01-04T19:27:57.5196962Z ##[group]GITHUB_TOKEN Permissions
JVM Unit Tests (Core & CLI)	Set up job	2026-01-04T19:27:57.5198965Z Contents: read
JVM Unit Tests (Core & CLI)	Set up job	2026-01-04T19:27:57.5199486Z Metadata: read
JVM Unit Tests (Core & CLI)	Set up job	2026-01-04T19:27:57.5200066Z Packages: read
JVM Unit Tests (Core & CLI)	Set up job	2026-01-04T19:27:57.5200539Z ##[endgroup]
JVM Unit Tests (Core & CLI)	Set up job	2026-01-04T19:27:57.5202537Z Secret source: Actions
JVM Unit Tests (Core & CLI)	Set up job	2026-01-04T19:27:57.5203280Z Prepare workflow directory
JVM Unit Tests (Core & CLI)	Set up job	2026-01-04T19:27:57.5539651Z Prepare all required actions
JVM Unit Tests (Core & CLI)	Set up job	2026-01-04T19:27:57.5577854Z Getting action download info
JVM Unit Tests (Core & CLI)	Set up job	2026-01-04T19:27:58.0047927Z Download action repository 'actions/checkout@v4' (SHA:34e114876b0b11c390a56381ad16ebd13914f8d5)
JVM Unit Tests (Core & CLI)	Set up job	2026-01-04T19:27:58.1054125Z Download action repository 'actions/setup-java@v4' (SHA:c1e323688fd81a25caa38c78aa6df2d33d3e20d9)
JVM Unit Tests (Core & CLI)	Set up job	2026-01-04T19:27:58.7026799Z Download action repository 'gradle/gradle-build-action@v2' (SHA:a8f75513eafdebd8141bd1cd4e30fcd194af8dfa)
JVM Unit Tests (Core & CLI)	Set up job	2026-01-04T19:27:59.5052685Z Complete job name: JVM Unit Tests (Core & CLI)
JVM Unit Tests (Core & CLI)	Run actions/checkout@v4	ï»¿2026-01-04T19:27:59.5845009Z ##[group]Run actions/checkout@v4
JVM Unit Tests (Core & CLI)	Run actions/checkout@v4	2026-01-04T19:27:59.5846552Z with:
JVM Unit Tests (Core & CLI)	Run actions/checkout@v4	2026-01-04T19:27:59.5847359Z   repository: ImL1s/kotlin-crypto-pure
JVM Unit Tests (Core & CLI)	Run actions/checkout@v4	2026-01-04T19:27:59.5848690Z   token: ***
JVM Unit Tests (Core & CLI)	Run actions/checkout@v4	2026-01-04T19:27:59.5849440Z   ssh-strict: true
JVM Unit Tests (Core & CLI)	Run actions/checkout@v4	2026-01-04T19:27:59.5850228Z   ssh-user: git
JVM Unit Tests (Core & CLI)	Run actions/checkout@v4	2026-01-04T19:27:59.5851033Z   persist-credentials: true
JVM Unit Tests (Core & CLI)	Run actions/checkout@v4	2026-01-04T19:27:59.5851919Z   clean: true
JVM Unit Tests (Core & CLI)	Run actions/checkout@v4	2026-01-04T19:27:59.5852722Z   sparse-checkout-cone-mode: true
JVM Unit Tests (Core & CLI)	Run actions/checkout@v4	2026-01-04T19:27:59.5853701Z   fetch-depth: 1
JVM Unit Tests (Core & CLI)	Run actions/checkout@v4	2026-01-04T19:27:59.5854481Z   fetch-tags: false
JVM Unit Tests (Core & CLI)	Run actions/checkout@v4	2026-01-04T19:27:59.5855295Z   show-progress: true
JVM Unit Tests (Core & CLI)	Run actions/checkout@v4	2026-01-04T19:27:59.5856269Z   lfs: false
JVM Unit Tests (Core & CLI)	Run actions/checkout@v4	2026-01-04T19:27:59.5857023Z   submodules: false
JVM Unit Tests (Core & CLI)	Run actions/checkout@v4	2026-01-04T19:27:59.5857833Z   set-safe-directory: true
JVM Unit Tests (Core & CLI)	Run actions/checkout@v4	2026-01-04T19:27:59.5859125Z ##[endgroup]
JVM Unit Tests (Core & CLI)	Run actions/checkout@v4	2026-01-04T19:27:59.6956166Z Syncing repository: ImL1s/kotlin-crypto-pure
JVM Unit Tests (Core & CLI)	Run actions/checkout@v4	2026-01-04T19:27:59.6959990Z ##[group]Getting Git version info
JVM Unit Tests (Core & CLI)	Run actions/checkout@v4	2026-01-04T19:27:59.6961553Z Working directory is '/home/runner/work/kotlin-crypto-pure/kotlin-crypto-pure'
JVM Unit Tests (Core & CLI)	Run actions/checkout@v4	2026-01-04T19:27:59.6963778Z [command]/usr/bin/git version
JVM Unit Tests (Core & CLI)	Run actions/checkout@v4	2026-01-04T19:27:59.7052789Z git version 2.52.0
JVM Unit Tests (Core & CLI)	Run actions/checkout@v4	2026-01-04T19:27:59.7079931Z ##[endgroup]
JVM Unit Tests (Core & CLI)	Run actions/checkout@v4	2026-01-04T19:27:59.7093473Z Temporarily overriding HOME='/home/runner/work/_temp/c867645d-4b94-40a5-98cd-658fbf88b215' before making global git config changes
JVM Unit Tests (Core & CLI)	Run actions/checkout@v4	2026-01-04T19:27:59.7096579Z Adding repository directory to the temporary git global config as a safe directory
JVM Unit Tests (Core & CLI)	Run actions/checkout@v4	2026-01-04T19:27:59.7106219Z [command]/usr/bin/git config --global --add safe.directory /home/runner/work/kotlin-crypto-pure/kotlin-crypto-pure
JVM Unit Tests (Core & CLI)	Run actions/checkout@v4	2026-01-04T19:27:59.7144298Z Deleting the contents of '/home/runner/work/kotlin-crypto-pure/kotlin-crypto-pure'
JVM Unit Tests (Core & CLI)	Run actions/checkout@v4	2026-01-04T19:27:59.7147652Z ##[group]Initializing the repository
JVM Unit Tests (Core & CLI)	Run actions/checkout@v4	2026-01-04T19:27:59.7151598Z [command]/usr/bin/git init /home/runner/work/kotlin-crypto-pure/kotlin-crypto-pure
JVM Unit Tests (Core & CLI)	Run actions/checkout@v4	2026-01-04T19:27:59.7283250Z hint: Using 'master' as the name for the initial branch. This default branch name
JVM Unit Tests (Core & CLI)	Run actions/checkout@v4	2026-01-04T19:27:59.7285341Z hint: will change to "main" in Git 3.0. To configure the initial branch name
JVM Unit Tests (Core & CLI)	Run actions/checkout@v4	2026-01-04T19:27:59.7287804Z hint: to use in all of your new repositories, which will suppress this warning,
JVM Unit Tests (Core & CLI)	Run actions/checkout@v4	2026-01-04T19:27:59.7289361Z hint: call:
JVM Unit Tests (Core & CLI)	Run actions/checkout@v4	2026-01-04T19:27:59.7290390Z hint:
JVM Unit Tests (Core & CLI)	Run actions/checkout@v4	2026-01-04T19:27:59.7292101Z hint: 	git config --global init.defaultBranch <name>
JVM Unit Tests (Core & CLI)	Run actions/checkout@v4	2026-01-04T19:27:59.7294065Z hint:
JVM Unit Tests (Core & CLI)	Run actions/checkout@v4	2026-01-04T19:27:59.7295273Z hint: Names commonly chosen instead of 'master' are 'main', 'trunk' and
JVM Unit Tests (Core & CLI)	Run actions/checkout@v4	2026-01-04T19:27:59.7297468Z hint: 'development'. The just-created branch can be renamed via this command:
JVM Unit Tests (Core & CLI)	Run actions/checkout@v4	2026-01-04T19:27:59.7298908Z hint:
JVM Unit Tests (Core & CLI)	Run actions/checkout@v4	2026-01-04T19:27:59.7299776Z hint: 	git branch -m <name>
JVM Unit Tests (Core & CLI)	Run actions/checkout@v4	2026-01-04T19:27:59.7300888Z hint:
JVM Unit Tests (Core & CLI)	Run actions/checkout@v4	2026-01-04T19:27:59.7302151Z hint: Disable this message with "git config set advice.defaultBranchName false"
JVM Unit Tests (Core & CLI)	Run actions/checkout@v4	2026-01-04T19:27:59.7304352Z Initialized empty Git repository in /home/runner/work/kotlin-crypto-pure/kotlin-crypto-pure/.git/
JVM Unit Tests (Core & CLI)	Run actions/checkout@v4	2026-01-04T19:27:59.7307792Z [command]/usr/bin/git remote add origin https://github.com/ImL1s/kotlin-crypto-pure
JVM Unit Tests (Core & CLI)	Run actions/checkout@v4	2026-01-04T19:27:59.7342426Z ##[endgroup]
JVM Unit Tests (Core & CLI)	Run actions/checkout@v4	2026-01-04T19:27:59.7344789Z ##[group]Disabling automatic garbage collection
JVM Unit Tests (Core & CLI)	Run actions/checkout@v4	2026-01-04T19:27:59.7347117Z [command]/usr/bin/git config --local gc.auto 0
JVM Unit Tests (Core & CLI)	Run actions/checkout@v4	2026-01-04T19:27:59.7375320Z ##[endgroup]
JVM Unit Tests (Core & CLI)	Run actions/checkout@v4	2026-01-04T19:27:59.7377755Z ##[group]Setting up auth
JVM Unit Tests (Core & CLI)	Run actions/checkout@v4	2026-01-04T19:27:59.7382834Z [command]/usr/bin/git config --local --name-only --get-regexp core\.sshCommand
JVM Unit Tests (Core & CLI)	Run actions/checkout@v4	2026-01-04T19:27:59.7414893Z [command]/usr/bin/git submodule foreach --recursive sh -c "git config --local --name-only --get-regexp 'core\.sshCommand' && git config --local --unset-all 'core.sshCommand' || :"
JVM Unit Tests (Core & CLI)	Run actions/checkout@v4	2026-01-04T19:27:59.7795159Z [command]/usr/bin/git config --local --name-only --get-regexp http\.https\:\/\/github\.com\/\.extraheader
JVM Unit Tests (Core & CLI)	Run actions/checkout@v4	2026-01-04T19:27:59.7826439Z [command]/usr/bin/git submodule foreach --recursive sh -c "git config --local --name-only --get-regexp 'http\.https\:\/\/github\.com\/\.extraheader' && git config --local --unset-all 'http.https://github.com/.extraheader' || :"
JVM Unit Tests (Core & CLI)	Run actions/checkout@v4	2026-01-04T19:27:59.8037599Z [command]/usr/bin/git config --local --name-only --get-regexp ^includeIf\.gitdir:
JVM Unit Tests (Core & CLI)	Run actions/checkout@v4	2026-01-04T19:27:59.8067859Z [command]/usr/bin/git submodule foreach --recursive git config --local --show-origin --name-only --get-regexp remote.origin.url
JVM Unit Tests (Core & CLI)	Run actions/checkout@v4	2026-01-04T19:27:59.8290572Z [command]/usr/bin/git config --local http.https://github.com/.extraheader AUTHORIZATION: basic ***
JVM Unit Tests (Core & CLI)	Run actions/checkout@v4	2026-01-04T19:27:59.8323539Z ##[endgroup]
JVM Unit Tests (Core & CLI)	Run actions/checkout@v4	2026-01-04T19:27:59.8331545Z ##[group]Fetching the repository
JVM Unit Tests (Core & CLI)	Run actions/checkout@v4	2026-01-04T19:27:59.8334125Z [command]/usr/bin/git -c protocol.version=2 fetch --no-tags --prune --no-recurse-submodules --depth=1 origin +de6e2843a17c3c109efdef403bb0a65ef8ae43bd:refs/remotes/origin/main
JVM Unit Tests (Core & CLI)	Run actions/checkout@v4	2026-01-04T19:28:00.3550318Z From https://github.com/ImL1s/kotlin-crypto-pure
JVM Unit Tests (Core & CLI)	Run actions/checkout@v4	2026-01-04T19:28:00.3551210Z  * [new ref]         de6e2843a17c3c109efdef403bb0a65ef8ae43bd -> origin/main
JVM Unit Tests (Core & CLI)	Run actions/checkout@v4	2026-01-04T19:28:00.3583057Z ##[endgroup]
JVM Unit Tests (Core & CLI)	Run actions/checkout@v4	2026-01-04T19:28:00.3583798Z ##[group]Determining the checkout info
JVM Unit Tests (Core & CLI)	Run actions/checkout@v4	2026-01-04T19:28:00.3586386Z ##[endgroup]
JVM Unit Tests (Core & CLI)	Run actions/checkout@v4	2026-01-04T19:28:00.3591507Z [command]/usr/bin/git sparse-checkout disable
JVM Unit Tests (Core & CLI)	Run actions/checkout@v4	2026-01-04T19:28:00.3631277Z [command]/usr/bin/git config --local --unset-all extensions.worktreeConfig
JVM Unit Tests (Core & CLI)	Run actions/checkout@v4	2026-01-04T19:28:00.3655531Z ##[group]Checking out the ref
JVM Unit Tests (Core & CLI)	Run actions/checkout@v4	2026-01-04T19:28:00.3659880Z [command]/usr/bin/git checkout --progress --force -B main refs/remotes/origin/main
JVM Unit Tests (Core & CLI)	Run actions/checkout@v4	2026-01-04T19:28:00.4686533Z Switched to a new branch 'main'
JVM Unit Tests (Core & CLI)	Run actions/checkout@v4	2026-01-04T19:28:00.4687486Z branch 'main' set up to track 'origin/main'.
JVM Unit Tests (Core & CLI)	Run actions/checkout@v4	2026-01-04T19:28:00.4698340Z ##[endgroup]
JVM Unit Tests (Core & CLI)	Run actions/checkout@v4	2026-01-04T19:28:00.4735604Z [command]/usr/bin/git log -1 --format=%H
JVM Unit Tests (Core & CLI)	Run actions/checkout@v4	2026-01-04T19:28:00.4757512Z de6e2843a17c3c109efdef403bb0a65ef8ae43bd
JVM Unit Tests (Core & CLI)	Set up JDK 17	ï»¿2026-01-04T19:28:00.5035903Z ##[group]Run actions/setup-java@v4
JVM Unit Tests (Core & CLI)	Set up JDK 17	2026-01-04T19:28:00.5036237Z with:
JVM Unit Tests (Core & CLI)	Set up JDK 17	2026-01-04T19:28:00.5036430Z   java-version: 17
JVM Unit Tests (Core & CLI)	Set up JDK 17	2026-01-04T19:28:00.5036631Z   distribution: temurin
JVM Unit Tests (Core & CLI)	Set up JDK 17	2026-01-04T19:28:00.5036844Z   java-package: jdk
JVM Unit Tests (Core & CLI)	Set up JDK 17	2026-01-04T19:28:00.5037045Z   check-latest: false
JVM Unit Tests (Core & CLI)	Set up JDK 17	2026-01-04T19:28:00.5037237Z   server-id: github
JVM Unit Tests (Core & CLI)	Set up JDK 17	2026-01-04T19:28:00.5037630Z   server-username: GITHUB_ACTOR
JVM Unit Tests (Core & CLI)	Set up JDK 17	2026-01-04T19:28:00.5037870Z   server-password: GITHUB_TOKEN
JVM Unit Tests (Core & CLI)	Set up JDK 17	2026-01-04T19:28:00.5038106Z   overwrite-settings: true
JVM Unit Tests (Core & CLI)	Set up JDK 17	2026-01-04T19:28:00.5038314Z   job-status: success
JVM Unit Tests (Core & CLI)	Set up JDK 17	2026-01-04T19:28:00.5038675Z   token: ***
JVM Unit Tests (Core & CLI)	Set up JDK 17	2026-01-04T19:28:00.5038860Z ##[endgroup]
JVM Unit Tests (Core & CLI)	Set up JDK 17	2026-01-04T19:28:00.7004838Z ##[group]Installed distributions
JVM Unit Tests (Core & CLI)	Set up JDK 17	2026-01-04T19:28:00.7076101Z Resolved Java 17.0.17+10 from tool-cache
JVM Unit Tests (Core & CLI)	Set up JDK 17	2026-01-04T19:28:00.7077178Z Setting Java 17.0.17+10 as the default
JVM Unit Tests (Core & CLI)	Set up JDK 17	2026-01-04T19:28:00.7089741Z Creating toolchains.xml for JDK version 17 from temurin
JVM Unit Tests (Core & CLI)	Set up JDK 17	2026-01-04T19:28:00.7166344Z Writing to /home/runner/.m2/toolchains.xml
JVM Unit Tests (Core & CLI)	Set up JDK 17	2026-01-04T19:28:00.7166814Z 
JVM Unit Tests (Core & CLI)	Set up JDK 17	2026-01-04T19:28:00.7167068Z Java configuration:
JVM Unit Tests (Core & CLI)	Set up JDK 17	2026-01-04T19:28:00.7168412Z   Distribution: temurin
JVM Unit Tests (Core & CLI)	Set up JDK 17	2026-01-04T19:28:00.7168859Z   Version: 17.0.17+10
JVM Unit Tests (Core & CLI)	Set up JDK 17	2026-01-04T19:28:00.7169531Z   Path: /opt/hostedtoolcache/Java_Temurin-Hotspot_jdk/17.0.17-10/x64
JVM Unit Tests (Core & CLI)	Set up JDK 17	2026-01-04T19:28:00.7170109Z 
JVM Unit Tests (Core & CLI)	Set up JDK 17	2026-01-04T19:28:00.7170644Z ##[endgroup]
JVM Unit Tests (Core & CLI)	Set up JDK 17	2026-01-04T19:28:00.7186214Z Creating settings.xml with server-id: github
JVM Unit Tests (Core & CLI)	Set up JDK 17	2026-01-04T19:28:00.7190631Z Writing to /home/runner/.m2/settings.xml
JVM Unit Tests (Core & CLI)	Setup Gradle	ï»¿2026-01-04T19:28:00.7431181Z ##[group]Run gradle/gradle-build-action@v2
JVM Unit Tests (Core & CLI)	Setup Gradle	2026-01-04T19:28:00.7431534Z with:
JVM Unit Tests (Core & CLI)	Setup Gradle	2026-01-04T19:28:00.7431727Z   cache-disabled: false
JVM Unit Tests (Core & CLI)	Setup Gradle	2026-01-04T19:28:00.7431946Z   cache-read-only: false
JVM Unit Tests (Core & CLI)	Setup Gradle	2026-01-04T19:28:00.7432171Z   cache-write-only: false
JVM Unit Tests (Core & CLI)	Setup Gradle	2026-01-04T19:28:00.7432396Z   cache-overwrite-existing: false
JVM Unit Tests (Core & CLI)	Setup Gradle	2026-01-04T19:28:00.7432698Z   gradle-home-cache-includes: caches
JVM Unit Tests (Core & CLI)	Setup Gradle	notifications
JVM Unit Tests (Core & CLI)	Setup Gradle	
JVM Unit Tests (Core & CLI)	Setup Gradle	2026-01-04T19:28:00.7433037Z   gradle-home-cache-cleanup: false
JVM Unit Tests (Core & CLI)	Setup Gradle	2026-01-04T19:28:00.7433309Z   generate-job-summary: true
JVM Unit Tests (Core & CLI)	Setup Gradle	2026-01-04T19:28:00.7433546Z   dependency-graph: disabled
JVM Unit Tests (Core & CLI)	Setup Gradle	2026-01-04T19:28:00.7433791Z   gradle-home-cache-strict-match: false
JVM Unit Tests (Core & CLI)	Setup Gradle	2026-01-04T19:28:00.7434058Z   workflow-job-context: null
JVM Unit Tests (Core & CLI)	Setup Gradle	2026-01-04T19:28:00.7434432Z   github-token: ***
JVM Unit Tests (Core & CLI)	Setup Gradle	2026-01-04T19:28:00.7434644Z env:
JVM Unit Tests (Core & CLI)	Setup Gradle	2026-01-04T19:28:00.7434939Z   JAVA_HOME: /opt/hostedtoolcache/Java_Temurin-Hotspot_jdk/17.0.17-10/x64
JVM Unit Tests (Core & CLI)	Setup Gradle	2026-01-04T19:28:00.7435436Z   JAVA_HOME_17_X64: /opt/hostedtoolcache/Java_Temurin-Hotspot_jdk/17.0.17-10/x64
JVM Unit Tests (Core & CLI)	Setup Gradle	2026-01-04T19:28:00.7436049Z ##[endgroup]
JVM Unit Tests (Core & CLI)	Setup Gradle	2026-01-04T19:28:01.0250571Z ##[group]Restore Gradle state from cache
JVM Unit Tests (Core & CLI)	Setup Gradle	2026-01-04T19:28:01.2673103Z ##[warning]Failed to restore v8-gradle|Linux|ci-test-jvm[37a6259cc0c1dae299a7866489dff0bd]-de6e2843a17c3c109efdef403bb0a65ef8ae43bd: Error: Cache service responded with 400
JVM Unit Tests (Core & CLI)	Setup Gradle	2026-01-04T19:28:01.2704998Z Gradle User Home cache not found. Will initialize empty.
JVM Unit Tests (Core & CLI)	Setup Gradle	2026-01-04T19:28:01.2705864Z ##[endgroup]
JVM Unit Tests (Core & CLI)	Run Core JVM Tests	ï»¿2026-01-04T19:28:01.2821031Z ##[group]Run ./gradlew :crypto-core:jvmTest --continue
JVM Unit Tests (Core & CLI)	Run Core JVM Tests	2026-01-04T19:28:01.2821490Z [36;1m./gradlew :crypto-core:jvmTest --continue[0m
JVM Unit Tests (Core & CLI)	Run Core JVM Tests	2026-01-04T19:28:01.2856416Z shell: /usr/bin/bash -e {0}
JVM Unit Tests (Core & CLI)	Run Core JVM Tests	2026-01-04T19:28:01.2856677Z env:
JVM Unit Tests (Core & CLI)	Run Core JVM Tests	2026-01-04T19:28:01.2856974Z   JAVA_HOME: /opt/hostedtoolcache/Java_Temurin-Hotspot_jdk/17.0.17-10/x64
JVM Unit Tests (Core & CLI)	Run Core JVM Tests	2026-01-04T19:28:01.2857461Z   JAVA_HOME_17_X64: /opt/hostedtoolcache/Java_Temurin-Hotspot_jdk/17.0.17-10/x64
JVM Unit Tests (Core & CLI)	Run Core JVM Tests	2026-01-04T19:28:01.2857857Z   GRADLE_BUILD_ACTION_SETUP_COMPLETED: true
JVM Unit Tests (Core & CLI)	Run Core JVM Tests	2026-01-04T19:28:01.2858134Z   GRADLE_BUILD_ACTION_CACHE_RESTORED: true
JVM Unit Tests (Core & CLI)	Run Core JVM Tests	2026-01-04T19:28:01.2858383Z ##[endgroup]
JVM Unit Tests (Core & CLI)	Run Core JVM Tests	2026-01-04T19:28:01.4196407Z Downloading https://services.gradle.org/distributions/gradle-8.13-all.zip
JVM Unit Tests (Core & CLI)	Run Core JVM Tests	2026-01-04T19:28:03.6074270Z ......................10%......................20%......................30%......................40%......................50%......................60%......................70%.......................80%......................90%......................100%
JVM Unit Tests (Core & CLI)	Run Core JVM Tests	2026-01-04T19:28:06.8267094Z 
JVM Unit Tests (Core & CLI)	Run Core JVM Tests	2026-01-04T19:28:06.8268670Z Welcome to Gradle 8.13!
JVM Unit Tests (Core & CLI)	Run Core JVM Tests	2026-01-04T19:28:06.8270191Z 
JVM Unit Tests (Core & CLI)	Run Core JVM Tests	2026-01-04T19:28:06.8270556Z Here are the highlights of this release:
JVM Unit Tests (Core & CLI)	Run Core JVM Tests	2026-01-04T19:28:06.8271636Z  - Daemon JVM auto-provisioning
JVM Unit Tests (Core & CLI)	Run Core JVM Tests	2026-01-04T19:28:06.8273569Z  - Enhancements for Scala plugin and JUnit testing
JVM Unit Tests (Core & CLI)	Run Core JVM Tests	2026-01-04T19:28:06.8274631Z  - Improvements for build authors and plugin developers
JVM Unit Tests (Core & CLI)	Run Core JVM Tests	2026-01-04T19:28:06.8277044Z 
JVM Unit Tests (Core & CLI)	Run Core JVM Tests	2026-01-04T19:28:06.8277424Z For more details see https://docs.gradle.org/8.13/release-notes.html
JVM Unit Tests (Core & CLI)	Run Core JVM Tests	2026-01-04T19:28:06.8278015Z 
JVM Unit Tests (Core & CLI)	Run Core JVM Tests	2026-01-04T19:28:06.9268828Z Starting a Gradle Daemon (subsequent builds will be faster)
JVM Unit Tests (Core & CLI)	Run Core JVM Tests	2026-01-04T19:29:56.4258340Z 
JVM Unit Tests (Core & CLI)	Run Core JVM Tests	2026-01-04T19:29:56.4325934Z > Configure project :crypto-core
JVM Unit Tests (Core & CLI)	Run Core JVM Tests	2026-01-04T19:29:56.4327826Z w: file:///home/runner/work/kotlin-crypto-pure/kotlin-crypto-pure/crypto-core/build.gradle.kts:25:21: 'defFile: File' is deprecated. Deprecated because it is a non-lazy property.
JVM Unit Tests (Core & CLI)	Run Core JVM Tests	2026-01-04T19:29:56.4330607Z w: file:///home/runner/work/kotlin-crypto-pure/kotlin-crypto-pure/crypto-core/build.gradle.kts:36:21: 'defFile: File' is deprecated. Deprecated because it is a non-lazy property.
JVM Unit Tests (Core & CLI)	Run Core JVM Tests	2026-01-04T19:29:56.4336536Z w: file:///home/runner/work/kotlin-crypto-pure/kotlin-crypto-pure/crypto-core/build.gradle.kts:47:21: 'defFile: File' is deprecated. Deprecated because it is a non-lazy property.
JVM Unit Tests (Core & CLI)	Run Core JVM Tests	2026-01-04T19:29:56.4339251Z w: file:///home/runner/work/kotlin-crypto-pure/kotlin-crypto-pure/crypto-core/build.gradle.kts:59:21: 'defFile: File' is deprecated. Deprecated because it is a non-lazy property.
JVM Unit Tests (Core & CLI)	Run Core JVM Tests	2026-01-04T19:29:56.4348610Z w: file:///home/runner/work/kotlin-crypto-pure/kotlin-crypto-pure/crypto-core/build.gradle.kts:70:21: 'defFile: File' is deprecated. Deprecated because it is a non-lazy property.
JVM Unit Tests (Core & CLI)	Run Core JVM Tests	2026-01-04T19:29:56.4355880Z w: file:///home/runner/work/kotlin-crypto-pure/kotlin-crypto-pure/crypto-core/build.gradle.kts:81:21: 'defFile: File' is deprecated. Deprecated because it is a non-lazy property.
JVM Unit Tests (Core & CLI)	Run Core JVM Tests	2026-01-04T19:29:57.9263087Z w: The following Kotlin/Native targets cannot be built on this machine and are disabled:
JVM Unit Tests (Core & CLI)	Run Core JVM Tests	2026-01-04T19:29:57.9266613Z iosArm64, iosSimulatorArm64, iosX64, watchosArm64, watchosSimulatorArm64, watchosX64
JVM Unit Tests (Core & CLI)	Run Core JVM Tests	2026-01-04T19:29:57.9286746Z To hide this message, add 'kotlin.native.ignoreDisabledTargets=true' to the Gradle properties.
JVM Unit Tests (Core & CLI)	Run Core JVM Tests	2026-01-04T19:29:57.9294410Z 
JVM Unit Tests (Core & CLI)	Run Core JVM Tests	2026-01-04T19:29:57.9301071Z w: The Default Kotlin Hierarchy Template was not applied to 'project ':crypto-core'':
JVM Unit Tests (Core & CLI)	Run Core JVM Tests	2026-01-04T19:29:57.9302577Z Explicit .dependsOn() edges were configured for the following source sets:
JVM Unit Tests (Core & CLI)	Run Core JVM Tests	2026-01-04T19:29:57.9305142Z [iosArm64Main, iosArm64Test, iosMain, iosSimulatorArm64Main, iosSimulatorArm64Test, iosX64Main, iosX64Test, jvmMain, jvmTest, nativeMain, nativeTest, watchosArm64Main, watchosArm64Test, watchosMain, watchosSimulatorArm64Main, watchosSimulatorArm64Test, watchosX64Main, watchosX64Test]
JVM Unit Tests (Core & CLI)	Run Core JVM Tests	2026-01-04T19:29:57.9310912Z 
JVM Unit Tests (Core & CLI)	Run Core JVM Tests	2026-01-04T19:29:57.9311588Z Consider removing dependsOn-calls or disabling the default template by adding
JVM Unit Tests (Core & CLI)	Run Core JVM Tests	2026-01-04T19:29:57.9312901Z     'kotlin.mpp.applyDefaultHierarchyTemplate=false'
JVM Unit Tests (Core & CLI)	Run Core JVM Tests	2026-01-04T19:29:57.9327520Z to your gradle.properties
JVM Unit Tests (Core & CLI)	Run Core JVM Tests	2026-01-04T19:29:57.9327944Z 
JVM Unit Tests (Core & CLI)	Run Core JVM Tests	2026-01-04T19:29:57.9330066Z Learn more about hierarchy templates: https://kotl.in/hierarchy-template
JVM Unit Tests (Core & CLI)	Run Core JVM Tests	2026-01-04T19:29:57.9330657Z 
JVM Unit Tests (Core & CLI)	Run Core JVM Tests	2026-01-04T19:30:01.2255995Z 
JVM Unit Tests (Core & CLI)	Run Core JVM Tests	2026-01-04T19:30:01.2256509Z > Configure project :demo-cli
JVM Unit Tests (Core & CLI)	Run Core JVM Tests	2026-01-04T19:30:01.2258190Z w: file:///home/runner/work/kotlin-crypto-pure/kotlin-crypto-pure/demo-cli/build.gradle.kts:7:9: Experimental API in the Kotlin Gradle Plugin: No stability guarantees can be provided. The API could get removed in the future without replacement
JVM Unit Tests (Core & CLI)	Run Core JVM Tests	2026-01-04T19:30:01.2261071Z w: file:///home/runner/work/kotlin-crypto-pure/kotlin-crypto-pure/demo-cli/build.gradle.kts:8:13: Experimental API in the Kotlin Gradle Plugin: No stability guarantees can be provided. The API could get removed in the future without replacement
JVM Unit Tests (Core & CLI)	Run Core JVM Tests	2026-01-04T19:30:01.2272243Z w: The following Kotlin/Native targets cannot be built on this machine and are disabled:
JVM Unit Tests (Core & CLI)	Run Core JVM Tests	2026-01-04T19:30:01.2275020Z macosArm64, macosX64
JVM Unit Tests (Core & CLI)	Run Core JVM Tests	2026-01-04T19:30:01.2277476Z To hide this message, add 'kotlin.native.ignoreDisabledTargets=true' to the Gradle properties.
JVM Unit Tests (Core & CLI)	Run Core JVM Tests	2026-01-04T19:30:01.2280280Z 
JVM Unit Tests (Core & CLI)	Run Core JVM Tests	2026-01-04T19:30:01.7257730Z 
JVM Unit Tests (Core & CLI)	Run Core JVM Tests	2026-01-04T19:30:01.7258892Z > Task :crypto-core:checkKotlinGradlePluginConfigurationErrors SKIPPED
JVM Unit Tests (Core & CLI)	Run Core JVM Tests	2026-01-04T19:30:19.4254745Z > Task :crypto-core:jvmProcessResources NO-SOURCE
JVM Unit Tests (Core & CLI)	Run Core JVM Tests	2026-01-04T19:30:19.4276721Z > Task :crypto-core:jvmTestProcessResources NO-SOURCE
JVM Unit Tests (Core & CLI)	Run Core JVM Tests	2026-01-04T19:30:31.7254182Z > Task :crypto-core:compileKotlinJvm
JVM Unit Tests (Core & CLI)	Run Core JVM Tests	2026-01-04T19:30:33.6259006Z w: file:///home/runner/work/kotlin-crypto-pure/kotlin-crypto-pure/crypto-core/src/commonMain/kotlin/io/github/iml1s/crypto/AesGcm.kt:78:1 'expect'/'actual' classes (including interfaces, objects, annotations, enums, and 'actual' typealiases) are in Beta. You can use -Xexpect-actual-classes flag to suppress this warning. Also see: https://youtrack.jetbrains.com/issue/KT-61573
JVM Unit Tests (Core & CLI)	Run Core JVM Tests	2026-01-04T19:30:33.6262388Z w: file:///home/runner/work/kotlin-crypto-pure/kotlin-crypto-pure/crypto-core/src/commonMain/kotlin/io/github/iml1s/crypto/Digest.kt:61:13 Check for instance is always 'true'.
JVM Unit Tests (Core & CLI)	Run Core JVM Tests	2026-01-04T19:30:33.6268356Z w: file:///home/runner/work/kotlin-crypto-pure/kotlin-crypto-pure/crypto-core/src/commonMain/kotlin/io/github/iml1s/crypto/Digest.kt:80:13 Check for instance is always 'true'.
JVM Unit Tests (Core & CLI)	Run Core JVM Tests	2026-01-04T19:30:33.6272211Z w: file:///home/runner/work/kotlin-crypto-pure/kotlin-crypto-pure/crypto-core/src/commonMain/kotlin/io/github/iml1s/crypto/Secp256k1Provider.kt:12:1 'expect'/'actual' classes (including interfaces, objects, annotations, enums, and 'actual' typealiases) are in Beta. You can use -Xexpect-actual-classes flag to suppress this warning. Also see: https://youtrack.jetbrains.com/issue/KT-61573
JVM Unit Tests (Core & CLI)	Run Core JVM Tests	2026-01-04T19:30:33.6277502Z w: file:///home/runner/work/kotlin-crypto-pure/kotlin-crypto-pure/crypto-core/src/jvmMain/kotlin/io/github/iml1s/crypto/Actuals.jvm.kt:86:1 'expect'/'actual' classes (including interfaces, objects, annotations, enums, and 'actual' typealiases) are in Beta. You can use -Xexpect-actual-classes flag to suppress this warning. Also see: https://youtrack.jetbrains.com/issue/KT-61573
JVM Unit Tests (Core & CLI)	Run Core JVM Tests	2026-01-04T19:30:33.6281923Z w: file:///home/runner/work/kotlin-crypto-pure/kotlin-crypto-pure/crypto-core/src/jvmMain/kotlin/io/github/iml1s/crypto/AesGcm.jvm.kt:10:1 'expect'/'actual' classes (including interfaces, objects, annotations, enums, and 'actual' typealiases) are in Beta. You can use -Xexpect-actual-classes flag to suppress this warning. Also see: https://youtrack.jetbrains.com/issue/KT-61573
JVM Unit Tests (Core & CLI)	Run Core JVM Tests	2026-01-04T19:30:33.7253491Z 
JVM Unit Tests (Core & CLI)	Run Core JVM Tests	2026-01-04T19:30:33.7254645Z > Task :crypto-core:jvmMainClasses
JVM Unit Tests (Core & CLI)	Run Core JVM Tests	2026-01-04T19:30:33.8254000Z > Task :crypto-core:jvmJar
JVM Unit Tests (Core & CLI)	Run Core JVM Tests	2026-01-04T19:30:41.5269322Z > Task :crypto-core:compileTestKotlinJvm
JVM Unit Tests (Core & CLI)	Run Core JVM Tests	2026-01-04T19:30:41.5269945Z > Task :crypto-core:jvmTestClasses
JVM Unit Tests (Core & CLI)	Run Core JVM Tests	2026-01-04T19:31:11.5254180Z > Task :crypto-core:jvmTest
JVM Unit Tests (Core & CLI)	Run Core JVM Tests	2026-01-04T19:34:47.8262963Z 
JVM Unit Tests (Core & CLI)	Run Core JVM Tests	2026-01-04T19:34:47.8264486Z [Incubating] Problems report is available at: file:///home/runner/work/kotlin-crypto-pure/kotlin-crypto-pure/build/reports/problems/problems-report.html
JVM Unit Tests (Core & CLI)	Run Core JVM Tests	2026-01-04T19:34:47.8266571Z 
JVM Unit Tests (Core & CLI)	Run Core JVM Tests	2026-01-04T19:34:47.8267139Z Deprecated Gradle features were used in this build, making it incompatible with Gradle 9.0.
JVM Unit Tests (Core & CLI)	Run Core JVM Tests	2026-01-04T19:34:47.8267928Z 
JVM Unit Tests (Core & CLI)	Run Core JVM Tests	2026-01-04T19:34:47.8268760Z You can use '--warning-mode all' to show the individual deprecation warnings and determine if they come from your own scripts or plugins.
JVM Unit Tests (Core & CLI)	Run Core JVM Tests	2026-01-04T19:34:47.8271871Z 
JVM Unit Tests (Core & CLI)	Run Core JVM Tests	2026-01-04T19:34:47.8272899Z For more on this, please refer to https://docs.gradle.org/8.13/userguide/command_line_interface.html#sec:command_line_warnings in the Gradle documentation.
JVM Unit Tests (Core & CLI)	Run Core JVM Tests	2026-01-04T19:34:47.8273852Z 
JVM Unit Tests (Core & CLI)	Run Core JVM Tests	2026-01-04T19:34:47.8274004Z BUILD SUCCESSFUL in 6m 46s
JVM Unit Tests (Core & CLI)	Run Core JVM Tests	2026-01-04T19:34:47.8274381Z 4 actionable tasks: 4 executed
JVM Unit Tests (Core & CLI)	Run Demo CLI E2E Tests	ï»¿2026-01-04T19:34:48.1773668Z ##[group]Run ./gradlew :demo-cli:jvmTest --continue
JVM Unit Tests (Core & CLI)	Run Demo CLI E2E Tests	2026-01-04T19:34:48.1774059Z [36;1m./gradlew :demo-cli:jvmTest --continue[0m
JVM Unit Tests (Core & CLI)	Run Demo CLI E2E Tests	2026-01-04T19:34:48.1806151Z shell: /usr/bin/bash -e {0}
JVM Unit Tests (Core & CLI)	Run Demo CLI E2E Tests	2026-01-04T19:34:48.1806374Z env:
JVM Unit Tests (Core & CLI)	Run Demo CLI E2E Tests	2026-01-04T19:34:48.1806644Z   JAVA_HOME: /opt/hostedtoolcache/Java_Temurin-Hotspot_jdk/17.0.17-10/x64
JVM Unit Tests (Core & CLI)	Run Demo CLI E2E Tests	2026-01-04T19:34:48.1807095Z   JAVA_HOME_17_X64: /opt/hostedtoolcache/Java_Temurin-Hotspot_jdk/17.0.17-10/x64
JVM Unit Tests (Core & CLI)	Run Demo CLI E2E Tests	2026-01-04T19:34:48.1807460Z   GRADLE_BUILD_ACTION_SETUP_COMPLETED: true
JVM Unit Tests (Core & CLI)	Run Demo CLI E2E Tests	2026-01-04T19:34:48.1807718Z   GRADLE_BUILD_ACTION_CACHE_RESTORED: true
JVM Unit Tests (Core & CLI)	Run Demo CLI E2E Tests	2026-01-04T19:34:48.1808132Z ##[endgroup]
JVM Unit Tests (Core & CLI)	Run Demo CLI E2E Tests	2026-01-04T19:34:49.4725304Z 
JVM Unit Tests (Core & CLI)	Run Demo CLI E2E Tests	2026-01-04T19:34:49.4730310Z > Configure project :crypto-core
JVM Unit Tests (Core & CLI)	Run Demo CLI E2E Tests	2026-01-04T19:34:49.4746401Z w: The following Kotlin/Native targets cannot be built on this machine and are disabled:
JVM Unit Tests (Core & CLI)	Run Demo CLI E2E Tests	2026-01-04T19:34:49.4757168Z iosArm64, iosSimulatorArm64, iosX64, watchosArm64, watchosSimulatorArm64, watchosX64
JVM Unit Tests (Core & CLI)	Run Demo CLI E2E Tests	2026-01-04T19:34:49.4760435Z To hide this message, add 'kotlin.native.ignoreDisabledTargets=true' to the Gradle properties.
JVM Unit Tests (Core & CLI)	Run Demo CLI E2E Tests	2026-01-04T19:34:49.4767864Z 
JVM Unit Tests (Core & CLI)	Run Demo CLI E2E Tests	2026-01-04T19:34:49.4785521Z w: The Default Kotlin Hierarchy Template was not applied to 'project ':crypto-core'':
JVM Unit Tests (Core & CLI)	Run Demo CLI E2E Tests	2026-01-04T19:34:49.4797780Z Explicit .dependsOn() edges were configured for the following source sets:
JVM Unit Tests (Core & CLI)	Run Demo CLI E2E Tests	2026-01-04T19:34:49.4856466Z [iosArm64Main, iosArm64Test, iosMain, iosSimulatorArm64Main, iosSimulatorArm64Test, iosX64Main, iosX64Test, jvmMain, jvmTest, nativeMain, nativeTest, watchosArm64Main, watchosArm64Test, watchosMain, watchosSimulatorArm64Main, watchosSimulatorArm64Test, watchosX64Main, watchosX64Test]
JVM Unit Tests (Core & CLI)	Run Demo CLI E2E Tests	2026-01-04T19:34:49.4858857Z 
JVM Unit Tests (Core & CLI)	Run Demo CLI E2E Tests	2026-01-04T19:34:49.4859448Z Consider removing dependsOn-calls or disabling the default template by adding
JVM Unit Tests (Core & CLI)	Run Demo CLI E2E Tests	2026-01-04T19:34:49.4860375Z     'kotlin.mpp.applyDefaultHierarchyTemplate=false'
JVM Unit Tests (Core & CLI)	Run Demo CLI E2E Tests	2026-01-04T19:34:49.4861126Z to your gradle.properties
JVM Unit Tests (Core & CLI)	Run Demo CLI E2E Tests	2026-01-04T19:34:49.4861491Z 
JVM Unit Tests (Core & CLI)	Run Demo CLI E2E Tests	2026-01-04T19:34:49.4861967Z Learn more about hierarchy templates: https://kotl.in/hierarchy-template
JVM Unit Tests (Core & CLI)	Run Demo CLI E2E Tests	2026-01-04T19:34:49.4862502Z 
JVM Unit Tests (Core & CLI)	Run Demo CLI E2E Tests	2026-01-04T19:34:49.6695015Z 
JVM Unit Tests (Core & CLI)	Run Demo CLI E2E Tests	2026-01-04T19:34:49.6699366Z > Configure project :demo-cli
JVM Unit Tests (Core & CLI)	Run Demo CLI E2E Tests	2026-01-04T19:34:49.6705578Z w: The following Kotlin/Native targets cannot be built on this machine and are disabled:
JVM Unit Tests (Core & CLI)	Run Demo CLI E2E Tests	2026-01-04T19:34:49.6707863Z macosArm64, macosX64
JVM Unit Tests (Core & CLI)	Run Demo CLI E2E Tests	2026-01-04T19:34:49.6709634Z To hide this message, add 'kotlin.native.ignoreDisabledTargets=true' to the Gradle properties.
JVM Unit Tests (Core & CLI)	Run Demo CLI E2E Tests	2026-01-04T19:34:49.6715646Z 
JVM Unit Tests (Core & CLI)	Run Demo CLI E2E Tests	2026-01-04T19:34:49.7683082Z 
JVM Unit Tests (Core & CLI)	Run Demo CLI E2E Tests	2026-01-04T19:34:49.7704331Z > Task :demo-cli:checkKotlinGradlePluginConfigurationErrors SKIPPED
JVM Unit Tests (Core & CLI)	Run Demo CLI E2E Tests	2026-01-04T19:34:49.7705181Z > Task :crypto-core:checkKotlinGradlePluginConfigurationErrors SKIPPED
JVM Unit Tests (Core & CLI)	Run Demo CLI E2E Tests	2026-01-04T19:34:49.7706078Z > Task :demo-cli:jvmProcessResources NO-SOURCE
JVM Unit Tests (Core & CLI)	Run Demo CLI E2E Tests	2026-01-04T19:34:49.7706588Z > Task :demo-cli:jvmTestProcessResources NO-SOURCE
JVM Unit Tests (Core & CLI)	Run Demo CLI E2E Tests	2026-01-04T19:34:49.7707128Z > Task :crypto-core:compileKotlinJvm UP-TO-DATE
JVM Unit Tests (Core & CLI)	Run Demo CLI E2E Tests	2026-01-04T19:34:49.7707629Z > Task :crypto-core:jvmProcessResources NO-SOURCE
JVM Unit Tests (Core & CLI)	Run Demo CLI E2E Tests	2026-01-04T19:34:49.7708130Z > Task :crypto-core:jvmMainClasses UP-TO-DATE
JVM Unit Tests (Core & CLI)	Run Demo CLI E2E Tests	2026-01-04T19:34:49.7708613Z > Task :crypto-core:jvmJar UP-TO-DATE
JVM Unit Tests (Core & CLI)	Run Demo CLI E2E Tests	2026-01-04T19:34:56.5727047Z > Task :demo-cli:compileKotlinJvm
JVM Unit Tests (Core & CLI)	Run Demo CLI E2E Tests	2026-01-04T19:34:56.5731022Z > Task :demo-cli:jvmMainClasses
JVM Unit Tests (Core & CLI)	Run Demo CLI E2E Tests	2026-01-04T19:34:56.5734733Z > Task :demo-cli:jvmJar
JVM Unit Tests (Core & CLI)	Run Demo CLI E2E Tests	2026-01-04T19:34:56.9683913Z > Task :demo-cli:compileTestKotlinJvm
JVM Unit Tests (Core & CLI)	Run Demo CLI E2E Tests	2026-01-04T19:34:56.9684555Z > Task :demo-cli:jvmTestClasses
JVM Unit Tests (Core & CLI)	Run Demo CLI E2E Tests	2026-01-04T19:35:26.9685040Z > Task :demo-cli:jvmTest
JVM Unit Tests (Core & CLI)	Run Demo CLI E2E Tests	2026-01-04T19:36:27.9696421Z 
JVM Unit Tests (Core & CLI)	Run Demo CLI E2E Tests	2026-01-04T19:36:27.9709749Z [Incubating] Problems report is available at: file:///home/runner/work/kotlin-crypto-pure/kotlin-crypto-pure/build/reports/problems/problems-report.html
JVM Unit Tests (Core & CLI)	Run Demo CLI E2E Tests	2026-01-04T19:36:27.9710889Z 
JVM Unit Tests (Core & CLI)	Run Demo CLI E2E Tests	2026-01-04T19:36:27.9711359Z Deprecated Gradle features were used in this build, making it incompatible with Gradle 9.0.
JVM Unit Tests (Core & CLI)	Run Demo CLI E2E Tests	2026-01-04T19:36:27.9711986Z 
JVM Unit Tests (Core & CLI)	Run Demo CLI E2E Tests	2026-01-04T19:36:27.9712640Z You can use '--warning-mode all' to show the individual deprecation warnings and determine if they come from your own scripts or plugins.
JVM Unit Tests (Core & CLI)	Run Demo CLI E2E Tests	2026-01-04T19:36:27.9713840Z 
JVM Unit Tests (Core & CLI)	Run Demo CLI E2E Tests	2026-01-04T19:36:27.9714624Z For more on this, please refer to https://docs.gradle.org/8.13/userguide/command_line_interface.html#sec:command_line_warnings in the Gradle documentation.
JVM Unit Tests (Core & CLI)	Run Demo CLI E2E Tests	2026-01-04T19:36:27.9715561Z 
JVM Unit Tests (Core & CLI)	Run Demo CLI E2E Tests	2026-01-04T19:36:27.9715922Z BUILD SUCCESSFUL in 1m 39s
JVM Unit Tests (Core & CLI)	Run Demo CLI E2E Tests	2026-01-04T19:36:27.9716363Z 6 actionable tasks: 4 executed, 2 up-to-date
JVM Unit Tests (Core & CLI)	Post Setup Gradle	ï»¿2026-01-04T19:36:28.0384295Z Post job cleanup.
JVM Unit Tests (Core & CLI)	Post Setup Gradle	2026-01-04T19:36:28.2003072Z In final post-action step, saving state and writing summary
JVM Unit Tests (Core & CLI)	Post Setup Gradle	2026-01-04T19:36:28.2012126Z Stopping all Gradle daemons before saving Gradle User Home state
JVM Unit Tests (Core & CLI)	Post Setup Gradle	2026-01-04T19:36:28.2013719Z Stopping Gradle daemons for /home/runner/.gradle/wrapper/dists/gradle-8.13-all/54h0s9kvb6g2sinako7ub77ku/gradle-8.13
JVM Unit Tests (Core & CLI)	Post Setup Gradle	2026-01-04T19:36:28.2031970Z [command]/home/runner/.gradle/wrapper/dists/gradle-8.13-all/54h0s9kvb6g2sinako7ub77ku/gradle-8.13/bin/gradle --stop
JVM Unit Tests (Core & CLI)	Post Setup Gradle	2026-01-04T19:36:28.8579334Z Stopping Daemon(s)
JVM Unit Tests (Core & CLI)	Post Setup Gradle	2026-01-04T19:36:28.8581968Z 1 Daemon stopped
JVM Unit Tests (Core & CLI)	Post Setup Gradle	2026-01-04T19:36:28.8669941Z ##[group]Caching Gradle state
JVM Unit Tests (Core & CLI)	Post Setup Gradle	2026-01-04T19:36:28.9196890Z Caching generated-gradle-jars with path '/home/runner/.gradle/caches/8.13/generated-gradle-jars/gradle-api-8.13.jar' and cache key: generated-gradle-jars-697f81ec8d80712ce7da03f513960371
JVM Unit Tests (Core & CLI)	Post Setup Gradle	2026-01-04T19:36:28.9234239Z Caching wrapper-zips with path '/home/runner/.gradle/wrapper/dists/gradle-8.13-all/54h0s9kvb6g2sinako7ub77ku' and cache key: wrapper-zips-27b0df0fa405636de00fcbfa0ab79410
JVM Unit Tests (Core & CLI)	Post Setup Gradle	2026-01-04T19:36:28.9420862Z [command]/usr/bin/tar --posix -cf cache.tzst --exclude cache.tzst -P -C /home/runner/work/kotlin-crypto-pure/kotlin-crypto-pure --files-from manifest.txt --use-compress-program zstdmt
JVM Unit Tests (Core & CLI)	Post Setup Gradle	2026-01-04T19:36:28.9457278Z [command]/usr/bin/tar --posix -cf cache.tzst --exclude cache.tzst -P -C /home/runner/work/kotlin-crypto-pure/kotlin-crypto-pure --files-from manifest.txt --use-compress-program zstdmt
JVM Unit Tests (Core & CLI)	Post Setup Gradle	2026-01-04T19:36:29.5249537Z Caching dependencies with path '/home/runner/.gradle/caches/modules-*/files-*/*/*/*/*' and cache key: dependencies-7dc93d121cd8586d6e8ab2949c2e2c57
JVM Unit Tests (Core & CLI)	Post Setup Gradle	2026-01-04T19:36:29.5476896Z Caching instrumented-jars with path '/home/runner/.gradle/caches/jars-*/*' and cache key: instrumented-jars-c77d8e7cf8a0e4c1c3d16398ccce2998
JVM Unit Tests (Core & CLI)	Post Setup Gradle	2026-01-04T19:36:29.5880687Z [command]/usr/bin/tar --posix -cf cache.tzst --exclude cache.tzst -P -C /home/runner/work/kotlin-crypto-pure/kotlin-crypto-pure --files-from manifest.txt --use-compress-program zstdmt
JVM Unit Tests (Core & CLI)	Post Setup Gradle	2026-01-04T19:36:29.6009915Z Caching kotlin-dsl with path '/home/runner/.gradle/caches/*/kotlin-dsl/*/*' and cache key: kotlin-dsl-f37ea44656728e6163304b447d113bbe
JVM Unit Tests (Core & CLI)	Post Setup Gradle	2026-01-04T19:36:29.7648490Z [command]/usr/bin/tar --posix -cf cache.tzst --exclude cache.tzst -P -C /home/runner/work/kotlin-crypto-pure/kotlin-crypto-pure --files-from manifest.txt --use-compress-program zstdmt
JVM Unit Tests (Core & CLI)	Post Setup Gradle	2026-01-04T19:36:29.8585066Z ##[warning]Failed to save cache entry with path '/home/runner/.gradle/caches/jars-*/*,zstd-without-long,1.0' and key: instrumented-jars-c77d8e7cf8a0e4c1c3d16398ccce2998: Error: <h2>Our services aren't available right now</h2><p>We're working to restore all services as soon as possible. Please check back soon.</p>0PcFaaQAAAAD+QyAKD+E6T6xeEt//kMWaRE0yRURHRTA3MjEARWRnZQ==
JVM Unit Tests (Core & CLI)	Post Setup Gradle	2026-01-04T19:36:29.9937142Z ##[warning]Failed to save cache entry with path '/home/runner/.gradle/caches/*/kotlin-dsl/*/*,zstd-without-long,1.0' and key: kotlin-dsl-f37ea44656728e6163304b447d113bbe: Error: <h2>Our services aren't available right now</h2><p>We're working to restore all services as soon as possible. Please check back soon.</p>0PcFaaQAAAABXVzDh8rzBSp0q2908kqqbRE0yRURHRTA3MjEARWRnZQ==
JVM Unit Tests (Core & CLI)	Post Setup Gradle	2026-01-04T19:36:30.1312202Z ##[warning]Failed to save cache entry with path '/home/runner/.gradle/caches/8.13/generated-gradle-jars/gradle-api-8.13.jar,zstd-without-long,1.0' and key: generated-gradle-jars-697f81ec8d80712ce7da03f513960371: Error: <h2>Our services aren't available right now</h2><p>We're working to restore all services as soon as possible. Please check back soon.</p>0PsFaaQAAAAD6AD6DpHtYQJm08EcSbOl5RE0yRURHRTA3MjEARWRnZQ==
JVM Unit Tests (Core & CLI)	Post Setup Gradle	2026-01-04T19:36:30.3789535Z [command]/usr/bin/tar --posix -cf cache.tzst --exclude cache.tzst -P -C /home/runner/work/kotlin-crypto-pure/kotlin-crypto-pure --files-from manifest.txt --use-compress-program zstdmt
JVM Unit Tests (Core & CLI)	Post Setup Gradle	2026-01-04T19:36:31.0855466Z ##[warning]Failed to save cache entry with path '/home/runner/.gradle/caches/modules-*/files-*/*/*/*/*,zstd-without-long,1.0' and key: dependencies-7dc93d121cd8586d6e8ab2949c2e2c57: Error: <h2>Our services aren't available right now</h2><p>We're working to restore all services as soon as possible. Please check back soon.</p>0P8FaaQAAAADgaaa9rdJTS6BK4v7r2fkuRE0yRURHRTA3MjEARWRnZQ==
JVM Unit Tests (Core & CLI)	Post Setup Gradle	2026-01-04T19:36:31.8563366Z ##[warning]Failed to save cache entry with path '/home/runner/.gradle/wrapper/dists/gradle-8.13-all/54h0s9kvb6g2sinako7ub77ku,zstd-without-long,1.0' and key: wrapper-zips-27b0df0fa405636de00fcbfa0ab79410: Error: <h2>Our services aren't available right now</h2><p>We're working to restore all services as soon as possible. Please check back soon.</p>0P8FaaQAAAAAsbaNfB6lqQr6Z8O6/IQonRE0yRURHRTA3MjEARWRnZQ==
JVM Unit Tests (Core & CLI)	Post Setup Gradle	2026-01-04T19:36:32.9073070Z Caching Gradle User Home with cache key: v8-gradle|Linux|ci-test-jvm[37a6259cc0c1dae299a7866489dff0bd]-de6e2843a17c3c109efdef403bb0a65ef8ae43bd
JVM Unit Tests (Core & CLI)	Post Setup Gradle	2026-01-04T19:36:32.9157512Z [command]/usr/bin/tar --posix -cf cache.tzst --exclude cache.tzst -P -C /home/runner/work/kotlin-crypto-pure/kotlin-crypto-pure --files-from manifest.txt --use-compress-program zstdmt
JVM Unit Tests (Core & CLI)	Post Setup Gradle	2026-01-04T19:36:33.7438804Z ##[warning]Failed to save cache entry with path '/home/runner/.gradle/caches,/home/runner/.gradle/notifications,/home/runner/.gradle/.gradle-build-action,zstd-without-long,1.0' and key: v8-gradle|Linux|ci-test-jvm[37a6259cc0c1dae299a7866489dff0bd]-de6e2843a17c3c109efdef403bb0a65ef8ae43bd: Error: <h2>Our services aren't available right now</h2><p>We're working to restore all services as soon as possible. Please check back soon.</p>0QcFaaQAAAAD7kXq48FFGTbEZPdEOfKlLRE0yRURHRTA3MjEARWRnZQ==
JVM Unit Tests (Core & CLI)	Post Setup Gradle	2026-01-04T19:36:33.7443158Z ##[endgroup]
JVM Unit Tests (Core & CLI)	Post Setup Gradle	2026-01-04T19:36:33.7443530Z Writing job summary
JVM Unit Tests (Core & CLI)	Post Set up JDK 17	ï»¿2026-01-04T19:36:33.7644974Z Post job cleanup.
JVM Unit Tests (Core & CLI)	Post Run actions/checkout@v4	ï»¿2026-01-04T19:36:33.9372032Z Post job cleanup.
JVM Unit Tests (Core & CLI)	Post Run actions/checkout@v4	2026-01-04T19:36:34.0381396Z [command]/usr/bin/git version
JVM Unit Tests (Core & CLI)	Post Run actions/checkout@v4	2026-01-04T19:36:34.0420820Z git version 2.52.0
JVM Unit Tests (Core & CLI)	Post Run actions/checkout@v4	2026-01-04T19:36:34.0463119Z Temporarily overriding HOME='/home/runner/work/_temp/8fa16a5f-df70-4edd-8331-c8fdde69c92c' before making global git config changes
JVM Unit Tests (Core & CLI)	Post Run actions/checkout@v4	2026-01-04T19:36:34.0464552Z Adding repository directory to the temporary git global config as a safe directory
JVM Unit Tests (Core & CLI)	Post Run actions/checkout@v4	2026-01-04T19:36:34.0474073Z [command]/usr/bin/git config --global --add safe.directory /home/runner/work/kotlin-crypto-pure/kotlin-crypto-pure
JVM Unit Tests (Core & CLI)	Post Run actions/checkout@v4	2026-01-04T19:36:34.0510808Z [command]/usr/bin/git config --local --name-only --get-regexp core\.sshCommand
JVM Unit Tests (Core & CLI)	Post Run actions/checkout@v4	2026-01-04T19:36:34.0543398Z [command]/usr/bin/git submodule foreach --recursive sh -c "git config --local --name-only --get-regexp 'core\.sshCommand' && git config --local --unset-all 'core.sshCommand' || :"
JVM Unit Tests (Core & CLI)	Post Run actions/checkout@v4	2026-01-04T19:36:34.0793417Z [command]/usr/bin/git config --local --name-only --get-regexp http\.https\:\/\/github\.com\/\.extraheader
JVM Unit Tests (Core & CLI)	Post Run actions/checkout@v4	2026-01-04T19:36:34.0815305Z http.https://github.com/.extraheader
JVM Unit Tests (Core & CLI)	Post Run actions/checkout@v4	2026-01-04T19:36:34.0828244Z [command]/usr/bin/git config --local --unset-all http.https://github.com/.extraheader
JVM Unit Tests (Core & CLI)	Post Run actions/checkout@v4	2026-01-04T19:36:34.0859029Z [command]/usr/bin/git submodule foreach --recursive sh -c "git config --local --name-only --get-regexp 'http\.https\:\/\/github\.com\/\.extraheader' && git config --local --unset-all 'http.https://github.com/.extraheader' || :"
JVM Unit Tests (Core & CLI)	Post Run actions/checkout@v4	2026-01-04T19:36:34.1079430Z [command]/usr/bin/git config --local --name-only --get-regexp ^includeIf\.gitdir:
JVM Unit Tests (Core & CLI)	Post Run actions/checkout@v4	2026-01-04T19:36:34.1110472Z [command]/usr/bin/git submodule foreach --recursive git config --local --show-origin --name-only --get-regexp remote.origin.url
JVM Unit Tests (Core & CLI)	Complete job	ï»¿2026-01-04T19:36:34.1447610Z Cleaning up orphan processes
Demo App Build Check	Set up job	ï»¿2026-01-04T19:27:57.6722347Z Current runner version: '2.330.0'
Demo App Build Check	Set up job	2026-01-04T19:27:57.6747288Z ##[group]Runner Image Provisioner
Demo App Build Check	Set up job	2026-01-04T19:27:57.6748200Z Hosted Compute Agent
Demo App Build Check	Set up job	2026-01-04T19:27:57.6748727Z Version: 20251211.462
Demo App Build Check	Set up job	2026-01-04T19:27:57.6749267Z Commit: 6cbad8c2bb55d58165063d031ccabf57e2d2db61
Demo App Build Check	Set up job	2026-01-04T19:27:57.6749912Z Build Date: 2025-12-11T16:28:49Z
Demo App Build Check	Set up job	2026-01-04T19:27:57.6750483Z Worker ID: {5d968b79-91a6-4a57-adc8-c1b8580c91cf}
Demo App Build Check	Set up job	2026-01-04T19:27:57.6751113Z ##[endgroup]
Demo App Build Check	Set up job	2026-01-04T19:27:57.6751547Z ##[group]Operating System
Demo App Build Check	Set up job	2026-01-04T19:27:57.6752094Z Ubuntu
Demo App Build Check	Set up job	2026-01-04T19:27:57.6752496Z 24.04.3
Demo App Build Check	Set up job	2026-01-04T19:27:57.6753125Z LTS
Demo App Build Check	Set up job	2026-01-04T19:27:57.6753586Z ##[endgroup]
Demo App Build Check	Set up job	2026-01-04T19:27:57.6754026Z ##[group]Runner Image
Demo App Build Check	Set up job	2026-01-04T19:27:57.6754500Z Image: ubuntu-24.04
Demo App Build Check	Set up job	2026-01-04T19:27:57.6754959Z Version: 20251215.174.1
Demo App Build Check	Set up job	2026-01-04T19:27:57.6755865Z Included Software: https://github.com/actions/runner-images/blob/ubuntu24/20251215.174/images/ubuntu/Ubuntu2404-Readme.md
Demo App Build Check	Set up job	2026-01-04T19:27:57.6757051Z Image Release: https://github.com/actions/runner-images/releases/tag/ubuntu24%2F20251215.174
Demo App Build Check	Set up job	2026-01-04T19:27:57.6758127Z ##[endgroup]
Demo App Build Check	Set up job	2026-01-04T19:27:57.6759094Z ##[group]GITHUB_TOKEN Permissions
Demo App Build Check	Set up job	2026-01-04T19:27:57.6761154Z Contents: read
Demo App Build Check	Set up job	2026-01-04T19:27:57.6761668Z Metadata: read
Demo App Build Check	Set up job	2026-01-04T19:27:57.6762123Z Packages: read
Demo App Build Check	Set up job	2026-01-04T19:27:57.6763006Z ##[endgroup]
Demo App Build Check	Set up job	2026-01-04T19:27:57.6764996Z Secret source: Actions
Demo App Build Check	Set up job	2026-01-04T19:27:57.6765671Z Prepare workflow directory
Demo App Build Check	Set up job	2026-01-04T19:27:57.7067588Z Prepare all required actions
Demo App Build Check	Set up job	2026-01-04T19:27:57.7107326Z Getting action download info
Demo App Build Check	Set up job	2026-01-04T19:27:58.1382136Z Download action repository 'actions/checkout@v4' (SHA:34e114876b0b11c390a56381ad16ebd13914f8d5)
Demo App Build Check	Set up job	2026-01-04T19:27:58.2339402Z Download action repository 'actions/setup-java@v4' (SHA:c1e323688fd81a25caa38c78aa6df2d33d3e20d9)
Demo App Build Check	Set up job	2026-01-04T19:27:59.1496872Z Download action repository 'gradle/gradle-build-action@v2' (SHA:a8f75513eafdebd8141bd1cd4e30fcd194af8dfa)
Demo App Build Check	Set up job	2026-01-04T19:28:00.2056129Z Complete job name: Demo App Build Check
Demo App Build Check	Run actions/checkout@v4	ï»¿2026-01-04T19:28:00.2642424Z ##[group]Run actions/checkout@v4
Demo App Build Check	Run actions/checkout@v4	2026-01-04T19:28:00.2643336Z with:
Demo App Build Check	Run actions/checkout@v4	2026-01-04T19:28:00.2643697Z   repository: ImL1s/kotlin-crypto-pure
Demo App Build Check	Run actions/checkout@v4	2026-01-04T19:28:00.2644277Z   token: ***
Demo App Build Check	Run actions/checkout@v4	2026-01-04T19:28:00.2644597Z   ssh-strict: true
Demo App Build Check	Run actions/checkout@v4	2026-01-04T19:28:00.2644934Z   ssh-user: git
Demo App Build Check	Run actions/checkout@v4	2026-01-04T19:28:00.2645217Z   persist-credentials: true
Demo App Build Check	Run actions/checkout@v4	2026-01-04T19:28:00.2645559Z   clean: true
Demo App Build Check	Run actions/checkout@v4	2026-01-04T19:28:00.2645855Z   sparse-checkout-cone-mode: true
Demo App Build Check	Run actions/checkout@v4	2026-01-04T19:28:00.2646209Z   fetch-depth: 1
Demo App Build Check	Run actions/checkout@v4	2026-01-04T19:28:00.2753111Z   fetch-tags: false
Demo App Build Check	Run actions/checkout@v4	2026-01-04T19:28:00.2753861Z   show-progress: true
Demo App Build Check	Run actions/checkout@v4	2026-01-04T19:28:00.2754230Z   lfs: false
Demo App Build Check	Run actions/checkout@v4	2026-01-04T19:28:00.2754535Z   submodules: false
Demo App Build Check	Run actions/checkout@v4	2026-01-04T19:28:00.2754912Z   set-safe-directory: true
Demo App Build Check	Run actions/checkout@v4	2026-01-04T19:28:00.2756068Z ##[endgroup]
Demo App Build Check	Run actions/checkout@v4	2026-01-04T19:28:00.3803074Z Syncing repository: ImL1s/kotlin-crypto-pure
Demo App Build Check	Run actions/checkout@v4	2026-01-04T19:28:00.3804679Z ##[group]Getting Git version info
Demo App Build Check	Run actions/checkout@v4	2026-01-04T19:28:00.3805251Z Working directory is '/home/runner/work/kotlin-crypto-pure/kotlin-crypto-pure'
Demo App Build Check	Run actions/checkout@v4	2026-01-04T19:28:00.3806005Z [command]/usr/bin/git version
Demo App Build Check	Run actions/checkout@v4	2026-01-04T19:28:00.3853956Z git version 2.52.0
Demo App Build Check	Run actions/checkout@v4	2026-01-04T19:28:00.3879362Z ##[endgroup]
Demo App Build Check	Run actions/checkout@v4	2026-01-04T19:28:00.3894494Z Temporarily overriding HOME='/home/runner/work/_temp/2f8f8535-bba7-4c20-b147-eec9b698fdac' before making global git config changes
Demo App Build Check	Run actions/checkout@v4	2026-01-04T19:28:00.3896310Z Adding repository directory to the temporary git global config as a safe directory
Demo App Build Check	Run actions/checkout@v4	2026-01-04T19:28:00.3909896Z [command]/usr/bin/git config --global --add safe.directory /home/runner/work/kotlin-crypto-pure/kotlin-crypto-pure
Demo App Build Check	Run actions/checkout@v4	2026-01-04T19:28:00.3944924Z Deleting the contents of '/home/runner/work/kotlin-crypto-pure/kotlin-crypto-pure'
Demo App Build Check	Run actions/checkout@v4	2026-01-04T19:28:00.3948254Z ##[group]Initializing the repository
Demo App Build Check	Run actions/checkout@v4	2026-01-04T19:28:00.3952892Z [command]/usr/bin/git init /home/runner/work/kotlin-crypto-pure/kotlin-crypto-pure
Demo App Build Check	Run actions/checkout@v4	2026-01-04T19:28:00.4048194Z hint: Using 'master' as the name for the initial branch. This default branch name
Demo App Build Check	Run actions/checkout@v4	2026-01-04T19:28:00.4049097Z hint: will change to "main" in Git 3.0. To configure the initial branch name
Demo App Build Check	Run actions/checkout@v4	2026-01-04T19:28:00.4050215Z hint: to use in all of your new repositories, which will suppress this warning,
Demo App Build Check	Run actions/checkout@v4	2026-01-04T19:28:00.4050939Z hint: call:
Demo App Build Check	Run actions/checkout@v4	2026-01-04T19:28:00.4051246Z hint:
Demo App Build Check	Run actions/checkout@v4	2026-01-04T19:28:00.4051981Z hint: 	git config --global init.defaultBranch <name>
Demo App Build Check	Run actions/checkout@v4	2026-01-04T19:28:00.4052361Z hint:
Demo App Build Check	Run actions/checkout@v4	2026-01-04T19:28:00.4052909Z hint: Names commonly chosen instead of 'master' are 'main', 'trunk' and
Demo App Build Check	Run actions/checkout@v4	2026-01-04T19:28:00.4053432Z hint: 'development'. The just-created branch can be renamed via this command:
Demo App Build Check	Run actions/checkout@v4	2026-01-04T19:28:00.4053833Z hint:
Demo App Build Check	Run actions/checkout@v4	2026-01-04T19:28:00.4054074Z hint: 	git branch -m <name>
Demo App Build Check	Run actions/checkout@v4	2026-01-04T19:28:00.4054377Z hint:
Demo App Build Check	Run actions/checkout@v4	2026-01-04T19:28:00.4054989Z hint: Disable this message with "git config set advice.defaultBranchName false"
Demo App Build Check	Run actions/checkout@v4	2026-01-04T19:28:00.4056162Z Initialized empty Git repository in /home/runner/work/kotlin-crypto-pure/kotlin-crypto-pure/.git/
Demo App Build Check	Run actions/checkout@v4	2026-01-04T19:28:00.4060111Z [command]/usr/bin/git remote add origin https://github.com/ImL1s/kotlin-crypto-pure
Demo App Build Check	Run actions/checkout@v4	2026-01-04T19:28:00.4089394Z ##[endgroup]
Demo App Build Check	Run actions/checkout@v4	2026-01-04T19:28:00.4090124Z ##[group]Disabling automatic garbage collection
Demo App Build Check	Run actions/checkout@v4	2026-01-04T19:28:00.4093955Z [command]/usr/bin/git config --local gc.auto 0
Demo App Build Check	Run actions/checkout@v4	2026-01-04T19:28:00.4116629Z ##[endgroup]
Demo App Build Check	Run actions/checkout@v4	2026-01-04T19:28:00.4117339Z ##[group]Setting up auth
Demo App Build Check	Run actions/checkout@v4	2026-01-04T19:28:00.4123946Z [command]/usr/bin/git config --local --name-only --get-regexp core\.sshCommand
Demo App Build Check	Run actions/checkout@v4	2026-01-04T19:28:00.4148789Z [command]/usr/bin/git submodule foreach --recursive sh -c "git config --local --name-only --get-regexp 'core\.sshCommand' && git config --local --unset-all 'core.sshCommand' || :"
Demo App Build Check	Run actions/checkout@v4	2026-01-04T19:28:00.4441543Z [command]/usr/bin/git config --local --name-only --get-regexp http\.https\:\/\/github\.com\/\.extraheader
Demo App Build Check	Run actions/checkout@v4	2026-01-04T19:28:00.4465528Z [command]/usr/bin/git submodule foreach --recursive sh -c "git config --local --name-only --get-regexp 'http\.https\:\/\/github\.com\/\.extraheader' && git config --local --unset-all 'http.https://github.com/.extraheader' || :"
Demo App Build Check	Run actions/checkout@v4	2026-01-04T19:28:00.4633422Z [command]/usr/bin/git config --local --name-only --get-regexp ^includeIf\.gitdir:
Demo App Build Check	Run actions/checkout@v4	2026-01-04T19:28:00.4660057Z [command]/usr/bin/git submodule foreach --recursive git config --local --show-origin --name-only --get-regexp remote.origin.url
Demo App Build Check	Run actions/checkout@v4	2026-01-04T19:28:00.4842910Z [command]/usr/bin/git config --local http.https://github.com/.extraheader AUTHORIZATION: basic ***
Demo App Build Check	Run actions/checkout@v4	2026-01-04T19:28:00.4871185Z ##[endgroup]
Demo App Build Check	Run actions/checkout@v4	2026-01-04T19:28:00.4871825Z ##[group]Fetching the repository
Demo App Build Check	Run actions/checkout@v4	2026-01-04T19:28:00.4878938Z [command]/usr/bin/git -c protocol.version=2 fetch --no-tags --prune --no-recurse-submodules --depth=1 origin +de6e2843a17c3c109efdef403bb0a65ef8ae43bd:refs/remotes/origin/main
Demo App Build Check	Run actions/checkout@v4	2026-01-04T19:28:01.2985043Z From https://github.com/ImL1s/kotlin-crypto-pure
Demo App Build Check	Run actions/checkout@v4	2026-01-04T19:28:01.2987039Z  * [new ref]         de6e2843a17c3c109efdef403bb0a65ef8ae43bd -> origin/main
Demo App Build Check	Run actions/checkout@v4	2026-01-04T19:28:01.3015254Z ##[endgroup]
Demo App Build Check	Run actions/checkout@v4	2026-01-04T19:28:01.3015929Z ##[group]Determining the checkout info
Demo App Build Check	Run actions/checkout@v4	2026-01-04T19:28:01.3016844Z ##[endgroup]
Demo App Build Check	Run actions/checkout@v4	2026-01-04T19:28:01.3022175Z [command]/usr/bin/git sparse-checkout disable
Demo App Build Check	Run actions/checkout@v4	2026-01-04T19:28:01.3056838Z [command]/usr/bin/git config --local --unset-all extensions.worktreeConfig
Demo App Build Check	Run actions/checkout@v4	2026-01-04T19:28:01.3079319Z ##[group]Checking out the ref
Demo App Build Check	Run actions/checkout@v4	2026-01-04T19:28:01.3083137Z [command]/usr/bin/git checkout --progress --force -B main refs/remotes/origin/main
Demo App Build Check	Run actions/checkout@v4	2026-01-04T19:28:01.3776172Z Switched to a new branch 'main'
Demo App Build Check	Run actions/checkout@v4	2026-01-04T19:28:01.3777491Z branch 'main' set up to track 'origin/main'.
Demo App Build Check	Run actions/checkout@v4	2026-01-04T19:28:01.3785000Z ##[endgroup]
Demo App Build Check	Run actions/checkout@v4	2026-01-04T19:28:01.3818952Z [command]/usr/bin/git log -1 --format=%H
Demo App Build Check	Run actions/checkout@v4	2026-01-04T19:28:01.3838344Z de6e2843a17c3c109efdef403bb0a65ef8ae43bd
Demo App Build Check	Set up JDK 17	ï»¿2026-01-04T19:28:01.4047884Z ##[group]Run actions/setup-java@v4
Demo App Build Check	Set up JDK 17	2026-01-04T19:28:01.4048166Z with:
Demo App Build Check	Set up JDK 17	2026-01-04T19:28:01.4048333Z   java-version: 17
Demo App Build Check	Set up JDK 17	2026-01-04T19:28:01.4048527Z   distribution: temurin
Demo App Build Check	Set up JDK 17	2026-01-04T19:28:01.4048716Z   java-package: jdk
Demo App Build Check	Set up JDK 17	2026-01-04T19:28:01.4048905Z   check-latest: false
Demo App Build Check	Set up JDK 17	2026-01-04T19:28:01.4049090Z   server-id: github
Demo App Build Check	Set up JDK 17	2026-01-04T19:28:01.4049418Z   server-username: GITHUB_ACTOR
Demo App Build Check	Set up JDK 17	2026-01-04T19:28:01.4049649Z   server-password: GITHUB_TOKEN
Demo App Build Check	Set up JDK 17	2026-01-04T19:28:01.4049873Z   overwrite-settings: true
Demo App Build Check	Set up JDK 17	2026-01-04T19:28:01.4050080Z   job-status: success
Demo App Build Check	Set up JDK 17	2026-01-04T19:28:01.4050424Z   token: ***
Demo App Build Check	Set up JDK 17	2026-01-04T19:28:01.4050604Z ##[endgroup]
Demo App Build Check	Set up JDK 17	2026-01-04T19:28:01.5899979Z ##[group]Installed distributions
Demo App Build Check	Set up JDK 17	2026-01-04T19:28:01.6088374Z Resolved Java 17.0.17+10 from tool-cache
Demo App Build Check	Set up JDK 17	2026-01-04T19:28:01.6089174Z Setting Java 17.0.17+10 as the default
Demo App Build Check	Set up JDK 17	2026-01-04T19:28:01.6101613Z Creating toolchains.xml for JDK version 17 from temurin
Demo App Build Check	Set up JDK 17	2026-01-04T19:28:01.6171392Z Writing to /home/runner/.m2/toolchains.xml
Demo App Build Check	Set up JDK 17	2026-01-04T19:28:01.6171854Z 
Demo App Build Check	Set up JDK 17	2026-01-04T19:28:01.6172087Z Java configuration:
Demo App Build Check	Set up JDK 17	2026-01-04T19:28:01.6173908Z   Distribution: temurin
Demo App Build Check	Set up JDK 17	2026-01-04T19:28:01.6174435Z   Version: 17.0.17+10
Demo App Build Check	Set up JDK 17	2026-01-04T19:28:01.6175036Z   Path: /opt/hostedtoolcache/Java_Temurin-Hotspot_jdk/17.0.17-10/x64
Demo App Build Check	Set up JDK 17	2026-01-04T19:28:01.6175589Z 
Demo App Build Check	Set up JDK 17	2026-01-04T19:28:01.6176420Z ##[endgroup]
Demo App Build Check	Set up JDK 17	2026-01-04T19:28:01.6190132Z Creating settings.xml with server-id: github
Demo App Build Check	Set up JDK 17	2026-01-04T19:28:01.6195832Z Writing to /home/runner/.m2/settings.xml
Demo App Build Check	Setup Gradle	ï»¿2026-01-04T19:28:01.6330179Z ##[group]Run gradle/gradle-build-action@v2
Demo App Build Check	Setup Gradle	2026-01-04T19:28:01.6330467Z with:
Demo App Build Check	Setup Gradle	2026-01-04T19:28:01.6330643Z   cache-disabled: false
Demo App Build Check	Setup Gradle	2026-01-04T19:28:01.6330837Z   cache-read-only: false
Demo App Build Check	Setup Gradle	2026-01-04T19:28:01.6331042Z   cache-write-only: false
Demo App Build Check	Setup Gradle	2026-01-04T19:28:01.6331258Z   cache-overwrite-existing: false
Demo App Build Check	Setup Gradle	2026-01-04T19:28:01.6331526Z   gradle-home-cache-includes: caches
Demo App Build Check	Setup Gradle	notifications
Demo App Build Check	Setup Gradle	
Demo App Build Check	Setup Gradle	2026-01-04T19:28:01.6331825Z   gradle-home-cache-cleanup: false
Demo App Build Check	Setup Gradle	2026-01-04T19:28:01.6332061Z   generate-job-summary: true
Demo App Build Check	Setup Gradle	2026-01-04T19:28:01.6332269Z   dependency-graph: disabled
Demo App Build Check	Setup Gradle	2026-01-04T19:28:01.6332494Z   gradle-home-cache-strict-match: false
Demo App Build Check	Setup Gradle	2026-01-04T19:28:01.6332972Z   workflow-job-context: null
Demo App Build Check	Setup Gradle	2026-01-04T19:28:01.6333331Z   github-token: ***
Demo App Build Check	Setup Gradle	2026-01-04T19:28:01.6333508Z env:
Demo App Build Check	Setup Gradle	2026-01-04T19:28:01.6333765Z   JAVA_HOME: /opt/hostedtoolcache/Java_Temurin-Hotspot_jdk/17.0.17-10/x64
Demo App Build Check	Setup Gradle	2026-01-04T19:28:01.6334213Z   JAVA_HOME_17_X64: /opt/hostedtoolcache/Java_Temurin-Hotspot_jdk/17.0.17-10/x64
Demo App Build Check	Setup Gradle	2026-01-04T19:28:01.6334532Z ##[endgroup]
Demo App Build Check	Setup Gradle	2026-01-04T19:28:01.9292955Z ##[group]Restore Gradle state from cache
Demo App Build Check	Setup Gradle	2026-01-04T19:28:02.0117606Z ##[warning]Failed to restore v8-gradle|Linux|ci-build-demo-app[37a6259cc0c1dae299a7866489dff0bd]-de6e2843a17c3c109efdef403bb0a65ef8ae43bd: Error: Cache service responded with 400
Demo App Build Check	Setup Gradle	2026-01-04T19:28:02.0151696Z Gradle User Home cache not found. Will initialize empty.
Demo App Build Check	Setup Gradle	2026-01-04T19:28:02.0152467Z ##[endgroup]
Demo App Build Check	Build Desktop App	ï»¿2026-01-04T19:28:02.0246175Z ##[group]Run ./gradlew :demo-app:desktopJar
Demo App Build Check	Build Desktop App	2026-01-04T19:28:02.0246619Z [36;1m./gradlew :demo-app:desktopJar[0m
Demo App Build Check	Build Desktop App	2026-01-04T19:28:02.0268738Z shell: /usr/bin/bash -e {0}
Demo App Build Check	Build Desktop App	2026-01-04T19:28:02.0269003Z env:
Demo App Build Check	Build Desktop App	2026-01-04T19:28:02.0269304Z   JAVA_HOME: /opt/hostedtoolcache/Java_Temurin-Hotspot_jdk/17.0.17-10/x64
Demo App Build Check	Build Desktop App	2026-01-04T19:28:02.0269736Z   JAVA_HOME_17_X64: /opt/hostedtoolcache/Java_Temurin-Hotspot_jdk/17.0.17-10/x64
Demo App Build Check	Build Desktop App	2026-01-04T19:28:02.0270101Z   GRADLE_BUILD_ACTION_SETUP_COMPLETED: true
Demo App Build Check	Build Desktop App	2026-01-04T19:28:02.0270359Z   GRADLE_BUILD_ACTION_CACHE_RESTORED: true
Demo App Build Check	Build Desktop App	2026-01-04T19:28:02.0270582Z ##[endgroup]
Demo App Build Check	Build Desktop App	2026-01-04T19:28:03.1104495Z Downloading https://services.gradle.org/distributions/gradle-8.13-all.zip
Demo App Build Check	Build Desktop App	2026-01-04T19:28:07.1882290Z ......................10%......................20%......................30%......................40%......................50%......................60%......................70%.......................80%......................90%......................100%
Demo App Build Check	Build Desktop App	2026-01-04T19:28:10.1809192Z 
Demo App Build Check	Build Desktop App	2026-01-04T19:28:10.1810082Z Welcome to Gradle 8.13!
Demo App Build Check	Build Desktop App	2026-01-04T19:28:10.1810553Z 
Demo App Build Check	Build Desktop App	2026-01-04T19:28:10.1810739Z Here are the highlights of this release:
Demo App Build Check	Build Desktop App	2026-01-04T19:28:10.1811207Z  - Daemon JVM auto-provisioning
Demo App Build Check	Build Desktop App	2026-01-04T19:28:10.1818047Z  - Enhancements for Scala plugin and JUnit testing
Demo App Build Check	Build Desktop App	2026-01-04T19:28:10.1819016Z  - Improvements for build authors and plugin developers
Demo App Build Check	Build Desktop App	2026-01-04T19:28:10.1821337Z 
Demo App Build Check	Build Desktop App	2026-01-04T19:28:10.1821719Z For more details see https://docs.gradle.org/8.13/release-notes.html
Demo App Build Check	Build Desktop App	2026-01-04T19:28:10.1822194Z 
Demo App Build Check	Build Desktop App	2026-01-04T19:28:10.2769740Z Starting a Gradle Daemon (subsequent builds will be faster)
Demo App Build Check	Build Desktop App	2026-01-04T19:29:48.9764057Z 
Demo App Build Check	Build Desktop App	2026-01-04T19:29:48.9791609Z > Configure project :crypto-core
Demo App Build Check	Build Desktop App	2026-01-04T19:29:48.9811758Z w: file:///home/runner/work/kotlin-crypto-pure/kotlin-crypto-pure/crypto-core/build.gradle.kts:25:21: 'defFile: File' is deprecated. Deprecated because it is a non-lazy property.
Demo App Build Check	Build Desktop App	2026-01-04T19:29:48.9813949Z w: file:///home/runner/work/kotlin-crypto-pure/kotlin-crypto-pure/crypto-core/build.gradle.kts:36:21: 'defFile: File' is deprecated. Deprecated because it is a non-lazy property.
Demo App Build Check	Build Desktop App	2026-01-04T19:29:48.9815965Z w: file:///home/runner/work/kotlin-crypto-pure/kotlin-crypto-pure/crypto-core/build.gradle.kts:47:21: 'defFile: File' is deprecated. Deprecated because it is a non-lazy property.
Demo App Build Check	Build Desktop App	2026-01-04T19:29:48.9817923Z w: file:///home/runner/work/kotlin-crypto-pure/kotlin-crypto-pure/crypto-core/build.gradle.kts:59:21: 'defFile: File' is deprecated. Deprecated because it is a non-lazy property.
Demo App Build Check	Build Desktop App	2026-01-04T19:29:48.9820174Z w: file:///home/runner/work/kotlin-crypto-pure/kotlin-crypto-pure/crypto-core/build.gradle.kts:70:21: 'defFile: File' is deprecated. Deprecated because it is a non-lazy property.
Demo App Build Check	Build Desktop App	2026-01-04T19:29:48.9822032Z w: file:///home/runner/work/kotlin-crypto-pure/kotlin-crypto-pure/crypto-core/build.gradle.kts:81:21: 'defFile: File' is deprecated. Deprecated because it is a non-lazy property.
Demo App Build Check	Build Desktop App	2026-01-04T19:29:50.3799875Z w: The following Kotlin/Native targets cannot be built on this machine and are disabled:
Demo App Build Check	Build Desktop App	2026-01-04T19:29:50.3805298Z iosArm64, iosSimulatorArm64, iosX64, watchosArm64, watchosSimulatorArm64, watchosX64
Demo App Build Check	Build Desktop App	2026-01-04T19:29:50.3806241Z To hide this message, add 'kotlin.native.ignoreDisabledTargets=true' to the Gradle properties.
Demo App Build Check	Build Desktop App	2026-01-04T19:29:50.3806765Z 
Demo App Build Check	Build Desktop App	2026-01-04T19:29:50.3807116Z w: The Default Kotlin Hierarchy Template was not applied to 'project ':crypto-core'':
Demo App Build Check	Build Desktop App	2026-01-04T19:29:50.3807902Z Explicit .dependsOn() edges were configured for the following source sets:
Demo App Build Check	Build Desktop App	2026-01-04T19:29:50.3809670Z [iosArm64Main, iosArm64Test, iosMain, iosSimulatorArm64Main, iosSimulatorArm64Test, iosX64Main, iosX64Test, jvmMain, jvmTest, nativeMain, nativeTest, watchosArm64Main, watchosArm64Test, watchosMain, watchosSimulatorArm64Main, watchosSimulatorArm64Test, watchosX64Main, watchosX64Test]
Demo App Build Check	Build Desktop App	2026-01-04T19:29:50.3825160Z 
Demo App Build Check	Build Desktop App	2026-01-04T19:29:50.3825668Z Consider removing dependsOn-calls or disabling the default template by adding
Demo App Build Check	Build Desktop App	2026-01-04T19:29:50.3826407Z     'kotlin.mpp.applyDefaultHierarchyTemplate=false'
Demo App Build Check	Build Desktop App	2026-01-04T19:29:50.3827297Z to your gradle.properties
Demo App Build Check	Build Desktop App	2026-01-04T19:29:50.3827520Z 
Demo App Build Check	Build Desktop App	2026-01-04T19:29:50.3827835Z Learn more about hierarchy templates: https://kotl.in/hierarchy-template
Demo App Build Check	Build Desktop App	2026-01-04T19:29:50.3828252Z 
Demo App Build Check	Build Desktop App	2026-01-04T19:29:53.6759251Z 
Demo App Build Check	Build Desktop App	2026-01-04T19:29:53.6795730Z > Configure project :demo-cli
Demo App Build Check	Build Desktop App	2026-01-04T19:29:53.6819065Z w: file:///home/runner/work/kotlin-crypto-pure/kotlin-crypto-pure/demo-cli/build.gradle.kts:7:9: Experimental API in the Kotlin Gradle Plugin: No stability guarantees can be provided. The API could get removed in the future without replacement
Demo App Build Check	Build Desktop App	2026-01-04T19:29:53.6856842Z w: file:///home/runner/work/kotlin-crypto-pure/kotlin-crypto-pure/demo-cli/build.gradle.kts:8:13: Experimental API in the Kotlin Gradle Plugin: No stability guarantees can be provided. The API could get removed in the future without replacement
Demo App Build Check	Build Desktop App	2026-01-04T19:29:53.6859097Z w: The following Kotlin/Native targets cannot be built on this machine and are disabled:
Demo App Build Check	Build Desktop App	2026-01-04T19:29:53.6859973Z macosArm64, macosX64
Demo App Build Check	Build Desktop App	2026-01-04T19:29:53.6860814Z To hide this message, add 'kotlin.native.ignoreDisabledTargets=true' to the Gradle properties.
Demo App Build Check	Build Desktop App	2026-01-04T19:29:53.6861529Z 
Demo App Build Check	Build Desktop App	2026-01-04T19:29:54.0768256Z 
Demo App Build Check	Build Desktop App	2026-01-04T19:29:54.0770512Z > Task :crypto-core:checkKotlinGradlePluginConfigurationErrors SKIPPED
Demo App Build Check	Build Desktop App	2026-01-04T19:29:54.0771428Z > Task :demo-app:checkKotlinGradlePluginConfigurationErrors SKIPPED
Demo App Build Check	Build Desktop App	2026-01-04T19:29:54.1759535Z > Task :demo-app:convertXmlValueResourcesForCommonMain NO-SOURCE
Demo App Build Check	Build Desktop App	2026-01-04T19:29:54.1777469Z > Task :demo-app:copyNonXmlValueResourcesForCommonMain NO-SOURCE
Demo App Build Check	Build Desktop App	2026-01-04T19:29:54.1778497Z > Task :demo-app:prepareComposeResourcesTaskForCommonMain NO-SOURCE
Demo App Build Check	Build Desktop App	2026-01-04T19:29:54.1781326Z > Task :demo-app:generateResourceAccessorsForCommonMain NO-SOURCE
Demo App Build Check	Build Desktop App	2026-01-04T19:29:54.1782295Z > Task :demo-app:convertXmlValueResourcesForDesktopMain NO-SOURCE
Demo App Build Check	Build Desktop App	2026-01-04T19:29:54.1784652Z > Task :demo-app:copyNonXmlValueResourcesForDesktopMain NO-SOURCE
Demo App Build Check	Build Desktop App	2026-01-04T19:29:54.1785633Z > Task :demo-app:prepareComposeResourcesTaskForDesktopMain NO-SOURCE
Demo App Build Check	Build Desktop App	2026-01-04T19:29:54.1787505Z > Task :demo-app:generateResourceAccessorsForDesktopMain NO-SOURCE
Demo App Build Check	Build Desktop App	2026-01-04T19:29:54.2759612Z > Task :demo-app:generateActualResourceCollectorsForDesktopMain
Demo App Build Check	Build Desktop App	2026-01-04T19:29:54.3759428Z > Task :demo-app:generateComposeResClass
Demo App Build Check	Build Desktop App	2026-01-04T19:29:54.3760137Z > Task :demo-app:generateExpectResourceCollectorsForCommonMain
Demo App Build Check	Build Desktop App	2026-01-04T19:29:54.3761151Z > Task :demo-app:assembleDesktopMainResources
Demo App Build Check	Build Desktop App	2026-01-04T19:29:54.3761705Z > Task :demo-app:desktopProcessResources
Demo App Build Check	Build Desktop App	2026-01-04T19:30:09.2759803Z > Task :crypto-core:jvmProcessResources NO-SOURCE
Demo App Build Check	Build Desktop App	2026-01-04T19:30:22.7759249Z 
Demo App Build Check	Build Desktop App	2026-01-04T19:30:22.7761626Z > Task :crypto-core:compileKotlinJvm
Demo App Build Check	Build Desktop App	2026-01-04T19:30:22.7768749Z w: file:///home/runner/work/kotlin-crypto-pure/kotlin-crypto-pure/crypto-core/src/commonMain/kotlin/io/github/iml1s/crypto/AesGcm.kt:78:1 'expect'/'actual' classes (including interfaces, objects, annotations, enums, and 'actual' typealiases) are in Beta. You can use -Xexpect-actual-classes flag to suppress this warning. Also see: https://youtrack.jetbrains.com/issue/KT-61573
Demo App Build Check	Build Desktop App	2026-01-04T19:30:22.7772447Z w: file:///home/runner/work/kotlin-crypto-pure/kotlin-crypto-pure/crypto-core/src/commonMain/kotlin/io/github/iml1s/crypto/Digest.kt:61:13 Check for instance is always 'true'.
Demo App Build Check	Build Desktop App	2026-01-04T19:30:22.7776352Z w: file:///home/runner/work/kotlin-crypto-pure/kotlin-crypto-pure/crypto-core/src/commonMain/kotlin/io/github/iml1s/crypto/Digest.kt:80:13 Check for instance is always 'true'.
Demo App Build Check	Build Desktop App	2026-01-04T19:30:22.7781363Z w: file:///home/runner/work/kotlin-crypto-pure/kotlin-crypto-pure/crypto-core/src/commonMain/kotlin/io/github/iml1s/crypto/Secp256k1Provider.kt:12:1 'expect'/'actual' classes (including interfaces, objects, annotations, enums, and 'actual' typealiases) are in Beta. You can use -Xexpect-actual-classes flag to suppress this warning. Also see: https://youtrack.jetbrains.com/issue/KT-61573
Demo App Build Check	Build Desktop App	2026-01-04T19:30:22.7797099Z w: file:///home/runner/work/kotlin-crypto-pure/kotlin-crypto-pure/crypto-core/src/jvmMain/kotlin/io/github/iml1s/crypto/Actuals.jvm.kt:86:1 'expect'/'actual' classes (including interfaces, objects, annotations, enums, and 'actual' typealiases) are in Beta. You can use -Xexpect-actual-classes flag to suppress this warning. Also see: https://youtrack.jetbrains.com/issue/KT-61573
Demo App Build Check	Build Desktop App	2026-01-04T19:30:22.7804667Z w: file:///home/runner/work/kotlin-crypto-pure/kotlin-crypto-pure/crypto-core/src/jvmMain/kotlin/io/github/iml1s/crypto/AesGcm.jvm.kt:10:1 'expect'/'actual' classes (including interfaces, objects, annotations, enums, and 'actual' typealiases) are in Beta. You can use -Xexpect-actual-classes flag to suppress this warning. Also see: https://youtrack.jetbrains.com/issue/KT-61573
Demo App Build Check	Build Desktop App	2026-01-04T19:30:22.8764428Z 
Demo App Build Check	Build Desktop App	2026-01-04T19:30:22.8764787Z > Task :crypto-core:jvmMainClasses
Demo App Build Check	Build Desktop App	2026-01-04T19:30:22.8765079Z > Task :crypto-core:jvmJar
Demo App Build Check	Build Desktop App	2026-01-04T19:30:40.2760092Z > Task :demo-app:compileKotlinDesktop
Demo App Build Check	Build Desktop App	2026-01-04T19:30:40.2761483Z > Task :demo-app:desktopMainClasses
Demo App Build Check	Build Desktop App	2026-01-04T19:30:40.2763206Z > Task :demo-app:desktopJar
Demo App Build Check	Build Desktop App	2026-01-04T19:30:40.3783067Z 
Demo App Build Check	Build Desktop App	2026-01-04T19:30:40.3784712Z [Incubating] Problems report is available at: file:///home/runner/work/kotlin-crypto-pure/kotlin-crypto-pure/build/reports/problems/problems-report.html
Demo App Build Check	Build Desktop App	2026-01-04T19:30:40.3785949Z 
Demo App Build Check	Build Desktop App	2026-01-04T19:30:40.3786511Z Deprecated Gradle features were used in this build, making it incompatible with Gradle 9.0.
Demo App Build Check	Build Desktop App	2026-01-04T19:30:40.3787594Z 
Demo App Build Check	Build Desktop App	2026-01-04T19:30:40.3791192Z You can use '--warning-mode all' to show the individual deprecation warnings and determine if they come from your own scripts or plugins.
Demo App Build Check	Build Desktop App	2026-01-04T19:30:40.3792872Z 
Demo App Build Check	Build Desktop App	2026-01-04T19:30:40.3795009Z For more on this, please refer to https://docs.gradle.org/8.13/userguide/command_line_interface.html#sec:command_line_warnings in the Gradle documentation.
Demo App Build Check	Build Desktop App	2026-01-04T19:30:40.3795908Z 
Demo App Build Check	Build Desktop App	2026-01-04T19:30:40.3796073Z BUILD SUCCESSFUL in 2m 38s
Demo App Build Check	Build Desktop App	2026-01-04T19:30:40.3796447Z 9 actionable tasks: 9 executed
Demo App Build Check	Post Setup Gradle	ï»¿2026-01-04T19:30:40.8362459Z Post job cleanup.
Demo App Build Check	Post Setup Gradle	2026-01-04T19:30:40.9850485Z In final post-action step, saving state and writing summary
Demo App Build Check	Post Setup Gradle	2026-01-04T19:30:40.9857647Z Stopping all Gradle daemons before saving Gradle User Home state
Demo App Build Check	Post Setup Gradle	2026-01-04T19:30:40.9859631Z Stopping Gradle daemons for /home/runner/.gradle/wrapper/dists/gradle-8.13-all/54h0s9kvb6g2sinako7ub77ku/gradle-8.13
Demo App Build Check	Post Setup Gradle	2026-01-04T19:30:40.9876395Z [command]/home/runner/.gradle/wrapper/dists/gradle-8.13-all/54h0s9kvb6g2sinako7ub77ku/gradle-8.13/bin/gradle --stop
Demo App Build Check	Post Setup Gradle	2026-01-04T19:30:41.5930326Z Stopping Daemon(s)
Demo App Build Check	Post Setup Gradle	2026-01-04T19:30:41.5932013Z 1 Daemon stopped
Demo App Build Check	Post Setup Gradle	2026-01-04T19:30:41.6086701Z ##[group]Caching Gradle state
Demo App Build Check	Post Setup Gradle	2026-01-04T19:30:41.6559533Z Caching generated-gradle-jars with path '/home/runner/.gradle/caches/8.13/generated-gradle-jars/gradle-api-8.13.jar' and cache key: generated-gradle-jars-697f81ec8d80712ce7da03f513960371
Demo App Build Check	Post Setup Gradle	2026-01-04T19:30:41.6591353Z Caching wrapper-zips with path '/home/runner/.gradle/wrapper/dists/gradle-8.13-all/54h0s9kvb6g2sinako7ub77ku' and cache key: wrapper-zips-27b0df0fa405636de00fcbfa0ab79410
Demo App Build Check	Post Setup Gradle	2026-01-04T19:30:41.6747057Z [command]/usr/bin/tar --posix -cf cache.tzst --exclude cache.tzst -P -C /home/runner/work/kotlin-crypto-pure/kotlin-crypto-pure --files-from manifest.txt --use-compress-program zstdmt
Demo App Build Check	Post Setup Gradle	2026-01-04T19:30:41.6775492Z [command]/usr/bin/tar --posix -cf cache.tzst --exclude cache.tzst -P -C /home/runner/work/kotlin-crypto-pure/kotlin-crypto-pure --files-from manifest.txt --use-compress-program zstdmt
Demo App Build Check	Post Setup Gradle	2026-01-04T19:30:42.2100713Z Caching dependencies with path '/home/runner/.gradle/caches/modules-*/files-*/*/*/*/*' and cache key: dependencies-dbe7c48c294eef2828d8cefb3b882e4a
Demo App Build Check	Post Setup Gradle	2026-01-04T19:30:42.2318152Z Caching instrumented-jars with path '/home/runner/.gradle/caches/jars-*/*' and cache key: instrumented-jars-c77d8e7cf8a0e4c1c3d16398ccce2998
Demo App Build Check	Post Setup Gradle	2026-01-04T19:30:42.2871048Z [command]/usr/bin/tar --posix -cf cache.tzst --exclude cache.tzst -P -C /home/runner/work/kotlin-crypto-pure/kotlin-crypto-pure --files-from manifest.txt --use-compress-program zstdmt
Demo App Build Check	Post Setup Gradle	2026-01-04T19:30:42.3039184Z Caching kotlin-dsl with path '/home/runner/.gradle/caches/*/kotlin-dsl/*/*' and cache key: kotlin-dsl-f37ea44656728e6163304b447d113bbe
Demo App Build Check	Post Setup Gradle	2026-01-04T19:30:42.4393408Z ##[warning]Failed to save cache entry with path '/home/runner/.gradle/caches/jars-*/*,zstd-without-long,1.0' and key: instrumented-jars-c77d8e7cf8a0e4c1c3d16398ccce2998: Error: <h2>Our services aren't available right now</h2><p>We're working to restore all services as soon as possible. Please check back soon.</p>04r9aaQAAAAC3TWyTpVazR6HasMTpoKbOUEhYMzFFREdFMDUwOQBFZGdl
Demo App Build Check	Post Setup Gradle	2026-01-04T19:30:42.4781213Z [command]/usr/bin/tar --posix -cf cache.tzst --exclude cache.tzst -P -C /home/runner/work/kotlin-crypto-pure/kotlin-crypto-pure --files-from manifest.txt --use-compress-program zstdmt
Demo App Build Check	Post Setup Gradle	2026-01-04T19:30:42.6038362Z ##[warning]Failed to save cache entry with path '/home/runner/.gradle/caches/8.13/generated-gradle-jars/gradle-api-8.13.jar,zstd-without-long,1.0' and key: generated-gradle-jars-697f81ec8d80712ce7da03f513960371: Error: <h2>Our services aren't available right now</h2><p>We're working to restore all services as soon as possible. Please check back soon.</p>04r9aaQAAAADgSSO0i6fBQKkg33FEZ3hPUEhYMzFFREdFMDUwOQBFZGdl
Demo App Build Check	Post Setup Gradle	2026-01-04T19:30:42.6519741Z ##[warning]Failed to save cache entry with path '/home/runner/.gradle/caches/*/kotlin-dsl/*/*,zstd-without-long,1.0' and key: kotlin-dsl-f37ea44656728e6163304b447d113bbe: Error: <h2>Our services aren't available right now</h2><p>We're working to restore all services as soon as possible. Please check back soon.</p>04r9aaQAAAACs/7POnqxPSKmWfCEv4SmkUEhYMzFFREdFMDUwOQBFZGdl
Demo App Build Check	Post Setup Gradle	2026-01-04T19:30:42.9137517Z [command]/usr/bin/tar --posix -cf cache.tzst --exclude cache.tzst -P -C /home/runner/work/kotlin-crypto-pure/kotlin-crypto-pure --files-from manifest.txt --use-compress-program zstdmt
Demo App Build Check	Post Setup Gradle	2026-01-04T19:30:43.6708658Z ##[warning]Failed to save cache entry with path '/home/runner/.gradle/caches/modules-*/files-*/*/*/*/*,zstd-without-long,1.0' and key: dependencies-dbe7c48c294eef2828d8cefb3b882e4a: Error: <h2>Our services aren't available right now</h2><p>We're working to restore all services as soon as possible. Please check back soon.</p>0479aaQAAAAAHDOXNkD21QZLt9gqhVKQsUEhYMzFFREdFMDUwOQBFZGdl
Demo App Build Check	Post Setup Gradle	2026-01-04T19:30:44.5175390Z ##[warning]Failed to save cache entry with path '/home/runner/.gradle/wrapper/dists/gradle-8.13-all/54h0s9kvb6g2sinako7ub77ku,zstd-without-long,1.0' and key: wrapper-zips-27b0df0fa405636de00fcbfa0ab79410: Error: <h2>Our services aren't available right now</h2><p>We're working to restore all services as soon as possible. Please check back soon.</p>05L9aaQAAAAArbGr2RZ/vT4wEFb64EF+nUEhYMzFFREdFMDUwOQBFZGdl
Demo App Build Check	Post Setup Gradle	2026-01-04T19:30:45.0610402Z Caching Gradle User Home with cache key: v8-gradle|Linux|ci-build-demo-app[37a6259cc0c1dae299a7866489dff0bd]-de6e2843a17c3c109efdef403bb0a65ef8ae43bd
Demo App Build Check	Post Setup Gradle	2026-01-04T19:30:45.0681974Z [command]/usr/bin/tar --posix -cf cache.tzst --exclude cache.tzst -P -C /home/runner/work/kotlin-crypto-pure/kotlin-crypto-pure --files-from manifest.txt --use-compress-program zstdmt
Demo App Build Check	Post Setup Gradle	2026-01-04T19:30:45.8227468Z ##[warning]Failed to save cache entry with path '/home/runner/.gradle/caches,/home/runner/.gradle/notifications,/home/runner/.gradle/.gradle-build-action,zstd-without-long,1.0' and key: v8-gradle|Linux|ci-build-demo-app[37a6259cc0c1dae299a7866489dff0bd]-de6e2843a17c3c109efdef403bb0a65ef8ae43bd: Error: <h2>Our services aren't available right now</h2><p>We're working to restore all services as soon as possible. Please check back soon.</p>05b9aaQAAAAC3kCEBW6c6S6YZ5Dfr/BhdUEhYMzFFREdFMDUwOQBFZGdl
Demo App Build Check	Post Setup Gradle	2026-01-04T19:30:45.8231258Z ##[endgroup]
Demo App Build Check	Post Setup Gradle	2026-01-04T19:30:45.8231505Z Writing job summary
Demo App Build Check	Post Set up JDK 17	ï»¿2026-01-04T19:30:45.8386791Z Post job cleanup.
Demo App Build Check	Post Run actions/checkout@v4	ï»¿2026-01-04T19:30:46.0016893Z Post job cleanup.
Demo App Build Check	Post Run actions/checkout@v4	2026-01-04T19:30:46.0906017Z [command]/usr/bin/git version
Demo App Build Check	Post Run actions/checkout@v4	2026-01-04T19:30:46.0953874Z git version 2.52.0
Demo App Build Check	Post Run actions/checkout@v4	2026-01-04T19:30:46.1010075Z Temporarily overriding HOME='/home/runner/work/_temp/2a531af5-c6d9-4456-8b9a-72787a7c2a72' before making global git config changes
Demo App Build Check	Post Run actions/checkout@v4	2026-01-04T19:30:46.1011262Z Adding repository directory to the temporary git global config as a safe directory
Demo App Build Check	Post Run actions/checkout@v4	2026-01-04T19:30:46.1018005Z [command]/usr/bin/git config --global --add safe.directory /home/runner/work/kotlin-crypto-pure/kotlin-crypto-pure
Demo App Build Check	Post Run actions/checkout@v4	2026-01-04T19:30:46.1062802Z [command]/usr/bin/git config --local --name-only --get-regexp core\.sshCommand
Demo App Build Check	Post Run actions/checkout@v4	2026-01-04T19:30:46.1096239Z [command]/usr/bin/git submodule foreach --recursive sh -c "git config --local --name-only --get-regexp 'core\.sshCommand' && git config --local --unset-all 'core.sshCommand' || :"
Demo App Build Check	Post Run actions/checkout@v4	2026-01-04T19:30:46.1299655Z [command]/usr/bin/git config --local --name-only --get-regexp http\.https\:\/\/github\.com\/\.extraheader
Demo App Build Check	Post Run actions/checkout@v4	2026-01-04T19:30:46.1319662Z http.https://github.com/.extraheader
Demo App Build Check	Post Run actions/checkout@v4	2026-01-04T19:30:46.1334568Z [command]/usr/bin/git config --local --unset-all http.https://github.com/.extraheader
Demo App Build Check	Post Run actions/checkout@v4	2026-01-04T19:30:46.1365076Z [command]/usr/bin/git submodule foreach --recursive sh -c "git config --local --name-only --get-regexp 'http\.https\:\/\/github\.com\/\.extraheader' && git config --local --unset-all 'http.https://github.com/.extraheader' || :"
Demo App Build Check	Post Run actions/checkout@v4	2026-01-04T19:30:46.1552392Z [command]/usr/bin/git config --local --name-only --get-regexp ^includeIf\.gitdir:
Demo App Build Check	Post Run actions/checkout@v4	2026-01-04T19:30:46.1578396Z [command]/usr/bin/git submodule foreach --recursive git config --local --show-origin --name-only --get-regexp remote.origin.url
Demo App Build Check	Complete job	ï»¿2026-01-04T19:30:46.1844577Z Cleaning up orphan processes
Android Core Tests	Set up job	ï»¿2026-01-04T19:27:57.8706012Z Current runner version: '2.330.0'
Android Core Tests	Set up job	2026-01-04T19:27:57.8730552Z ##[group]Runner Image Provisioner
Android Core Tests	Set up job	2026-01-04T19:27:57.8731397Z Hosted Compute Agent
Android Core Tests	Set up job	2026-01-04T19:27:57.8731900Z Version: 20251211.462
Android Core Tests	Set up job	2026-01-04T19:27:57.8732591Z Commit: 6cbad8c2bb55d58165063d031ccabf57e2d2db61
Android Core Tests	Set up job	2026-01-04T19:27:57.8733320Z Build Date: 2025-12-11T16:28:49Z
Android Core Tests	Set up job	2026-01-04T19:27:57.8733930Z Worker ID: {6929c1a2-5043-4676-9052-2655ca3702d5}
Android Core Tests	Set up job	2026-01-04T19:27:57.8734670Z ##[endgroup]
Android Core Tests	Set up job	2026-01-04T19:27:57.8735166Z ##[group]Operating System
Android Core Tests	Set up job	2026-01-04T19:27:57.8735718Z Ubuntu
Android Core Tests	Set up job	2026-01-04T19:27:57.8736190Z 24.04.3
Android Core Tests	Set up job	2026-01-04T19:27:57.8736695Z LTS
Android Core Tests	Set up job	2026-01-04T19:27:57.8737113Z ##[endgroup]
Android Core Tests	Set up job	2026-01-04T19:27:57.8737621Z ##[group]Runner Image
Android Core Tests	Set up job	2026-01-04T19:27:57.8738161Z Image: ubuntu-24.04
Android Core Tests	Set up job	2026-01-04T19:27:57.8738624Z Version: 20251215.174.1
Android Core Tests	Set up job	2026-01-04T19:27:57.8739650Z Included Software: https://github.com/actions/runner-images/blob/ubuntu24/20251215.174/images/ubuntu/Ubuntu2404-Readme.md
Android Core Tests	Set up job	2026-01-04T19:27:57.8741159Z Image Release: https://github.com/actions/runner-images/releases/tag/ubuntu24%2F20251215.174
Android Core Tests	Set up job	2026-01-04T19:27:57.8742319Z ##[endgroup]
Android Core Tests	Set up job	2026-01-04T19:27:57.8743373Z ##[group]GITHUB_TOKEN Permissions
Android Core Tests	Set up job	2026-01-04T19:27:57.8745176Z Contents: read
Android Core Tests	Set up job	2026-01-04T19:27:57.8745877Z Metadata: read
Android Core Tests	Set up job	2026-01-04T19:27:57.8746343Z Packages: read
Android Core Tests	Set up job	2026-01-04T19:27:57.8746811Z ##[endgroup]
Android Core Tests	Set up job	2026-01-04T19:27:57.8748954Z Secret source: Actions
Android Core Tests	Set up job	2026-01-04T19:27:57.8749664Z Prepare workflow directory
Android Core Tests	Set up job	2026-01-04T19:27:57.9266241Z Prepare all required actions
Android Core Tests	Set up job	2026-01-04T19:27:57.9305355Z Getting action download info
Android Core Tests	Set up job	2026-01-04T19:27:58.4076577Z Download action repository 'actions/checkout@v4' (SHA:34e114876b0b11c390a56381ad16ebd13914f8d5)
Android Core Tests	Set up job	2026-01-04T19:27:58.5125464Z Download action repository 'actions/setup-java@v4' (SHA:c1e323688fd81a25caa38c78aa6df2d33d3e20d9)
Android Core Tests	Set up job	2026-01-04T19:27:59.1771261Z Download action repository 'gradle/gradle-build-action@v2' (SHA:a8f75513eafdebd8141bd1cd4e30fcd194af8dfa)
Android Core Tests	Set up job	2026-01-04T19:27:59.9371906Z Complete job name: Android Core Tests
Android Core Tests	Run actions/checkout@v4	ï»¿2026-01-04T19:28:00.0110818Z ##[group]Run actions/checkout@v4
Android Core Tests	Run actions/checkout@v4	2026-01-04T19:28:00.0112325Z with:
Android Core Tests	Run actions/checkout@v4	2026-01-04T19:28:00.0113130Z   repository: ImL1s/kotlin-crypto-pure
Android Core Tests	Run actions/checkout@v4	2026-01-04T19:28:00.0114435Z   token: ***
Android Core Tests	Run actions/checkout@v4	2026-01-04T19:28:00.0115177Z   ssh-strict: true
Android Core Tests	Run actions/checkout@v4	2026-01-04T19:28:00.0115948Z   ssh-user: git
Android Core Tests	Run actions/checkout@v4	2026-01-04T19:28:00.0116732Z   persist-credentials: true
Android Core Tests	Run actions/checkout@v4	2026-01-04T19:28:00.0117640Z   clean: true
Android Core Tests	Run actions/checkout@v4	2026-01-04T19:28:00.0118441Z   sparse-checkout-cone-mode: true
Android Core Tests	Run actions/checkout@v4	2026-01-04T19:28:00.0119423Z   fetch-depth: 1
Android Core Tests	Run actions/checkout@v4	2026-01-04T19:28:00.0120490Z   fetch-tags: false
Android Core Tests	Run actions/checkout@v4	2026-01-04T19:28:00.0121323Z   show-progress: true
Android Core Tests	Run actions/checkout@v4	2026-01-04T19:28:00.0122143Z   lfs: false
Android Core Tests	Run actions/checkout@v4	2026-01-04T19:28:00.0122928Z   submodules: false
Android Core Tests	Run actions/checkout@v4	2026-01-04T19:28:00.0123755Z   set-safe-directory: true
Android Core Tests	Run actions/checkout@v4	2026-01-04T19:28:00.0124913Z env:
Android Core Tests	Run actions/checkout@v4	2026-01-04T19:28:00.0125958Z   GITHUB_TOKEN: ***
Android Core Tests	Run actions/checkout@v4	2026-01-04T19:28:00.0126784Z   GITHUB_ACTOR: ImL1s
Android Core Tests	Run actions/checkout@v4	2026-01-04T19:28:00.0127659Z ##[endgroup]
Android Core Tests	Run actions/checkout@v4	2026-01-04T19:28:00.1225460Z Syncing repository: ImL1s/kotlin-crypto-pure
Android Core Tests	Run actions/checkout@v4	2026-01-04T19:28:00.1228224Z ##[group]Getting Git version info
Android Core Tests	Run actions/checkout@v4	2026-01-04T19:28:00.1229841Z Working directory is '/home/runner/work/kotlin-crypto-pure/kotlin-crypto-pure'
Android Core Tests	Run actions/checkout@v4	2026-01-04T19:28:00.1232306Z [command]/usr/bin/git version
Android Core Tests	Run actions/checkout@v4	2026-01-04T19:28:00.1335844Z git version 2.52.0
Android Core Tests	Run actions/checkout@v4	2026-01-04T19:28:00.1362956Z ##[endgroup]
Android Core Tests	Run actions/checkout@v4	2026-01-04T19:28:00.1384683Z Temporarily overriding HOME='/home/runner/work/_temp/a1541936-df8c-4570-8267-66c10cb9481e' before making global git config changes
Android Core Tests	Run actions/checkout@v4	2026-01-04T19:28:00.1387454Z Adding repository directory to the temporary git global config as a safe directory
Android Core Tests	Run actions/checkout@v4	2026-01-04T19:28:00.1390451Z [command]/usr/bin/git config --global --add safe.directory /home/runner/work/kotlin-crypto-pure/kotlin-crypto-pure
Android Core Tests	Run actions/checkout@v4	2026-01-04T19:28:00.1434060Z Deleting the contents of '/home/runner/work/kotlin-crypto-pure/kotlin-crypto-pure'
Android Core Tests	Run actions/checkout@v4	2026-01-04T19:28:00.1438309Z ##[group]Initializing the repository
Android Core Tests	Run actions/checkout@v4	2026-01-04T19:28:00.1443368Z [command]/usr/bin/git init /home/runner/work/kotlin-crypto-pure/kotlin-crypto-pure
Android Core Tests	Run actions/checkout@v4	2026-01-04T19:28:00.1589091Z hint: Using 'master' as the name for the initial branch. This default branch name
Android Core Tests	Run actions/checkout@v4	2026-01-04T19:28:00.1591337Z hint: will change to "main" in Git 3.0. To configure the initial branch name
Android Core Tests	Run actions/checkout@v4	2026-01-04T19:28:00.1593440Z hint: to use in all of your new repositories, which will suppress this warning,
Android Core Tests	Run actions/checkout@v4	2026-01-04T19:28:00.1595317Z hint: call:
Android Core Tests	Run actions/checkout@v4	2026-01-04T19:28:00.1596579Z hint:
Android Core Tests	Run actions/checkout@v4	2026-01-04T19:28:00.1598203Z hint: 	git config --global init.defaultBranch <name>
Android Core Tests	Run actions/checkout@v4	2026-01-04T19:28:00.1600513Z hint:
Android Core Tests	Run actions/checkout@v4	2026-01-04T19:28:00.1602489Z hint: Names commonly chosen instead of 'master' are 'main', 'trunk' and
Android Core Tests	Run actions/checkout@v4	2026-01-04T19:28:00.1605669Z hint: 'development'. The just-created branch can be renamed via this command:
Android Core Tests	Run actions/checkout@v4	2026-01-04T19:28:00.1608175Z hint:
Android Core Tests	Run actions/checkout@v4	2026-01-04T19:28:00.1609536Z hint: 	git branch -m <name>
Android Core Tests	Run actions/checkout@v4	2026-01-04T19:28:00.1611318Z hint:
Android Core Tests	Run actions/checkout@v4	2026-01-04T19:28:00.1613291Z hint: Disable this message with "git config set advice.defaultBranchName false"
Android Core Tests	Run actions/checkout@v4	2026-01-04T19:28:00.1616796Z Initialized empty Git repository in /home/runner/work/kotlin-crypto-pure/kotlin-crypto-pure/.git/
Android Core Tests	Run actions/checkout@v4	2026-01-04T19:28:00.1620473Z [command]/usr/bin/git remote add origin https://github.com/ImL1s/kotlin-crypto-pure
Android Core Tests	Run actions/checkout@v4	2026-01-04T19:28:00.1648057Z ##[endgroup]
Android Core Tests	Run actions/checkout@v4	2026-01-04T19:28:00.1650807Z ##[group]Disabling automatic garbage collection
Android Core Tests	Run actions/checkout@v4	2026-01-04T19:28:00.1652496Z [command]/usr/bin/git config --local gc.auto 0
Android Core Tests	Run actions/checkout@v4	2026-01-04T19:28:00.1680354Z ##[endgroup]
Android Core Tests	Run actions/checkout@v4	2026-01-04T19:28:00.1681732Z ##[group]Setting up auth
Android Core Tests	Run actions/checkout@v4	2026-01-04T19:28:00.1687353Z [command]/usr/bin/git config --local --name-only --get-regexp core\.sshCommand
Android Core Tests	Run actions/checkout@v4	2026-01-04T19:28:00.1720771Z [command]/usr/bin/git submodule foreach --recursive sh -c "git config --local --name-only --get-regexp 'core\.sshCommand' && git config --local --unset-all 'core.sshCommand' || :"
Android Core Tests	Run actions/checkout@v4	2026-01-04T19:28:00.2089286Z [command]/usr/bin/git config --local --name-only --get-regexp http\.https\:\/\/github\.com\/\.extraheader
Android Core Tests	Run actions/checkout@v4	2026-01-04T19:28:00.2122540Z [command]/usr/bin/git submodule foreach --recursive sh -c "git config --local --name-only --get-regexp 'http\.https\:\/\/github\.com\/\.extraheader' && git config --local --unset-all 'http.https://github.com/.extraheader' || :"
Android Core Tests	Run actions/checkout@v4	2026-01-04T19:28:00.2343401Z [command]/usr/bin/git config --local --name-only --get-regexp ^includeIf\.gitdir:
Android Core Tests	Run actions/checkout@v4	2026-01-04T19:28:00.2379018Z [command]/usr/bin/git submodule foreach --recursive git config --local --show-origin --name-only --get-regexp remote.origin.url
Android Core Tests	Run actions/checkout@v4	2026-01-04T19:28:00.2603659Z [command]/usr/bin/git config --local http.https://github.com/.extraheader AUTHORIZATION: basic ***
Android Core Tests	Run actions/checkout@v4	2026-01-04T19:28:00.2638025Z ##[endgroup]
Android Core Tests	Run actions/checkout@v4	2026-01-04T19:28:00.2640771Z ##[group]Fetching the repository
Android Core Tests	Run actions/checkout@v4	2026-01-04T19:28:00.2650474Z [command]/usr/bin/git -c protocol.version=2 fetch --no-tags --prune --no-recurse-submodules --depth=1 origin +de6e2843a17c3c109efdef403bb0a65ef8ae43bd:refs/remotes/origin/main
Android Core Tests	Run actions/checkout@v4	2026-01-04T19:28:00.8352014Z From https://github.com/ImL1s/kotlin-crypto-pure
Android Core Tests	Run actions/checkout@v4	2026-01-04T19:28:00.8354538Z  * [new ref]         de6e2843a17c3c109efdef403bb0a65ef8ae43bd -> origin/main
Android Core Tests	Run actions/checkout@v4	2026-01-04T19:28:00.8385757Z ##[endgroup]
Android Core Tests	Run actions/checkout@v4	2026-01-04T19:28:00.8386447Z ##[group]Determining the checkout info
Android Core Tests	Run actions/checkout@v4	2026-01-04T19:28:00.8387968Z ##[endgroup]
Android Core Tests	Run actions/checkout@v4	2026-01-04T19:28:00.8393317Z [command]/usr/bin/git sparse-checkout disable
Android Core Tests	Run actions/checkout@v4	2026-01-04T19:28:00.8441980Z [command]/usr/bin/git config --local --unset-all extensions.worktreeConfig
Android Core Tests	Run actions/checkout@v4	2026-01-04T19:28:00.8471158Z ##[group]Checking out the ref
Android Core Tests	Run actions/checkout@v4	2026-01-04T19:28:00.8476566Z [command]/usr/bin/git checkout --progress --force -B main refs/remotes/origin/main
Android Core Tests	Run actions/checkout@v4	2026-01-04T19:28:00.9540407Z Switched to a new branch 'main'
Android Core Tests	Run actions/checkout@v4	2026-01-04T19:28:00.9541728Z branch 'main' set up to track 'origin/main'.
Android Core Tests	Run actions/checkout@v4	2026-01-04T19:28:00.9554244Z ##[endgroup]
Android Core Tests	Run actions/checkout@v4	2026-01-04T19:28:00.9601173Z [command]/usr/bin/git log -1 --format=%H
Android Core Tests	Run actions/checkout@v4	2026-01-04T19:28:00.9626302Z de6e2843a17c3c109efdef403bb0a65ef8ae43bd
Android Core Tests	Set up JDK 17	ï»¿2026-01-04T19:28:00.9914235Z ##[group]Run actions/setup-java@v4
Android Core Tests	Set up JDK 17	2026-01-04T19:28:00.9914642Z with:
Android Core Tests	Set up JDK 17	2026-01-04T19:28:00.9914866Z   java-version: 17
Android Core Tests	Set up JDK 17	2026-01-04T19:28:00.9915095Z   distribution: temurin
Android Core Tests	Set up JDK 17	2026-01-04T19:28:00.9915547Z   java-package: jdk
Android Core Tests	Set up JDK 17	2026-01-04T19:28:00.9915785Z   check-latest: false
Android Core Tests	Set up JDK 17	2026-01-04T19:28:00.9916010Z   server-id: github
Android Core Tests	Set up JDK 17	2026-01-04T19:28:00.9916248Z   server-username: GITHUB_ACTOR
Android Core Tests	Set up JDK 17	2026-01-04T19:28:00.9916532Z   server-password: GITHUB_TOKEN
Android Core Tests	Set up JDK 17	2026-01-04T19:28:00.9916856Z   overwrite-settings: true
Android Core Tests	Set up JDK 17	2026-01-04T19:28:00.9917106Z   job-status: success
Android Core Tests	Set up JDK 17	2026-01-04T19:28:00.9917502Z   token: ***
Android Core Tests	Set up JDK 17	2026-01-04T19:28:00.9917718Z env:
Android Core Tests	Set up JDK 17	2026-01-04T19:28:00.9918008Z   GITHUB_TOKEN: ***
Android Core Tests	Set up JDK 17	2026-01-04T19:28:00.9918243Z   GITHUB_ACTOR: ImL1s
Android Core Tests	Set up JDK 17	2026-01-04T19:28:00.9918466Z ##[endgroup]
Android Core Tests	Set up JDK 17	2026-01-04T19:28:01.1931684Z ##[group]Installed distributions
Android Core Tests	Set up JDK 17	2026-01-04T19:28:01.2015781Z Resolved Java 17.0.17+10 from tool-cache
Android Core Tests	Set up JDK 17	2026-01-04T19:28:01.2016750Z Setting Java 17.0.17+10 as the default
Android Core Tests	Set up JDK 17	2026-01-04T19:28:01.2029548Z Creating toolchains.xml for JDK version 17 from temurin
Android Core Tests	Set up JDK 17	2026-01-04T19:28:01.2106088Z Writing to /home/runner/.m2/toolchains.xml
Android Core Tests	Set up JDK 17	2026-01-04T19:28:01.2106619Z 
Android Core Tests	Set up JDK 17	2026-01-04T19:28:01.2106826Z Java configuration:
Android Core Tests	Set up JDK 17	2026-01-04T19:28:01.2108308Z   Distribution: temurin
Android Core Tests	Set up JDK 17	2026-01-04T19:28:01.2108829Z   Version: 17.0.17+10
Android Core Tests	Set up JDK 17	2026-01-04T19:28:01.2109631Z   Path: /opt/hostedtoolcache/Java_Temurin-Hotspot_jdk/17.0.17-10/x64
Android Core Tests	Set up JDK 17	2026-01-04T19:28:01.2110459Z 
Android Core Tests	Set up JDK 17	2026-01-04T19:28:01.2111038Z ##[endgroup]
Android Core Tests	Set up JDK 17	2026-01-04T19:28:01.2126289Z Creating settings.xml with server-id: github
Android Core Tests	Set up JDK 17	2026-01-04T19:28:01.2131616Z Writing to /home/runner/.m2/settings.xml
Android Core Tests	Setup Gradle	ï»¿2026-01-04T19:28:01.2366159Z ##[group]Run gradle/gradle-build-action@v2
Android Core Tests	Setup Gradle	2026-01-04T19:28:01.2366531Z with:
Android Core Tests	Setup Gradle	2026-01-04T19:28:01.2366766Z   cache-disabled: false
Android Core Tests	Setup Gradle	2026-01-04T19:28:01.2367016Z   cache-read-only: false
Android Core Tests	Setup Gradle	2026-01-04T19:28:01.2367265Z   cache-write-only: false
Android Core Tests	Setup Gradle	2026-01-04T19:28:01.2367540Z   cache-overwrite-existing: false
Android Core Tests	Setup Gradle	2026-01-04T19:28:01.2367863Z   gradle-home-cache-includes: caches
Android Core Tests	Setup Gradle	notifications
Android Core Tests	Setup Gradle	
Android Core Tests	Setup Gradle	2026-01-04T19:28:01.2368222Z   gradle-home-cache-cleanup: false
Android Core Tests	Setup Gradle	2026-01-04T19:28:01.2368509Z   generate-job-summary: true
Android Core Tests	Setup Gradle	2026-01-04T19:28:01.2368774Z   dependency-graph: disabled
Android Core Tests	Setup Gradle	2026-01-04T19:28:01.2369066Z   gradle-home-cache-strict-match: false
Android Core Tests	Setup Gradle	2026-01-04T19:28:01.2369372Z   workflow-job-context: null
Android Core Tests	Setup Gradle	2026-01-04T19:28:01.2369785Z   github-token: ***
Android Core Tests	Setup Gradle	2026-01-04T19:28:01.2370194Z env:
Android Core Tests	Setup Gradle	2026-01-04T19:28:01.2370508Z   GITHUB_TOKEN: ***
Android Core Tests	Setup Gradle	2026-01-04T19:28:01.2370734Z   GITHUB_ACTOR: ImL1s
Android Core Tests	Setup Gradle	2026-01-04T19:28:01.2371087Z   JAVA_HOME: /opt/hostedtoolcache/Java_Temurin-Hotspot_jdk/17.0.17-10/x64
Android Core Tests	Setup Gradle	2026-01-04T19:28:01.2371592Z   JAVA_HOME_17_X64: /opt/hostedtoolcache/Java_Temurin-Hotspot_jdk/17.0.17-10/x64
Android Core Tests	Setup Gradle	2026-01-04T19:28:01.2372010Z ##[endgroup]
Android Core Tests	Setup Gradle	2026-01-04T19:28:01.5333019Z ##[group]Restore Gradle state from cache
Android Core Tests	Setup Gradle	2026-01-04T19:28:01.6223716Z ##[warning]Failed to restore v8-gradle|Linux|ci-test-android[37a6259cc0c1dae299a7866489dff0bd]-de6e2843a17c3c109efdef403bb0a65ef8ae43bd: Error: Cache service responded with 400
Android Core Tests	Setup Gradle	2026-01-04T19:28:01.6263917Z Gradle User Home cache not found. Will initialize empty.
Android Core Tests	Setup Gradle	2026-01-04T19:28:01.6264991Z ##[endgroup]
Android Core Tests	Run Core Android Unit Tests	ï»¿2026-01-04T19:28:01.6391087Z ##[group]Run ./gradlew :crypto-core:testDebugUnitTest --continue
Android Core Tests	Run Core Android Unit Tests	2026-01-04T19:28:01.6391725Z [36;1m./gradlew :crypto-core:testDebugUnitTest --continue[0m
Android Core Tests	Run Core Android Unit Tests	2026-01-04T19:28:01.6427134Z shell: /usr/bin/bash -e {0}
Android Core Tests	Run Core Android Unit Tests	2026-01-04T19:28:01.6427444Z env:
Android Core Tests	Run Core Android Unit Tests	2026-01-04T19:28:01.6427915Z   GITHUB_TOKEN: ***
Android Core Tests	Run Core Android Unit Tests	2026-01-04T19:28:01.6428158Z   GITHUB_ACTOR: ImL1s
Android Core Tests	Run Core Android Unit Tests	2026-01-04T19:28:01.6428509Z   JAVA_HOME: /opt/hostedtoolcache/Java_Temurin-Hotspot_jdk/17.0.17-10/x64
Android Core Tests	Run Core Android Unit Tests	2026-01-04T19:28:01.6429009Z   JAVA_HOME_17_X64: /opt/hostedtoolcache/Java_Temurin-Hotspot_jdk/17.0.17-10/x64
Android Core Tests	Run Core Android Unit Tests	2026-01-04T19:28:01.6429424Z   GRADLE_BUILD_ACTION_SETUP_COMPLETED: true
Android Core Tests	Run Core Android Unit Tests	2026-01-04T19:28:01.6429742Z   GRADLE_BUILD_ACTION_CACHE_RESTORED: true
Android Core Tests	Run Core Android Unit Tests	2026-01-04T19:28:01.6430219Z ##[endgroup]
Android Core Tests	Run Core Android Unit Tests	2026-01-04T19:28:01.7847935Z Downloading https://services.gradle.org/distributions/gradle-8.13-all.zip
Android Core Tests	Run Core Android Unit Tests	2026-01-04T19:28:04.8448535Z ......................10%......................20%......................30%......................40%......................50%......................60%......................70%.......................80%......................90%......................100%
Android Core Tests	Run Core Android Unit Tests	2026-01-04T19:28:08.1115901Z 
Android Core Tests	Run Core Android Unit Tests	2026-01-04T19:28:08.1117094Z Welcome to Gradle 8.13!
Android Core Tests	Run Core Android Unit Tests	2026-01-04T19:28:08.1117387Z 
Android Core Tests	Run Core Android Unit Tests	2026-01-04T19:28:08.1117551Z Here are the highlights of this release:
Android Core Tests	Run Core Android Unit Tests	2026-01-04T19:28:08.1117998Z  - Daemon JVM auto-provisioning
Android Core Tests	Run Core Android Unit Tests	2026-01-04T19:28:08.1118579Z  - Enhancements for Scala plugin and JUnit testing
Android Core Tests	Run Core Android Unit Tests	2026-01-04T19:28:08.1121490Z  - Improvements for build authors and plugin developers
Android Core Tests	Run Core Android Unit Tests	2026-01-04T19:28:08.1121888Z 
Android Core Tests	Run Core Android Unit Tests	2026-01-04T19:28:08.1122198Z For more details see https://docs.gradle.org/8.13/release-notes.html
Android Core Tests	Run Core Android Unit Tests	2026-01-04T19:28:08.1122610Z 
Android Core Tests	Run Core Android Unit Tests	2026-01-04T19:28:08.2093022Z Starting a Gradle Daemon (subsequent builds will be faster)
Android Core Tests	Run Core Android Unit Tests	2026-01-04T19:29:48.0131552Z 
Android Core Tests	Run Core Android Unit Tests	2026-01-04T19:29:48.0150904Z > Configure project :crypto-core
Android Core Tests	Run Core Android Unit Tests	2026-01-04T19:29:48.0152369Z w: file:///home/runner/work/kotlin-crypto-pure/kotlin-crypto-pure/crypto-core/build.gradle.kts:25:21: 'defFile: File' is deprecated. Deprecated because it is a non-lazy property.
Android Core Tests	Run Core Android Unit Tests	2026-01-04T19:29:48.0154568Z w: file:///home/runner/work/kotlin-crypto-pure/kotlin-crypto-pure/crypto-core/build.gradle.kts:36:21: 'defFile: File' is deprecated. Deprecated because it is a non-lazy property.
Android Core Tests	Run Core Android Unit Tests	2026-01-04T19:29:48.0156749Z w: file:///home/runner/work/kotlin-crypto-pure/kotlin-crypto-pure/crypto-core/build.gradle.kts:47:21: 'defFile: File' is deprecated. Deprecated because it is a non-lazy property.
Android Core Tests	Run Core Android Unit Tests	2026-01-04T19:29:48.0180760Z w: file:///home/runner/work/kotlin-crypto-pure/kotlin-crypto-pure/crypto-core/build.gradle.kts:59:21: 'defFile: File' is deprecated. Deprecated because it is a non-lazy property.
Android Core Tests	Run Core Android Unit Tests	2026-01-04T19:29:48.0183404Z w: file:///home/runner/work/kotlin-crypto-pure/kotlin-crypto-pure/crypto-core/build.gradle.kts:70:21: 'defFile: File' is deprecated. Deprecated because it is a non-lazy property.
Android Core Tests	Run Core Android Unit Tests	2026-01-04T19:29:48.0189146Z w: file:///home/runner/work/kotlin-crypto-pure/kotlin-crypto-pure/crypto-core/build.gradle.kts:81:21: 'defFile: File' is deprecated. Deprecated because it is a non-lazy property.
Android Core Tests	Run Core Android Unit Tests	2026-01-04T19:29:49.6091837Z w: The following Kotlin/Native targets cannot be built on this machine and are disabled:
Android Core Tests	Run Core Android Unit Tests	2026-01-04T19:29:49.6125429Z iosArm64, iosSimulatorArm64, iosX64, watchosArm64, watchosSimulatorArm64, watchosX64
Android Core Tests	Run Core Android Unit Tests	2026-01-04T19:29:49.6126482Z To hide this message, add 'kotlin.native.ignoreDisabledTargets=true' to the Gradle properties.
Android Core Tests	Run Core Android Unit Tests	2026-01-04T19:29:49.6127077Z 
Android Core Tests	Run Core Android Unit Tests	2026-01-04T19:29:49.6127450Z w: The Default Kotlin Hierarchy Template was not applied to 'project ':crypto-core'':
Android Core Tests	Run Core Android Unit Tests	2026-01-04T19:29:49.6128269Z Explicit .dependsOn() edges were configured for the following source sets:
Android Core Tests	Run Core Android Unit Tests	2026-01-04T19:29:49.6130657Z [iosArm64Main, iosArm64Test, iosMain, iosSimulatorArm64Main, iosSimulatorArm64Test, iosX64Main, iosX64Test, jvmMain, jvmTest, nativeMain, nativeTest, watchosArm64Main, watchosArm64Test, watchosMain, watchosSimulatorArm64Main, watchosSimulatorArm64Test, watchosX64Main, watchosX64Test]
Android Core Tests	Run Core Android Unit Tests	2026-01-04T19:29:49.6132618Z 
Android Core Tests	Run Core Android Unit Tests	2026-01-04T19:29:49.6133577Z Consider removing dependsOn-calls or disabling the default template by adding
Android Core Tests	Run Core Android Unit Tests	2026-01-04T19:29:49.6134437Z     'kotlin.mpp.applyDefaultHierarchyTemplate=false'
Android Core Tests	Run Core Android Unit Tests	2026-01-04T19:29:49.6134972Z to your gradle.properties
Android Core Tests	Run Core Android Unit Tests	2026-01-04T19:29:49.6135206Z 
Android Core Tests	Run Core Android Unit Tests	2026-01-04T19:29:49.6135567Z Learn more about hierarchy templates: https://kotl.in/hierarchy-template
Android Core Tests	Run Core Android Unit Tests	2026-01-04T19:29:49.6136067Z 
Android Core Tests	Run Core Android Unit Tests	2026-01-04T19:29:53.0092086Z 
Android Core Tests	Run Core Android Unit Tests	2026-01-04T19:29:53.0102757Z > Configure project :demo-cli
Android Core Tests	Run Core Android Unit Tests	2026-01-04T19:29:53.0109100Z w: file:///home/runner/work/kotlin-crypto-pure/kotlin-crypto-pure/demo-cli/build.gradle.kts:7:9: Experimental API in the Kotlin Gradle Plugin: No stability guarantees can be provided. The API could get removed in the future without replacement
Android Core Tests	Run Core Android Unit Tests	2026-01-04T19:29:53.0116500Z w: file:///home/runner/work/kotlin-crypto-pure/kotlin-crypto-pure/demo-cli/build.gradle.kts:8:13: Experimental API in the Kotlin Gradle Plugin: No stability guarantees can be provided. The API could get removed in the future without replacement
Android Core Tests	Run Core Android Unit Tests	2026-01-04T19:29:53.0124831Z w: The following Kotlin/Native targets cannot be built on this machine and are disabled:
Android Core Tests	Run Core Android Unit Tests	2026-01-04T19:29:53.0131041Z macosArm64, macosX64
Android Core Tests	Run Core Android Unit Tests	2026-01-04T19:29:53.0134866Z To hide this message, add 'kotlin.native.ignoreDisabledTargets=true' to the Gradle properties.
Android Core Tests	Run Core Android Unit Tests	2026-01-04T19:29:53.0136725Z 
Android Core Tests	Run Core Android Unit Tests	2026-01-04T19:29:53.8101397Z WARNING: We recommend using a newer Android Gradle plugin to use compileSdk = 35
Android Core Tests	Run Core Android Unit Tests	2026-01-04T19:29:53.8104128Z 
Android Core Tests	Run Core Android Unit Tests	2026-01-04T19:29:53.8104856Z This Android Gradle plugin (8.5.2) was tested up to compileSdk = 34.
Android Core Tests	Run Core Android Unit Tests	2026-01-04T19:29:53.8119730Z 
Android Core Tests	Run Core Android Unit Tests	2026-01-04T19:29:53.8122569Z You are strongly encouraged to update your project to use a newer
Android Core Tests	Run Core Android Unit Tests	2026-01-04T19:29:53.8132641Z Android Gradle plugin that has been tested with compileSdk = 35.
Android Core Tests	Run Core Android Unit Tests	2026-01-04T19:29:53.8133185Z 
Android Core Tests	Run Core Android Unit Tests	2026-01-04T19:29:53.8133516Z If you are already using the latest version of the Android Gradle plugin,
Android Core Tests	Run Core Android Unit Tests	2026-01-04T19:29:53.8134372Z you may need to wait until a newer version with support for compileSdk = 35 is available.
Android Core Tests	Run Core Android Unit Tests	2026-01-04T19:29:53.8134984Z 
Android Core Tests	Run Core Android Unit Tests	2026-01-04T19:29:53.8135242Z For more information refer to the compatibility table:
Android Core Tests	Run Core Android Unit Tests	2026-01-04T19:29:53.8135892Z https://d.android.com/r/tools/api-level-support
Android Core Tests	Run Core Android Unit Tests	2026-01-04T19:29:53.8136286Z 
Android Core Tests	Run Core Android Unit Tests	2026-01-04T19:29:53.8136456Z To suppress this warning, add/update
Android Core Tests	Run Core Android Unit Tests	2026-01-04T19:29:53.8136978Z     android.suppressUnsupportedCompileSdk=35
Android Core Tests	Run Core Android Unit Tests	2026-01-04T19:29:53.8137520Z to this project's gradle.properties.
Android Core Tests	Run Core Android Unit Tests	2026-01-04T19:29:54.4092518Z 
Android Core Tests	Run Core Android Unit Tests	2026-01-04T19:29:54.4096191Z > Task :crypto-core:checkKotlinGradlePluginConfigurationErrors SKIPPED
Android Core Tests	Run Core Android Unit Tests	2026-01-04T19:29:54.4099384Z > Task :crypto-core:preBuild UP-TO-DATE
Android Core Tests	Run Core Android Unit Tests	2026-01-04T19:29:54.4102285Z > Task :crypto-core:preDebugBuild UP-TO-DATE
Android Core Tests	Run Core Android Unit Tests	2026-01-04T19:29:54.5090982Z > Task :crypto-core:generateDebugResValues
Android Core Tests	Run Core Android Unit Tests	2026-01-04T19:29:54.5098670Z > Task :crypto-core:generateDebugResources
Android Core Tests	Run Core Android Unit Tests	2026-01-04T19:29:54.6090816Z > Task :crypto-core:packageDebugResources
Android Core Tests	Run Core Android Unit Tests	2026-01-04T19:29:56.2094299Z > Task :crypto-core:preDebugUnitTestBuild UP-TO-DATE
Android Core Tests	Run Core Android Unit Tests	2026-01-04T19:29:56.2105530Z > Task :crypto-core:javaPreCompileDebug
Android Core Tests	Run Core Android Unit Tests	2026-01-04T19:29:56.2106200Z > Task :crypto-core:javaPreCompileDebugUnitTest
Android Core Tests	Run Core Android Unit Tests	2026-01-04T19:29:56.3100635Z > Task :crypto-core:parseDebugLocalResources
Android Core Tests	Run Core Android Unit Tests	2026-01-04T19:29:56.3101265Z > Task :crypto-core:generateDebugRFile
Android Core Tests	Run Core Android Unit Tests	2026-01-04T19:30:26.3091605Z > Task :crypto-core:compileDebugKotlinAndroid
Android Core Tests	Run Core Android Unit Tests	2026-01-04T19:30:37.8091719Z > Task :crypto-core:generateDebugUnitTestStubRFile
Android Core Tests	Run Core Android Unit Tests	2026-01-04T19:30:44.7093227Z 
Android Core Tests	Run Core Android Unit Tests	2026-01-04T19:30:44.7096908Z > Task :crypto-core:compileDebugKotlinAndroid
Android Core Tests	Run Core Android Unit Tests	2026-01-04T19:30:44.7099648Z w: file:///home/runner/work/kotlin-crypto-pure/kotlin-crypto-pure/crypto-core/src/androidMain/kotlin/io/github/iml1s/crypto/AesGcm.android.kt:24:1 'expect'/'actual' classes (including interfaces, objects, annotations, enums, and 'actual' typealiases) are in Beta. You can use -Xexpect-actual-classes flag to suppress this warning. Also see: https://youtrack.jetbrains.com/issue/KT-61573
Android Core Tests	Run Core Android Unit Tests	2026-01-04T19:30:44.7110819Z w: file:///home/runner/work/kotlin-crypto-pure/kotlin-crypto-pure/crypto-core/src/androidMain/kotlin/io/github/iml1s/crypto/Secp256k1Provider.android.kt:9:1 'expect'/'actual' classes (including interfaces, objects, annotations, enums, and 'actual' typealiases) are in Beta. You can use -Xexpect-actual-classes flag to suppress this warning. Also see: https://youtrack.jetbrains.com/issue/KT-61573
Android Core Tests	Run Core Android Unit Tests	2026-01-04T19:30:44.7116041Z w: file:///home/runner/work/kotlin-crypto-pure/kotlin-crypto-pure/crypto-core/src/commonMain/kotlin/io/github/iml1s/crypto/AesGcm.kt:78:1 'expect'/'actual' classes (including interfaces, objects, annotations, enums, and 'actual' typealiases) are in Beta. You can use -Xexpect-actual-classes flag to suppress this warning. Also see: https://youtrack.jetbrains.com/issue/KT-61573
Android Core Tests	Run Core Android Unit Tests	2026-01-04T19:30:44.7119513Z w: file:///home/runner/work/kotlin-crypto-pure/kotlin-crypto-pure/crypto-core/src/commonMain/kotlin/io/github/iml1s/crypto/Digest.kt:61:13 Check for instance is always 'true'.
Android Core Tests	Run Core Android Unit Tests	2026-01-04T19:30:44.7122109Z w: file:///home/runner/work/kotlin-crypto-pure/kotlin-crypto-pure/crypto-core/src/commonMain/kotlin/io/github/iml1s/crypto/Digest.kt:80:13 Check for instance is always 'true'.
Android Core Tests	Run Core Android Unit Tests	2026-01-04T19:30:44.7126025Z w: file:///home/runner/work/kotlin-crypto-pure/kotlin-crypto-pure/crypto-core/src/commonMain/kotlin/io/github/iml1s/crypto/Secp256k1Provider.kt:12:1 'expect'/'actual' classes (including interfaces, objects, annotations, enums, and 'actual' typealiases) are in Beta. You can use -Xexpect-actual-classes flag to suppress this warning. Also see: https://youtrack.jetbrains.com/issue/KT-61573
Android Core Tests	Run Core Android Unit Tests	2026-01-04T19:30:44.8123978Z 
Android Core Tests	Run Core Android Unit Tests	2026-01-04T19:30:44.8124598Z > Task :crypto-core:compileDebugJavaWithJavac NO-SOURCE
Android Core Tests	Run Core Android Unit Tests	2026-01-04T19:30:44.9090620Z > Task :crypto-core:bundleLibRuntimeToJarDebug
Android Core Tests	Run Core Android Unit Tests	2026-01-04T19:30:44.9092988Z > Task :crypto-core:processDebugJavaRes
Android Core Tests	Run Core Android Unit Tests	2026-01-04T19:30:44.9094730Z > Task :crypto-core:bundleLibCompileToJarDebug
Android Core Tests	Run Core Android Unit Tests	2026-01-04T19:30:48.6091832Z > Task :crypto-core:compileDebugUnitTestKotlinAndroid
Android Core Tests	Run Core Android Unit Tests	2026-01-04T19:30:48.6092636Z > Task :crypto-core:compileDebugUnitTestJavaWithJavac NO-SOURCE
Android Core Tests	Run Core Android Unit Tests	2026-01-04T19:30:48.6093305Z > Task :crypto-core:processDebugUnitTestJavaRes
Android Core Tests	Run Core Android Unit Tests	2026-01-04T19:31:18.6091307Z > Task :crypto-core:testDebugUnitTest
Android Core Tests	Run Core Android Unit Tests	2026-01-04T19:34:42.2979552Z 
Android Core Tests	Run Core Android Unit Tests	2026-01-04T19:34:42.2992648Z [Incubating] Problems report is available at: file:///home/runner/work/kotlin-crypto-pure/kotlin-crypto-pure/build/reports/problems/problems-report.html
Android Core Tests	Run Core Android Unit Tests	2026-01-04T19:34:42.2994129Z 
Android Core Tests	Run Core Android Unit Tests	2026-01-04T19:34:42.2994694Z Deprecated Gradle features were used in this build, making it incompatible with Gradle 9.0.
Android Core Tests	Run Core Android Unit Tests	2026-01-04T19:34:42.2998281Z 
Android Core Tests	Run Core Android Unit Tests	2026-01-04T19:34:42.2998991Z You can use '--warning-mode all' to show the individual deprecation warnings and determine if they come from your own scripts or plugins.
Android Core Tests	Run Core Android Unit Tests	2026-01-04T19:34:42.2999796Z 
Android Core Tests	Run Core Android Unit Tests	2026-01-04T19:34:42.3020690Z For more on this, please refer to https://docs.gradle.org/8.13/userguide/command_line_interface.html#sec:command_line_warnings in the Gradle documentation.
Android Core Tests	Run Core Android Unit Tests	2026-01-04T19:34:42.3021688Z 
Android Core Tests	Run Core Android Unit Tests	2026-01-04T19:34:42.3021840Z BUILD SUCCESSFUL in 6m 40s
Android Core Tests	Run Core Android Unit Tests	2026-01-04T19:34:42.3022261Z 15 actionable tasks: 15 executed
Android Core Tests	Post Setup Gradle	ï»¿2026-01-04T19:34:42.6308508Z Post job cleanup.
Android Core Tests	Post Setup Gradle	2026-01-04T19:34:42.7909384Z In final post-action step, saving state and writing summary
Android Core Tests	Post Setup Gradle	2026-01-04T19:34:42.7917837Z Stopping all Gradle daemons before saving Gradle User Home state
Android Core Tests	Post Setup Gradle	2026-01-04T19:34:42.7918831Z Stopping Gradle daemons for /home/runner/.gradle/wrapper/dists/gradle-8.13-all/54h0s9kvb6g2sinako7ub77ku/gradle-8.13
Android Core Tests	Post Setup Gradle	2026-01-04T19:34:42.7937821Z [command]/home/runner/.gradle/wrapper/dists/gradle-8.13-all/54h0s9kvb6g2sinako7ub77ku/gradle-8.13/bin/gradle --stop
Android Core Tests	Post Setup Gradle	2026-01-04T19:34:43.4828030Z Stopping Daemon(s)
Android Core Tests	Post Setup Gradle	2026-01-04T19:34:43.4828766Z 1 Daemon stopped
Android Core Tests	Post Setup Gradle	2026-01-04T19:34:43.4923631Z ##[group]Caching Gradle state
Android Core Tests	Post Setup Gradle	2026-01-04T19:34:43.5491896Z Caching generated-gradle-jars with path '/home/runner/.gradle/caches/8.13/generated-gradle-jars/gradle-api-8.13.jar' and cache key: generated-gradle-jars-697f81ec8d80712ce7da03f513960371
Android Core Tests	Post Setup Gradle	2026-01-04T19:34:43.5523371Z Caching wrapper-zips with path '/home/runner/.gradle/wrapper/dists/gradle-8.13-all/54h0s9kvb6g2sinako7ub77ku' and cache key: wrapper-zips-27b0df0fa405636de00fcbfa0ab79410
Android Core Tests	Post Setup Gradle	2026-01-04T19:34:43.5701202Z [command]/usr/bin/tar --posix -cf cache.tzst --exclude cache.tzst -P -C /home/runner/work/kotlin-crypto-pure/kotlin-crypto-pure --files-from manifest.txt --use-compress-program zstdmt
Android Core Tests	Post Setup Gradle	2026-01-04T19:34:43.5736262Z [command]/usr/bin/tar --posix -cf cache.tzst --exclude cache.tzst -P -C /home/runner/work/kotlin-crypto-pure/kotlin-crypto-pure --files-from manifest.txt --use-compress-program zstdmt
Android Core Tests	Post Setup Gradle	2026-01-04T19:34:44.1862354Z Caching dependencies with path '/home/runner/.gradle/caches/modules-*/files-*/*/*/*/*' and cache key: dependencies-36e6e74a7c55483d667afdedf6501974
Android Core Tests	Post Setup Gradle	2026-01-04T19:34:44.2107726Z Caching instrumented-jars with path '/home/runner/.gradle/caches/jars-*/*' and cache key: instrumented-jars-c77d8e7cf8a0e4c1c3d16398ccce2998
Android Core Tests	Post Setup Gradle	2026-01-04T19:34:44.2485413Z [command]/usr/bin/tar --posix -cf cache.tzst --exclude cache.tzst -P -C /home/runner/work/kotlin-crypto-pure/kotlin-crypto-pure --files-from manifest.txt --use-compress-program zstdmt
Android Core Tests	Post Setup Gradle	2026-01-04T19:34:44.2581246Z Caching kotlin-dsl with path '/home/runner/.gradle/caches/*/kotlin-dsl/*/*' and cache key: kotlin-dsl-f37ea44656728e6163304b447d113bbe
Android Core Tests	Post Setup Gradle	2026-01-04T19:34:44.3757859Z ##[warning]Failed to save cache entry with path '/home/runner/.gradle/caches/jars-*/*,zstd-without-long,1.0' and key: instrumented-jars-c77d8e7cf8a0e4c1c3d16398ccce2998: Error: <h2>Our services aren't available right now</h2><p>We're working to restore all services as soon as possible. Please check back soon.</p>01MBaaQAAAAB8l+LHJr67RoL9Jo/eAzAZUEFPRURHRTA1MTMARWRnZQ==
Android Core Tests	Post Setup Gradle	2026-01-04T19:34:44.3953213Z [command]/usr/bin/tar --posix -cf cache.tzst --exclude cache.tzst -P -C /home/runner/work/kotlin-crypto-pure/kotlin-crypto-pure --files-from manifest.txt --use-compress-program zstdmt
Android Core Tests	Post Setup Gradle	2026-01-04T19:34:44.5700242Z ##[warning]Failed to save cache entry with path '/home/runner/.gradle/caches/*/kotlin-dsl/*/*,zstd-without-long,1.0' and key: kotlin-dsl-f37ea44656728e6163304b447d113bbe: Error: <h2>Our services aren't available right now</h2><p>We're working to restore all services as soon as possible. Please check back soon.</p>01MBaaQAAAADpHW2GgnDcQYkMkYyOTi5hUEFPRURHRTA1MTMARWRnZQ==
Android Core Tests	Post Setup Gradle	2026-01-04T19:34:44.6799052Z ##[warning]Failed to save cache entry with path '/home/runner/.gradle/caches/8.13/generated-gradle-jars/gradle-api-8.13.jar,zstd-without-long,1.0' and key: generated-gradle-jars-697f81ec8d80712ce7da03f513960371: Error: <h2>Our services aren't available right now</h2><p>We're working to restore all services as soon as possible. Please check back soon.</p>01MBaaQAAAADy8T2ALNIqSJ3sYj88aggWUEFPRURHRTA1MTMARWRnZQ==
Android Core Tests	Post Setup Gradle	2026-01-04T19:34:44.9529187Z [command]/usr/bin/tar --posix -cf cache.tzst --exclude cache.tzst -P -C /home/runner/work/kotlin-crypto-pure/kotlin-crypto-pure --files-from manifest.txt --use-compress-program zstdmt
Android Core Tests	Post Setup Gradle	2026-01-04T19:34:45.6782132Z ##[warning]Failed to save cache entry with path '/home/runner/.gradle/caches/modules-*/files-*/*/*/*/*,zstd-without-long,1.0' and key: dependencies-36e6e74a7c55483d667afdedf6501974: Error: <h2>Our services aren't available right now</h2><p>We're working to restore all services as soon as possible. Please check back soon.</p>01cBaaQAAAACdMHHy64PMRqk2BavT+Kh7UEFPRURHRTA1MTMARWRnZQ==
Android Core Tests	Post Setup Gradle	2026-01-04T19:34:46.4348887Z ##[warning]Failed to save cache entry with path '/home/runner/.gradle/wrapper/dists/gradle-8.13-all/54h0s9kvb6g2sinako7ub77ku,zstd-without-long,1.0' and key: wrapper-zips-27b0df0fa405636de00fcbfa0ab79410: Error: <h2>Our services aren't available right now</h2><p>We're working to restore all services as soon as possible. Please check back soon.</p>01sBaaQAAAAB3u5rFR/JBR4xT/mufJj2bUEFPRURHRTA1MTMARWRnZQ==
Android Core Tests	Post Setup Gradle	2026-01-04T19:34:47.5092754Z Caching Gradle User Home with cache key: v8-gradle|Linux|ci-test-android[37a6259cc0c1dae299a7866489dff0bd]-de6e2843a17c3c109efdef403bb0a65ef8ae43bd
Android Core Tests	Post Setup Gradle	2026-01-04T19:34:47.5173684Z [command]/usr/bin/tar --posix -cf cache.tzst --exclude cache.tzst -P -C /home/runner/work/kotlin-crypto-pure/kotlin-crypto-pure --files-from manifest.txt --use-compress-program zstdmt
Android Core Tests	Post Setup Gradle	2026-01-04T19:34:48.4037141Z ##[warning]Failed to save cache entry with path '/home/runner/.gradle/caches,/home/runner/.gradle/notifications,/home/runner/.gradle/.gradle-build-action,zstd-without-long,1.0' and key: v8-gradle|Linux|ci-test-android[37a6259cc0c1dae299a7866489dff0bd]-de6e2843a17c3c109efdef403bb0a65ef8ae43bd: Error: <h2>Our services aren't available right now</h2><p>We're working to restore all services as soon as possible. Please check back soon.</p>02MBaaQAAAAChGxz58xwLSo2TE19F2KhpUEFPRURHRTA1MTMARWRnZQ==
Android Core Tests	Post Setup Gradle	2026-01-04T19:34:48.4043546Z ##[endgroup]
Android Core Tests	Post Setup Gradle	2026-01-04T19:34:48.4043892Z Writing job summary
Android Core Tests	Post Set up JDK 17	ï»¿2026-01-04T19:34:48.4238837Z Post job cleanup.
Android Core Tests	Post Run actions/checkout@v4	ï»¿2026-01-04T19:34:48.6028034Z Post job cleanup.
Android Core Tests	Post Run actions/checkout@v4	2026-01-04T19:34:48.7048763Z [command]/usr/bin/git version
Android Core Tests	Post Run actions/checkout@v4	2026-01-04T19:34:48.7085732Z git version 2.52.0
Android Core Tests	Post Run actions/checkout@v4	2026-01-04T19:34:48.7130900Z Temporarily overriding HOME='/home/runner/work/_temp/3fd0647d-98e2-40c2-818d-3b4ecae23421' before making global git config changes
Android Core Tests	Post Run actions/checkout@v4	2026-01-04T19:34:48.7132609Z Adding repository directory to the temporary git global config as a safe directory
Android Core Tests	Post Run actions/checkout@v4	2026-01-04T19:34:48.7137641Z [command]/usr/bin/git config --global --add safe.directory /home/runner/work/kotlin-crypto-pure/kotlin-crypto-pure
Android Core Tests	Post Run actions/checkout@v4	2026-01-04T19:34:48.7172748Z [command]/usr/bin/git config --local --name-only --get-regexp core\.sshCommand
Android Core Tests	Post Run actions/checkout@v4	2026-01-04T19:34:48.7204933Z [command]/usr/bin/git submodule foreach --recursive sh -c "git config --local --name-only --get-regexp 'core\.sshCommand' && git config --local --unset-all 'core.sshCommand' || :"
Android Core Tests	Post Run actions/checkout@v4	2026-01-04T19:34:48.7442040Z [command]/usr/bin/git config --local --name-only --get-regexp http\.https\:\/\/github\.com\/\.extraheader
Android Core Tests	Post Run actions/checkout@v4	2026-01-04T19:34:48.7462355Z http.https://github.com/.extraheader
Android Core Tests	Post Run actions/checkout@v4	2026-01-04T19:34:48.7474203Z [command]/usr/bin/git config --local --unset-all http.https://github.com/.extraheader
Android Core Tests	Post Run actions/checkout@v4	2026-01-04T19:34:48.7504660Z [command]/usr/bin/git submodule foreach --recursive sh -c "git config --local --name-only --get-regexp 'http\.https\:\/\/github\.com\/\.extraheader' && git config --local --unset-all 'http.https://github.com/.extraheader' || :"
Android Core Tests	Post Run actions/checkout@v4	2026-01-04T19:34:48.7731178Z [command]/usr/bin/git config --local --name-only --get-regexp ^includeIf\.gitdir:
Android Core Tests	Post Run actions/checkout@v4	2026-01-04T19:34:48.7763106Z [command]/usr/bin/git submodule foreach --recursive git config --local --show-origin --name-only --get-regexp remote.origin.url
Android Core Tests	Complete job	ï»¿2026-01-04T19:34:48.8106247Z Cleaning up orphan processes
watchOS Build Check	Set up job	ï»¿2026-01-04T19:27:57.3900070Z Current runner version: '2.330.0'
watchOS Build Check	Set up job	2026-01-04T19:27:57.3925450Z ##[group]Runner Image Provisioner
watchOS Build Check	Set up job	2026-01-04T19:27:57.3926120Z Hosted Compute Agent
watchOS Build Check	Set up job	2026-01-04T19:27:57.3926510Z Version: 20251211.462
watchOS Build Check	Set up job	2026-01-04T19:27:57.3927080Z Commit: 6cbad8c2bb55d58165063d031ccabf57e2d2db61
watchOS Build Check	Set up job	2026-01-04T19:27:57.3927620Z Build Date: 2025-12-11T16:28:49Z
watchOS Build Check	Set up job	2026-01-04T19:27:57.3928310Z Worker ID: {4b6c048a-0362-4b97-9a33-ffde8829c343}
watchOS Build Check	Set up job	2026-01-04T19:27:57.3928840Z ##[endgroup]
watchOS Build Check	Set up job	2026-01-04T19:27:57.3929240Z ##[group]Operating System
watchOS Build Check	Set up job	2026-01-04T19:27:57.3929670Z macOS
watchOS Build Check	Set up job	2026-01-04T19:27:57.3930060Z 15.7.2
watchOS Build Check	Set up job	2026-01-04T19:27:57.3930410Z 24G325
watchOS Build Check	Set up job	2026-01-04T19:27:57.3930770Z ##[endgroup]
watchOS Build Check	Set up job	2026-01-04T19:27:57.3931870Z ##[group]Runner Image
watchOS Build Check	Set up job	2026-01-04T19:27:57.3932480Z Image: macos-15-arm64
watchOS Build Check	Set up job	2026-01-04T19:27:57.3932960Z Version: 20251215.0075.1
watchOS Build Check	Set up job	2026-01-04T19:27:57.3933780Z Included Software: https://github.com/actions/runner-images/blob/macos-15-arm64/20251215.0075/images/macos/macos-15-arm64-Readme.md
watchOS Build Check	Set up job	2026-01-04T19:27:57.3935030Z Image Release: https://github.com/actions/runner-images/releases/tag/macos-15-arm64%2F20251215.0075
watchOS Build Check	Set up job	2026-01-04T19:27:57.3935910Z ##[endgroup]
watchOS Build Check	Set up job	2026-01-04T19:27:57.3936800Z ##[group]GITHUB_TOKEN Permissions
watchOS Build Check	Set up job	2026-01-04T19:27:57.3938300Z Contents: read
watchOS Build Check	Set up job	2026-01-04T19:27:57.3938730Z Metadata: read
watchOS Build Check	Set up job	2026-01-04T19:27:57.3939080Z Packages: read
watchOS Build Check	Set up job	2026-01-04T19:27:57.3939430Z ##[endgroup]
watchOS Build Check	Set up job	2026-01-04T19:27:57.3941840Z Secret source: Actions
watchOS Build Check	Set up job	2026-01-04T19:27:57.3942340Z Prepare workflow directory
watchOS Build Check	Set up job	2026-01-04T19:27:57.4244410Z Prepare all required actions
watchOS Build Check	Set up job	2026-01-04T19:27:57.4275410Z Getting action download info
watchOS Build Check	Set up job	2026-01-04T19:27:57.7849260Z Download action repository 'actions/checkout@v4' (SHA:34e114876b0b11c390a56381ad16ebd13914f8d5)
watchOS Build Check	Set up job	2026-01-04T19:27:58.1270620Z Download action repository 'actions/setup-java@v4' (SHA:c1e323688fd81a25caa38c78aa6df2d33d3e20d9)
watchOS Build Check	Set up job	2026-01-04T19:27:59.4457540Z Download action repository 'gradle/gradle-build-action@v2' (SHA:a8f75513eafdebd8141bd1cd4e30fcd194af8dfa)
watchOS Build Check	Set up job	2026-01-04T19:28:00.7427530Z Complete job name: watchOS Build Check
watchOS Build Check	Run actions/checkout@v4	ï»¿2026-01-04T19:28:00.7820630Z ##[group]Run actions/checkout@v4
watchOS Build Check	Run actions/checkout@v4	2026-01-04T19:28:00.7821330Z with:
watchOS Build Check	Run actions/checkout@v4	2026-01-04T19:28:00.7821770Z   repository: ImL1s/kotlin-crypto-pure
watchOS Build Check	Run actions/checkout@v4	2026-01-04T19:28:00.7822500Z   token: ***
watchOS Build Check	Run actions/checkout@v4	2026-01-04T19:28:00.7822900Z   ssh-strict: true
watchOS Build Check	Run actions/checkout@v4	2026-01-04T19:28:00.7823330Z   ssh-user: git
watchOS Build Check	Run actions/checkout@v4	2026-01-04T19:28:00.7823760Z   persist-credentials: true
watchOS Build Check	Run actions/checkout@v4	2026-01-04T19:28:00.7824250Z   clean: true
watchOS Build Check	Run actions/checkout@v4	2026-01-04T19:28:00.7824710Z   sparse-checkout-cone-mode: true
watchOS Build Check	Run actions/checkout@v4	2026-01-04T19:28:00.7825250Z   fetch-depth: 1
watchOS Build Check	Run actions/checkout@v4	2026-01-04T19:28:00.7825680Z   fetch-tags: false
watchOS Build Check	Run actions/checkout@v4	2026-01-04T19:28:00.7826130Z   show-progress: true
watchOS Build Check	Run actions/checkout@v4	2026-01-04T19:28:00.7826590Z   lfs: false
watchOS Build Check	Run actions/checkout@v4	2026-01-04T19:28:00.7827030Z   submodules: false
watchOS Build Check	Run actions/checkout@v4	2026-01-04T19:28:00.7827490Z   set-safe-directory: true
watchOS Build Check	Run actions/checkout@v4	2026-01-04T19:28:00.7828100Z ##[endgroup]
watchOS Build Check	Run actions/checkout@v4	2026-01-04T19:28:01.0448660Z Syncing repository: ImL1s/kotlin-crypto-pure
watchOS Build Check	Run actions/checkout@v4	2026-01-04T19:28:01.0450520Z ##[group]Getting Git version info
watchOS Build Check	Run actions/checkout@v4	2026-01-04T19:28:01.0451890Z Working directory is '/Users/runner/work/kotlin-crypto-pure/kotlin-crypto-pure'
watchOS Build Check	Run actions/checkout@v4	2026-01-04T19:28:01.0453540Z [command]/opt/homebrew/bin/git version
watchOS Build Check	Run actions/checkout@v4	2026-01-04T19:28:01.0968720Z git version 2.50.1
watchOS Build Check	Run actions/checkout@v4	2026-01-04T19:28:01.0998530Z ##[endgroup]
watchOS Build Check	Run actions/checkout@v4	2026-01-04T19:28:01.1009210Z Copying '/Users/runner/.gitconfig' to '/Users/runner/work/_temp/9f3e6eaf-a90a-410b-ba1a-cc81ef3c1849/.gitconfig'
watchOS Build Check	Run actions/checkout@v4	2026-01-04T19:28:01.1015700Z Temporarily overriding HOME='/Users/runner/work/_temp/9f3e6eaf-a90a-410b-ba1a-cc81ef3c1849' before making global git config changes
watchOS Build Check	Run actions/checkout@v4	2026-01-04T19:28:01.1017500Z Adding repository directory to the temporary git global config as a safe directory
watchOS Build Check	Run actions/checkout@v4	2026-01-04T19:28:01.1019390Z [command]/opt/homebrew/bin/git config --global --add safe.directory /Users/runner/work/kotlin-crypto-pure/kotlin-crypto-pure
watchOS Build Check	Run actions/checkout@v4	2026-01-04T19:28:01.1106220Z Deleting the contents of '/Users/runner/work/kotlin-crypto-pure/kotlin-crypto-pure'
watchOS Build Check	Run actions/checkout@v4	2026-01-04T19:28:01.1108860Z ##[group]Initializing the repository
watchOS Build Check	Run actions/checkout@v4	2026-01-04T19:28:01.1112990Z [command]/opt/homebrew/bin/git init /Users/runner/work/kotlin-crypto-pure/kotlin-crypto-pure
watchOS Build Check	Run actions/checkout@v4	2026-01-04T19:28:01.1271710Z hint: Using 'master' as the name for the initial branch. This default branch name
watchOS Build Check	Run actions/checkout@v4	2026-01-04T19:28:01.1273850Z hint: is subject to change. To configure the initial branch name to use in all
watchOS Build Check	Run actions/checkout@v4	2026-01-04T19:28:01.1275000Z hint: of your new repositories, which will suppress this warning, call:
watchOS Build Check	Run actions/checkout@v4	2026-01-04T19:28:01.1275840Z hint:
watchOS Build Check	Run actions/checkout@v4	2026-01-04T19:28:01.1294840Z hint: 	git config --global init.defaultBranch <name>
watchOS Build Check	Run actions/checkout@v4	2026-01-04T19:28:01.1295710Z hint:
watchOS Build Check	Run actions/checkout@v4	2026-01-04T19:28:01.1296380Z hint: Names commonly chosen instead of 'master' are 'main', 'trunk' and
watchOS Build Check	Run actions/checkout@v4	2026-01-04T19:28:01.1297490Z hint: 'development'. The just-created branch can be renamed via this command:
watchOS Build Check	Run actions/checkout@v4	2026-01-04T19:28:01.1298370Z hint:
watchOS Build Check	Run actions/checkout@v4	2026-01-04T19:28:01.1298820Z hint: 	git branch -m <name>
watchOS Build Check	Run actions/checkout@v4	2026-01-04T19:28:01.1299370Z hint:
watchOS Build Check	Run actions/checkout@v4	2026-01-04T19:28:01.1300080Z hint: Disable this message with "git config set advice.defaultBranchName false"
watchOS Build Check	Run actions/checkout@v4	2026-01-04T19:28:01.1301500Z Initialized empty Git repository in /Users/runner/work/kotlin-crypto-pure/kotlin-crypto-pure/.git/
watchOS Build Check	Run actions/checkout@v4	2026-01-04T19:28:01.1303870Z [command]/opt/homebrew/bin/git remote add origin https://github.com/ImL1s/kotlin-crypto-pure
watchOS Build Check	Run actions/checkout@v4	2026-01-04T19:28:01.1343860Z ##[endgroup]
watchOS Build Check	Run actions/checkout@v4	2026-01-04T19:28:01.1344760Z ##[group]Disabling automatic garbage collection
watchOS Build Check	Run actions/checkout@v4	2026-01-04T19:28:01.1346150Z [command]/opt/homebrew/bin/git config --local gc.auto 0
watchOS Build Check	Run actions/checkout@v4	2026-01-04T19:28:01.1392990Z ##[endgroup]
watchOS Build Check	Run actions/checkout@v4	2026-01-04T19:28:01.1393830Z ##[group]Setting up auth
watchOS Build Check	Run actions/checkout@v4	2026-01-04T19:28:01.1396740Z [command]/opt/homebrew/bin/git config --local --name-only --get-regexp core\.sshCommand
watchOS Build Check	Run actions/checkout@v4	2026-01-04T19:28:01.1442810Z [command]/opt/homebrew/bin/git submodule foreach --recursive sh -c "git config --local --name-only --get-regexp 'core\.sshCommand' && git config --local --unset-all 'core.sshCommand' || :"
watchOS Build Check	Run actions/checkout@v4	2026-01-04T19:28:01.2098190Z [command]/opt/homebrew/bin/git config --local --name-only --get-regexp http\.https\:\/\/github\.com\/\.extraheader
watchOS Build Check	Run actions/checkout@v4	2026-01-04T19:28:01.2143690Z [command]/opt/homebrew/bin/git submodule foreach --recursive sh -c "git config --local --name-only --get-regexp 'http\.https\:\/\/github\.com\/\.extraheader' && git config --local --unset-all 'http.https://github.com/.extraheader' || :"
watchOS Build Check	Run actions/checkout@v4	2026-01-04T19:28:01.3407090Z [command]/opt/homebrew/bin/git config --local --name-only --get-regexp ^includeIf\.gitdir:
watchOS Build Check	Run actions/checkout@v4	2026-01-04T19:28:01.3426670Z [command]/opt/homebrew/bin/git submodule foreach --recursive git config --local --show-origin --name-only --get-regexp remote.origin.url
watchOS Build Check	Run actions/checkout@v4	2026-01-04T19:28:01.4811540Z [command]/opt/homebrew/bin/git config --local http.https://github.com/.extraheader AUTHORIZATION: basic ***
watchOS Build Check	Run actions/checkout@v4	2026-01-04T19:28:01.4813340Z ##[endgroup]
watchOS Build Check	Run actions/checkout@v4	2026-01-04T19:28:01.4814060Z ##[group]Fetching the repository
watchOS Build Check	Run actions/checkout@v4	2026-01-04T19:28:01.4814790Z [command]/opt/homebrew/bin/git -c protocol.version=2 fetch --no-tags --prune --no-recurse-submodules --depth=1 origin +de6e2843a17c3c109efdef403bb0a65ef8ae43bd:refs/remotes/origin/main
watchOS Build Check	Run actions/checkout@v4	2026-01-04T19:28:02.3726620Z From https://github.com/ImL1s/kotlin-crypto-pure
watchOS Build Check	Run actions/checkout@v4	2026-01-04T19:28:02.3730770Z  * [new ref]         de6e2843a17c3c109efdef403bb0a65ef8ae43bd -> origin/main
watchOS Build Check	Run actions/checkout@v4	2026-01-04T19:28:02.3826710Z ##[endgroup]
watchOS Build Check	Run actions/checkout@v4	2026-01-04T19:28:02.3858570Z ##[group]Determining the checkout info
watchOS Build Check	Run actions/checkout@v4	2026-01-04T19:28:02.3873950Z ##[endgroup]
watchOS Build Check	Run actions/checkout@v4	2026-01-04T19:28:02.3917830Z [command]/opt/homebrew/bin/git sparse-checkout disable
watchOS Build Check	Run actions/checkout@v4	2026-01-04T19:28:02.3950740Z [command]/opt/homebrew/bin/git config --local --unset-all extensions.worktreeConfig
watchOS Build Check	Run actions/checkout@v4	2026-01-04T19:28:02.3951930Z ##[group]Checking out the ref
watchOS Build Check	Run actions/checkout@v4	2026-01-04T19:28:02.3952420Z [command]/opt/homebrew/bin/git checkout --progress --force -B main refs/remotes/origin/main
watchOS Build Check	Run actions/checkout@v4	2026-01-04T19:28:02.6021330Z Switched to a new branch 'main'
watchOS Build Check	Run actions/checkout@v4	2026-01-04T19:28:02.6110780Z branch 'main' set up to track 'origin/main'.
watchOS Build Check	Run actions/checkout@v4	2026-01-04T19:28:02.6119510Z ##[endgroup]
watchOS Build Check	Run actions/checkout@v4	2026-01-04T19:28:02.6120480Z [command]/opt/homebrew/bin/git log -1 --format=%H
watchOS Build Check	Run actions/checkout@v4	2026-01-04T19:28:02.6146310Z de6e2843a17c3c109efdef403bb0a65ef8ae43bd
watchOS Build Check	Set up JDK 17	ï»¿2026-01-04T19:28:02.6669560Z ##[group]Run actions/setup-java@v4
watchOS Build Check	Set up JDK 17	2026-01-04T19:28:02.6670480Z with:
watchOS Build Check	Set up JDK 17	2026-01-04T19:28:02.6670830Z   java-version: 17
watchOS Build Check	Set up JDK 17	2026-01-04T19:28:02.6671020Z   distribution: temurin
watchOS Build Check	Set up JDK 17	2026-01-04T19:28:02.6671190Z   java-package: jdk
watchOS Build Check	Set up JDK 17	2026-01-04T19:28:02.6671400Z   check-latest: false
watchOS Build Check	Set up JDK 17	2026-01-04T19:28:02.6671560Z   server-id: github
watchOS Build Check	Set up JDK 17	2026-01-04T19:28:02.6671740Z   server-username: GITHUB_ACTOR
watchOS Build Check	Set up JDK 17	2026-01-04T19:28:02.6672180Z   server-password: GITHUB_TOKEN
watchOS Build Check	Set up JDK 17	2026-01-04T19:28:02.6672450Z   overwrite-settings: true
watchOS Build Check	Set up JDK 17	2026-01-04T19:28:02.6672650Z   job-status: success
watchOS Build Check	Set up JDK 17	2026-01-04T19:28:02.6673170Z   token: ***
watchOS Build Check	Set up JDK 17	2026-01-04T19:28:02.6673470Z ##[endgroup]
watchOS Build Check	Set up JDK 17	2026-01-04T19:28:02.8173470Z ##[group]Installed distributions
watchOS Build Check	Set up JDK 17	2026-01-04T19:28:02.8226500Z Resolved Java 17.0.17+10 from tool-cache
watchOS Build Check	Set up JDK 17	2026-01-04T19:28:02.8228880Z Setting Java 17.0.17+10 as the default
watchOS Build Check	Set up JDK 17	2026-01-04T19:28:02.8239360Z Creating toolchains.xml for JDK version 17 from temurin
watchOS Build Check	Set up JDK 17	2026-01-04T19:28:02.8280760Z Writing to /Users/runner/.m2/toolchains.xml
watchOS Build Check	Set up JDK 17	2026-01-04T19:28:02.8281210Z 
watchOS Build Check	Set up JDK 17	2026-01-04T19:28:02.8281430Z Java configuration:
watchOS Build Check	Set up JDK 17	2026-01-04T19:28:02.8281720Z   Distribution: temurin
watchOS Build Check	Set up JDK 17	2026-01-04T19:28:02.8281910Z   Version: 17.0.17+10
watchOS Build Check	Set up JDK 17	2026-01-04T19:28:02.8282600Z   Path: /Users/runner/hostedtoolcache/Java_Temurin-Hotspot_jdk/17.0.17-10/arm64/Contents/Home
watchOS Build Check	Set up JDK 17	2026-01-04T19:28:02.8282920Z 
watchOS Build Check	Set up JDK 17	2026-01-04T19:28:02.8283560Z ##[endgroup]
watchOS Build Check	Set up JDK 17	2026-01-04T19:28:02.8297050Z Creating settings.xml with server-id: github
watchOS Build Check	Set up JDK 17	2026-01-04T19:28:02.8297340Z Writing to /Users/runner/.m2/settings.xml
watchOS Build Check	Setup Gradle	ï»¿2026-01-04T19:28:02.8415370Z ##[group]Run gradle/gradle-build-action@v2
watchOS Build Check	Setup Gradle	2026-01-04T19:28:02.8415640Z with:
watchOS Build Check	Setup Gradle	2026-01-04T19:28:02.8415790Z   cache-disabled: false
watchOS Build Check	Setup Gradle	2026-01-04T19:28:02.8415980Z   cache-read-only: false
watchOS Build Check	Setup Gradle	2026-01-04T19:28:02.8416170Z   cache-write-only: false
watchOS Build Check	Setup Gradle	2026-01-04T19:28:02.8416360Z   cache-overwrite-existing: false
watchOS Build Check	Setup Gradle	2026-01-04T19:28:02.8416610Z   gradle-home-cache-includes: caches
watchOS Build Check	Setup Gradle	notifications
watchOS Build Check	Setup Gradle	
watchOS Build Check	Setup Gradle	2026-01-04T19:28:02.8416880Z   gradle-home-cache-cleanup: false
watchOS Build Check	Setup Gradle	2026-01-04T19:28:02.8417080Z   generate-job-summary: true
watchOS Build Check	Setup Gradle	2026-01-04T19:28:02.8417270Z   dependency-graph: disabled
watchOS Build Check	Setup Gradle	2026-01-04T19:28:02.8417480Z   gradle-home-cache-strict-match: false
watchOS Build Check	Setup Gradle	2026-01-04T19:28:02.8417710Z   workflow-job-context: null
watchOS Build Check	Setup Gradle	2026-01-04T19:28:02.8417980Z   github-token: ***
watchOS Build Check	Setup Gradle	2026-01-04T19:28:02.8418120Z env:
watchOS Build Check	Setup Gradle	2026-01-04T19:28:02.8418400Z   JAVA_HOME: /Users/runner/hostedtoolcache/Java_Temurin-Hotspot_jdk/17.0.17-10/arm64/Contents/Home
watchOS Build Check	Setup Gradle	2026-01-04T19:28:02.8418900Z   JAVA_HOME_17_ARM64: /Users/runner/hostedtoolcache/Java_Temurin-Hotspot_jdk/17.0.17-10/arm64/Contents/Home
watchOS Build Check	Setup Gradle	2026-01-04T19:28:02.8419250Z ##[endgroup]
watchOS Build Check	Setup Gradle	2026-01-04T19:28:03.1204630Z ##[group]Restore Gradle state from cache
watchOS Build Check	Setup Gradle	2026-01-04T19:28:03.2819730Z ##[warning]Failed to restore v8-gradle|macOS|ci-build-watchos[37a6259cc0c1dae299a7866489dff0bd]-de6e2843a17c3c109efdef403bb0a65ef8ae43bd: Error: Cache service responded with 400
watchOS Build Check	Setup Gradle	2026-01-04T19:28:03.2945410Z Gradle User Home cache not found. Will initialize empty.
watchOS Build Check	Setup Gradle	2026-01-04T19:28:03.2946360Z ##[endgroup]
watchOS Build Check	Build watchOS Framework	ï»¿2026-01-04T19:28:03.2991280Z ##[group]Run ./gradlew :crypto-core:compileKotlinWatchosArm64
watchOS Build Check	Build watchOS Framework	2026-01-04T19:28:03.2992030Z [36;1m./gradlew :crypto-core:compileKotlinWatchosArm64[0m
watchOS Build Check	Build watchOS Framework	2026-01-04T19:28:03.3029310Z shell: /bin/bash -e {0}
watchOS Build Check	Build watchOS Framework	2026-01-04T19:28:03.3029530Z env:
watchOS Build Check	Build watchOS Framework	2026-01-04T19:28:03.3029820Z   JAVA_HOME: /Users/runner/hostedtoolcache/Java_Temurin-Hotspot_jdk/17.0.17-10/arm64/Contents/Home
watchOS Build Check	Build watchOS Framework	2026-01-04T19:28:03.3030320Z   JAVA_HOME_17_ARM64: /Users/runner/hostedtoolcache/Java_Temurin-Hotspot_jdk/17.0.17-10/arm64/Contents/Home
watchOS Build Check	Build watchOS Framework	2026-01-04T19:28:03.3030700Z   GRADLE_BUILD_ACTION_SETUP_COMPLETED: true
watchOS Build Check	Build watchOS Framework	2026-01-04T19:28:03.3030920Z   GRADLE_BUILD_ACTION_CACHE_RESTORED: true
watchOS Build Check	Build watchOS Framework	2026-01-04T19:28:03.3031110Z ##[endgroup]
watchOS Build Check	Build watchOS Framework	2026-01-04T19:28:03.5059290Z Downloading https://services.gradle.org/distributions/gradle-8.13-all.zip
watchOS Build Check	Build watchOS Framework	2026-01-04T19:28:09.1002170Z ......................10%......................20%......................30%......................40%......................50%......................60%......................70%.......................80%......................90%......................100%
watchOS Build Check	Build watchOS Framework	2026-01-04T19:28:14.3348200Z 
watchOS Build Check	Build watchOS Framework	2026-01-04T19:28:14.3407440Z Welcome to Gradle 8.13!
watchOS Build Check	Build watchOS Framework	2026-01-04T19:28:14.3422350Z 
watchOS Build Check	Build watchOS Framework	2026-01-04T19:28:14.3425410Z Here are the highlights of this release:
watchOS Build Check	Build watchOS Framework	2026-01-04T19:28:14.3429230Z  - Daemon JVM auto-provisioning
watchOS Build Check	Build watchOS Framework	2026-01-04T19:28:14.3430250Z  - Enhancements for Scala plugin and JUnit testing
watchOS Build Check	Build watchOS Framework	2026-01-04T19:28:14.3431390Z  - Improvements for build authors and plugin developers
watchOS Build Check	Build watchOS Framework	2026-01-04T19:28:14.3433010Z 
watchOS Build Check	Build watchOS Framework	2026-01-04T19:28:14.3434180Z For more details see https://docs.gradle.org/8.13/release-notes.html
watchOS Build Check	Build watchOS Framework	2026-01-04T19:28:14.3445370Z 
watchOS Build Check	Build watchOS Framework	2026-01-04T19:28:14.3448510Z Starting a Gradle Daemon (subsequent builds will be faster)
watchOS Build Check	Build watchOS Framework	2026-01-04T19:29:15.5169550Z 
watchOS Build Check	Build watchOS Framework	2026-01-04T19:29:15.5213340Z > Configure project :crypto-core
watchOS Build Check	Build watchOS Framework	2026-01-04T19:29:15.5214820Z w: file:///Users/runner/work/kotlin-crypto-pure/kotlin-crypto-pure/crypto-core/build.gradle.kts:25:21: 'defFile: File' is deprecated. Deprecated because it is a non-lazy property.
watchOS Build Check	Build watchOS Framework	2026-01-04T19:29:15.5216390Z w: file:///Users/runner/work/kotlin-crypto-pure/kotlin-crypto-pure/crypto-core/build.gradle.kts:36:21: 'defFile: File' is deprecated. Deprecated because it is a non-lazy property.
watchOS Build Check	Build watchOS Framework	2026-01-04T19:29:15.5257530Z w: file:///Users/runner/work/kotlin-crypto-pure/kotlin-crypto-pure/crypto-core/build.gradle.kts:47:21: 'defFile: File' is deprecated. Deprecated because it is a non-lazy property.
watchOS Build Check	Build watchOS Framework	2026-01-04T19:29:15.5274340Z w: file:///Users/runner/work/kotlin-crypto-pure/kotlin-crypto-pure/crypto-core/build.gradle.kts:59:21: 'defFile: File' is deprecated. Deprecated because it is a non-lazy property.
watchOS Build Check	Build watchOS Framework	2026-01-04T19:29:15.5275520Z w: file:///Users/runner/work/kotlin-crypto-pure/kotlin-crypto-pure/crypto-core/build.gradle.kts:70:21: 'defFile: File' is deprecated. Deprecated because it is a non-lazy property.
watchOS Build Check	Build watchOS Framework	2026-01-04T19:29:15.5281270Z w: file:///Users/runner/work/kotlin-crypto-pure/kotlin-crypto-pure/crypto-core/build.gradle.kts:81:21: 'defFile: File' is deprecated. Deprecated because it is a non-lazy property.
watchOS Build Check	Build watchOS Framework	2026-01-04T19:29:16.3898490Z w: The Default Kotlin Hierarchy Template was not applied to 'project ':crypto-core'':
watchOS Build Check	Build watchOS Framework	2026-01-04T19:29:16.3999990Z Explicit .dependsOn() edges were configured for the following source sets:
watchOS Build Check	Build watchOS Framework	2026-01-04T19:29:16.4100950Z [iosArm64Main, iosArm64Test, iosMain, iosSimulatorArm64Main, iosSimulatorArm64Test, iosX64Main, iosX64Test, jvmMain, jvmTest, nativeMain, nativeTest, watchosArm64Main, watchosArm64Test, watchosMain, watchosSimulatorArm64Main, watchosSimulatorArm64Test, watchosX64Main, watchosX64Test]
watchOS Build Check	Build watchOS Framework	2026-01-04T19:29:16.4200780Z 
watchOS Build Check	Build watchOS Framework	2026-01-04T19:29:16.4302790Z Consider removing dependsOn-calls or disabling the default template by adding
watchOS Build Check	Build watchOS Framework	2026-01-04T19:29:16.4402960Z     'kotlin.mpp.applyDefaultHierarchyTemplate=false'
watchOS Build Check	Build watchOS Framework	2026-01-04T19:29:16.4464270Z to your gradle.properties
watchOS Build Check	Build watchOS Framework	2026-01-04T19:29:16.4464880Z 
watchOS Build Check	Build watchOS Framework	2026-01-04T19:29:16.4465420Z Learn more about hierarchy templates: https://kotl.in/hierarchy-template
watchOS Build Check	Build watchOS Framework	2026-01-04T19:29:16.4466170Z 
watchOS Build Check	Build watchOS Framework	2026-01-04T19:29:18.6526480Z 
watchOS Build Check	Build watchOS Framework	2026-01-04T19:29:18.6659860Z > Configure project :demo-cli
watchOS Build Check	Build watchOS Framework	2026-01-04T19:29:18.6660980Z w: file:///Users/runner/work/kotlin-crypto-pure/kotlin-crypto-pure/demo-cli/build.gradle.kts:7:9: Experimental API in the Kotlin Gradle Plugin: No stability guarantees can be provided. The API could get removed in the future without replacement
watchOS Build Check	Build watchOS Framework	2026-01-04T19:29:18.6770270Z w: file:///Users/runner/work/kotlin-crypto-pure/kotlin-crypto-pure/demo-cli/build.gradle.kts:8:13: Experimental API in the Kotlin Gradle Plugin: No stability guarantees can be provided. The API could get removed in the future without replacement
watchOS Build Check	Build watchOS Framework	2026-01-04T19:29:18.9417900Z 
watchOS Build Check	Build watchOS Framework	2026-01-04T19:29:18.9419690Z > Task :crypto-core:checkKotlinGradlePluginConfigurationErrors SKIPPED
watchOS Build Check	Build watchOS Framework	2026-01-04T19:29:48.8181970Z > Task :crypto-core:cinteropCommonCryptoWatchosArm64
watchOS Build Check	Build watchOS Framework	2026-01-04T19:30:02.8351950Z Downloading native dependencies (LLVM, sysroot etc). This is a one-time action performed only on the first run of the compiler.
watchOS Build Check	Build watchOS Framework	2026-01-04T19:30:05.3216100Z Done.
watchOS Build Check	Build watchOS Framework	2026-01-04T19:30:05.3216920Z Extracting dependency: /Users/runner/.konan/dependencies/cache/llvm-16.0.0-aarch64-macos-essentials-63.tar.gz into /Users/runner/.konan/dependencies
watchOS Build Check	Build watchOS Framework	2026-01-04T19:30:07.6410150Z Done.
watchOS Build Check	Build watchOS Framework	2026-01-04T19:30:07.6410770Z Extracting dependency: /Users/runner/.konan/dependencies/cache/libffi-3.3-1-macos-arm64.tar.gz into /Users/runner/.konan/dependencies
watchOS Build Check	Build watchOS Framework	2026-01-04T19:30:29.2229200Z e: file:///Users/runner/work/kotlin-crypto-pure/kotlin-crypto-pure/crypto-core/src/commonMain/kotlin/io/github/iml1s/crypto/Blake2b.kt:42:29 Unresolved reference 'clone'.
watchOS Build Check	Build watchOS Framework	2026-01-04T19:30:29.2230010Z 
watchOS Build Check	Build watchOS Framework	2026-01-04T19:30:29.2363320Z e: file:///Users/runner/work/kotlin-crypto-pure/kotlin-crypto-pure/crypto-core/src/commonMain/kotlin/io/github/iml1s/crypto/Blake2b.kt:44:25 Cannot infer type for this parameter. Please specify it explicitly.
watchOS Build Check	Build watchOS Framework	2026-01-04T19:30:29.2364590Z > Task :crypto-core:compileKotlinWatchosArm64 FAILED
watchOS Build Check	Build watchOS Framework	2026-01-04T19:30:29.2414940Z e: file:///Users/runner/work/kotlin-crypto-pure/kotlin-crypto-pure/crypto-core/src/commonMain/kotlin/io/github/iml1s/crypto/Blake2b.kt:44:39 Unresolved reference 'xor'.
watchOS Build Check	Build watchOS Framework	2026-01-04T19:30:29.2521270Z e: file:///Users/runner/work/kotlin-crypto-pure/kotlin-crypto-pure/crypto-core/src/commonMain/kotlin/io/github/iml1s/crypto/Blake2b.kt:49:29 Cannot infer type for this parameter. Please specify it explicitly.
watchOS Build Check	Build watchOS Framework	2026-01-04T19:30:29.2623710Z e: file:///Users/runner/work/kotlin-crypto-pure/kotlin-crypto-pure/crypto-core/src/commonMain/kotlin/io/github/iml1s/crypto/Blake2b.kt:49:43 Unresolved reference 'xor'.
watchOS Build Check	Build watchOS Framework	2026-01-04T19:30:29.2745930Z e: file:///Users/runner/work/kotlin-crypto-pure/kotlin-crypto-pure/crypto-core/src/commonMain/kotlin/io/github/iml1s/crypto/Blake2b.kt:50:29 Cannot infer type for this parameter. Please specify it explicitly.
watchOS Build Check	Build watchOS Framework	2026-01-04T19:30:29.2870920Z e: file:///Users/runner/work/kotlin-crypto-pure/kotlin-crypto-pure/crypto-core/src/commonMain/kotlin/io/github/iml1s/crypto/Blake2b.kt:50:43 Unresolved reference 'xor'.
watchOS Build Check	Build watchOS Framework	2026-01-04T19:30:29.2972880Z e: file:///Users/runner/work/kotlin-crypto-pure/kotlin-crypto-pure/crypto-core/src/commonMain/kotlin/io/github/iml1s/crypto/Blake2b.kt:56:29 Cannot infer type for this parameter. Please specify it explicitly.
watchOS Build Check	Build watchOS Framework	2026-01-04T19:30:29.3087980Z e: file:///Users/runner/work/kotlin-crypto-pure/kotlin-crypto-pure/crypto-core/src/commonMain/kotlin/io/github/iml1s/crypto/Blake2b.kt:56:43 Unresolved reference 'xor'.
watchOS Build Check	Build watchOS Framework	2026-01-04T19:30:29.3088710Z 
watchOS Build Check	Build watchOS Framework	2026-01-04T19:30:29.3183000Z e: file:///Users/runner/work/kotlin-crypto-pure/kotlin-crypto-pure/crypto-core/src/commonMain/kotlin/io/github/iml1s/crypto/Blake2b.kt:57:29 Cannot infer type for this parameter. Please specify it explicitly.
watchOS Build Check	Build watchOS Framework	2026-01-04T19:30:29.3184120Z [Incubating] Problems report is available at: file:///Users/runner/work/kotlin-crypto-pure/kotlin-crypto-pure/build/reports/problems/problems-report.html
watchOS Build Check	Build watchOS Framework	2026-01-04T19:30:29.3285720Z e: file:///Users/runner/work/kotlin-crypto-pure/kotlin-crypto-pure/crypto-core/src/commonMain/kotlin/io/github/iml1s/crypto/Blake2b.kt:57:43 Unresolved reference 'xor'.
watchOS Build Check	Build watchOS Framework	2026-01-04T19:30:29.3296990Z 
watchOS Build Check	Build watchOS Framework	2026-01-04T19:30:29.3390690Z e: file:///Users/runner/work/kotlin-crypto-pure/kotlin-crypto-pure/crypto-core/src/commonMain/kotlin/io/github/iml1s/crypto/Ristretto255.kt:167:33 Unresolved reference 'Character'.
watchOS Build Check	Build watchOS Framework	2026-01-04T19:30:29.3391580Z Deprecated Gradle features were used in this build, making it incompatible with Gradle 9.0.
watchOS Build Check	Build watchOS Framework	2026-01-04T19:30:29.3492620Z e: file:///Users/runner/work/kotlin-crypto-pure/kotlin-crypto-pure/crypto-core/src/commonMain/kotlin/io/github/iml1s/crypto/Ristretto255.kt:167:68 Unresolved reference 'Character'.
watchOS Build Check	Build watchOS Framework	2026-01-04T19:30:29.3493460Z 
watchOS Build Check	Build watchOS Framework	2026-01-04T19:30:29.3594860Z e: file:///Users/runner/work/kotlin-crypto-pure/kotlin-crypto-pure/crypto-core/src/nativeMain/kotlin/io/github/iml1s/crypto/Sha512.native.kt:8:28 Unresolved reference 'CC_SHA512_DIGEST_LENGTH'.
watchOS Build Check	Build watchOS Framework	2026-01-04T19:30:29.3596060Z You can use '--warning-mode all' to show the individual deprecation warnings and determine if they come from your own scripts or plugins.
watchOS Build Check	Build watchOS Framework	2026-01-04T19:30:29.3710490Z 
watchOS Build Check	Build watchOS Framework	2026-01-04T19:30:29.3710790Z 
watchOS Build Check	Build watchOS Framework	2026-01-04T19:30:29.3811910Z FAILURE: Build failed with an exception.
watchOS Build Check	Build watchOS Framework	2026-01-04T19:30:29.3813980Z For more on this, please refer to https://docs.gradle.org/8.13/userguide/command_line_interface.html#sec:command_line_warnings in the Gradle documentation.
watchOS Build Check	Build watchOS Framework	2026-01-04T19:30:29.3915560Z 
watchOS Build Check	Build watchOS Framework	2026-01-04T19:30:29.3916260Z 2 actionable tasks: 2 executed
watchOS Build Check	Build watchOS Framework	2026-01-04T19:30:29.4020580Z * What went wrong:
watchOS Build Check	Build watchOS Framework	2026-01-04T19:30:29.4119280Z Execution failed for task ':crypto-core:compileKotlinWatchosArm64'.
watchOS Build Check	Build watchOS Framework	2026-01-04T19:30:29.4219250Z > Compilation finished with errors
watchOS Build Check	Build watchOS Framework	2026-01-04T19:30:29.4320160Z 
watchOS Build Check	Build watchOS Framework	2026-01-04T19:30:29.4421290Z * Try:
watchOS Build Check	Build watchOS Framework	2026-01-04T19:30:29.4523690Z > Run with --stacktrace option to get the stack trace.
watchOS Build Check	Build watchOS Framework	2026-01-04T19:30:29.4624120Z > Run with --info or --debug option to get more log output.
watchOS Build Check	Build watchOS Framework	2026-01-04T19:30:29.4646620Z > Run with --scan to get full insights.
watchOS Build Check	Build watchOS Framework	2026-01-04T19:30:29.4647190Z > Get more help at https://help.gradle.org.
watchOS Build Check	Build watchOS Framework	2026-01-04T19:30:29.4647500Z 
watchOS Build Check	Build watchOS Framework	2026-01-04T19:30:29.4647730Z BUILD FAILED in 2m 25s
watchOS Build Check	Build watchOS Framework	2026-01-04T19:30:31.1326460Z ##[error]Process completed with exit code 1.
watchOS Build Check	Post Setup Gradle	ï»¿2026-01-04T19:30:31.1461110Z Post job cleanup.
watchOS Build Check	Post Setup Gradle	2026-01-04T19:30:31.5051720Z In final post-action step, saving state and writing summary
watchOS Build Check	Post Setup Gradle	2026-01-04T19:30:31.5056320Z Stopping all Gradle daemons before saving Gradle User Home state
watchOS Build Check	Post Setup Gradle	2026-01-04T19:30:31.5060280Z Stopping Gradle daemons for /Users/runner/.gradle/wrapper/dists/gradle-8.13-all/54h0s9kvb6g2sinako7ub77ku/gradle-8.13
watchOS Build Check	Post Setup Gradle	2026-01-04T19:30:31.5070990Z [command]/Users/runner/.gradle/wrapper/dists/gradle-8.13-all/54h0s9kvb6g2sinako7ub77ku/gradle-8.13/bin/gradle --stop
watchOS Build Check	Post Setup Gradle	2026-01-04T19:30:32.1226380Z Stopping Daemon(s)
watchOS Build Check	Post Setup Gradle	2026-01-04T19:30:32.1372120Z 1 Daemon stopped
watchOS Build Check	Post Setup Gradle	2026-01-04T19:30:32.2308850Z ##[group]Caching Gradle state
watchOS Build Check	Post Setup Gradle	2026-01-04T19:30:32.2415870Z Caching generated-gradle-jars with path '/Users/runner/.gradle/caches/8.13/generated-gradle-jars/gradle-api-8.13.jar' and cache key: generated-gradle-jars-697f81ec8d80712ce7da03f513960371
watchOS Build Check	Post Setup Gradle	2026-01-04T19:30:32.2434420Z Caching wrapper-zips with path '/Users/runner/.gradle/wrapper/dists/gradle-8.13-all/54h0s9kvb6g2sinako7ub77ku' and cache key: wrapper-zips-27b0df0fa405636de00fcbfa0ab79410
watchOS Build Check	Post Setup Gradle	2026-01-04T19:30:32.3059840Z [command]/opt/homebrew/bin/gtar --posix -cf cache.tzst --exclude cache.tzst -P -C /Users/runner/work/kotlin-crypto-pure/kotlin-crypto-pure --files-from manifest.txt --delay-directory-restore --use-compress-program zstdmt
watchOS Build Check	Post Setup Gradle	2026-01-04T19:30:32.3062760Z [command]/opt/homebrew/bin/gtar --posix -cf cache.tzst --exclude cache.tzst -P -C /Users/runner/work/kotlin-crypto-pure/kotlin-crypto-pure --files-from manifest.txt --delay-directory-restore --use-compress-program zstdmt
watchOS Build Check	Post Setup Gradle	2026-01-04T19:30:32.8995300Z Caching dependencies with path '/Users/runner/.gradle/caches/modules-*/files-*/*/*/*/*' and cache key: dependencies-513559ae45b56a68d4f09ee68909475b
watchOS Build Check	Post Setup Gradle	2026-01-04T19:30:33.0163000Z Caching instrumented-jars with path '/Users/runner/.gradle/caches/jars-*/*' and cache key: instrumented-jars-15ce2be0574bdabe8c37e37e72c3086c
watchOS Build Check	Post Setup Gradle	2026-01-04T19:30:33.3076620Z [command]/opt/homebrew/bin/gtar --posix -cf cache.tzst --exclude cache.tzst -P -C /Users/runner/work/kotlin-crypto-pure/kotlin-crypto-pure --files-from manifest.txt --delay-directory-restore --use-compress-program zstdmt
watchOS Build Check	Post Setup Gradle	2026-01-04T19:30:33.3079190Z Caching kotlin-dsl with path '/Users/runner/.gradle/caches/*/kotlin-dsl/*/*' and cache key: kotlin-dsl-f37ea44656728e6163304b447d113bbe
watchOS Build Check	Post Setup Gradle	2026-01-04T19:30:33.5734700Z [command]/opt/homebrew/bin/gtar --posix -cf cache.tzst --exclude cache.tzst -P -C /Users/runner/work/kotlin-crypto-pure/kotlin-crypto-pure --files-from manifest.txt --delay-directory-restore --use-compress-program zstdmt
watchOS Build Check	Post Setup Gradle	2026-01-04T19:30:33.6793870Z ##[warning]Failed to save cache entry with path '/Users/runner/.gradle/caches/jars-*/*,zstd-without-long,1.0' and key: instrumented-jars-15ce2be0574bdabe8c37e37e72c3086c: Error: <h2>Our services aren't available right now</h2><p>We're working to restore all services as soon as possible. Please check back soon.</p>02b9aaQAAAACUDLLbAvZ/SLLPTYjl4mNEU04xRURHRTE3MTIARWRnZQ==
watchOS Build Check	Post Setup Gradle	2026-01-04T19:30:34.9095880Z ##[warning]Failed to save cache entry with path '/Users/runner/.gradle/caches/8.13/generated-gradle-jars/gradle-api-8.13.jar,zstd-without-long,1.0' and key: generated-gradle-jars-697f81ec8d80712ce7da03f513960371: Error: <h2>Our services aren't available right now</h2><p>We're working to restore all services as soon as possible. Please check back soon.</p>02b9aaQAAAADhpKh+IAWaTaLNmtzcBZaMU04xRURHRTE3MTIARWRnZQ==
watchOS Build Check	Post Setup Gradle	2026-01-04T19:30:34.9258370Z [command]/opt/homebrew/bin/gtar --posix -cf cache.tzst --exclude cache.tzst -P -C /Users/runner/work/kotlin-crypto-pure/kotlin-crypto-pure --files-from manifest.txt --delay-directory-restore --use-compress-program zstdmt
watchOS Build Check	Post Setup Gradle	2026-01-04T19:30:34.9262560Z ##[warning]Failed to save cache entry with path '/Users/runner/.gradle/caches/*/kotlin-dsl/*/*,zstd-without-long,1.0' and key: kotlin-dsl-f37ea44656728e6163304b447d113bbe: Error: <h2>Our services aren't available right now</h2><p>We're working to restore all services as soon as possible. Please check back soon.</p>02b9aaQAAAABB2+zc3bzySKvKBStI3D8xU04xRURHRTE3MTIARWRnZQ==
watchOS Build Check	Post Setup Gradle	2026-01-04T19:30:35.2535690Z ##[warning]Failed to save cache entry with path '/Users/runner/.gradle/caches/modules-*/files-*/*/*/*/*,zstd-without-long,1.0' and key: dependencies-513559ae45b56a68d4f09ee68909475b: Error: <h2>Our services aren't available right now</h2><p>We're working to restore all services as soon as possible. Please check back soon.</p>0279aaQAAAABwPAuiG6P5R5rlMIXIM9f9U04xRURHRTE3MTIARWRnZQ==
watchOS Build Check	Post Setup Gradle	2026-01-04T19:30:40.1013790Z ##[warning]Failed to save cache entry with path '/Users/runner/.gradle/wrapper/dists/gradle-8.13-all/54h0s9kvb6g2sinako7ub77ku,zstd-without-long,1.0' and key: wrapper-zips-27b0df0fa405636de00fcbfa0ab79410: Error: <h2>Our services aren't available right now</h2><p>We're working to restore all services as soon as possible. Please check back soon.</p>04L9aaQAAAACYhjg2++VoR68X5uQN2Ra+U04xRURHRTE3MTIARWRnZQ==
watchOS Build Check	Post Setup Gradle	2026-01-04T19:30:41.7947880Z Caching Gradle User Home with cache key: v8-gradle|macOS|ci-build-watchos[37a6259cc0c1dae299a7866489dff0bd]-de6e2843a17c3c109efdef403bb0a65ef8ae43bd
watchOS Build Check	Post Setup Gradle	2026-01-04T19:30:41.8039890Z [command]/opt/homebrew/bin/gtar --posix -cf cache.tzst --exclude cache.tzst -P -C /Users/runner/work/kotlin-crypto-pure/kotlin-crypto-pure --files-from manifest.txt --delay-directory-restore --use-compress-program zstdmt
watchOS Build Check	Post Setup Gradle	2026-01-04T19:30:55.9311190Z ##[warning]Failed to save cache entry with path '/Users/runner/.gradle/caches,/Users/runner/.gradle/notifications,/Users/runner/.gradle/.gradle-build-action,zstd-without-long,1.0' and key: v8-gradle|macOS|ci-build-watchos[37a6259cc0c1dae299a7866489dff0bd]-de6e2843a17c3c109efdef403bb0a65ef8ae43bd: Error: <h2>Our services aren't available right now</h2><p>We're working to restore all services as soon as possible. Please check back soon.</p>0779aaQAAAADuFhASnMDKRoYvdO4iu9xUU04xRURHRTIzMTUARWRnZQ==
watchOS Build Check	Post Setup Gradle	2026-01-04T19:30:55.9319390Z ##[endgroup]
watchOS Build Check	Post Setup Gradle	2026-01-04T19:30:55.9319600Z Writing job summary
watchOS Build Check	Post Set up JDK 17	ï»¿2026-01-04T19:30:55.9625260Z Post job cleanup.
watchOS Build Check	Post Run actions/checkout@v4	ï»¿2026-01-04T19:30:56.1600560Z Post job cleanup.
watchOS Build Check	Post Run actions/checkout@v4	2026-01-04T19:30:56.2843270Z [command]/opt/homebrew/bin/git version
watchOS Build Check	Post Run actions/checkout@v4	2026-01-04T19:30:56.3432770Z git version 2.50.1
watchOS Build Check	Post Run actions/checkout@v4	2026-01-04T19:30:56.3455260Z Copying '/Users/runner/.gitconfig' to '/Users/runner/work/_temp/855a82e6-08e9-4368-8e00-26b492496b01/.gitconfig'
watchOS Build Check	Post Run actions/checkout@v4	2026-01-04T19:30:56.3462270Z Temporarily overriding HOME='/Users/runner/work/_temp/855a82e6-08e9-4368-8e00-26b492496b01' before making global git config changes
watchOS Build Check	Post Run actions/checkout@v4	2026-01-04T19:30:56.3462850Z Adding repository directory to the temporary git global config as a safe directory
watchOS Build Check	Post Run actions/checkout@v4	2026-01-04T19:30:56.3471150Z [command]/opt/homebrew/bin/git config --global --add safe.directory /Users/runner/work/kotlin-crypto-pure/kotlin-crypto-pure
watchOS Build Check	Post Run actions/checkout@v4	2026-01-04T19:30:56.3585550Z [command]/opt/homebrew/bin/git config --local --name-only --get-regexp core\.sshCommand
watchOS Build Check	Post Run actions/checkout@v4	2026-01-04T19:30:56.3774380Z [command]/opt/homebrew/bin/git submodule foreach --recursive sh -c "git config --local --name-only --get-regexp 'core\.sshCommand' && git config --local --unset-all 'core.sshCommand' || :"
watchOS Build Check	Post Run actions/checkout@v4	2026-01-04T19:30:56.4833460Z [command]/opt/homebrew/bin/git config --local --name-only --get-regexp http\.https\:\/\/github\.com\/\.extraheader
watchOS Build Check	Post Run actions/checkout@v4	2026-01-04T19:30:56.4893120Z http.https://github.com/.extraheader
watchOS Build Check	Post Run actions/checkout@v4	2026-01-04T19:30:56.4902230Z [command]/opt/homebrew/bin/git config --local --unset-all http.https://github.com/.extraheader
watchOS Build Check	Post Run actions/checkout@v4	2026-01-04T19:30:56.4977200Z [command]/opt/homebrew/bin/git submodule foreach --recursive sh -c "git config --local --name-only --get-regexp 'http\.https\:\/\/github\.com\/\.extraheader' && git config --local --unset-all 'http.https://github.com/.extraheader' || :"
watchOS Build Check	Post Run actions/checkout@v4	2026-01-04T19:30:56.5856810Z [command]/opt/homebrew/bin/git config --local --name-only --get-regexp ^includeIf\.gitdir:
watchOS Build Check	Post Run actions/checkout@v4	2026-01-04T19:30:56.5909980Z [command]/opt/homebrew/bin/git submodule foreach --recursive git config --local --show-origin --name-only --get-regexp remote.origin.url
watchOS Build Check	Complete job	ï»¿2026-01-04T19:30:56.6868740Z Cleaning up orphan processes
iOS Build Check	Set up job	ï»¿2026-01-04T19:27:56.7196330Z Current runner version: '2.330.0'
iOS Build Check	Set up job	2026-01-04T19:27:56.7214360Z ##[group]Runner Image Provisioner
iOS Build Check	Set up job	2026-01-04T19:27:56.7214940Z Hosted Compute Agent
iOS Build Check	Set up job	2026-01-04T19:27:56.7215300Z Version: 20251211.462
iOS Build Check	Set up job	2026-01-04T19:27:56.7215680Z Commit: 6cbad8c2bb55d58165063d031ccabf57e2d2db61
iOS Build Check	Set up job	2026-01-04T19:27:56.7216120Z Build Date: 2025-12-11T16:28:49Z
iOS Build Check	Set up job	2026-01-04T19:27:56.7216560Z Worker ID: {4d5aabed-aa6f-4d73-8cd9-bbb491518341}
iOS Build Check	Set up job	2026-01-04T19:27:56.7216980Z ##[endgroup]
iOS Build Check	Set up job	2026-01-04T19:27:56.7217320Z ##[group]Operating System
iOS Build Check	Set up job	2026-01-04T19:27:56.7217670Z macOS
iOS Build Check	Set up job	2026-01-04T19:27:56.7217990Z 15.7.2
iOS Build Check	Set up job	2026-01-04T19:27:56.7218270Z 24G325
iOS Build Check	Set up job	2026-01-04T19:27:56.7218550Z ##[endgroup]
iOS Build Check	Set up job	2026-01-04T19:27:56.7218860Z ##[group]Runner Image
iOS Build Check	Set up job	2026-01-04T19:27:56.7219180Z Image: macos-15-arm64
iOS Build Check	Set up job	2026-01-04T19:27:56.7219510Z Version: 20251215.0075.1
iOS Build Check	Set up job	2026-01-04T19:27:56.7220610Z Included Software: https://github.com/actions/runner-images/blob/macos-15-arm64/20251215.0075/images/macos/macos-15-arm64-Readme.md
iOS Build Check	Set up job	2026-01-04T19:27:56.7224860Z Image Release: https://github.com/actions/runner-images/releases/tag/macos-15-arm64%2F20251215.0075
iOS Build Check	Set up job	2026-01-04T19:27:56.7225630Z ##[endgroup]
iOS Build Check	Set up job	2026-01-04T19:27:56.7226370Z ##[group]GITHUB_TOKEN Permissions
iOS Build Check	Set up job	2026-01-04T19:27:56.7227550Z Contents: read
iOS Build Check	Set up job	2026-01-04T19:27:56.7227860Z Metadata: read
iOS Build Check	Set up job	2026-01-04T19:27:56.7228160Z Packages: read
iOS Build Check	Set up job	2026-01-04T19:27:56.7228460Z ##[endgroup]
iOS Build Check	Set up job	2026-01-04T19:27:56.7229800Z Secret source: Actions
iOS Build Check	Set up job	2026-01-04T19:27:56.7230190Z Prepare workflow directory
iOS Build Check	Set up job	2026-01-04T19:27:56.7441020Z Prepare all required actions
iOS Build Check	Set up job	2026-01-04T19:27:56.7470150Z Getting action download info
iOS Build Check	Set up job	2026-01-04T19:27:57.1162520Z Download action repository 'actions/checkout@v4' (SHA:34e114876b0b11c390a56381ad16ebd13914f8d5)
iOS Build Check	Set up job	2026-01-04T19:27:57.2724080Z Download action repository 'actions/setup-java@v4' (SHA:c1e323688fd81a25caa38c78aa6df2d33d3e20d9)
iOS Build Check	Set up job	2026-01-04T19:27:58.4110420Z Download action repository 'gradle/gradle-build-action@v2' (SHA:a8f75513eafdebd8141bd1cd4e30fcd194af8dfa)
iOS Build Check	Set up job	2026-01-04T19:27:59.7793030Z Complete job name: iOS Build Check
iOS Build Check	Run actions/checkout@v4	ï»¿2026-01-04T19:27:59.8346910Z ##[group]Run actions/checkout@v4
iOS Build Check	Run actions/checkout@v4	2026-01-04T19:27:59.8347400Z with:
iOS Build Check	Run actions/checkout@v4	2026-01-04T19:27:59.8347580Z   repository: ImL1s/kotlin-crypto-pure
iOS Build Check	Run actions/checkout@v4	2026-01-04T19:27:59.8348030Z   token: ***
iOS Build Check	Run actions/checkout@v4	2026-01-04T19:27:59.8348180Z   ssh-strict: true
iOS Build Check	Run actions/checkout@v4	2026-01-04T19:27:59.8348330Z   ssh-user: git
iOS Build Check	Run actions/checkout@v4	2026-01-04T19:27:59.8348490Z   persist-credentials: true
iOS Build Check	Run actions/checkout@v4	2026-01-04T19:27:59.8348670Z   clean: true
iOS Build Check	Run actions/checkout@v4	2026-01-04T19:27:59.8348840Z   sparse-checkout-cone-mode: true
iOS Build Check	Run actions/checkout@v4	2026-01-04T19:27:59.8349090Z   fetch-depth: 1
iOS Build Check	Run actions/checkout@v4	2026-01-04T19:27:59.8349260Z   fetch-tags: false
iOS Build Check	Run actions/checkout@v4	2026-01-04T19:27:59.8349420Z   show-progress: true
iOS Build Check	Run actions/checkout@v4	2026-01-04T19:27:59.8349590Z   lfs: false
iOS Build Check	Run actions/checkout@v4	2026-01-04T19:27:59.8349750Z   submodules: false
iOS Build Check	Run actions/checkout@v4	2026-01-04T19:27:59.8349910Z   set-safe-directory: true
iOS Build Check	Run actions/checkout@v4	2026-01-04T19:27:59.8350240Z ##[endgroup]
iOS Build Check	Run actions/checkout@v4	2026-01-04T19:28:00.1249210Z Syncing repository: ImL1s/kotlin-crypto-pure
iOS Build Check	Run actions/checkout@v4	2026-01-04T19:28:00.1250440Z ##[group]Getting Git version info
iOS Build Check	Run actions/checkout@v4	2026-01-04T19:28:00.1250820Z Working directory is '/Users/runner/work/kotlin-crypto-pure/kotlin-crypto-pure'
iOS Build Check	Run actions/checkout@v4	2026-01-04T19:28:00.1251780Z [command]/opt/homebrew/bin/git version
iOS Build Check	Run actions/checkout@v4	2026-01-04T19:28:00.1756990Z git version 2.50.1
iOS Build Check	Run actions/checkout@v4	2026-01-04T19:28:00.1798720Z ##[endgroup]
iOS Build Check	Run actions/checkout@v4	2026-01-04T19:28:00.1809430Z Copying '/Users/runner/.gitconfig' to '/Users/runner/work/_temp/7dbcaf53-dd73-4f9e-a4b7-ed8373eccde3/.gitconfig'
iOS Build Check	Run actions/checkout@v4	2026-01-04T19:28:00.1829020Z Temporarily overriding HOME='/Users/runner/work/_temp/7dbcaf53-dd73-4f9e-a4b7-ed8373eccde3' before making global git config changes
iOS Build Check	Run actions/checkout@v4	2026-01-04T19:28:00.1830240Z Adding repository directory to the temporary git global config as a safe directory
iOS Build Check	Run actions/checkout@v4	2026-01-04T19:28:00.1833720Z [command]/opt/homebrew/bin/git config --global --add safe.directory /Users/runner/work/kotlin-crypto-pure/kotlin-crypto-pure
iOS Build Check	Run actions/checkout@v4	2026-01-04T19:28:00.1941760Z Deleting the contents of '/Users/runner/work/kotlin-crypto-pure/kotlin-crypto-pure'
iOS Build Check	Run actions/checkout@v4	2026-01-04T19:28:00.1945150Z ##[group]Initializing the repository
iOS Build Check	Run actions/checkout@v4	2026-01-04T19:28:00.1949890Z [command]/opt/homebrew/bin/git init /Users/runner/work/kotlin-crypto-pure/kotlin-crypto-pure
iOS Build Check	Run actions/checkout@v4	2026-01-04T19:28:00.2127080Z hint: Using 'master' as the name for the initial branch. This default branch name
iOS Build Check	Run actions/checkout@v4	2026-01-04T19:28:00.2128990Z hint: is subject to change. To configure the initial branch name to use in all
iOS Build Check	Run actions/checkout@v4	2026-01-04T19:28:00.2129540Z hint: of your new repositories, which will suppress this warning, call:
iOS Build Check	Run actions/checkout@v4	2026-01-04T19:28:00.2152080Z hint:
iOS Build Check	Run actions/checkout@v4	2026-01-04T19:28:00.2152670Z hint: 	git config --global init.defaultBranch <name>
iOS Build Check	Run actions/checkout@v4	2026-01-04T19:28:00.2154830Z hint:
iOS Build Check	Run actions/checkout@v4	2026-01-04T19:28:00.2155200Z hint: Names commonly chosen instead of 'master' are 'main', 'trunk' and
iOS Build Check	Run actions/checkout@v4	2026-01-04T19:28:00.2156150Z hint: 'development'. The just-created branch can be renamed via this command:
iOS Build Check	Run actions/checkout@v4	2026-01-04T19:28:00.2156630Z hint:
iOS Build Check	Run actions/checkout@v4	2026-01-04T19:28:00.2158550Z hint: 	git branch -m <name>
iOS Build Check	Run actions/checkout@v4	2026-01-04T19:28:00.2158800Z hint:
iOS Build Check	Run actions/checkout@v4	2026-01-04T19:28:00.2159070Z hint: Disable this message with "git config set advice.defaultBranchName false"
iOS Build Check	Run actions/checkout@v4	2026-01-04T19:28:00.2159580Z Initialized empty Git repository in /Users/runner/work/kotlin-crypto-pure/kotlin-crypto-pure/.git/
iOS Build Check	Run actions/checkout@v4	2026-01-04T19:28:00.2160630Z [command]/opt/homebrew/bin/git remote add origin https://github.com/ImL1s/kotlin-crypto-pure
iOS Build Check	Run actions/checkout@v4	2026-01-04T19:28:00.2204960Z ##[endgroup]
iOS Build Check	Run actions/checkout@v4	2026-01-04T19:28:00.2205340Z ##[group]Disabling automatic garbage collection
iOS Build Check	Run actions/checkout@v4	2026-01-04T19:28:00.2206540Z [command]/opt/homebrew/bin/git config --local gc.auto 0
iOS Build Check	Run actions/checkout@v4	2026-01-04T19:28:00.2264130Z ##[endgroup]
iOS Build Check	Run actions/checkout@v4	2026-01-04T19:28:00.2264460Z ##[group]Setting up auth
iOS Build Check	Run actions/checkout@v4	2026-01-04T19:28:00.2269130Z [command]/opt/homebrew/bin/git config --local --name-only --get-regexp core\.sshCommand
iOS Build Check	Run actions/checkout@v4	2026-01-04T19:28:00.2325300Z [command]/opt/homebrew/bin/git submodule foreach --recursive sh -c "git config --local --name-only --get-regexp 'core\.sshCommand' && git config --local --unset-all 'core.sshCommand' || :"
iOS Build Check	Run actions/checkout@v4	2026-01-04T19:28:00.3088920Z [command]/opt/homebrew/bin/git config --local --name-only --get-regexp http\.https\:\/\/github\.com\/\.extraheader
iOS Build Check	Run actions/checkout@v4	2026-01-04T19:28:00.3137520Z [command]/opt/homebrew/bin/git submodule foreach --recursive sh -c "git config --local --name-only --get-regexp 'http\.https\:\/\/github\.com\/\.extraheader' && git config --local --unset-all 'http.https://github.com/.extraheader' || :"
iOS Build Check	Run actions/checkout@v4	2026-01-04T19:28:00.3789820Z [command]/opt/homebrew/bin/git config --local --name-only --get-regexp ^includeIf\.gitdir:
iOS Build Check	Run actions/checkout@v4	2026-01-04T19:28:00.3844670Z [command]/opt/homebrew/bin/git submodule foreach --recursive git config --local --show-origin --name-only --get-regexp remote.origin.url
iOS Build Check	Run actions/checkout@v4	2026-01-04T19:28:00.4509360Z [command]/opt/homebrew/bin/git config --local http.https://github.com/.extraheader AUTHORIZATION: basic ***
iOS Build Check	Run actions/checkout@v4	2026-01-04T19:28:00.4564790Z ##[endgroup]
iOS Build Check	Run actions/checkout@v4	2026-01-04T19:28:00.4565460Z ##[group]Fetching the repository
iOS Build Check	Run actions/checkout@v4	2026-01-04T19:28:00.4570130Z [command]/opt/homebrew/bin/git -c protocol.version=2 fetch --no-tags --prune --no-recurse-submodules --depth=1 origin +de6e2843a17c3c109efdef403bb0a65ef8ae43bd:refs/remotes/origin/main
iOS Build Check	Run actions/checkout@v4	2026-01-04T19:28:01.4030620Z From https://github.com/ImL1s/kotlin-crypto-pure
iOS Build Check	Run actions/checkout@v4	2026-01-04T19:28:01.4031280Z  * [new ref]         de6e2843a17c3c109efdef403bb0a65ef8ae43bd -> origin/main
iOS Build Check	Run actions/checkout@v4	2026-01-04T19:28:01.4106490Z ##[endgroup]
iOS Build Check	Run actions/checkout@v4	2026-01-04T19:28:01.4106870Z ##[group]Determining the checkout info
iOS Build Check	Run actions/checkout@v4	2026-01-04T19:28:01.4107210Z ##[endgroup]
iOS Build Check	Run actions/checkout@v4	2026-01-04T19:28:01.4111940Z [command]/opt/homebrew/bin/git sparse-checkout disable
iOS Build Check	Run actions/checkout@v4	2026-01-04T19:28:01.4188210Z [command]/opt/homebrew/bin/git config --local --unset-all extensions.worktreeConfig
iOS Build Check	Run actions/checkout@v4	2026-01-04T19:28:01.4246030Z ##[group]Checking out the ref
iOS Build Check	Run actions/checkout@v4	2026-01-04T19:28:01.4249000Z [command]/opt/homebrew/bin/git checkout --progress --force -B main refs/remotes/origin/main
iOS Build Check	Run actions/checkout@v4	2026-01-04T19:28:01.6037270Z Switched to a new branch 'main'
iOS Build Check	Run actions/checkout@v4	2026-01-04T19:28:01.6040700Z branch 'main' set up to track 'origin/main'.
iOS Build Check	Run actions/checkout@v4	2026-01-04T19:28:01.6047450Z ##[endgroup]
iOS Build Check	Run actions/checkout@v4	2026-01-04T19:28:01.6121550Z [command]/opt/homebrew/bin/git log -1 --format=%H
iOS Build Check	Run actions/checkout@v4	2026-01-04T19:28:01.6178760Z de6e2843a17c3c109efdef403bb0a65ef8ae43bd
iOS Build Check	Set up JDK 17	ï»¿2026-01-04T19:28:01.6355490Z ##[group]Run actions/setup-java@v4
iOS Build Check	Set up JDK 17	2026-01-04T19:28:01.6355920Z with:
iOS Build Check	Set up JDK 17	2026-01-04T19:28:01.6356050Z   java-version: 17
iOS Build Check	Set up JDK 17	2026-01-04T19:28:01.6356180Z   distribution: temurin
iOS Build Check	Set up JDK 17	2026-01-04T19:28:01.6356320Z   java-package: jdk
iOS Build Check	Set up JDK 17	2026-01-04T19:28:01.6356510Z   check-latest: false
iOS Build Check	Set up JDK 17	2026-01-04T19:28:01.6356650Z   server-id: github
iOS Build Check	Set up JDK 17	2026-01-04T19:28:01.6356830Z   server-username: GITHUB_ACTOR
iOS Build Check	Set up JDK 17	2026-01-04T19:28:01.6357000Z   server-password: GITHUB_TOKEN
iOS Build Check	Set up JDK 17	2026-01-04T19:28:01.6357170Z   overwrite-settings: true
iOS Build Check	Set up JDK 17	2026-01-04T19:28:01.6357360Z   job-status: success
iOS Build Check	Set up JDK 17	2026-01-04T19:28:01.6357670Z   token: ***
iOS Build Check	Set up JDK 17	2026-01-04T19:28:01.6357810Z ##[endgroup]
iOS Build Check	Set up JDK 17	2026-01-04T19:28:01.7786330Z ##[group]Installed distributions
iOS Build Check	Set up JDK 17	2026-01-04T19:28:01.7820600Z Resolved Java 17.0.17+10 from tool-cache
iOS Build Check	Set up JDK 17	2026-01-04T19:28:01.7823970Z Setting Java 17.0.17+10 as the default
iOS Build Check	Set up JDK 17	2026-01-04T19:28:01.7834990Z Creating toolchains.xml for JDK version 17 from temurin
iOS Build Check	Set up JDK 17	2026-01-04T19:28:01.7880370Z Writing to /Users/runner/.m2/toolchains.xml
iOS Build Check	Set up JDK 17	2026-01-04T19:28:01.7881450Z 
iOS Build Check	Set up JDK 17	2026-01-04T19:28:01.7881750Z Java configuration:
iOS Build Check	Set up JDK 17	2026-01-04T19:28:01.7882310Z   Distribution: temurin
iOS Build Check	Set up JDK 17	2026-01-04T19:28:01.7882510Z   Version: 17.0.17+10
iOS Build Check	Set up JDK 17	2026-01-04T19:28:01.7883210Z   Path: /Users/runner/hostedtoolcache/Java_Temurin-Hotspot_jdk/17.0.17-10/arm64/Contents/Home
iOS Build Check	Set up JDK 17	2026-01-04T19:28:01.7883550Z 
iOS Build Check	Set up JDK 17	2026-01-04T19:28:01.7884520Z ##[endgroup]
iOS Build Check	Set up JDK 17	2026-01-04T19:28:01.7896610Z Creating settings.xml with server-id: github
iOS Build Check	Set up JDK 17	2026-01-04T19:28:01.7897190Z Writing to /Users/runner/.m2/settings.xml
iOS Build Check	Setup Gradle	ï»¿2026-01-04T19:28:01.8019300Z ##[group]Run gradle/gradle-build-action@v2
iOS Build Check	Setup Gradle	2026-01-04T19:28:01.8019610Z with:
iOS Build Check	Setup Gradle	2026-01-04T19:28:01.8019770Z   cache-disabled: false
iOS Build Check	Setup Gradle	2026-01-04T19:28:01.8019940Z   cache-read-only: false
iOS Build Check	Setup Gradle	2026-01-04T19:28:01.8020110Z   cache-write-only: false
iOS Build Check	Setup Gradle	2026-01-04T19:28:01.8020290Z   cache-overwrite-existing: false
iOS Build Check	Setup Gradle	2026-01-04T19:28:01.8020530Z   gradle-home-cache-includes: caches
iOS Build Check	Setup Gradle	notifications
iOS Build Check	Setup Gradle	
iOS Build Check	Setup Gradle	2026-01-04T19:28:01.8020890Z   gradle-home-cache-cleanup: false
iOS Build Check	Setup Gradle	2026-01-04T19:28:01.8021110Z   generate-job-summary: true
iOS Build Check	Setup Gradle	2026-01-04T19:28:01.8021280Z   dependency-graph: disabled
iOS Build Check	Setup Gradle	2026-01-04T19:28:01.8021480Z   gradle-home-cache-strict-match: false
iOS Build Check	Setup Gradle	2026-01-04T19:28:01.8021680Z   workflow-job-context: null
iOS Build Check	Setup Gradle	2026-01-04T19:28:01.8021940Z   github-token: ***
iOS Build Check	Setup Gradle	2026-01-04T19:28:01.8022090Z env:
iOS Build Check	Setup Gradle	2026-01-04T19:28:01.8022370Z   JAVA_HOME: /Users/runner/hostedtoolcache/Java_Temurin-Hotspot_jdk/17.0.17-10/arm64/Contents/Home
iOS Build Check	Setup Gradle	2026-01-04T19:28:01.8022870Z   JAVA_HOME_17_ARM64: /Users/runner/hostedtoolcache/Java_Temurin-Hotspot_jdk/17.0.17-10/arm64/Contents/Home
iOS Build Check	Setup Gradle	2026-01-04T19:28:01.8023260Z ##[endgroup]
iOS Build Check	Setup Gradle	2026-01-04T19:28:02.0826970Z ##[group]Restore Gradle state from cache
iOS Build Check	Setup Gradle	2026-01-04T19:28:02.1909700Z ##[warning]Failed to restore v8-gradle|macOS|ci-build-ios[37a6259cc0c1dae299a7866489dff0bd]-de6e2843a17c3c109efdef403bb0a65ef8ae43bd: Error: Cache service responded with 400
iOS Build Check	Setup Gradle	2026-01-04T19:28:02.1930300Z Gradle User Home cache not found. Will initialize empty.
iOS Build Check	Setup Gradle	2026-01-04T19:28:02.1930860Z ##[endgroup]
iOS Build Check	Build iOS Framework	ï»¿2026-01-04T19:28:02.2004790Z ##[group]Run ./gradlew :crypto-core:compileKotlinIosArm64
iOS Build Check	Build iOS Framework	2026-01-04T19:28:02.2005180Z [36;1m./gradlew :crypto-core:compileKotlinIosArm64[0m
iOS Build Check	Build iOS Framework	2026-01-04T19:28:02.2041630Z shell: /bin/bash -e {0}
iOS Build Check	Build iOS Framework	2026-01-04T19:28:02.2041800Z env:
iOS Build Check	Build iOS Framework	2026-01-04T19:28:02.2042120Z   JAVA_HOME: /Users/runner/hostedtoolcache/Java_Temurin-Hotspot_jdk/17.0.17-10/arm64/Contents/Home
iOS Build Check	Build iOS Framework	2026-01-04T19:28:02.2042630Z   JAVA_HOME_17_ARM64: /Users/runner/hostedtoolcache/Java_Temurin-Hotspot_jdk/17.0.17-10/arm64/Contents/Home
iOS Build Check	Build iOS Framework	2026-01-04T19:28:02.2043000Z   GRADLE_BUILD_ACTION_SETUP_COMPLETED: true
iOS Build Check	Build iOS Framework	2026-01-04T19:28:02.2043220Z   GRADLE_BUILD_ACTION_CACHE_RESTORED: true
iOS Build Check	Build iOS Framework	2026-01-04T19:28:02.2043410Z ##[endgroup]
iOS Build Check	Build iOS Framework	2026-01-04T19:28:02.3324920Z Downloading https://services.gradle.org/distributions/gradle-8.13-all.zip
iOS Build Check	Build iOS Framework	2026-01-04T19:28:07.4358940Z ......................10%......................20%......................30%......................40%......................50%......................60%......................70%.......................80%......................90%......................100%
iOS Build Check	Build iOS Framework	2026-01-04T19:28:12.6586510Z 
iOS Build Check	Build iOS Framework	2026-01-04T19:28:12.6588410Z Welcome to Gradle 8.13!
iOS Build Check	Build iOS Framework	2026-01-04T19:28:12.6588820Z 
iOS Build Check	Build iOS Framework	2026-01-04T19:28:12.6591970Z Here are the highlights of this release:
iOS Build Check	Build iOS Framework	2026-01-04T19:28:12.6592440Z  - Daemon JVM auto-provisioning
iOS Build Check	Build iOS Framework	2026-01-04T19:28:12.6593540Z  - Enhancements for Scala plugin and JUnit testing
iOS Build Check	Build iOS Framework	2026-01-04T19:28:12.6593970Z  - Improvements for build authors and plugin developers
iOS Build Check	Build iOS Framework	2026-01-04T19:28:12.6594350Z 
iOS Build Check	Build iOS Framework	2026-01-04T19:28:12.6594610Z For more details see https://docs.gradle.org/8.13/release-notes.html
iOS Build Check	Build iOS Framework	2026-01-04T19:28:12.6595040Z 
iOS Build Check	Build iOS Framework	2026-01-04T19:28:12.6595300Z Starting a Gradle Daemon (subsequent builds will be faster)
iOS Build Check	Build iOS Framework	2026-01-04T19:29:15.6358310Z 
iOS Build Check	Build iOS Framework	2026-01-04T19:29:15.6461340Z > Configure project :crypto-core
iOS Build Check	Build iOS Framework	2026-01-04T19:29:15.6541940Z w: file:///Users/runner/work/kotlin-crypto-pure/kotlin-crypto-pure/crypto-core/build.gradle.kts:25:21: 'defFile: File' is deprecated. Deprecated because it is a non-lazy property.
iOS Build Check	Build iOS Framework	2026-01-04T19:29:15.6546490Z w: file:///Users/runner/work/kotlin-crypto-pure/kotlin-crypto-pure/crypto-core/build.gradle.kts:36:21: 'defFile: File' is deprecated. Deprecated because it is a non-lazy property.
iOS Build Check	Build iOS Framework	2026-01-04T19:29:15.6551870Z w: file:///Users/runner/work/kotlin-crypto-pure/kotlin-crypto-pure/crypto-core/build.gradle.kts:47:21: 'defFile: File' is deprecated. Deprecated because it is a non-lazy property.
iOS Build Check	Build iOS Framework	2026-01-04T19:29:15.6576630Z w: file:///Users/runner/work/kotlin-crypto-pure/kotlin-crypto-pure/crypto-core/build.gradle.kts:59:21: 'defFile: File' is deprecated. Deprecated because it is a non-lazy property.
iOS Build Check	Build iOS Framework	2026-01-04T19:29:15.6577960Z w: file:///Users/runner/work/kotlin-crypto-pure/kotlin-crypto-pure/crypto-core/build.gradle.kts:70:21: 'defFile: File' is deprecated. Deprecated because it is a non-lazy property.
iOS Build Check	Build iOS Framework	2026-01-04T19:29:15.6579260Z w: file:///Users/runner/work/kotlin-crypto-pure/kotlin-crypto-pure/crypto-core/build.gradle.kts:81:21: 'defFile: File' is deprecated. Deprecated because it is a non-lazy property.
iOS Build Check	Build iOS Framework	2026-01-04T19:29:17.0058560Z w: The Default Kotlin Hierarchy Template was not applied to 'project ':crypto-core'':
iOS Build Check	Build iOS Framework	2026-01-04T19:29:17.0161030Z Explicit .dependsOn() edges were configured for the following source sets:
iOS Build Check	Build iOS Framework	2026-01-04T19:29:17.0263310Z [iosArm64Main, iosArm64Test, iosMain, iosSimulatorArm64Main, iosSimulatorArm64Test, iosX64Main, iosX64Test, jvmMain, jvmTest, nativeMain, nativeTest, watchosArm64Main, watchosArm64Test, watchosMain, watchosSimulatorArm64Main, watchosSimulatorArm64Test, watchosX64Main, watchosX64Test]
iOS Build Check	Build iOS Framework	2026-01-04T19:29:17.0362220Z 
iOS Build Check	Build iOS Framework	2026-01-04T19:29:17.0463450Z Consider removing dependsOn-calls or disabling the default template by adding
iOS Build Check	Build iOS Framework	2026-01-04T19:29:17.0565120Z     'kotlin.mpp.applyDefaultHierarchyTemplate=false'
iOS Build Check	Build iOS Framework	2026-01-04T19:29:17.0666530Z to your gradle.properties
iOS Build Check	Build iOS Framework	2026-01-04T19:29:17.0766740Z 
iOS Build Check	Build iOS Framework	2026-01-04T19:29:17.0867920Z Learn more about hierarchy templates: https://kotl.in/hierarchy-template
iOS Build Check	Build iOS Framework	2026-01-04T19:29:17.0959410Z 
iOS Build Check	Build iOS Framework	2026-01-04T19:29:19.3319150Z 
iOS Build Check	Build iOS Framework	2026-01-04T19:29:19.3415560Z > Configure project :demo-cli
iOS Build Check	Build iOS Framework	2026-01-04T19:29:19.3417640Z w: file:///Users/runner/work/kotlin-crypto-pure/kotlin-crypto-pure/demo-cli/build.gradle.kts:7:9: Experimental API in the Kotlin Gradle Plugin: No stability guarantees can be provided. The API could get removed in the future without replacement
iOS Build Check	Build iOS Framework	2026-01-04T19:29:19.3427650Z w: file:///Users/runner/work/kotlin-crypto-pure/kotlin-crypto-pure/demo-cli/build.gradle.kts:8:13: Experimental API in the Kotlin Gradle Plugin: No stability guarantees can be provided. The API could get removed in the future without replacement
iOS Build Check	Build iOS Framework	2026-01-04T19:29:19.4936200Z 
iOS Build Check	Build iOS Framework	2026-01-04T19:29:19.4937140Z > Task :crypto-core:checkKotlinGradlePluginConfigurationErrors SKIPPED
iOS Build Check	Build iOS Framework	2026-01-04T19:29:49.5469850Z > Task :crypto-core:cinteropCommonCryptoIosArm64
iOS Build Check	Build iOS Framework	2026-01-04T19:30:09.0343350Z Downloading native dependencies (LLVM, sysroot etc). This is a one-time action performed only on the first run of the compiler.
iOS Build Check	Build iOS Framework	2026-01-04T19:30:11.6553330Z Done.
iOS Build Check	Build iOS Framework	2026-01-04T19:30:11.6557000Z Extracting dependency: /Users/runner/.konan/dependencies/cache/llvm-16.0.0-aarch64-macos-essentials-63.tar.gz into /Users/runner/.konan/dependencies
iOS Build Check	Build iOS Framework	2026-01-04T19:30:13.9306960Z Done.
iOS Build Check	Build iOS Framework	2026-01-04T19:30:13.9308760Z Extracting dependency: /Users/runner/.konan/dependencies/cache/libffi-3.3-1-macos-arm64.tar.gz into /Users/runner/.konan/dependencies
iOS Build Check	Build iOS Framework	2026-01-04T19:30:39.1266140Z e: file:///Users/runner/work/kotlin-crypto-pure/kotlin-crypto-pure/crypto-core/src/commonMain/kotlin/io/github/iml1s/crypto/Blake2b.kt:42:29 Unresolved reference 'clone'.
iOS Build Check	Build iOS Framework	2026-01-04T19:30:39.1271000Z 
iOS Build Check	Build iOS Framework	2026-01-04T19:30:39.1366670Z e: file:///Users/runner/work/kotlin-crypto-pure/kotlin-crypto-pure/crypto-core/src/commonMain/kotlin/io/github/iml1s/crypto/Blake2b.kt:44:25 Cannot infer type for this parameter. Please specify it explicitly.
iOS Build Check	Build iOS Framework	2026-01-04T19:30:39.1368760Z > Task :crypto-core:compileKotlinIosArm64 FAILED
iOS Build Check	Build iOS Framework	2026-01-04T19:30:39.1417370Z e: file:///Users/runner/work/kotlin-crypto-pure/kotlin-crypto-pure/crypto-core/src/commonMain/kotlin/io/github/iml1s/crypto/Blake2b.kt:44:39 Unresolved reference 'xor'.
iOS Build Check	Build iOS Framework	2026-01-04T19:30:39.1519790Z e: file:///Users/runner/work/kotlin-crypto-pure/kotlin-crypto-pure/crypto-core/src/commonMain/kotlin/io/github/iml1s/crypto/Blake2b.kt:49:29 Cannot infer type for this parameter. Please specify it explicitly.
iOS Build Check	Build iOS Framework	2026-01-04T19:30:39.1621880Z e: file:///Users/runner/work/kotlin-crypto-pure/kotlin-crypto-pure/crypto-core/src/commonMain/kotlin/io/github/iml1s/crypto/Blake2b.kt:49:43 Unresolved reference 'xor'.
iOS Build Check	Build iOS Framework	2026-01-04T19:30:39.1724380Z e: file:///Users/runner/work/kotlin-crypto-pure/kotlin-crypto-pure/crypto-core/src/commonMain/kotlin/io/github/iml1s/crypto/Blake2b.kt:50:29 Cannot infer type for this parameter. Please specify it explicitly.
iOS Build Check	Build iOS Framework	2026-01-04T19:30:39.1826890Z e: file:///Users/runner/work/kotlin-crypto-pure/kotlin-crypto-pure/crypto-core/src/commonMain/kotlin/io/github/iml1s/crypto/Blake2b.kt:50:43 Unresolved reference 'xor'.
iOS Build Check	Build iOS Framework	2026-01-04T19:30:39.1929360Z e: file:///Users/runner/work/kotlin-crypto-pure/kotlin-crypto-pure/crypto-core/src/commonMain/kotlin/io/github/iml1s/crypto/Blake2b.kt:56:29 Cannot infer type for this parameter. Please specify it explicitly.
iOS Build Check	Build iOS Framework	2026-01-04T19:30:39.2035250Z e: file:///Users/runner/work/kotlin-crypto-pure/kotlin-crypto-pure/crypto-core/src/commonMain/kotlin/io/github/iml1s/crypto/Blake2b.kt:56:43 Unresolved reference 'xor'.
iOS Build Check	Build iOS Framework	2026-01-04T19:30:39.2156440Z e: file:///Users/runner/work/kotlin-crypto-pure/kotlin-crypto-pure/crypto-core/src/commonMain/kotlin/io/github/iml1s/crypto/Blake2b.kt:57:29 Cannot infer type for this parameter. Please specify it explicitly.
iOS Build Check	Build iOS Framework	2026-01-04T19:30:39.2257010Z e: file:///Users/runner/work/kotlin-crypto-pure/kotlin-crypto-pure/crypto-core/src/commonMain/kotlin/io/github/iml1s/crypto/Blake2b.kt:57:43 Unresolved reference 'xor'.
iOS Build Check	Build iOS Framework	2026-01-04T19:30:39.2361540Z e: file:///Users/runner/work/kotlin-crypto-pure/kotlin-crypto-pure/crypto-core/src/commonMain/kotlin/io/github/iml1s/crypto/Ristretto255.kt:167:33 Unresolved reference 'Character'.
iOS Build Check	Build iOS Framework	2026-01-04T19:30:39.2463790Z e: file:///Users/runner/work/kotlin-crypto-pure/kotlin-crypto-pure/crypto-core/src/commonMain/kotlin/io/github/iml1s/crypto/Ristretto255.kt:167:68 Unresolved reference 'Character'.
iOS Build Check	Build iOS Framework	2026-01-04T19:30:39.2576220Z e: file:///Users/runner/work/kotlin-crypto-pure/kotlin-crypto-pure/crypto-core/src/nativeMain/kotlin/io/github/iml1s/crypto/Sha512.native.kt:8:28 Unresolved reference 'CC_SHA512_DIGEST_LENGTH'.
iOS Build Check	Build iOS Framework	2026-01-04T19:30:39.3140250Z 
iOS Build Check	Build iOS Framework	2026-01-04T19:30:39.3140320Z 
iOS Build Check	Build iOS Framework	2026-01-04T19:30:39.3251000Z FAILURE: Build failed with an exception.
iOS Build Check	Build iOS Framework	2026-01-04T19:30:39.3251950Z [Incubating] Problems report is available at: file:///Users/runner/work/kotlin-crypto-pure/kotlin-crypto-pure/build/reports/problems/problems-report.html
iOS Build Check	Build iOS Framework	2026-01-04T19:30:39.3355480Z 
iOS Build Check	Build iOS Framework	2026-01-04T19:30:39.3355550Z 
iOS Build Check	Build iOS Framework	2026-01-04T19:30:39.3457300Z * What went wrong:
iOS Build Check	Build iOS Framework	2026-01-04T19:30:39.3457960Z Deprecated Gradle features were used in this build, making it incompatible with Gradle 9.0.
iOS Build Check	Build iOS Framework	2026-01-04T19:30:39.3559440Z Execution failed for task ':crypto-core:compileKotlinIosArm64'.
iOS Build Check	Build iOS Framework	2026-01-04T19:30:39.3559980Z 
iOS Build Check	Build iOS Framework	2026-01-04T19:30:39.3567550Z > Compilation finished with errors
iOS Build Check	Build iOS Framework	2026-01-04T19:30:39.3569060Z You can use '--warning-mode all' to show the individual deprecation warnings and determine if they come from your own scripts or plugins.
iOS Build Check	Build iOS Framework	2026-01-04T19:30:39.3671790Z 
iOS Build Check	Build iOS Framework	2026-01-04T19:30:39.3671910Z 
iOS Build Check	Build iOS Framework	2026-01-04T19:30:39.3772770Z * Try:
iOS Build Check	Build iOS Framework	2026-01-04T19:30:39.3774460Z For more on this, please refer to https://docs.gradle.org/8.13/userguide/command_line_interface.html#sec:command_line_warnings in the Gradle documentation.
iOS Build Check	Build iOS Framework	2026-01-04T19:30:39.3876110Z > Run with --stacktrace option to get the stack trace.
iOS Build Check	Build iOS Framework	2026-01-04T19:30:39.3876590Z 2 actionable tasks: 2 executed
iOS Build Check	Build iOS Framework	2026-01-04T19:30:39.3977680Z > Run with --info or --debug option to get more log output.
iOS Build Check	Build iOS Framework	2026-01-04T19:30:39.4079200Z > Run with --scan to get full insights.
iOS Build Check	Build iOS Framework	2026-01-04T19:30:39.4180150Z > Get more help at https://help.gradle.org.
iOS Build Check	Build iOS Framework	2026-01-04T19:30:39.4280950Z 
iOS Build Check	Build iOS Framework	2026-01-04T19:30:39.4387120Z BUILD FAILED in 2m 36s
iOS Build Check	Build iOS Framework	2026-01-04T19:30:40.5536720Z ##[error]Process completed with exit code 1.
iOS Build Check	Post Setup Gradle	ï»¿2026-01-04T19:30:40.5837410Z Post job cleanup.
iOS Build Check	Post Setup Gradle	2026-01-04T19:30:40.9637520Z In final post-action step, saving state and writing summary
iOS Build Check	Post Setup Gradle	2026-01-04T19:30:40.9643500Z Stopping all Gradle daemons before saving Gradle User Home state
iOS Build Check	Post Setup Gradle	2026-01-04T19:30:40.9645070Z Stopping Gradle daemons for /Users/runner/.gradle/wrapper/dists/gradle-8.13-all/54h0s9kvb6g2sinako7ub77ku/gradle-8.13
iOS Build Check	Post Setup Gradle	2026-01-04T19:30:40.9656700Z [command]/Users/runner/.gradle/wrapper/dists/gradle-8.13-all/54h0s9kvb6g2sinako7ub77ku/gradle-8.13/bin/gradle --stop
iOS Build Check	Post Setup Gradle	2026-01-04T19:30:41.5985800Z Stopping Daemon(s)
iOS Build Check	Post Setup Gradle	2026-01-04T19:30:41.5995980Z 1 Daemon stopped
iOS Build Check	Post Setup Gradle	2026-01-04T19:30:41.6250090Z ##[group]Caching Gradle state
iOS Build Check	Post Setup Gradle	2026-01-04T19:30:41.6683570Z Caching generated-gradle-jars with path '/Users/runner/.gradle/caches/8.13/generated-gradle-jars/gradle-api-8.13.jar' and cache key: generated-gradle-jars-697f81ec8d80712ce7da03f513960371
iOS Build Check	Post Setup Gradle	2026-01-04T19:30:41.7612620Z Caching wrapper-zips with path '/Users/runner/.gradle/wrapper/dists/gradle-8.13-all/54h0s9kvb6g2sinako7ub77ku' and cache key: wrapper-zips-27b0df0fa405636de00fcbfa0ab79410
iOS Build Check	Post Setup Gradle	2026-01-04T19:30:41.7675390Z [command]/opt/homebrew/bin/gtar --posix -cf cache.tzst --exclude cache.tzst -P -C /Users/runner/work/kotlin-crypto-pure/kotlin-crypto-pure --files-from manifest.txt --delay-directory-restore --use-compress-program zstdmt
iOS Build Check	Post Setup Gradle	2026-01-04T19:30:41.7677590Z [command]/opt/homebrew/bin/gtar --posix -cf cache.tzst --exclude cache.tzst -P -C /Users/runner/work/kotlin-crypto-pure/kotlin-crypto-pure --files-from manifest.txt --delay-directory-restore --use-compress-program zstdmt
iOS Build Check	Post Setup Gradle	2026-01-04T19:30:42.2465940Z Caching dependencies with path '/Users/runner/.gradle/caches/modules-*/files-*/*/*/*/*' and cache key: dependencies-a4d4fa6f4a7c6221c41297cb5042a5c7
iOS Build Check	Post Setup Gradle	2026-01-04T19:30:42.3135280Z Caching instrumented-jars with path '/Users/runner/.gradle/caches/jars-*/*' and cache key: instrumented-jars-15ce2be0574bdabe8c37e37e72c3086c
iOS Build Check	Post Setup Gradle	2026-01-04T19:30:42.4477340Z [command]/opt/homebrew/bin/gtar --posix -cf cache.tzst --exclude cache.tzst -P -C /Users/runner/work/kotlin-crypto-pure/kotlin-crypto-pure --files-from manifest.txt --delay-directory-restore --use-compress-program zstdmt
iOS Build Check	Post Setup Gradle	2026-01-04T19:30:42.4880520Z Caching kotlin-dsl with path '/Users/runner/.gradle/caches/*/kotlin-dsl/*/*' and cache key: kotlin-dsl-f37ea44656728e6163304b447d113bbe
iOS Build Check	Post Setup Gradle	2026-01-04T19:30:42.5201460Z [command]/opt/homebrew/bin/gtar --posix -cf cache.tzst --exclude cache.tzst -P -C /Users/runner/work/kotlin-crypto-pure/kotlin-crypto-pure --files-from manifest.txt --delay-directory-restore --use-compress-program zstdmt
iOS Build Check	Post Setup Gradle	2026-01-04T19:30:42.6418580Z ##[warning]Failed to save cache entry with path '/Users/runner/.gradle/caches/jars-*/*,zstd-without-long,1.0' and key: instrumented-jars-15ce2be0574bdabe8c37e37e72c3086c: Error: <h2>Our services aren't available right now</h2><p>We're working to restore all services as soon as possible. Please check back soon.</p>0479aaQAAAACo+imslKQbQJIyhMHSPXsVU04xRURHRTE2MTgARWRnZQ==
iOS Build Check	Post Setup Gradle	2026-01-04T19:30:42.6446940Z ##[warning]Failed to save cache entry with path '/Users/runner/.gradle/caches/8.13/generated-gradle-jars/gradle-api-8.13.jar,zstd-without-long,1.0' and key: generated-gradle-jars-697f81ec8d80712ce7da03f513960371: Error: <h2>Our services aren't available right now</h2><p>We're working to restore all services as soon as possible. Please check back soon.</p>0479aaQAAAADolOHIr8YhQ4W9KuzrMMhrU04xRURHRTE2MTgARWRnZQ==
iOS Build Check	Post Setup Gradle	2026-01-04T19:30:42.8231870Z [command]/opt/homebrew/bin/gtar --posix -cf cache.tzst --exclude cache.tzst -P -C /Users/runner/work/kotlin-crypto-pure/kotlin-crypto-pure --files-from manifest.txt --delay-directory-restore --use-compress-program zstdmt
iOS Build Check	Post Setup Gradle	2026-01-04T19:30:43.0139590Z ##[warning]Failed to save cache entry with path '/Users/runner/.gradle/caches/*/kotlin-dsl/*/*,zstd-without-long,1.0' and key: kotlin-dsl-f37ea44656728e6163304b447d113bbe: Error: <h2>Our services aren't available right now</h2><p>We're working to restore all services as soon as possible. Please check back soon.</p>0479aaQAAAABpxzJ68QGXTbrG0Xtry06eU04xRURHRTE2MTgARWRnZQ==
iOS Build Check	Post Setup Gradle	2026-01-04T19:30:44.2861330Z ##[warning]Failed to save cache entry with path '/Users/runner/.gradle/caches/modules-*/files-*/*/*/*/*,zstd-without-long,1.0' and key: dependencies-a4d4fa6f4a7c6221c41297cb5042a5c7: Error: <h2>Our services aren't available right now</h2><p>We're working to restore all services as soon as possible. Please check back soon.</p>05L9aaQAAAACDpnyrbvlUT7mMAr1jUnNoU04xRURHRTE2MTgARWRnZQ==
iOS Build Check	Post Setup Gradle	2026-01-04T19:30:50.2680440Z ##[warning]Failed to save cache entry with path '/Users/runner/.gradle/wrapper/dists/gradle-8.13-all/54h0s9kvb6g2sinako7ub77ku,zstd-without-long,1.0' and key: wrapper-zips-27b0df0fa405636de00fcbfa0ab79410: Error: <h2>Our services aren't available right now</h2><p>We're working to restore all services as soon as possible. Please check back soon.</p>06r9aaQAAAACdRNFF9WI6TZ32vmmXon5RU04xRURHRTIxMjEARWRnZQ==
iOS Build Check	Post Setup Gradle	2026-01-04T19:30:52.4821740Z Caching Gradle User Home with cache key: v8-gradle|macOS|ci-build-ios[37a6259cc0c1dae299a7866489dff0bd]-de6e2843a17c3c109efdef403bb0a65ef8ae43bd
iOS Build Check	Post Setup Gradle	2026-01-04T19:30:52.4831110Z [command]/opt/homebrew/bin/gtar --posix -cf cache.tzst --exclude cache.tzst -P -C /Users/runner/work/kotlin-crypto-pure/kotlin-crypto-pure --files-from manifest.txt --delay-directory-restore --use-compress-program zstdmt
iOS Build Check	Post Setup Gradle	2026-01-04T19:31:06.6355540Z ##[warning]Failed to save cache entry with path '/Users/runner/.gradle/caches,/Users/runner/.gradle/notifications,/Users/runner/.gradle/.gradle-build-action,zstd-without-long,1.0' and key: v8-gradle|macOS|ci-build-ios[37a6259cc0c1dae299a7866489dff0bd]-de6e2843a17c3c109efdef403bb0a65ef8ae43bd: Error: <h2>Our services aren't available right now</h2><p>We're working to restore all services as soon as possible. Please check back soon.</p>0+79aaQAAAABTcQxiNYe8SaxH+51WpL80U04xRURHRTE2MTEARWRnZQ==
iOS Build Check	Post Setup Gradle	2026-01-04T19:31:06.6393030Z ##[endgroup]
iOS Build Check	Post Setup Gradle	2026-01-04T19:31:06.6393430Z Writing job summary
iOS Build Check	Post Set up JDK 17	ï»¿2026-01-04T19:31:06.6823000Z Post job cleanup.
iOS Build Check	Post Run actions/checkout@v4	ï»¿2026-01-04T19:31:06.9272240Z Post job cleanup.
iOS Build Check	Post Run actions/checkout@v4	2026-01-04T19:31:07.0488810Z [command]/opt/homebrew/bin/git version
iOS Build Check	Post Run actions/checkout@v4	2026-01-04T19:31:07.1020600Z git version 2.50.1
iOS Build Check	Post Run actions/checkout@v4	2026-01-04T19:31:07.1043960Z Copying '/Users/runner/.gitconfig' to '/Users/runner/work/_temp/a83f532f-504d-4cf7-b5be-79d959a8f0bf/.gitconfig'
iOS Build Check	Post Run actions/checkout@v4	2026-01-04T19:31:07.1053280Z Temporarily overriding HOME='/Users/runner/work/_temp/a83f532f-504d-4cf7-b5be-79d959a8f0bf' before making global git config changes
iOS Build Check	Post Run actions/checkout@v4	2026-01-04T19:31:07.1054110Z Adding repository directory to the temporary git global config as a safe directory
iOS Build Check	Post Run actions/checkout@v4	2026-01-04T19:31:07.1065280Z [command]/opt/homebrew/bin/git config --global --add safe.directory /Users/runner/work/kotlin-crypto-pure/kotlin-crypto-pure
iOS Build Check	Post Run actions/checkout@v4	2026-01-04T19:31:07.1191500Z [command]/opt/homebrew/bin/git config --local --name-only --get-regexp core\.sshCommand
iOS Build Check	Post Run actions/checkout@v4	2026-01-04T19:31:07.1270970Z [command]/opt/homebrew/bin/git submodule foreach --recursive sh -c "git config --local --name-only --get-regexp 'core\.sshCommand' && git config --local --unset-all 'core.sshCommand' || :"
iOS Build Check	Post Run actions/checkout@v4	2026-01-04T19:31:07.2616180Z [command]/opt/homebrew/bin/git config --local --name-only --get-regexp http\.https\:\/\/github\.com\/\.extraheader
iOS Build Check	Post Run actions/checkout@v4	2026-01-04T19:31:07.2682400Z http.https://github.com/.extraheader
iOS Build Check	Post Run actions/checkout@v4	2026-01-04T19:31:07.2692420Z [command]/opt/homebrew/bin/git config --local --unset-all http.https://github.com/.extraheader
iOS Build Check	Post Run actions/checkout@v4	2026-01-04T19:31:07.2769100Z [command]/opt/homebrew/bin/git submodule foreach --recursive sh -c "git config --local --name-only --get-regexp 'http\.https\:\/\/github\.com\/\.extraheader' && git config --local --unset-all 'http.https://github.com/.extraheader' || :"
iOS Build Check	Post Run actions/checkout@v4	2026-01-04T19:31:07.3696970Z [command]/opt/homebrew/bin/git config --local --name-only --get-regexp ^includeIf\.gitdir:
iOS Build Check	Post Run actions/checkout@v4	2026-01-04T19:31:07.3763080Z [command]/opt/homebrew/bin/git submodule foreach --recursive git config --local --show-origin --name-only --get-regexp remote.origin.url
iOS Build Check	Complete job	ï»¿2026-01-04T19:31:07.5151530Z Cleaning up orphan processes
