watchOS Build Check	Set up job	ï»¿2026-01-04T19:15:53.6660780Z Current runner version: '2.330.0'
watchOS Build Check	Set up job	2026-01-04T19:15:53.6676610Z ##[group]Runner Image Provisioner
watchOS Build Check	Set up job	2026-01-04T19:15:53.6677140Z Hosted Compute Agent
watchOS Build Check	Set up job	2026-01-04T19:15:53.6677480Z Version: 20251211.462
watchOS Build Check	Set up job	2026-01-04T19:15:53.6677870Z Commit: 6cbad8c2bb55d58165063d031ccabf57e2d2db61
watchOS Build Check	Set up job	2026-01-04T19:15:53.6678320Z Build Date: 2025-12-11T16:28:49Z
watchOS Build Check	Set up job	2026-01-04T19:15:53.6678810Z Worker ID: {8c617433-3d4d-47c7-acf2-3469f9934e6e}
watchOS Build Check	Set up job	2026-01-04T19:15:53.6679270Z ##[endgroup]
watchOS Build Check	Set up job	2026-01-04T19:15:53.6679630Z ##[group]Operating System
watchOS Build Check	Set up job	2026-01-04T19:15:53.6679990Z macOS
watchOS Build Check	Set up job	2026-01-04T19:15:53.6680290Z 15.7.2
watchOS Build Check	Set up job	2026-01-04T19:15:53.6680550Z 24G325
watchOS Build Check	Set up job	2026-01-04T19:15:53.6680830Z ##[endgroup]
watchOS Build Check	Set up job	2026-01-04T19:15:53.6681120Z ##[group]Runner Image
watchOS Build Check	Set up job	2026-01-04T19:15:53.6681420Z Image: macos-15-arm64
watchOS Build Check	Set up job	2026-01-04T19:15:53.6681740Z Version: 20251215.0075.1
watchOS Build Check	Set up job	2026-01-04T19:15:53.6682400Z Included Software: https://github.com/actions/runner-images/blob/macos-15-arm64/20251215.0075/images/macos/macos-15-arm64-Readme.md
watchOS Build Check	Set up job	2026-01-04T19:15:53.6683330Z Image Release: https://github.com/actions/runner-images/releases/tag/macos-15-arm64%2F20251215.0075
watchOS Build Check	Set up job	2026-01-04T19:15:53.6685540Z ##[endgroup]
watchOS Build Check	Set up job	2026-01-04T19:15:53.6686410Z ##[group]GITHUB_TOKEN Permissions
watchOS Build Check	Set up job	2026-01-04T19:15:53.6687640Z Contents: read
watchOS Build Check	Set up job	2026-01-04T19:15:53.6687950Z Metadata: read
watchOS Build Check	Set up job	2026-01-04T19:15:53.6688260Z Packages: read
watchOS Build Check	Set up job	2026-01-04T19:15:53.6688590Z ##[endgroup]
watchOS Build Check	Set up job	2026-01-04T19:15:53.6690020Z Secret source: Actions
watchOS Build Check	Set up job	2026-01-04T19:15:53.6690450Z Prepare workflow directory
watchOS Build Check	Set up job	2026-01-04T19:15:53.6954110Z Prepare all required actions
watchOS Build Check	Set up job	2026-01-04T19:15:53.6987440Z Getting action download info
watchOS Build Check	Set up job	2026-01-04T19:15:53.9490660Z Download action repository 'actions/checkout@v4' (SHA:34e114876b0b11c390a56381ad16ebd13914f8d5)
watchOS Build Check	Set up job	2026-01-04T19:15:54.1880460Z Download action repository 'actions/setup-java@v4' (SHA:c1e323688fd81a25caa38c78aa6df2d33d3e20d9)
watchOS Build Check	Set up job	2026-01-04T19:15:55.6102960Z Download action repository 'gradle/gradle-build-action@v2' (SHA:a8f75513eafdebd8141bd1cd4e30fcd194af8dfa)
watchOS Build Check	Set up job	2026-01-04T19:15:57.0647920Z Complete job name: watchOS Build Check
watchOS Build Check	Run actions/checkout@v4	ï»¿2026-01-04T19:15:57.1135770Z ##[group]Run actions/checkout@v4
watchOS Build Check	Run actions/checkout@v4	2026-01-04T19:15:57.1136600Z with:
watchOS Build Check	Run actions/checkout@v4	2026-01-04T19:15:57.1137090Z   repository: ImL1s/kotlin-crypto-pure
watchOS Build Check	Run actions/checkout@v4	2026-01-04T19:15:57.1137970Z   token: ***
watchOS Build Check	Run actions/checkout@v4	2026-01-04T19:15:57.1138410Z   ssh-strict: true
watchOS Build Check	Run actions/checkout@v4	2026-01-04T19:15:57.1138870Z   ssh-user: git
watchOS Build Check	Run actions/checkout@v4	2026-01-04T19:15:57.1139350Z   persist-credentials: true
watchOS Build Check	Run actions/checkout@v4	2026-01-04T19:15:57.1139870Z   clean: true
watchOS Build Check	Run actions/checkout@v4	2026-01-04T19:15:57.1140360Z   sparse-checkout-cone-mode: true
watchOS Build Check	Run actions/checkout@v4	2026-01-04T19:15:57.1140960Z   fetch-depth: 1
watchOS Build Check	Run actions/checkout@v4	2026-01-04T19:15:57.1141430Z   fetch-tags: false
watchOS Build Check	Run actions/checkout@v4	2026-01-04T19:15:57.1141910Z   show-progress: true
watchOS Build Check	Run actions/checkout@v4	2026-01-04T19:15:57.1142410Z   lfs: false
watchOS Build Check	Run actions/checkout@v4	2026-01-04T19:15:57.1142880Z   submodules: false
watchOS Build Check	Run actions/checkout@v4	2026-01-04T19:15:57.1143380Z   set-safe-directory: true
watchOS Build Check	Run actions/checkout@v4	2026-01-04T19:15:57.1144030Z ##[endgroup]
watchOS Build Check	Run actions/checkout@v4	2026-01-04T19:15:57.3943970Z Syncing repository: ImL1s/kotlin-crypto-pure
watchOS Build Check	Run actions/checkout@v4	2026-01-04T19:15:57.3946060Z ##[group]Getting Git version info
watchOS Build Check	Run actions/checkout@v4	2026-01-04T19:15:57.3947030Z Working directory is '/Users/runner/work/kotlin-crypto-pure/kotlin-crypto-pure'
watchOS Build Check	Run actions/checkout@v4	2026-01-04T19:15:57.3948540Z [command]/opt/homebrew/bin/git version
watchOS Build Check	Run actions/checkout@v4	2026-01-04T19:15:57.4578740Z git version 2.50.1
watchOS Build Check	Run actions/checkout@v4	2026-01-04T19:15:57.4642730Z ##[endgroup]
watchOS Build Check	Run actions/checkout@v4	2026-01-04T19:15:57.4648180Z Copying '/Users/runner/.gitconfig' to '/Users/runner/work/_temp/a707c331-9c82-45af-8a38-d9295a326c89/.gitconfig'
watchOS Build Check	Run actions/checkout@v4	2026-01-04T19:15:57.4650870Z Temporarily overriding HOME='/Users/runner/work/_temp/a707c331-9c82-45af-8a38-d9295a326c89' before making global git config changes
watchOS Build Check	Run actions/checkout@v4	2026-01-04T19:15:57.4678990Z Adding repository directory to the temporary git global config as a safe directory
watchOS Build Check	Run actions/checkout@v4	2026-01-04T19:15:57.4681890Z [command]/opt/homebrew/bin/git config --global --add safe.directory /Users/runner/work/kotlin-crypto-pure/kotlin-crypto-pure
watchOS Build Check	Run actions/checkout@v4	2026-01-04T19:15:57.4722680Z Deleting the contents of '/Users/runner/work/kotlin-crypto-pure/kotlin-crypto-pure'
watchOS Build Check	Run actions/checkout@v4	2026-01-04T19:15:57.4724990Z ##[group]Initializing the repository
watchOS Build Check	Run actions/checkout@v4	2026-01-04T19:15:57.4729980Z [command]/opt/homebrew/bin/git init /Users/runner/work/kotlin-crypto-pure/kotlin-crypto-pure
watchOS Build Check	Run actions/checkout@v4	2026-01-04T19:15:57.4901170Z hint: Using 'master' as the name for the initial branch. This default branch name
watchOS Build Check	Run actions/checkout@v4	2026-01-04T19:15:57.4903940Z hint: is subject to change. To configure the initial branch name to use in all
watchOS Build Check	Run actions/checkout@v4	2026-01-04T19:15:57.4905550Z hint: of your new repositories, which will suppress this warning, call:
watchOS Build Check	Run actions/checkout@v4	2026-01-04T19:15:57.4906630Z hint:
watchOS Build Check	Run actions/checkout@v4	2026-01-04T19:15:57.4907500Z hint: 	git config --global init.defaultBranch <name>
watchOS Build Check	Run actions/checkout@v4	2026-01-04T19:15:57.4908300Z hint:
watchOS Build Check	Run actions/checkout@v4	2026-01-04T19:15:57.4909110Z hint: Names commonly chosen instead of 'master' are 'main', 'trunk' and
watchOS Build Check	Run actions/checkout@v4	2026-01-04T19:15:57.4910370Z hint: 'development'. The just-created branch can be renamed via this command:
watchOS Build Check	Run actions/checkout@v4	2026-01-04T19:15:57.4911420Z hint:
watchOS Build Check	Run actions/checkout@v4	2026-01-04T19:15:57.4915020Z hint: 	git branch -m <name>
watchOS Build Check	Run actions/checkout@v4	2026-01-04T19:15:57.4915830Z hint:
watchOS Build Check	Run actions/checkout@v4	2026-01-04T19:15:57.4916770Z hint: Disable this message with "git config set advice.defaultBranchName false"
watchOS Build Check	Run actions/checkout@v4	2026-01-04T19:15:57.4918940Z Initialized empty Git repository in /Users/runner/work/kotlin-crypto-pure/kotlin-crypto-pure/.git/
watchOS Build Check	Run actions/checkout@v4	2026-01-04T19:15:57.4959000Z [command]/opt/homebrew/bin/git remote add origin https://github.com/ImL1s/kotlin-crypto-pure
watchOS Build Check	Run actions/checkout@v4	2026-01-04T19:15:57.4976770Z ##[endgroup]
watchOS Build Check	Run actions/checkout@v4	2026-01-04T19:15:57.4977770Z ##[group]Disabling automatic garbage collection
watchOS Build Check	Run actions/checkout@v4	2026-01-04T19:15:57.4978990Z [command]/opt/homebrew/bin/git config --local gc.auto 0
watchOS Build Check	Run actions/checkout@v4	2026-01-04T19:15:57.5031670Z ##[endgroup]
watchOS Build Check	Run actions/checkout@v4	2026-01-04T19:15:57.5032600Z ##[group]Setting up auth
watchOS Build Check	Run actions/checkout@v4	2026-01-04T19:15:57.5035640Z [command]/opt/homebrew/bin/git config --local --name-only --get-regexp core\.sshCommand
watchOS Build Check	Run actions/checkout@v4	2026-01-04T19:15:57.5083180Z [command]/opt/homebrew/bin/git submodule foreach --recursive sh -c "git config --local --name-only --get-regexp 'core\.sshCommand' && git config --local --unset-all 'core.sshCommand' || :"
watchOS Build Check	Run actions/checkout@v4	2026-01-04T19:15:57.6195080Z [command]/opt/homebrew/bin/git config --local --name-only --get-regexp http\.https\:\/\/github\.com\/\.extraheader
watchOS Build Check	Run actions/checkout@v4	2026-01-04T19:15:57.6343890Z [command]/opt/homebrew/bin/git submodule foreach --recursive sh -c "git config --local --name-only --get-regexp 'http\.https\:\/\/github\.com\/\.extraheader' && git config --local --unset-all 'http.https://github.com/.extraheader' || :"
watchOS Build Check	Run actions/checkout@v4	2026-01-04T19:15:57.6947320Z [command]/opt/homebrew/bin/git config --local --name-only --get-regexp ^includeIf\.gitdir:
watchOS Build Check	Run actions/checkout@v4	2026-01-04T19:15:57.7580540Z [command]/opt/homebrew/bin/git submodule foreach --recursive git config --local --show-origin --name-only --get-regexp remote.origin.url
watchOS Build Check	Run actions/checkout@v4	2026-01-04T19:15:57.8441150Z [command]/opt/homebrew/bin/git config --local http.https://github.com/.extraheader AUTHORIZATION: basic ***
watchOS Build Check	Run actions/checkout@v4	2026-01-04T19:15:57.8442750Z ##[endgroup]
watchOS Build Check	Run actions/checkout@v4	2026-01-04T19:15:57.8443170Z ##[group]Fetching the repository
watchOS Build Check	Run actions/checkout@v4	2026-01-04T19:15:57.8444720Z [command]/opt/homebrew/bin/git -c protocol.version=2 fetch --no-tags --prune --no-recurse-submodules --depth=1 origin +5044c1085d6f4c621b1598e167ea7a375e24dedd:refs/remotes/origin/main
watchOS Build Check	Run actions/checkout@v4	2026-01-04T19:15:58.8760770Z From https://github.com/ImL1s/kotlin-crypto-pure
watchOS Build Check	Run actions/checkout@v4	2026-01-04T19:15:58.8761480Z  * [new ref]         5044c1085d6f4c621b1598e167ea7a375e24dedd -> origin/main
watchOS Build Check	Run actions/checkout@v4	2026-01-04T19:15:58.8822510Z ##[endgroup]
watchOS Build Check	Run actions/checkout@v4	2026-01-04T19:15:58.8823070Z ##[group]Determining the checkout info
watchOS Build Check	Run actions/checkout@v4	2026-01-04T19:15:58.8823490Z ##[endgroup]
watchOS Build Check	Run actions/checkout@v4	2026-01-04T19:15:58.8826510Z [command]/opt/homebrew/bin/git sparse-checkout disable
watchOS Build Check	Run actions/checkout@v4	2026-01-04T19:15:58.8891390Z [command]/opt/homebrew/bin/git config --local --unset-all extensions.worktreeConfig
watchOS Build Check	Run actions/checkout@v4	2026-01-04T19:15:58.8941210Z ##[group]Checking out the ref
watchOS Build Check	Run actions/checkout@v4	2026-01-04T19:15:58.8943690Z [command]/opt/homebrew/bin/git checkout --progress --force -B main refs/remotes/origin/main
watchOS Build Check	Run actions/checkout@v4	2026-01-04T19:15:59.0734280Z Switched to a new branch 'main'
watchOS Build Check	Run actions/checkout@v4	2026-01-04T19:15:59.0736890Z branch 'main' set up to track 'origin/main'.
watchOS Build Check	Run actions/checkout@v4	2026-01-04T19:15:59.0742410Z ##[endgroup]
watchOS Build Check	Run actions/checkout@v4	2026-01-04T19:15:59.0804770Z [command]/opt/homebrew/bin/git log -1 --format=%H
watchOS Build Check	Run actions/checkout@v4	2026-01-04T19:15:59.0850870Z 5044c1085d6f4c621b1598e167ea7a375e24dedd
watchOS Build Check	Set up JDK 17	ï»¿2026-01-04T19:15:59.1028130Z ##[group]Run actions/setup-java@v4
watchOS Build Check	Set up JDK 17	2026-01-04T19:15:59.1028630Z with:
watchOS Build Check	Set up JDK 17	2026-01-04T19:15:59.1028750Z   java-version: 17
watchOS Build Check	Set up JDK 17	2026-01-04T19:15:59.1028880Z   distribution: temurin
watchOS Build Check	Set up JDK 17	2026-01-04T19:15:59.1029020Z   java-package: jdk
watchOS Build Check	Set up JDK 17	2026-01-04T19:15:59.1029150Z   check-latest: false
watchOS Build Check	Set up JDK 17	2026-01-04T19:15:59.1029280Z   server-id: github
watchOS Build Check	Set up JDK 17	2026-01-04T19:15:59.1029430Z   server-username: GITHUB_ACTOR
watchOS Build Check	Set up JDK 17	2026-01-04T19:15:59.1029610Z   server-password: GITHUB_TOKEN
watchOS Build Check	Set up JDK 17	2026-01-04T19:15:59.1029780Z   overwrite-settings: true
watchOS Build Check	Set up JDK 17	2026-01-04T19:15:59.1030040Z   job-status: success
watchOS Build Check	Set up JDK 17	2026-01-04T19:15:59.1030290Z   token: ***
watchOS Build Check	Set up JDK 17	2026-01-04T19:15:59.1030440Z ##[endgroup]
watchOS Build Check	Set up JDK 17	2026-01-04T19:15:59.2358200Z ##[group]Installed distributions
watchOS Build Check	Set up JDK 17	2026-01-04T19:15:59.2401550Z Resolved Java 17.0.17+10 from tool-cache
watchOS Build Check	Set up JDK 17	2026-01-04T19:15:59.2403880Z Setting Java 17.0.17+10 as the default
watchOS Build Check	Set up JDK 17	2026-01-04T19:15:59.2413670Z Creating toolchains.xml for JDK version 17 from temurin
watchOS Build Check	Set up JDK 17	2026-01-04T19:15:59.2456340Z Writing to /Users/runner/.m2/toolchains.xml
watchOS Build Check	Set up JDK 17	2026-01-04T19:15:59.2457070Z 
watchOS Build Check	Set up JDK 17	2026-01-04T19:15:59.2457460Z Java configuration:
watchOS Build Check	Set up JDK 17	2026-01-04T19:15:59.2457790Z   Distribution: temurin
watchOS Build Check	Set up JDK 17	2026-01-04T19:15:59.2458080Z   Version: 17.0.17+10
watchOS Build Check	Set up JDK 17	2026-01-04T19:15:59.2458510Z   Path: /Users/runner/hostedtoolcache/Java_Temurin-Hotspot_jdk/17.0.17-10/arm64/Contents/Home
watchOS Build Check	Set up JDK 17	2026-01-04T19:15:59.2458890Z 
watchOS Build Check	Set up JDK 17	2026-01-04T19:15:59.2459290Z ##[endgroup]
watchOS Build Check	Set up JDK 17	2026-01-04T19:15:59.2474250Z Creating settings.xml with server-id: github
watchOS Build Check	Set up JDK 17	2026-01-04T19:15:59.2474520Z Writing to /Users/runner/.m2/settings.xml
watchOS Build Check	Setup Gradle	ï»¿2026-01-04T19:15:59.2583570Z ##[group]Run gradle/gradle-build-action@v2
watchOS Build Check	Setup Gradle	2026-01-04T19:15:59.2583830Z with:
watchOS Build Check	Setup Gradle	2026-01-04T19:15:59.2583980Z   cache-disabled: false
watchOS Build Check	Setup Gradle	2026-01-04T19:15:59.2584140Z   cache-read-only: false
watchOS Build Check	Setup Gradle	2026-01-04T19:15:59.2584360Z   cache-write-only: false
watchOS Build Check	Setup Gradle	2026-01-04T19:15:59.2584530Z   cache-overwrite-existing: false
watchOS Build Check	Setup Gradle	2026-01-04T19:15:59.2584750Z   gradle-home-cache-includes: caches
watchOS Build Check	Setup Gradle	notifications
watchOS Build Check	Setup Gradle	
watchOS Build Check	Setup Gradle	2026-01-04T19:15:59.2585040Z   gradle-home-cache-cleanup: false
watchOS Build Check	Setup Gradle	2026-01-04T19:15:59.2585240Z   generate-job-summary: true
watchOS Build Check	Setup Gradle	2026-01-04T19:15:59.2585430Z   dependency-graph: disabled
watchOS Build Check	Setup Gradle	2026-01-04T19:15:59.2585610Z   gradle-home-cache-strict-match: false
watchOS Build Check	Setup Gradle	2026-01-04T19:15:59.2585870Z   workflow-job-context: null
watchOS Build Check	Setup Gradle	2026-01-04T19:15:59.2586190Z   github-token: ***
watchOS Build Check	Setup Gradle	2026-01-04T19:15:59.2586380Z env:
watchOS Build Check	Setup Gradle	2026-01-04T19:15:59.2586700Z   JAVA_HOME: /Users/runner/hostedtoolcache/Java_Temurin-Hotspot_jdk/17.0.17-10/arm64/Contents/Home
watchOS Build Check	Setup Gradle	2026-01-04T19:15:59.2587260Z   JAVA_HOME_17_ARM64: /Users/runner/hostedtoolcache/Java_Temurin-Hotspot_jdk/17.0.17-10/arm64/Contents/Home
watchOS Build Check	Setup Gradle	2026-01-04T19:15:59.2587650Z ##[endgroup]
watchOS Build Check	Setup Gradle	2026-01-04T19:15:59.5438740Z ##[group]Restore Gradle state from cache
watchOS Build Check	Setup Gradle	2026-01-04T19:15:59.7176720Z ##[warning]Failed to restore v8-gradle|macOS|ci-build-watchos[37a6259cc0c1dae299a7866489dff0bd]-5044c1085d6f4c621b1598e167ea7a375e24dedd: Error: Cache service responded with 400
watchOS Build Check	Setup Gradle	2026-01-04T19:15:59.7201820Z Gradle User Home cache not found. Will initialize empty.
watchOS Build Check	Setup Gradle	2026-01-04T19:15:59.7203620Z ##[endgroup]
watchOS Build Check	Build watchOS Framework	ï»¿2026-01-04T19:15:59.7333610Z ##[group]Run ./gradlew :crypto-core:compileKotlinWatchosArm64
watchOS Build Check	Build watchOS Framework	2026-01-04T19:15:59.7334080Z [36;1m./gradlew :crypto-core:compileKotlinWatchosArm64[0m
watchOS Build Check	Build watchOS Framework	2026-01-04T19:15:59.7371790Z shell: /bin/bash -e {0}
watchOS Build Check	Build watchOS Framework	2026-01-04T19:15:59.7372030Z env:
watchOS Build Check	Build watchOS Framework	2026-01-04T19:15:59.7372340Z   JAVA_HOME: /Users/runner/hostedtoolcache/Java_Temurin-Hotspot_jdk/17.0.17-10/arm64/Contents/Home
watchOS Build Check	Build watchOS Framework	2026-01-04T19:15:59.7372850Z   JAVA_HOME_17_ARM64: /Users/runner/hostedtoolcache/Java_Temurin-Hotspot_jdk/17.0.17-10/arm64/Contents/Home
watchOS Build Check	Build watchOS Framework	2026-01-04T19:15:59.7373240Z   GRADLE_BUILD_ACTION_SETUP_COMPLETED: true
watchOS Build Check	Build watchOS Framework	2026-01-04T19:15:59.7373470Z   GRADLE_BUILD_ACTION_CACHE_RESTORED: true
watchOS Build Check	Build watchOS Framework	2026-01-04T19:15:59.7373670Z ##[endgroup]
watchOS Build Check	Build watchOS Framework	2026-01-04T19:15:59.8867900Z Downloading https://services.gradle.org/distributions/gradle-8.13-all.zip
watchOS Build Check	Build watchOS Framework	2026-01-04T19:16:05.3178750Z ......................10%......................20%......................30%......................40%......................50%......................60%......................70%.......................80%......................90%......................100%
watchOS Build Check	Build watchOS Framework	2026-01-04T19:16:09.8780430Z 
watchOS Build Check	Build watchOS Framework	2026-01-04T19:16:09.8780870Z Welcome to Gradle 8.13!
watchOS Build Check	Build watchOS Framework	2026-01-04T19:16:09.8794740Z 
watchOS Build Check	Build watchOS Framework	2026-01-04T19:16:09.8842680Z Here are the highlights of this release:
watchOS Build Check	Build watchOS Framework	2026-01-04T19:16:09.8910110Z  - Daemon JVM auto-provisioning
watchOS Build Check	Build watchOS Framework	2026-01-04T19:16:09.8910740Z  - Enhancements for Scala plugin and JUnit testing
watchOS Build Check	Build watchOS Framework	2026-01-04T19:16:09.8911150Z  - Improvements for build authors and plugin developers
watchOS Build Check	Build watchOS Framework	2026-01-04T19:16:09.8911430Z 
watchOS Build Check	Build watchOS Framework	2026-01-04T19:16:09.8911680Z For more details see https://docs.gradle.org/8.13/release-notes.html
watchOS Build Check	Build watchOS Framework	2026-01-04T19:16:09.8912300Z 
watchOS Build Check	Build watchOS Framework	2026-01-04T19:16:09.8912550Z Starting a Gradle Daemon (subsequent builds will be faster)
watchOS Build Check	Build watchOS Framework	2026-01-04T19:16:54.9395170Z 
watchOS Build Check	Build watchOS Framework	2026-01-04T19:16:54.9421010Z > Configure project :crypto-core
watchOS Build Check	Build watchOS Framework	2026-01-04T19:16:54.9422690Z w: file:///Users/runner/work/kotlin-crypto-pure/kotlin-crypto-pure/crypto-core/build.gradle.kts:25:21: 'defFile: File' is deprecated. Deprecated because it is a non-lazy property.
watchOS Build Check	Build watchOS Framework	2026-01-04T19:16:54.9445080Z w: file:///Users/runner/work/kotlin-crypto-pure/kotlin-crypto-pure/crypto-core/build.gradle.kts:36:21: 'defFile: File' is deprecated. Deprecated because it is a non-lazy property.
watchOS Build Check	Build watchOS Framework	2026-01-04T19:16:54.9446900Z w: file:///Users/runner/work/kotlin-crypto-pure/kotlin-crypto-pure/crypto-core/build.gradle.kts:47:21: 'defFile: File' is deprecated. Deprecated because it is a non-lazy property.
watchOS Build Check	Build watchOS Framework	2026-01-04T19:16:54.9447910Z w: file:///Users/runner/work/kotlin-crypto-pure/kotlin-crypto-pure/crypto-core/build.gradle.kts:59:21: 'defFile: File' is deprecated. Deprecated because it is a non-lazy property.
watchOS Build Check	Build watchOS Framework	2026-01-04T19:16:54.9448940Z w: file:///Users/runner/work/kotlin-crypto-pure/kotlin-crypto-pure/crypto-core/build.gradle.kts:70:21: 'defFile: File' is deprecated. Deprecated because it is a non-lazy property.
watchOS Build Check	Build watchOS Framework	2026-01-04T19:16:54.9449960Z w: file:///Users/runner/work/kotlin-crypto-pure/kotlin-crypto-pure/crypto-core/build.gradle.kts:81:21: 'defFile: File' is deprecated. Deprecated because it is a non-lazy property.
watchOS Build Check	Build watchOS Framework	2026-01-04T19:16:55.9584250Z w: The Default Kotlin Hierarchy Template was not applied to 'project ':crypto-core'':
watchOS Build Check	Build watchOS Framework	2026-01-04T19:16:55.9592330Z Explicit .dependsOn() edges were configured for the following source sets:
watchOS Build Check	Build watchOS Framework	2026-01-04T19:16:55.9611030Z [iosArm64Main, iosArm64Test, iosMain, iosSimulatorArm64Main, iosSimulatorArm64Test, iosX64Main, iosX64Test, jvmMain, jvmTest, nativeMain, nativeTest, watchosArm64Main, watchosArm64Test, watchosMain, watchosSimulatorArm64Main, watchosSimulatorArm64Test, watchosX64Main, watchosX64Test]
watchOS Build Check	Build watchOS Framework	2026-01-04T19:16:55.9612230Z 
watchOS Build Check	Build watchOS Framework	2026-01-04T19:16:55.9612420Z Consider removing dependsOn-calls or disabling the default template by adding
watchOS Build Check	Build watchOS Framework	2026-01-04T19:16:55.9613010Z     'kotlin.mpp.applyDefaultHierarchyTemplate=false'
watchOS Build Check	Build watchOS Framework	2026-01-04T19:16:55.9613690Z to your gradle.properties
watchOS Build Check	Build watchOS Framework	2026-01-04T19:16:55.9613880Z 
watchOS Build Check	Build watchOS Framework	2026-01-04T19:16:55.9614050Z Learn more about hierarchy templates: https://kotl.in/hierarchy-template
watchOS Build Check	Build watchOS Framework	2026-01-04T19:16:55.9614420Z 
watchOS Build Check	Build watchOS Framework	2026-01-04T19:16:58.0717750Z 
watchOS Build Check	Build watchOS Framework	2026-01-04T19:16:58.0719610Z > Configure project :demo-cli
watchOS Build Check	Build watchOS Framework	2026-01-04T19:16:58.0720360Z w: file:///Users/runner/work/kotlin-crypto-pure/kotlin-crypto-pure/demo-cli/build.gradle.kts:7:9: Experimental API in the Kotlin Gradle Plugin: No stability guarantees can be provided. The API could get removed in the future without replacement
watchOS Build Check	Build watchOS Framework	2026-01-04T19:16:58.0721600Z w: file:///Users/runner/work/kotlin-crypto-pure/kotlin-crypto-pure/demo-cli/build.gradle.kts:8:13: Experimental API in the Kotlin Gradle Plugin: No stability guarantees can be provided. The API could get removed in the future without replacement
watchOS Build Check	Build watchOS Framework	2026-01-04T19:16:58.0722420Z 
watchOS Build Check	Build watchOS Framework	2026-01-04T19:16:58.0722600Z > Task :crypto-core:checkKotlinGradlePluginConfigurationErrors SKIPPED
watchOS Build Check	Build watchOS Framework	2026-01-04T19:17:28.0373090Z > Task :crypto-core:cinteropCommonCryptoWatchosArm64
watchOS Build Check	Build watchOS Framework	2026-01-04T19:17:41.6973870Z Downloading native dependencies (LLVM, sysroot etc). This is a one-time action performed only on the first run of the compiler.
watchOS Build Check	Build watchOS Framework	2026-01-04T19:17:44.4568870Z Done.
watchOS Build Check	Build watchOS Framework	2026-01-04T19:17:44.4569650Z Extracting dependency: /Users/runner/.konan/dependencies/cache/llvm-16.0.0-aarch64-macos-essentials-63.tar.gz into /Users/runner/.konan/dependencies
watchOS Build Check	Build watchOS Framework	2026-01-04T19:17:46.5968240Z Done.
watchOS Build Check	Build watchOS Framework	2026-01-04T19:17:46.5969570Z Extracting dependency: /Users/runner/.konan/dependencies/cache/libffi-3.3-1-macos-arm64.tar.gz into /Users/runner/.konan/dependencies
watchOS Build Check	Build watchOS Framework	2026-01-04T19:18:07.4052700Z 
watchOS Build Check	Build watchOS Framework	2026-01-04T19:18:07.4055070Z e: file:///Users/runner/work/kotlin-crypto-pure/kotlin-crypto-pure/crypto-core/src/commonMain/kotlin/io/github/iml1s/crypto/Blake2b.kt:42:29 Unresolved reference 'clone'.
watchOS Build Check	Build watchOS Framework	2026-01-04T19:18:07.4056560Z > Task :crypto-core:compileKotlinWatchosArm64 FAILED
watchOS Build Check	Build watchOS Framework	2026-01-04T19:18:07.4067890Z e: file:///Users/runner/work/kotlin-crypto-pure/kotlin-crypto-pure/crypto-core/src/commonMain/kotlin/io/github/iml1s/crypto/Blake2b.kt:44:25 Cannot infer type for this parameter. Please specify it explicitly.
watchOS Build Check	Build watchOS Framework	2026-01-04T19:18:07.4068490Z 
watchOS Build Check	Build watchOS Framework	2026-01-04T19:18:07.4088210Z e: file:///Users/runner/work/kotlin-crypto-pure/kotlin-crypto-pure/crypto-core/src/commonMain/kotlin/io/github/iml1s/crypto/Blake2b.kt:44:39 Unresolved reference 'xor'.
watchOS Build Check	Build watchOS Framework	2026-01-04T19:18:07.4089240Z [Incubating] Problems report is available at: file:///Users/runner/work/kotlin-crypto-pure/kotlin-crypto-pure/build/reports/problems/problems-report.html
watchOS Build Check	Build watchOS Framework	2026-01-04T19:18:07.4090440Z e: file:///Users/runner/work/kotlin-crypto-pure/kotlin-crypto-pure/crypto-core/src/commonMain/kotlin/io/github/iml1s/crypto/Blake2b.kt:49:29 Cannot infer type for this parameter. Please specify it explicitly.
watchOS Build Check	Build watchOS Framework	2026-01-04T19:18:07.4091000Z 
watchOS Build Check	Build watchOS Framework	2026-01-04T19:18:07.4091610Z e: file:///Users/runner/work/kotlin-crypto-pure/kotlin-crypto-pure/crypto-core/src/commonMain/kotlin/io/github/iml1s/crypto/Blake2b.kt:49:43 Unresolved reference 'xor'.
watchOS Build Check	Build watchOS Framework	2026-01-04T19:18:07.4092320Z Deprecated Gradle features were used in this build, making it incompatible with Gradle 9.0.
watchOS Build Check	Build watchOS Framework	2026-01-04T19:18:07.4093320Z e: file:///Users/runner/work/kotlin-crypto-pure/kotlin-crypto-pure/crypto-core/src/commonMain/kotlin/io/github/iml1s/crypto/Blake2b.kt:50:29 Cannot infer type for this parameter. Please specify it explicitly.
watchOS Build Check	Build watchOS Framework	2026-01-04T19:18:07.4093880Z 
watchOS Build Check	Build watchOS Framework	2026-01-04T19:18:07.4094700Z e: file:///Users/runner/work/kotlin-crypto-pure/kotlin-crypto-pure/crypto-core/src/commonMain/kotlin/io/github/iml1s/crypto/Blake2b.kt:50:43 Unresolved reference 'xor'.
watchOS Build Check	Build watchOS Framework	2026-01-04T19:18:07.4095500Z You can use '--warning-mode all' to show the individual deprecation warnings and determine if they come from your own scripts or plugins.
watchOS Build Check	Build watchOS Framework	2026-01-04T19:18:07.4097350Z e: file:///Users/runner/work/kotlin-crypto-pure/kotlin-crypto-pure/crypto-core/src/commonMain/kotlin/io/github/iml1s/crypto/Blake2b.kt:56:29 Cannot infer type for this parameter. Please specify it explicitly.
watchOS Build Check	Build watchOS Framework	2026-01-04T19:18:07.4098000Z 
watchOS Build Check	Build watchOS Framework	2026-01-04T19:18:07.4098600Z e: file:///Users/runner/work/kotlin-crypto-pure/kotlin-crypto-pure/crypto-core/src/commonMain/kotlin/io/github/iml1s/crypto/Blake2b.kt:56:43 Unresolved reference 'xor'.
watchOS Build Check	Build watchOS Framework	2026-01-04T19:18:07.4100070Z For more on this, please refer to https://docs.gradle.org/8.13/userguide/command_line_interface.html#sec:command_line_warnings in the Gradle documentation.
watchOS Build Check	Build watchOS Framework	2026-01-04T19:18:07.4105220Z e: file:///Users/runner/work/kotlin-crypto-pure/kotlin-crypto-pure/crypto-core/src/commonMain/kotlin/io/github/iml1s/crypto/Blake2b.kt:57:29 Cannot infer type for this parameter. Please specify it explicitly.
watchOS Build Check	Build watchOS Framework	2026-01-04T19:18:07.4105930Z 2 actionable tasks: 2 executed
watchOS Build Check	Build watchOS Framework	2026-01-04T19:18:07.4106690Z e: file:///Users/runner/work/kotlin-crypto-pure/kotlin-crypto-pure/crypto-core/src/commonMain/kotlin/io/github/iml1s/crypto/Blake2b.kt:57:43 Unresolved reference 'xor'.
watchOS Build Check	Build watchOS Framework	2026-01-04T19:18:07.4110510Z e: file:///Users/runner/work/kotlin-crypto-pure/kotlin-crypto-pure/crypto-core/src/commonMain/kotlin/io/github/iml1s/crypto/Ristretto255.kt:167:33 Unresolved reference 'Character'.
watchOS Build Check	Build watchOS Framework	2026-01-04T19:18:07.4111620Z e: file:///Users/runner/work/kotlin-crypto-pure/kotlin-crypto-pure/crypto-core/src/commonMain/kotlin/io/github/iml1s/crypto/Ristretto255.kt:167:68 Unresolved reference 'Character'.
watchOS Build Check	Build watchOS Framework	2026-01-04T19:18:07.4112800Z e: file:///Users/runner/work/kotlin-crypto-pure/kotlin-crypto-pure/crypto-core/src/nativeMain/kotlin/io/github/iml1s/crypto/Sha512.native.kt:8:28 Unresolved reference 'CC_SHA512_DIGEST_LENGTH'.
watchOS Build Check	Build watchOS Framework	2026-01-04T19:18:07.4114470Z e: file:///Users/runner/work/kotlin-crypto-pure/kotlin-crypto-pure/crypto-core/src/nativeMain/kotlin/io/github/iml1s/crypto/Sha512.native.kt:9:10 Cannot infer type for this parameter. Please specify it explicitly.
watchOS Build Check	Build watchOS Framework	2026-01-04T19:18:07.4115680Z e: file:///Users/runner/work/kotlin-crypto-pure/kotlin-crypto-pure/crypto-core/src/nativeMain/kotlin/io/github/iml1s/crypto/Sha512.native.kt:9:10 Not enough information to infer type argument for 'R'.
watchOS Build Check	Build watchOS Framework	2026-01-04T19:18:07.4116960Z e: file:///Users/runner/work/kotlin-crypto-pure/kotlin-crypto-pure/crypto-core/src/nativeMain/kotlin/io/github/iml1s/crypto/Sha512.native.kt:10:16 Cannot infer type for this parameter. Please specify it explicitly.
watchOS Build Check	Build watchOS Framework	2026-01-04T19:18:07.4118190Z e: file:///Users/runner/work/kotlin-crypto-pure/kotlin-crypto-pure/crypto-core/src/nativeMain/kotlin/io/github/iml1s/crypto/Sha512.native.kt:10:16 Not enough information to infer type argument for 'R'.
watchOS Build Check	Build watchOS Framework	2026-01-04T19:18:07.4119350Z e: file:///Users/runner/work/kotlin-crypto-pure/kotlin-crypto-pure/crypto-core/src/nativeMain/kotlin/io/github/iml1s/crypto/Sha512.native.kt:11:13 Unresolved reference 'CC_SHA512'.
watchOS Build Check	Build watchOS Framework	2026-01-04T19:18:07.4120110Z 
watchOS Build Check	Build watchOS Framework	2026-01-04T19:18:07.4129180Z FAILURE: Build failed with an exception.
watchOS Build Check	Build watchOS Framework	2026-01-04T19:18:07.4129540Z 
watchOS Build Check	Build watchOS Framework	2026-01-04T19:18:07.4129940Z * What went wrong:
watchOS Build Check	Build watchOS Framework	2026-01-04T19:18:07.4130580Z Execution failed for task ':crypto-core:compileKotlinWatchosArm64'.
watchOS Build Check	Build watchOS Framework	2026-01-04T19:18:07.4131220Z > Compilation finished with errors
watchOS Build Check	Build watchOS Framework	2026-01-04T19:18:07.4131580Z 
watchOS Build Check	Build watchOS Framework	2026-01-04T19:18:07.4131760Z * Try:
watchOS Build Check	Build watchOS Framework	2026-01-04T19:18:07.4132260Z > Run with --stacktrace option to get the stack trace.
watchOS Build Check	Build watchOS Framework	2026-01-04T19:18:07.4132850Z > Run with --info or --debug option to get more log output.
watchOS Build Check	Build watchOS Framework	2026-01-04T19:18:07.4133380Z > Run with --scan to get full insights.
watchOS Build Check	Build watchOS Framework	2026-01-04T19:18:07.4134270Z > Get more help at https://help.gradle.org.
watchOS Build Check	Build watchOS Framework	2026-01-04T19:18:07.4134550Z 
watchOS Build Check	Build watchOS Framework	2026-01-04T19:18:07.4136880Z BUILD FAILED in 2m 7s
watchOS Build Check	Build watchOS Framework	2026-01-04T19:18:09.0204570Z ##[error]Process completed with exit code 1.
watchOS Build Check	Post Setup Gradle	ï»¿2026-01-04T19:18:09.0578180Z Post job cleanup.
watchOS Build Check	Post Setup Gradle	2026-01-04T19:18:09.4498260Z In final post-action step, saving state and writing summary
watchOS Build Check	Post Setup Gradle	2026-01-04T19:18:09.4528360Z Stopping all Gradle daemons before saving Gradle User Home state
watchOS Build Check	Post Setup Gradle	2026-01-04T19:18:09.4530070Z Stopping Gradle daemons for /Users/runner/.gradle/wrapper/dists/gradle-8.13-all/54h0s9kvb6g2sinako7ub77ku/gradle-8.13
watchOS Build Check	Post Setup Gradle	2026-01-04T19:18:09.4531040Z [command]/Users/runner/.gradle/wrapper/dists/gradle-8.13-all/54h0s9kvb6g2sinako7ub77ku/gradle-8.13/bin/gradle --stop
watchOS Build Check	Post Setup Gradle	2026-01-04T19:18:09.9261040Z Stopping Daemon(s)
watchOS Build Check	Post Setup Gradle	2026-01-04T19:18:09.9266460Z 1 Daemon stopped
watchOS Build Check	Post Setup Gradle	2026-01-04T19:18:09.9435260Z ##[group]Caching Gradle state
watchOS Build Check	Post Setup Gradle	2026-01-04T19:18:09.9603050Z Caching generated-gradle-jars with path '/Users/runner/.gradle/caches/8.13/generated-gradle-jars/gradle-api-8.13.jar' and cache key: generated-gradle-jars-697f81ec8d80712ce7da03f513960371
watchOS Build Check	Post Setup Gradle	2026-01-04T19:18:09.9640470Z Caching wrapper-zips with path '/Users/runner/.gradle/wrapper/dists/gradle-8.13-all/54h0s9kvb6g2sinako7ub77ku' and cache key: wrapper-zips-27b0df0fa405636de00fcbfa0ab79410
watchOS Build Check	Post Setup Gradle	2026-01-04T19:18:10.0332320Z [command]/opt/homebrew/bin/gtar --posix -cf cache.tzst --exclude cache.tzst -P -C /Users/runner/work/kotlin-crypto-pure/kotlin-crypto-pure --files-from manifest.txt --delay-directory-restore --use-compress-program zstdmt
watchOS Build Check	Post Setup Gradle	2026-01-04T19:18:10.0333570Z [command]/opt/homebrew/bin/gtar --posix -cf cache.tzst --exclude cache.tzst -P -C /Users/runner/work/kotlin-crypto-pure/kotlin-crypto-pure --files-from manifest.txt --delay-directory-restore --use-compress-program zstdmt
watchOS Build Check	Post Setup Gradle	2026-01-04T19:18:10.4196590Z Caching dependencies with path '/Users/runner/.gradle/caches/modules-*/files-*/*/*/*/*' and cache key: dependencies-513559ae45b56a68d4f09ee68909475b
watchOS Build Check	Post Setup Gradle	2026-01-04T19:18:10.5812170Z Caching instrumented-jars with path '/Users/runner/.gradle/caches/jars-*/*' and cache key: instrumented-jars-15ce2be0574bdabe8c37e37e72c3086c
watchOS Build Check	Post Setup Gradle	2026-01-04T19:18:10.8688480Z [command]/opt/homebrew/bin/gtar --posix -cf cache.tzst --exclude cache.tzst -P -C /Users/runner/work/kotlin-crypto-pure/kotlin-crypto-pure --files-from manifest.txt --delay-directory-restore --use-compress-program zstdmt
watchOS Build Check	Post Setup Gradle	2026-01-04T19:18:10.8690890Z Caching kotlin-dsl with path '/Users/runner/.gradle/caches/*/kotlin-dsl/*/*' and cache key: kotlin-dsl-f37ea44656728e6163304b447d113bbe
watchOS Build Check	Post Setup Gradle	2026-01-04T19:18:11.0348240Z [command]/opt/homebrew/bin/gtar --posix -cf cache.tzst --exclude cache.tzst -P -C /Users/runner/work/kotlin-crypto-pure/kotlin-crypto-pure --files-from manifest.txt --delay-directory-restore --use-compress-program zstdmt
watchOS Build Check	Post Setup Gradle	2026-01-04T19:18:11.3396420Z ##[warning]Failed to save cache entry with path '/Users/runner/.gradle/caches/jars-*/*,zstd-without-long,1.0' and key: instrumented-jars-15ce2be0574bdabe8c37e37e72c3086c: Error: <h2>Our services aren't available right now</h2><p>We're working to restore all services as soon as possible. Please check back soon.</p>087xaaQAAAAC/nR5kxVdISoCerIhBNuzqUEhMMzBFREdFMDIyMgBFZGdl
watchOS Build Check	Post Setup Gradle	2026-01-04T19:18:11.3419920Z ##[warning]Failed to save cache entry with path '/Users/runner/.gradle/caches/8.13/generated-gradle-jars/gradle-api-8.13.jar,zstd-without-long,1.0' and key: generated-gradle-jars-697f81ec8d80712ce7da03f513960371: Error: <h2>Our services aren't available right now</h2><p>We're working to restore all services as soon as possible. Please check back soon.</p>087xaaQAAAABLIRfD0r68TY+w6/NbnXIrUEhMMzBFREdFMDIyMgBFZGdl
watchOS Build Check	Post Setup Gradle	2026-01-04T19:18:11.8388610Z [command]/opt/homebrew/bin/gtar --posix -cf cache.tzst --exclude cache.tzst -P -C /Users/runner/work/kotlin-crypto-pure/kotlin-crypto-pure --files-from manifest.txt --delay-directory-restore --use-compress-program zstdmt
watchOS Build Check	Post Setup Gradle	2026-01-04T19:18:11.8793860Z ##[warning]Failed to save cache entry with path '/Users/runner/.gradle/caches/*/kotlin-dsl/*/*,zstd-without-long,1.0' and key: kotlin-dsl-f37ea44656728e6163304b447d113bbe: Error: <h2>Our services aren't available right now</h2><p>We're working to restore all services as soon as possible. Please check back soon.</p>087xaaQAAAAA9fPHaSxsyTqZVul9mYjpSUEhMMzBFREdFMDIyMgBFZGdl
watchOS Build Check	Post Setup Gradle	2026-01-04T19:18:12.5412330Z ##[warning]Failed to save cache entry with path '/Users/runner/.gradle/caches/modules-*/files-*/*/*/*/*,zstd-without-long,1.0' and key: dependencies-513559ae45b56a68d4f09ee68909475b: Error: <h2>Our services aren't available right now</h2><p>We're working to restore all services as soon as possible. Please check back soon.</p>09LxaaQAAAACgeBwlLPCwR4fznQR/FYfsUEhMMzBFREdFMDIyMgBFZGdl
watchOS Build Check	Post Setup Gradle	2026-01-04T19:18:19.6308260Z ##[warning]Failed to save cache entry with path '/Users/runner/.gradle/wrapper/dists/gradle-8.13-all/54h0s9kvb6g2sinako7ub77ku,zstd-without-long,1.0' and key: wrapper-zips-27b0df0fa405636de00fcbfa0ab79410: Error: <h2>Our services aren't available right now</h2><p>We're working to restore all services as soon as possible. Please check back soon.</p>0+7xaaQAAAAAZ3mR3smtaQJArezYyo/zjUEhMMzBFREdFMDIxMwBFZGdl
watchOS Build Check	Post Setup Gradle	2026-01-04T19:18:21.1004760Z Caching Gradle User Home with cache key: v8-gradle|macOS|ci-build-watchos[37a6259cc0c1dae299a7866489dff0bd]-5044c1085d6f4c621b1598e167ea7a375e24dedd
watchOS Build Check	Post Setup Gradle	2026-01-04T19:18:21.1083100Z [command]/opt/homebrew/bin/gtar --posix -cf cache.tzst --exclude cache.tzst -P -C /Users/runner/work/kotlin-crypto-pure/kotlin-crypto-pure --files-from manifest.txt --delay-directory-restore --use-compress-program zstdmt
watchOS Build Check	Post Setup Gradle	2026-01-04T19:18:33.2056150Z ##[warning]Failed to save cache entry with path '/Users/runner/.gradle/caches,/Users/runner/.gradle/notifications,/Users/runner/.gradle/.gradle-build-action,zstd-without-long,1.0' and key: v8-gradle|macOS|ci-build-watchos[37a6259cc0c1dae299a7866489dff0bd]-5044c1085d6f4c621b1598e167ea7a375e24dedd: Error: <h2>Our services aren't available right now</h2><p>We're working to restore all services as soon as possible. Please check back soon.</p>0Cb1aaQAAAAAgUXD+PpFZSb6Bk0N939NyUEhMMzBFREdFMDQyMABFZGdl
watchOS Build Check	Post Setup Gradle	2026-01-04T19:18:33.2066430Z ##[endgroup]
watchOS Build Check	Post Setup Gradle	2026-01-04T19:18:33.2066680Z Writing job summary
watchOS Build Check	Post Set up JDK 17	ï»¿2026-01-04T19:18:33.2769530Z Post job cleanup.
watchOS Build Check	Post Run actions/checkout@v4	ï»¿2026-01-04T19:18:33.4510240Z Post job cleanup.
watchOS Build Check	Post Run actions/checkout@v4	2026-01-04T19:18:33.5498530Z [command]/opt/homebrew/bin/git version
watchOS Build Check	Post Run actions/checkout@v4	2026-01-04T19:18:33.6044860Z git version 2.50.1
watchOS Build Check	Post Run actions/checkout@v4	2026-01-04T19:18:33.6070790Z Copying '/Users/runner/.gitconfig' to '/Users/runner/work/_temp/cff57002-fd0b-4e4b-99e9-c721af26ec75/.gitconfig'
watchOS Build Check	Post Run actions/checkout@v4	2026-01-04T19:18:33.6078950Z Temporarily overriding HOME='/Users/runner/work/_temp/cff57002-fd0b-4e4b-99e9-c721af26ec75' before making global git config changes
watchOS Build Check	Post Run actions/checkout@v4	2026-01-04T19:18:33.6079650Z Adding repository directory to the temporary git global config as a safe directory
watchOS Build Check	Post Run actions/checkout@v4	2026-01-04T19:18:33.6083180Z [command]/opt/homebrew/bin/git config --global --add safe.directory /Users/runner/work/kotlin-crypto-pure/kotlin-crypto-pure
watchOS Build Check	Post Run actions/checkout@v4	2026-01-04T19:18:33.6320470Z [command]/opt/homebrew/bin/git config --local --name-only --get-regexp core\.sshCommand
watchOS Build Check	Post Run actions/checkout@v4	2026-01-04T19:18:33.6388580Z [command]/opt/homebrew/bin/git submodule foreach --recursive sh -c "git config --local --name-only --get-regexp 'core\.sshCommand' && git config --local --unset-all 'core.sshCommand' || :"
watchOS Build Check	Post Run actions/checkout@v4	2026-01-04T19:18:33.7506080Z [command]/opt/homebrew/bin/git config --local --name-only --get-regexp http\.https\:\/\/github\.com\/\.extraheader
watchOS Build Check	Post Run actions/checkout@v4	2026-01-04T19:18:33.7561970Z http.https://github.com/.extraheader
watchOS Build Check	Post Run actions/checkout@v4	2026-01-04T19:18:33.7570130Z [command]/opt/homebrew/bin/git config --local --unset-all http.https://github.com/.extraheader
watchOS Build Check	Post Run actions/checkout@v4	2026-01-04T19:18:33.7634230Z [command]/opt/homebrew/bin/git submodule foreach --recursive sh -c "git config --local --name-only --get-regexp 'http\.https\:\/\/github\.com\/\.extraheader' && git config --local --unset-all 'http.https://github.com/.extraheader' || :"
watchOS Build Check	Post Run actions/checkout@v4	2026-01-04T19:18:33.9415470Z [command]/opt/homebrew/bin/git config --local --name-only --get-regexp ^includeIf\.gitdir:
watchOS Build Check	Post Run actions/checkout@v4	2026-01-04T19:18:33.9490050Z [command]/opt/homebrew/bin/git submodule foreach --recursive git config --local --show-origin --name-only --get-regexp remote.origin.url
watchOS Build Check	Complete job	ï»¿2026-01-04T19:18:34.0401480Z Cleaning up orphan processes
iOS Build Check	Set up job	ï»¿2026-01-04T19:15:54.8458280Z Current runner version: '2.330.0'
iOS Build Check	Set up job	2026-01-04T19:15:54.8473220Z ##[group]Runner Image Provisioner
iOS Build Check	Set up job	2026-01-04T19:15:54.8473690Z Hosted Compute Agent
iOS Build Check	Set up job	2026-01-04T19:15:54.8474010Z Version: 20251211.462
iOS Build Check	Set up job	2026-01-04T19:15:54.8474380Z Commit: 6cbad8c2bb55d58165063d031ccabf57e2d2db61
iOS Build Check	Set up job	2026-01-04T19:15:54.8474820Z Build Date: 2025-12-11T16:28:49Z
iOS Build Check	Set up job	2026-01-04T19:15:54.8475210Z Worker ID: {3b5f433e-0f57-4398-9956-f16303090b9e}
iOS Build Check	Set up job	2026-01-04T19:15:54.8475620Z ##[endgroup]
iOS Build Check	Set up job	2026-01-04T19:15:54.8475940Z ##[group]Operating System
iOS Build Check	Set up job	2026-01-04T19:15:54.8476280Z macOS
iOS Build Check	Set up job	2026-01-04T19:15:54.8476560Z 15.7.2
iOS Build Check	Set up job	2026-01-04T19:15:54.8476820Z 24G325
iOS Build Check	Set up job	2026-01-04T19:15:54.8477080Z ##[endgroup]
iOS Build Check	Set up job	2026-01-04T19:15:54.8477370Z ##[group]Runner Image
iOS Build Check	Set up job	2026-01-04T19:15:54.8477690Z Image: macos-15-arm64
iOS Build Check	Set up job	2026-01-04T19:15:54.8478000Z Version: 20251215.0075.1
iOS Build Check	Set up job	2026-01-04T19:15:54.8478670Z Included Software: https://github.com/actions/runner-images/blob/macos-15-arm64/20251215.0075/images/macos/macos-15-arm64-Readme.md
iOS Build Check	Set up job	2026-01-04T19:15:54.8479600Z Image Release: https://github.com/actions/runner-images/releases/tag/macos-15-arm64%2F20251215.0075
iOS Build Check	Set up job	2026-01-04T19:15:54.8480250Z ##[endgroup]
iOS Build Check	Set up job	2026-01-04T19:15:54.8480910Z ##[group]GITHUB_TOKEN Permissions
iOS Build Check	Set up job	2026-01-04T19:15:54.8481980Z Contents: read
iOS Build Check	Set up job	2026-01-04T19:15:54.8482290Z Metadata: read
iOS Build Check	Set up job	2026-01-04T19:15:54.8482570Z Packages: read
iOS Build Check	Set up job	2026-01-04T19:15:54.8482850Z ##[endgroup]
iOS Build Check	Set up job	2026-01-04T19:15:54.8484130Z Secret source: Actions
iOS Build Check	Set up job	2026-01-04T19:15:54.8484510Z Prepare workflow directory
iOS Build Check	Set up job	2026-01-04T19:15:54.8735190Z Prepare all required actions
iOS Build Check	Set up job	2026-01-04T19:15:54.8764990Z Getting action download info
iOS Build Check	Set up job	2026-01-04T19:15:55.2035640Z Download action repository 'actions/checkout@v4' (SHA:34e114876b0b11c390a56381ad16ebd13914f8d5)
iOS Build Check	Set up job	2026-01-04T19:15:55.4866190Z Download action repository 'actions/setup-java@v4' (SHA:c1e323688fd81a25caa38c78aa6df2d33d3e20d9)
iOS Build Check	Set up job	2026-01-04T19:15:56.7272400Z Download action repository 'gradle/gradle-build-action@v2' (SHA:a8f75513eafdebd8141bd1cd4e30fcd194af8dfa)
iOS Build Check	Set up job	2026-01-04T19:15:58.0880950Z Complete job name: iOS Build Check
iOS Build Check	Run actions/checkout@v4	ï»¿2026-01-04T19:15:58.1330370Z ##[group]Run actions/checkout@v4
iOS Build Check	Run actions/checkout@v4	2026-01-04T19:15:58.1331160Z with:
iOS Build Check	Run actions/checkout@v4	2026-01-04T19:15:58.1331650Z   repository: ImL1s/kotlin-crypto-pure
iOS Build Check	Run actions/checkout@v4	2026-01-04T19:15:58.1332500Z   token: ***
iOS Build Check	Run actions/checkout@v4	2026-01-04T19:15:58.1332940Z   ssh-strict: true
iOS Build Check	Run actions/checkout@v4	2026-01-04T19:15:58.1333400Z   ssh-user: git
iOS Build Check	Run actions/checkout@v4	2026-01-04T19:15:58.1333870Z   persist-credentials: true
iOS Build Check	Run actions/checkout@v4	2026-01-04T19:15:58.1334400Z   clean: true
iOS Build Check	Run actions/checkout@v4	2026-01-04T19:15:58.1334890Z   sparse-checkout-cone-mode: true
iOS Build Check	Run actions/checkout@v4	2026-01-04T19:15:58.1335480Z   fetch-depth: 1
iOS Build Check	Run actions/checkout@v4	2026-01-04T19:15:58.1335940Z   fetch-tags: false
iOS Build Check	Run actions/checkout@v4	2026-01-04T19:15:58.1336420Z   show-progress: true
iOS Build Check	Run actions/checkout@v4	2026-01-04T19:15:58.1336910Z   lfs: false
iOS Build Check	Run actions/checkout@v4	2026-01-04T19:15:58.1337380Z   submodules: false
iOS Build Check	Run actions/checkout@v4	2026-01-04T19:15:58.1337880Z   set-safe-directory: true
iOS Build Check	Run actions/checkout@v4	2026-01-04T19:15:58.1338530Z ##[endgroup]
iOS Build Check	Run actions/checkout@v4	2026-01-04T19:15:58.4318990Z Syncing repository: ImL1s/kotlin-crypto-pure
iOS Build Check	Run actions/checkout@v4	2026-01-04T19:15:58.4322050Z ##[group]Getting Git version info
iOS Build Check	Run actions/checkout@v4	2026-01-04T19:15:58.4322720Z Working directory is '/Users/runner/work/kotlin-crypto-pure/kotlin-crypto-pure'
iOS Build Check	Run actions/checkout@v4	2026-01-04T19:15:58.4323570Z [command]/opt/homebrew/bin/git version
iOS Build Check	Run actions/checkout@v4	2026-01-04T19:15:58.4739740Z git version 2.50.1
iOS Build Check	Run actions/checkout@v4	2026-01-04T19:15:58.4765170Z ##[endgroup]
iOS Build Check	Run actions/checkout@v4	2026-01-04T19:15:58.4772550Z Copying '/Users/runner/.gitconfig' to '/Users/runner/work/_temp/ea9084ae-4d8a-4993-8791-245519b97c43/.gitconfig'
iOS Build Check	Run actions/checkout@v4	2026-01-04T19:15:58.4785590Z Temporarily overriding HOME='/Users/runner/work/_temp/ea9084ae-4d8a-4993-8791-245519b97c43' before making global git config changes
iOS Build Check	Run actions/checkout@v4	2026-01-04T19:15:58.4786400Z Adding repository directory to the temporary git global config as a safe directory
iOS Build Check	Run actions/checkout@v4	2026-01-04T19:15:58.4790170Z [command]/opt/homebrew/bin/git config --global --add safe.directory /Users/runner/work/kotlin-crypto-pure/kotlin-crypto-pure
iOS Build Check	Run actions/checkout@v4	2026-01-04T19:15:58.5089970Z Deleting the contents of '/Users/runner/work/kotlin-crypto-pure/kotlin-crypto-pure'
iOS Build Check	Run actions/checkout@v4	2026-01-04T19:15:58.5195930Z ##[group]Initializing the repository
iOS Build Check	Run actions/checkout@v4	2026-01-04T19:15:58.5368650Z [command]/opt/homebrew/bin/git init /Users/runner/work/kotlin-crypto-pure/kotlin-crypto-pure
iOS Build Check	Run actions/checkout@v4	2026-01-04T19:15:58.5472650Z hint: Using 'master' as the name for the initial branch. This default branch name
iOS Build Check	Run actions/checkout@v4	2026-01-04T19:15:58.5585130Z hint: is subject to change. To configure the initial branch name to use in all
iOS Build Check	Run actions/checkout@v4	2026-01-04T19:15:58.5697500Z hint: of your new repositories, which will suppress this warning, call:
iOS Build Check	Run actions/checkout@v4	2026-01-04T19:15:58.5802450Z hint:
iOS Build Check	Run actions/checkout@v4	2026-01-04T19:15:58.5922770Z hint: 	git config --global init.defaultBranch <name>
iOS Build Check	Run actions/checkout@v4	2026-01-04T19:15:58.6024560Z hint:
iOS Build Check	Run actions/checkout@v4	2026-01-04T19:15:58.6126010Z hint: Names commonly chosen instead of 'master' are 'main', 'trunk' and
iOS Build Check	Run actions/checkout@v4	2026-01-04T19:15:58.6232890Z hint: 'development'. The just-created branch can be renamed via this command:
iOS Build Check	Run actions/checkout@v4	2026-01-04T19:15:58.6334740Z hint:
iOS Build Check	Run actions/checkout@v4	2026-01-04T19:15:58.6436290Z hint: 	git branch -m <name>
iOS Build Check	Run actions/checkout@v4	2026-01-04T19:15:58.6468720Z hint:
iOS Build Check	Run actions/checkout@v4	2026-01-04T19:15:58.6504460Z hint: Disable this message with "git config set advice.defaultBranchName false"
iOS Build Check	Run actions/checkout@v4	2026-01-04T19:15:58.6505990Z Initialized empty Git repository in /Users/runner/work/kotlin-crypto-pure/kotlin-crypto-pure/.git/
iOS Build Check	Run actions/checkout@v4	2026-01-04T19:15:58.6507800Z [command]/opt/homebrew/bin/git remote add origin https://github.com/ImL1s/kotlin-crypto-pure
iOS Build Check	Run actions/checkout@v4	2026-01-04T19:15:58.6517620Z ##[endgroup]
iOS Build Check	Run actions/checkout@v4	2026-01-04T19:15:58.6518120Z ##[group]Disabling automatic garbage collection
iOS Build Check	Run actions/checkout@v4	2026-01-04T19:15:58.6518580Z [command]/opt/homebrew/bin/git config --local gc.auto 0
iOS Build Check	Run actions/checkout@v4	2026-01-04T19:15:58.6519860Z ##[endgroup]
iOS Build Check	Run actions/checkout@v4	2026-01-04T19:15:58.6520220Z ##[group]Setting up auth
iOS Build Check	Run actions/checkout@v4	2026-01-04T19:15:58.6520620Z [command]/opt/homebrew/bin/git config --local --name-only --get-regexp core\.sshCommand
iOS Build Check	Run actions/checkout@v4	2026-01-04T19:15:58.6522250Z [command]/opt/homebrew/bin/git submodule foreach --recursive sh -c "git config --local --name-only --get-regexp 'core\.sshCommand' && git config --local --unset-all 'core.sshCommand' || :"
iOS Build Check	Run actions/checkout@v4	2026-01-04T19:15:58.6928480Z [command]/opt/homebrew/bin/git config --local --name-only --get-regexp http\.https\:\/\/github\.com\/\.extraheader
iOS Build Check	Run actions/checkout@v4	2026-01-04T19:15:58.6941560Z [command]/opt/homebrew/bin/git submodule foreach --recursive sh -c "git config --local --name-only --get-regexp 'http\.https\:\/\/github\.com\/\.extraheader' && git config --local --unset-all 'http.https://github.com/.extraheader' || :"
iOS Build Check	Run actions/checkout@v4	2026-01-04T19:15:58.7743250Z [command]/opt/homebrew/bin/git config --local --name-only --get-regexp ^includeIf\.gitdir:
iOS Build Check	Run actions/checkout@v4	2026-01-04T19:15:58.7783530Z [command]/opt/homebrew/bin/git submodule foreach --recursive git config --local --show-origin --name-only --get-regexp remote.origin.url
iOS Build Check	Run actions/checkout@v4	2026-01-04T19:15:58.8524600Z [command]/opt/homebrew/bin/git config --local http.https://github.com/.extraheader AUTHORIZATION: basic ***
iOS Build Check	Run actions/checkout@v4	2026-01-04T19:15:58.8577290Z ##[endgroup]
iOS Build Check	Run actions/checkout@v4	2026-01-04T19:15:58.8577830Z ##[group]Fetching the repository
iOS Build Check	Run actions/checkout@v4	2026-01-04T19:15:58.8582370Z [command]/opt/homebrew/bin/git -c protocol.version=2 fetch --no-tags --prune --no-recurse-submodules --depth=1 origin +5044c1085d6f4c621b1598e167ea7a375e24dedd:refs/remotes/origin/main
iOS Build Check	Run actions/checkout@v4	2026-01-04T19:15:59.7914320Z From https://github.com/ImL1s/kotlin-crypto-pure
iOS Build Check	Run actions/checkout@v4	2026-01-04T19:15:59.7918780Z  * [new ref]         5044c1085d6f4c621b1598e167ea7a375e24dedd -> origin/main
iOS Build Check	Run actions/checkout@v4	2026-01-04T19:15:59.8006510Z ##[endgroup]
iOS Build Check	Run actions/checkout@v4	2026-01-04T19:15:59.8007050Z ##[group]Determining the checkout info
iOS Build Check	Run actions/checkout@v4	2026-01-04T19:15:59.8007850Z ##[endgroup]
iOS Build Check	Run actions/checkout@v4	2026-01-04T19:15:59.8011700Z [command]/opt/homebrew/bin/git sparse-checkout disable
iOS Build Check	Run actions/checkout@v4	2026-01-04T19:15:59.8160780Z [command]/opt/homebrew/bin/git config --local --unset-all extensions.worktreeConfig
iOS Build Check	Run actions/checkout@v4	2026-01-04T19:15:59.8294180Z ##[group]Checking out the ref
iOS Build Check	Run actions/checkout@v4	2026-01-04T19:15:59.8331040Z [command]/opt/homebrew/bin/git checkout --progress --force -B main refs/remotes/origin/main
iOS Build Check	Run actions/checkout@v4	2026-01-04T19:16:00.1020410Z Switched to a new branch 'main'
iOS Build Check	Run actions/checkout@v4	2026-01-04T19:16:00.1027400Z branch 'main' set up to track 'origin/main'.
iOS Build Check	Run actions/checkout@v4	2026-01-04T19:16:00.1050080Z ##[endgroup]
iOS Build Check	Run actions/checkout@v4	2026-01-04T19:16:00.1157330Z [command]/opt/homebrew/bin/git log -1 --format=%H
iOS Build Check	Run actions/checkout@v4	2026-01-04T19:16:00.1216050Z 5044c1085d6f4c621b1598e167ea7a375e24dedd
iOS Build Check	Set up JDK 17	ï»¿2026-01-04T19:16:00.1389570Z ##[group]Run actions/setup-java@v4
iOS Build Check	Set up JDK 17	2026-01-04T19:16:00.1390040Z with:
iOS Build Check	Set up JDK 17	2026-01-04T19:16:00.1390170Z   java-version: 17
iOS Build Check	Set up JDK 17	2026-01-04T19:16:00.1390310Z   distribution: temurin
iOS Build Check	Set up JDK 17	2026-01-04T19:16:00.1390460Z   java-package: jdk
iOS Build Check	Set up JDK 17	2026-01-04T19:16:00.1390600Z   check-latest: false
iOS Build Check	Set up JDK 17	2026-01-04T19:16:00.1390730Z   server-id: github
iOS Build Check	Set up JDK 17	2026-01-04T19:16:00.1390910Z   server-username: GITHUB_ACTOR
iOS Build Check	Set up JDK 17	2026-01-04T19:16:00.1391080Z   server-password: GITHUB_TOKEN
iOS Build Check	Set up JDK 17	2026-01-04T19:16:00.1391250Z   overwrite-settings: true
iOS Build Check	Set up JDK 17	2026-01-04T19:16:00.1391490Z   job-status: success
iOS Build Check	Set up JDK 17	2026-01-04T19:16:00.1391710Z   token: ***
iOS Build Check	Set up JDK 17	2026-01-04T19:16:00.1391850Z ##[endgroup]
iOS Build Check	Set up JDK 17	2026-01-04T19:16:00.2803710Z ##[group]Installed distributions
iOS Build Check	Set up JDK 17	2026-01-04T19:16:00.2844090Z Resolved Java 17.0.17+10 from tool-cache
iOS Build Check	Set up JDK 17	2026-01-04T19:16:00.2844340Z Setting Java 17.0.17+10 as the default
iOS Build Check	Set up JDK 17	2026-01-04T19:16:00.2854040Z Creating toolchains.xml for JDK version 17 from temurin
iOS Build Check	Set up JDK 17	2026-01-04T19:16:00.2898140Z Writing to /Users/runner/.m2/toolchains.xml
iOS Build Check	Set up JDK 17	2026-01-04T19:16:00.2898800Z 
iOS Build Check	Set up JDK 17	2026-01-04T19:16:00.2899210Z Java configuration:
iOS Build Check	Set up JDK 17	2026-01-04T19:16:00.2899510Z   Distribution: temurin
iOS Build Check	Set up JDK 17	2026-01-04T19:16:00.2899710Z   Version: 17.0.17+10
iOS Build Check	Set up JDK 17	2026-01-04T19:16:00.2900510Z   Path: /Users/runner/hostedtoolcache/Java_Temurin-Hotspot_jdk/17.0.17-10/arm64/Contents/Home
iOS Build Check	Set up JDK 17	2026-01-04T19:16:00.2900820Z 
iOS Build Check	Set up JDK 17	2026-01-04T19:16:00.2901550Z ##[endgroup]
iOS Build Check	Set up JDK 17	2026-01-04T19:16:00.2916180Z Creating settings.xml with server-id: github
iOS Build Check	Set up JDK 17	2026-01-04T19:16:00.2916430Z Writing to /Users/runner/.m2/settings.xml
iOS Build Check	Setup Gradle	ï»¿2026-01-04T19:16:00.3027670Z ##[group]Run gradle/gradle-build-action@v2
iOS Build Check	Setup Gradle	2026-01-04T19:16:00.3027900Z with:
iOS Build Check	Setup Gradle	2026-01-04T19:16:00.3028040Z   cache-disabled: false
iOS Build Check	Setup Gradle	2026-01-04T19:16:00.3028190Z   cache-read-only: false
iOS Build Check	Setup Gradle	2026-01-04T19:16:00.3028340Z   cache-write-only: false
iOS Build Check	Setup Gradle	2026-01-04T19:16:00.3028510Z   cache-overwrite-existing: false
iOS Build Check	Setup Gradle	2026-01-04T19:16:00.3028710Z   gradle-home-cache-includes: caches
iOS Build Check	Setup Gradle	notifications
iOS Build Check	Setup Gradle	
iOS Build Check	Setup Gradle	2026-01-04T19:16:00.3028950Z   gradle-home-cache-cleanup: false
iOS Build Check	Setup Gradle	2026-01-04T19:16:00.3029120Z   generate-job-summary: true
iOS Build Check	Setup Gradle	2026-01-04T19:16:00.3029290Z   dependency-graph: disabled
iOS Build Check	Setup Gradle	2026-01-04T19:16:00.3029470Z   gradle-home-cache-strict-match: false
iOS Build Check	Setup Gradle	2026-01-04T19:16:00.3029660Z   workflow-job-context: null
iOS Build Check	Setup Gradle	2026-01-04T19:16:00.3029890Z   github-token: ***
iOS Build Check	Setup Gradle	2026-01-04T19:16:00.3030010Z env:
iOS Build Check	Setup Gradle	2026-01-04T19:16:00.3030250Z   JAVA_HOME: /Users/runner/hostedtoolcache/Java_Temurin-Hotspot_jdk/17.0.17-10/arm64/Contents/Home
iOS Build Check	Setup Gradle	2026-01-04T19:16:00.3030700Z   JAVA_HOME_17_ARM64: /Users/runner/hostedtoolcache/Java_Temurin-Hotspot_jdk/17.0.17-10/arm64/Contents/Home
iOS Build Check	Setup Gradle	2026-01-04T19:16:00.3031020Z ##[endgroup]
iOS Build Check	Setup Gradle	2026-01-04T19:16:00.7110640Z ##[group]Restore Gradle state from cache
iOS Build Check	Setup Gradle	2026-01-04T19:16:00.8197700Z ##[warning]Failed to restore v8-gradle|macOS|ci-build-ios[37a6259cc0c1dae299a7866489dff0bd]-5044c1085d6f4c621b1598e167ea7a375e24dedd: Error: Cache service responded with 400
iOS Build Check	Setup Gradle	2026-01-04T19:16:00.8213770Z Gradle User Home cache not found. Will initialize empty.
iOS Build Check	Setup Gradle	2026-01-04T19:16:00.8214230Z ##[endgroup]
iOS Build Check	Build iOS Framework	ï»¿2026-01-04T19:16:00.8289460Z ##[group]Run ./gradlew :crypto-core:compileKotlinIosArm64
iOS Build Check	Build iOS Framework	2026-01-04T19:16:00.8289910Z [36;1m./gradlew :crypto-core:compileKotlinIosArm64[0m
iOS Build Check	Build iOS Framework	2026-01-04T19:16:00.8495920Z shell: /bin/bash -e {0}
iOS Build Check	Build iOS Framework	2026-01-04T19:16:00.8496340Z env:
iOS Build Check	Build iOS Framework	2026-01-04T19:16:00.8496690Z   JAVA_HOME: /Users/runner/hostedtoolcache/Java_Temurin-Hotspot_jdk/17.0.17-10/arm64/Contents/Home
iOS Build Check	Build iOS Framework	2026-01-04T19:16:00.8497210Z   JAVA_HOME_17_ARM64: /Users/runner/hostedtoolcache/Java_Temurin-Hotspot_jdk/17.0.17-10/arm64/Contents/Home
iOS Build Check	Build iOS Framework	2026-01-04T19:16:00.8497610Z   GRADLE_BUILD_ACTION_SETUP_COMPLETED: true
iOS Build Check	Build iOS Framework	2026-01-04T19:16:00.8497830Z   GRADLE_BUILD_ACTION_CACHE_RESTORED: true
iOS Build Check	Build iOS Framework	2026-01-04T19:16:00.8498030Z ##[endgroup]
iOS Build Check	Build iOS Framework	2026-01-04T19:16:00.9904310Z Downloading https://services.gradle.org/distributions/gradle-8.13-all.zip
iOS Build Check	Build iOS Framework	2026-01-04T19:16:06.9528300Z ......................10%......................20%......................30%......................40%......................50%......................60%......................70%.......................80%......................90%......................100%
iOS Build Check	Build iOS Framework	2026-01-04T19:16:14.7018230Z 
iOS Build Check	Build iOS Framework	2026-01-04T19:16:14.7084190Z Welcome to Gradle 8.13!
iOS Build Check	Build iOS Framework	2026-01-04T19:16:14.7085130Z 
iOS Build Check	Build iOS Framework	2026-01-04T19:16:14.7112140Z Here are the highlights of this release:
iOS Build Check	Build iOS Framework	2026-01-04T19:16:14.7113030Z  - Daemon JVM auto-provisioning
iOS Build Check	Build iOS Framework	2026-01-04T19:16:14.7114590Z  - Enhancements for Scala plugin and JUnit testing
iOS Build Check	Build iOS Framework	2026-01-04T19:16:14.7116310Z  - Improvements for build authors and plugin developers
iOS Build Check	Build iOS Framework	2026-01-04T19:16:14.7127090Z 
iOS Build Check	Build iOS Framework	2026-01-04T19:16:14.7140420Z For more details see https://docs.gradle.org/8.13/release-notes.html
iOS Build Check	Build iOS Framework	2026-01-04T19:16:14.7142130Z 
iOS Build Check	Build iOS Framework	2026-01-04T19:16:14.7152430Z Starting a Gradle Daemon (subsequent builds will be faster)
iOS Build Check	Build iOS Framework	2026-01-04T19:17:38.9274440Z 
iOS Build Check	Build iOS Framework	2026-01-04T19:17:38.9276190Z > Configure project :crypto-core
iOS Build Check	Build iOS Framework	2026-01-04T19:17:38.9276980Z w: file:///Users/runner/work/kotlin-crypto-pure/kotlin-crypto-pure/crypto-core/build.gradle.kts:25:21: 'defFile: File' is deprecated. Deprecated because it is a non-lazy property.
iOS Build Check	Build iOS Framework	2026-01-04T19:17:38.9278940Z w: file:///Users/runner/work/kotlin-crypto-pure/kotlin-crypto-pure/crypto-core/build.gradle.kts:36:21: 'defFile: File' is deprecated. Deprecated because it is a non-lazy property.
iOS Build Check	Build iOS Framework	2026-01-04T19:17:38.9280870Z w: file:///Users/runner/work/kotlin-crypto-pure/kotlin-crypto-pure/crypto-core/build.gradle.kts:47:21: 'defFile: File' is deprecated. Deprecated because it is a non-lazy property.
iOS Build Check	Build iOS Framework	2026-01-04T19:17:38.9281810Z w: file:///Users/runner/work/kotlin-crypto-pure/kotlin-crypto-pure/crypto-core/build.gradle.kts:59:21: 'defFile: File' is deprecated. Deprecated because it is a non-lazy property.
iOS Build Check	Build iOS Framework	2026-01-04T19:17:38.9282730Z w: file:///Users/runner/work/kotlin-crypto-pure/kotlin-crypto-pure/crypto-core/build.gradle.kts:70:21: 'defFile: File' is deprecated. Deprecated because it is a non-lazy property.
iOS Build Check	Build iOS Framework	2026-01-04T19:17:38.9283700Z w: file:///Users/runner/work/kotlin-crypto-pure/kotlin-crypto-pure/crypto-core/build.gradle.kts:81:21: 'defFile: File' is deprecated. Deprecated because it is a non-lazy property.
iOS Build Check	Build iOS Framework	2026-01-04T19:17:41.5639920Z w: The Default Kotlin Hierarchy Template was not applied to 'project ':crypto-core'':
iOS Build Check	Build iOS Framework	2026-01-04T19:17:41.5741700Z Explicit .dependsOn() edges were configured for the following source sets:
iOS Build Check	Build iOS Framework	2026-01-04T19:17:41.5843960Z [iosArm64Main, iosArm64Test, iosMain, iosSimulatorArm64Main, iosSimulatorArm64Test, iosX64Main, iosX64Test, jvmMain, jvmTest, nativeMain, nativeTest, watchosArm64Main, watchosArm64Test, watchosMain, watchosSimulatorArm64Main, watchosSimulatorArm64Test, watchosX64Main, watchosX64Test]
iOS Build Check	Build iOS Framework	2026-01-04T19:17:41.5943190Z 
iOS Build Check	Build iOS Framework	2026-01-04T19:17:41.6044390Z Consider removing dependsOn-calls or disabling the default template by adding
iOS Build Check	Build iOS Framework	2026-01-04T19:17:41.6145760Z     'kotlin.mpp.applyDefaultHierarchyTemplate=false'
iOS Build Check	Build iOS Framework	2026-01-04T19:17:41.6247190Z to your gradle.properties
iOS Build Check	Build iOS Framework	2026-01-04T19:17:41.6348030Z 
iOS Build Check	Build iOS Framework	2026-01-04T19:17:41.6454670Z Learn more about hierarchy templates: https://kotl.in/hierarchy-template
iOS Build Check	Build iOS Framework	2026-01-04T19:17:41.6557560Z 
iOS Build Check	Build iOS Framework	2026-01-04T19:17:45.8029090Z 
iOS Build Check	Build iOS Framework	2026-01-04T19:17:45.8118340Z > Configure project :demo-cli
iOS Build Check	Build iOS Framework	2026-01-04T19:17:45.8149820Z w: file:///Users/runner/work/kotlin-crypto-pure/kotlin-crypto-pure/demo-cli/build.gradle.kts:7:9: Experimental API in the Kotlin Gradle Plugin: No stability guarantees can be provided. The API could get removed in the future without replacement
iOS Build Check	Build iOS Framework	2026-01-04T19:17:45.8451740Z w: file:///Users/runner/work/kotlin-crypto-pure/kotlin-crypto-pure/demo-cli/build.gradle.kts:8:13: Experimental API in the Kotlin Gradle Plugin: No stability guarantees can be provided. The API could get removed in the future without replacement
iOS Build Check	Build iOS Framework	2026-01-04T19:17:46.2030830Z 
iOS Build Check	Build iOS Framework	2026-01-04T19:17:46.2031510Z > Task :crypto-core:checkKotlinGradlePluginConfigurationErrors SKIPPED
iOS Build Check	Build iOS Framework	2026-01-04T19:18:16.1863260Z > Task :crypto-core:cinteropCommonCryptoIosArm64
iOS Build Check	Build iOS Framework	2026-01-04T19:19:19.9124380Z Downloading native dependencies (LLVM, sysroot etc). This is a one-time action performed only on the first run of the compiler.
iOS Build Check	Build iOS Framework	2026-01-04T19:19:23.3763430Z Done.
iOS Build Check	Build iOS Framework	2026-01-04T19:19:23.3869370Z Extracting dependency: /Users/runner/.konan/dependencies/cache/llvm-16.0.0-aarch64-macos-essentials-63.tar.gz into /Users/runner/.konan/dependencies
iOS Build Check	Build iOS Framework	2026-01-04T19:19:27.5788830Z Done.
iOS Build Check	Build iOS Framework	2026-01-04T19:19:27.5792940Z Extracting dependency: /Users/runner/.konan/dependencies/cache/libffi-3.3-1-macos-arm64.tar.gz into /Users/runner/.konan/dependencies
iOS Build Check	Build iOS Framework	2026-01-04T19:20:06.0276830Z 
iOS Build Check	Build iOS Framework	2026-01-04T19:20:06.0286070Z e: file:///Users/runner/work/kotlin-crypto-pure/kotlin-crypto-pure/crypto-core/src/commonMain/kotlin/io/github/iml1s/crypto/Blake2b.kt:42:29 Unresolved reference 'clone'.
iOS Build Check	Build iOS Framework	2026-01-04T19:20:06.0378540Z > Task :crypto-core:compileKotlinIosArm64 FAILED
iOS Build Check	Build iOS Framework	2026-01-04T19:20:06.0396420Z e: file:///Users/runner/work/kotlin-crypto-pure/kotlin-crypto-pure/crypto-core/src/commonMain/kotlin/io/github/iml1s/crypto/Blake2b.kt:44:25 Cannot infer type for this parameter. Please specify it explicitly.
iOS Build Check	Build iOS Framework	2026-01-04T19:20:06.0505460Z e: file:///Users/runner/work/kotlin-crypto-pure/kotlin-crypto-pure/crypto-core/src/commonMain/kotlin/io/github/iml1s/crypto/Blake2b.kt:44:39 Unresolved reference 'xor'.
iOS Build Check	Build iOS Framework	2026-01-04T19:20:06.0602020Z e: file:///Users/runner/work/kotlin-crypto-pure/kotlin-crypto-pure/crypto-core/src/commonMain/kotlin/io/github/iml1s/crypto/Blake2b.kt:49:29 Cannot infer type for this parameter. Please specify it explicitly.
iOS Build Check	Build iOS Framework	2026-01-04T19:20:06.0695640Z e: file:///Users/runner/work/kotlin-crypto-pure/kotlin-crypto-pure/crypto-core/src/commonMain/kotlin/io/github/iml1s/crypto/Blake2b.kt:49:43 Unresolved reference 'xor'.
iOS Build Check	Build iOS Framework	2026-01-04T19:20:06.0750090Z e: file:///Users/runner/work/kotlin-crypto-pure/kotlin-crypto-pure/crypto-core/src/commonMain/kotlin/io/github/iml1s/crypto/Blake2b.kt:50:29 Cannot infer type for this parameter. Please specify it explicitly.
iOS Build Check	Build iOS Framework	2026-01-04T19:20:06.0855660Z e: file:///Users/runner/work/kotlin-crypto-pure/kotlin-crypto-pure/crypto-core/src/commonMain/kotlin/io/github/iml1s/crypto/Blake2b.kt:50:43 Unresolved reference 'xor'.
iOS Build Check	Build iOS Framework	2026-01-04T19:20:06.0960040Z e: file:///Users/runner/work/kotlin-crypto-pure/kotlin-crypto-pure/crypto-core/src/commonMain/kotlin/io/github/iml1s/crypto/Blake2b.kt:56:29 Cannot infer type for this parameter. Please specify it explicitly.
iOS Build Check	Build iOS Framework	2026-01-04T19:20:06.1073450Z e: file:///Users/runner/work/kotlin-crypto-pure/kotlin-crypto-pure/crypto-core/src/commonMain/kotlin/io/github/iml1s/crypto/Blake2b.kt:56:43 Unresolved reference 'xor'.
iOS Build Check	Build iOS Framework	2026-01-04T19:20:06.1185580Z e: file:///Users/runner/work/kotlin-crypto-pure/kotlin-crypto-pure/crypto-core/src/commonMain/kotlin/io/github/iml1s/crypto/Blake2b.kt:57:29 Cannot infer type for this parameter. Please specify it explicitly.
iOS Build Check	Build iOS Framework	2026-01-04T19:20:06.1288270Z e: file:///Users/runner/work/kotlin-crypto-pure/kotlin-crypto-pure/crypto-core/src/commonMain/kotlin/io/github/iml1s/crypto/Blake2b.kt:57:43 Unresolved reference 'xor'.
iOS Build Check	Build iOS Framework	2026-01-04T19:20:06.1398070Z e: file:///Users/runner/work/kotlin-crypto-pure/kotlin-crypto-pure/crypto-core/src/commonMain/kotlin/io/github/iml1s/crypto/Ristretto255.kt:167:33 Unresolved reference 'Character'.
iOS Build Check	Build iOS Framework	2026-01-04T19:20:06.1500560Z e: file:///Users/runner/work/kotlin-crypto-pure/kotlin-crypto-pure/crypto-core/src/commonMain/kotlin/io/github/iml1s/crypto/Ristretto255.kt:167:68 Unresolved reference 'Character'.
iOS Build Check	Build iOS Framework	2026-01-04T19:20:06.1558460Z e: file:///Users/runner/work/kotlin-crypto-pure/kotlin-crypto-pure/crypto-core/src/nativeMain/kotlin/io/github/iml1s/crypto/Sha512.native.kt:8:28 Unresolved reference 'CC_SHA512_DIGEST_LENGTH'.
iOS Build Check	Build iOS Framework	2026-01-04T19:20:06.1575630Z e: file:///Users/runner/work/kotlin-crypto-pure/kotlin-crypto-pure/crypto-core/src/nativeMain/kotlin/io/github/iml1s/crypto/Sha512.native.kt:9:10 Cannot infer type for this parameter. Please specify it explicitly.
iOS Build Check	Build iOS Framework	2026-01-04T19:20:06.1677950Z e: file:///Users/runner/work/kotlin-crypto-pure/kotlin-crypto-pure/crypto-core/src/nativeMain/kotlin/io/github/iml1s/crypto/Sha512.native.kt:9:10 Not enough information to infer type argument for 'R'.
iOS Build Check	Build iOS Framework	2026-01-04T19:20:06.1767530Z e: file:///Users/runner/work/kotlin-crypto-pure/kotlin-crypto-pure/crypto-core/src/nativeMain/kotlin/io/github/iml1s/crypto/Sha512.native.kt:10:16 Cannot infer type for this parameter. Please specify it explicitly.
iOS Build Check	Build iOS Framework	2026-01-04T19:20:06.1874300Z e: file:///Users/runner/work/kotlin-crypto-pure/kotlin-crypto-pure/crypto-core/src/nativeMain/kotlin/io/github/iml1s/crypto/Sha512.native.kt:10:16 Not enough information to infer type argument for 'R'.
iOS Build Check	Build iOS Framework	2026-01-04T19:20:06.1950820Z e: file:///Users/runner/work/kotlin-crypto-pure/kotlin-crypto-pure/crypto-core/src/nativeMain/kotlin/io/github/iml1s/crypto/Sha512.native.kt:11:13 Unresolved reference 'CC_SHA512'.
iOS Build Check	Build iOS Framework	2026-01-04T19:20:06.3438920Z 
iOS Build Check	Build iOS Framework	2026-01-04T19:20:06.3439100Z 
iOS Build Check	Build iOS Framework	2026-01-04T19:20:06.3543110Z FAILURE: Build failed with an exception.
iOS Build Check	Build iOS Framework	2026-01-04T19:20:06.3545070Z [Incubating] Problems report is available at: file:///Users/runner/work/kotlin-crypto-pure/kotlin-crypto-pure/build/reports/problems/problems-report.html
iOS Build Check	Build iOS Framework	2026-01-04T19:20:06.3570050Z 
iOS Build Check	Build iOS Framework	2026-01-04T19:20:06.3570160Z 
iOS Build Check	Build iOS Framework	2026-01-04T19:20:06.3572160Z * What went wrong:
iOS Build Check	Build iOS Framework	2026-01-04T19:20:06.3573370Z Deprecated Gradle features were used in this build, making it incompatible with Gradle 9.0.
iOS Build Check	Build iOS Framework	2026-01-04T19:20:06.3576580Z Execution failed for task ':crypto-core:compileKotlinIosArm64'.
iOS Build Check	Build iOS Framework	2026-01-04T19:20:06.3577580Z 
iOS Build Check	Build iOS Framework	2026-01-04T19:20:06.3578530Z > Compilation finished with errors
iOS Build Check	Build iOS Framework	2026-01-04T19:20:06.3579100Z You can use '--warning-mode all' to show the individual deprecation warnings and determine if they come from your own scripts or plugins.
iOS Build Check	Build iOS Framework	2026-01-04T19:20:06.3579660Z 
iOS Build Check	Build iOS Framework	2026-01-04T19:20:06.3579670Z 
iOS Build Check	Build iOS Framework	2026-01-04T19:20:06.3583770Z * Try:
iOS Build Check	Build iOS Framework	2026-01-04T19:20:06.3585360Z For more on this, please refer to https://docs.gradle.org/8.13/userguide/command_line_interface.html#sec:command_line_warnings in the Gradle documentation.
iOS Build Check	Build iOS Framework	2026-01-04T19:20:06.3586430Z > Run with --stacktrace option to get the stack trace.
iOS Build Check	Build iOS Framework	2026-01-04T19:20:06.3586820Z 2 actionable tasks: 2 executed
iOS Build Check	Build iOS Framework	2026-01-04T19:20:06.3588870Z > Run with --info or --debug option to get more log output.
iOS Build Check	Build iOS Framework	2026-01-04T19:20:06.3589360Z > Run with --scan to get full insights.
iOS Build Check	Build iOS Framework	2026-01-04T19:20:06.3589770Z > Get more help at https://help.gradle.org.
iOS Build Check	Build iOS Framework	2026-01-04T19:20:06.3590060Z 
iOS Build Check	Build iOS Framework	2026-01-04T19:20:06.3590600Z BUILD FAILED in 4m 5s
iOS Build Check	Build iOS Framework	2026-01-04T19:20:07.6179670Z ##[error]Process completed with exit code 1.
iOS Build Check	Post Setup Gradle	ï»¿2026-01-04T19:20:07.6722750Z Post job cleanup.
iOS Build Check	Post Setup Gradle	2026-01-04T19:20:08.5181370Z In final post-action step, saving state and writing summary
iOS Build Check	Post Setup Gradle	2026-01-04T19:20:08.5195730Z Stopping all Gradle daemons before saving Gradle User Home state
iOS Build Check	Post Setup Gradle	2026-01-04T19:20:08.5200880Z Stopping Gradle daemons for /Users/runner/.gradle/wrapper/dists/gradle-8.13-all/54h0s9kvb6g2sinako7ub77ku/gradle-8.13
iOS Build Check	Post Setup Gradle	2026-01-04T19:20:08.5215730Z [command]/Users/runner/.gradle/wrapper/dists/gradle-8.13-all/54h0s9kvb6g2sinako7ub77ku/gradle-8.13/bin/gradle --stop
iOS Build Check	Post Setup Gradle	2026-01-04T19:20:09.9013460Z Stopping Daemon(s)
iOS Build Check	Post Setup Gradle	2026-01-04T19:20:09.9119660Z 1 Daemon stopped
iOS Build Check	Post Setup Gradle	2026-01-04T19:20:09.9383620Z ##[group]Caching Gradle state
iOS Build Check	Post Setup Gradle	2026-01-04T19:20:09.9705250Z Caching generated-gradle-jars with path '/Users/runner/.gradle/caches/8.13/generated-gradle-jars/gradle-api-8.13.jar' and cache key: generated-gradle-jars-697f81ec8d80712ce7da03f513960371
iOS Build Check	Post Setup Gradle	2026-01-04T19:20:09.9822030Z Caching wrapper-zips with path '/Users/runner/.gradle/wrapper/dists/gradle-8.13-all/54h0s9kvb6g2sinako7ub77ku' and cache key: wrapper-zips-27b0df0fa405636de00fcbfa0ab79410
iOS Build Check	Post Setup Gradle	2026-01-04T19:20:10.0706590Z [command]/opt/homebrew/bin/gtar --posix -cf cache.tzst --exclude cache.tzst -P -C /Users/runner/work/kotlin-crypto-pure/kotlin-crypto-pure --files-from manifest.txt --delay-directory-restore --use-compress-program zstdmt
iOS Build Check	Post Setup Gradle	2026-01-04T19:20:10.0708160Z [command]/opt/homebrew/bin/gtar --posix -cf cache.tzst --exclude cache.tzst -P -C /Users/runner/work/kotlin-crypto-pure/kotlin-crypto-pure --files-from manifest.txt --delay-directory-restore --use-compress-program zstdmt
iOS Build Check	Post Setup Gradle	2026-01-04T19:20:11.0569650Z Caching dependencies with path '/Users/runner/.gradle/caches/modules-*/files-*/*/*/*/*' and cache key: dependencies-a4d4fa6f4a7c6221c41297cb5042a5c7
iOS Build Check	Post Setup Gradle	2026-01-04T19:20:11.2492730Z Caching instrumented-jars with path '/Users/runner/.gradle/caches/jars-*/*' and cache key: instrumented-jars-15ce2be0574bdabe8c37e37e72c3086c
iOS Build Check	Post Setup Gradle	2026-01-04T19:20:11.4661030Z [command]/opt/homebrew/bin/gtar --posix -cf cache.tzst --exclude cache.tzst -P -C /Users/runner/work/kotlin-crypto-pure/kotlin-crypto-pure --files-from manifest.txt --delay-directory-restore --use-compress-program zstdmt
iOS Build Check	Post Setup Gradle	2026-01-04T19:20:11.4732940Z Caching kotlin-dsl with path '/Users/runner/.gradle/caches/*/kotlin-dsl/*/*' and cache key: kotlin-dsl-f37ea44656728e6163304b447d113bbe
iOS Build Check	Post Setup Gradle	2026-01-04T19:20:11.5229680Z [command]/opt/homebrew/bin/gtar --posix -cf cache.tzst --exclude cache.tzst -P -C /Users/runner/work/kotlin-crypto-pure/kotlin-crypto-pure --files-from manifest.txt --delay-directory-restore --use-compress-program zstdmt
iOS Build Check	Post Setup Gradle	2026-01-04T19:20:11.5376130Z ##[warning]Failed to save cache entry with path '/Users/runner/.gradle/caches/jars-*/*,zstd-without-long,1.0' and key: instrumented-jars-15ce2be0574bdabe8c37e37e72c3086c: Error: <h2>Our services aren't available right now</h2><p>We're working to restore all services as soon as possible. Please check back soon.</p>0a71aaQAAAACQWN6/Y7rOQ4YiF2vM665wU04xRURHRTIzMTYARWRnZQ==
iOS Build Check	Post Setup Gradle	2026-01-04T19:20:11.5508770Z ##[warning]Failed to save cache entry with path '/Users/runner/.gradle/caches/8.13/generated-gradle-jars/gradle-api-8.13.jar,zstd-without-long,1.0' and key: generated-gradle-jars-697f81ec8d80712ce7da03f513960371: Error: <h2>Our services aren't available right now</h2><p>We're working to restore all services as soon as possible. Please check back soon.</p>0a71aaQAAAADfSLMpXrE9SLtwPiaFkKn2U04xRURHRTIzMTAARWRnZQ==
iOS Build Check	Post Setup Gradle	2026-01-04T19:20:12.0612720Z [command]/opt/homebrew/bin/gtar --posix -cf cache.tzst --exclude cache.tzst -P -C /Users/runner/work/kotlin-crypto-pure/kotlin-crypto-pure --files-from manifest.txt --delay-directory-restore --use-compress-program zstdmt
iOS Build Check	Post Setup Gradle	2026-01-04T19:20:13.6116120Z ##[warning]Failed to save cache entry with path '/Users/runner/.gradle/caches/*/kotlin-dsl/*/*,zstd-without-long,1.0' and key: kotlin-dsl-f37ea44656728e6163304b447d113bbe: Error: <h2>Our services aren't available right now</h2><p>We're working to restore all services as soon as possible. Please check back soon.</p>0bb1aaQAAAAAPUdZnN0BJR51P7M8X81gyU04xRURHRTIzMTAARWRnZQ==
iOS Build Check	Post Setup Gradle	2026-01-04T19:20:14.6602280Z ##[warning]Failed to save cache entry with path '/Users/runner/.gradle/caches/modules-*/files-*/*/*/*/*,zstd-without-long,1.0' and key: dependencies-a4d4fa6f4a7c6221c41297cb5042a5c7: Error: <h2>Our services aren't available right now</h2><p>We're working to restore all services as soon as possible. Please check back soon.</p>0b71aaQAAAACSg3MBmJKRSL33QVEKvEPSU04xRURHRTIzMTAARWRnZQ==
iOS Build Check	Post Setup Gradle	2026-01-04T19:20:29.7019940Z ##[warning]Failed to save cache entry with path '/Users/runner/.gradle/wrapper/dists/gradle-8.13-all/54h0s9kvb6g2sinako7ub77ku,zstd-without-long,1.0' and key: wrapper-zips-27b0df0fa405636de00fcbfa0ab79410: Error: <h2>Our services aren't available right now</h2><p>We're working to restore all services as soon as possible. Please check back soon.</p>0fr1aaQAAAABezLONMwGuQYxH/OkYfZfxU04xRURHRTE3MTAARWRnZQ==
iOS Build Check	Post Setup Gradle	2026-01-04T19:20:33.4842710Z Caching Gradle User Home with cache key: v8-gradle|macOS|ci-build-ios[37a6259cc0c1dae299a7866489dff0bd]-5044c1085d6f4c621b1598e167ea7a375e24dedd
iOS Build Check	Post Setup Gradle	2026-01-04T19:20:33.5028440Z [command]/opt/homebrew/bin/gtar --posix -cf cache.tzst --exclude cache.tzst -P -C /Users/runner/work/kotlin-crypto-pure/kotlin-crypto-pure --files-from manifest.txt --delay-directory-restore --use-compress-program zstdmt
iOS Build Check	Post Setup Gradle	2026-01-04T19:21:03.2583210Z ##[warning]Failed to save cache entry with path '/Users/runner/.gradle/caches,/Users/runner/.gradle/notifications,/Users/runner/.gradle/.gradle-build-action,zstd-without-long,1.0' and key: v8-gradle|macOS|ci-build-ios[37a6259cc0c1dae299a7866489dff0bd]-5044c1085d6f4c621b1598e167ea7a375e24dedd: Error: <h2>Our services aren't available right now</h2><p>We're working to restore all services as soon as possible. Please check back soon.</p>0n71aaQAAAAC9GSWxRcNgRbHJc30OzPhIU04xRURHRTIxMTYARWRnZQ==
iOS Build Check	Post Setup Gradle	2026-01-04T19:21:03.2604470Z ##[endgroup]
iOS Build Check	Post Setup Gradle	2026-01-04T19:21:03.2604830Z Writing job summary
iOS Build Check	Post Set up JDK 17	ï»¿2026-01-04T19:21:03.3077020Z Post job cleanup.
iOS Build Check	Post Run actions/checkout@v4	ï»¿2026-01-04T19:21:03.6551430Z Post job cleanup.
iOS Build Check	Post Run actions/checkout@v4	2026-01-04T19:21:03.9739380Z [command]/opt/homebrew/bin/git version
iOS Build Check	Post Run actions/checkout@v4	2026-01-04T19:21:04.0700020Z git version 2.50.1
iOS Build Check	Post Run actions/checkout@v4	2026-01-04T19:21:04.0786020Z Copying '/Users/runner/.gitconfig' to '/Users/runner/work/_temp/a4761682-0610-4928-ba19-e5d784a92c79/.gitconfig'
iOS Build Check	Post Run actions/checkout@v4	2026-01-04T19:21:04.0810530Z Temporarily overriding HOME='/Users/runner/work/_temp/a4761682-0610-4928-ba19-e5d784a92c79' before making global git config changes
iOS Build Check	Post Run actions/checkout@v4	2026-01-04T19:21:04.0813130Z Adding repository directory to the temporary git global config as a safe directory
iOS Build Check	Post Run actions/checkout@v4	2026-01-04T19:21:04.0828750Z [command]/opt/homebrew/bin/git config --global --add safe.directory /Users/runner/work/kotlin-crypto-pure/kotlin-crypto-pure
iOS Build Check	Post Run actions/checkout@v4	2026-01-04T19:21:04.1354770Z [command]/opt/homebrew/bin/git config --local --name-only --get-regexp core\.sshCommand
iOS Build Check	Post Run actions/checkout@v4	2026-01-04T19:21:04.1436000Z [command]/opt/homebrew/bin/git submodule foreach --recursive sh -c "git config --local --name-only --get-regexp 'core\.sshCommand' && git config --local --unset-all 'core.sshCommand' || :"
iOS Build Check	Post Run actions/checkout@v4	2026-01-04T19:21:04.3891860Z [command]/opt/homebrew/bin/git config --local --name-only --get-regexp http\.https\:\/\/github\.com\/\.extraheader
iOS Build Check	Post Run actions/checkout@v4	2026-01-04T19:21:04.4042840Z http.https://github.com/.extraheader
iOS Build Check	Post Run actions/checkout@v4	2026-01-04T19:21:04.4086960Z [command]/opt/homebrew/bin/git config --local --unset-all http.https://github.com/.extraheader
iOS Build Check	Post Run actions/checkout@v4	2026-01-04T19:21:04.4262420Z [command]/opt/homebrew/bin/git submodule foreach --recursive sh -c "git config --local --name-only --get-regexp 'http\.https\:\/\/github\.com\/\.extraheader' && git config --local --unset-all 'http.https://github.com/.extraheader' || :"
iOS Build Check	Post Run actions/checkout@v4	2026-01-04T19:21:04.6368260Z [command]/opt/homebrew/bin/git config --local --name-only --get-regexp ^includeIf\.gitdir:
iOS Build Check	Post Run actions/checkout@v4	2026-01-04T19:21:04.6631690Z [command]/opt/homebrew/bin/git submodule foreach --recursive git config --local --show-origin --name-only --get-regexp remote.origin.url
iOS Build Check	Complete job	ï»¿2026-01-04T19:21:04.8513990Z Cleaning up orphan processes
JVM Unit Tests (Core & CLI)	Set up job	ï»¿2026-01-04T19:15:54.1869536Z Current runner version: '2.330.0'
JVM Unit Tests (Core & CLI)	Set up job	2026-01-04T19:15:54.1894040Z ##[group]Runner Image Provisioner
JVM Unit Tests (Core & CLI)	Set up job	2026-01-04T19:15:54.1894917Z Hosted Compute Agent
JVM Unit Tests (Core & CLI)	Set up job	2026-01-04T19:15:54.1895435Z Version: 20251211.462
JVM Unit Tests (Core & CLI)	Set up job	2026-01-04T19:15:54.1896037Z Commit: 6cbad8c2bb55d58165063d031ccabf57e2d2db61
JVM Unit Tests (Core & CLI)	Set up job	2026-01-04T19:15:54.1896743Z Build Date: 2025-12-11T16:28:49Z
JVM Unit Tests (Core & CLI)	Set up job	2026-01-04T19:15:54.1897395Z Worker ID: {92e25002-6b9c-4f70-a806-57403c8ebd7e}
JVM Unit Tests (Core & CLI)	Set up job	2026-01-04T19:15:54.1898089Z ##[endgroup]
JVM Unit Tests (Core & CLI)	Set up job	2026-01-04T19:15:54.1898609Z ##[group]Operating System
JVM Unit Tests (Core & CLI)	Set up job	2026-01-04T19:15:54.1899416Z Ubuntu
JVM Unit Tests (Core & CLI)	Set up job	2026-01-04T19:15:54.1899872Z 24.04.3
JVM Unit Tests (Core & CLI)	Set up job	2026-01-04T19:15:54.1900374Z LTS
JVM Unit Tests (Core & CLI)	Set up job	2026-01-04T19:15:54.1900815Z ##[endgroup]
JVM Unit Tests (Core & CLI)	Set up job	2026-01-04T19:15:54.1901341Z ##[group]Runner Image
JVM Unit Tests (Core & CLI)	Set up job	2026-01-04T19:15:54.1901915Z Image: ubuntu-24.04
JVM Unit Tests (Core & CLI)	Set up job	2026-01-04T19:15:54.1902400Z Version: 20251215.174.1
JVM Unit Tests (Core & CLI)	Set up job	2026-01-04T19:15:54.1903420Z Included Software: https://github.com/actions/runner-images/blob/ubuntu24/20251215.174/images/ubuntu/Ubuntu2404-Readme.md
JVM Unit Tests (Core & CLI)	Set up job	2026-01-04T19:15:54.1904728Z Image Release: https://github.com/actions/runner-images/releases/tag/ubuntu24%2F20251215.174
JVM Unit Tests (Core & CLI)	Set up job	2026-01-04T19:15:54.1905971Z ##[endgroup]
JVM Unit Tests (Core & CLI)	Set up job	2026-01-04T19:15:54.1907060Z ##[group]GITHUB_TOKEN Permissions
JVM Unit Tests (Core & CLI)	Set up job	2026-01-04T19:15:54.1909353Z Contents: read
JVM Unit Tests (Core & CLI)	Set up job	2026-01-04T19:15:54.1909918Z Metadata: read
JVM Unit Tests (Core & CLI)	Set up job	2026-01-04T19:15:54.1910485Z Packages: read
JVM Unit Tests (Core & CLI)	Set up job	2026-01-04T19:15:54.1910978Z ##[endgroup]
JVM Unit Tests (Core & CLI)	Set up job	2026-01-04T19:15:54.1913064Z Secret source: Actions
JVM Unit Tests (Core & CLI)	Set up job	2026-01-04T19:15:54.1914253Z Prepare workflow directory
JVM Unit Tests (Core & CLI)	Set up job	2026-01-04T19:15:54.2242479Z Prepare all required actions
JVM Unit Tests (Core & CLI)	Set up job	2026-01-04T19:15:54.2280497Z Getting action download info
JVM Unit Tests (Core & CLI)	Set up job	2026-01-04T19:15:54.5451164Z Download action repository 'actions/checkout@v4' (SHA:34e114876b0b11c390a56381ad16ebd13914f8d5)
JVM Unit Tests (Core & CLI)	Set up job	2026-01-04T19:15:54.6714410Z Download action repository 'actions/setup-java@v4' (SHA:c1e323688fd81a25caa38c78aa6df2d33d3e20d9)
JVM Unit Tests (Core & CLI)	Set up job	2026-01-04T19:15:55.0119426Z Download action repository 'gradle/gradle-build-action@v2' (SHA:a8f75513eafdebd8141bd1cd4e30fcd194af8dfa)
JVM Unit Tests (Core & CLI)	Set up job	2026-01-04T19:15:55.5358640Z Complete job name: JVM Unit Tests (Core & CLI)
JVM Unit Tests (Core & CLI)	Run actions/checkout@v4	ï»¿2026-01-04T19:15:55.6039228Z ##[group]Run actions/checkout@v4
JVM Unit Tests (Core & CLI)	Run actions/checkout@v4	2026-01-04T19:15:55.6040118Z with:
JVM Unit Tests (Core & CLI)	Run actions/checkout@v4	2026-01-04T19:15:55.6040549Z   repository: ImL1s/kotlin-crypto-pure
JVM Unit Tests (Core & CLI)	Run actions/checkout@v4	2026-01-04T19:15:55.6041238Z   token: ***
JVM Unit Tests (Core & CLI)	Run actions/checkout@v4	2026-01-04T19:15:55.6041622Z   ssh-strict: true
JVM Unit Tests (Core & CLI)	Run actions/checkout@v4	2026-01-04T19:15:55.6042018Z   ssh-user: git
JVM Unit Tests (Core & CLI)	Run actions/checkout@v4	2026-01-04T19:15:55.6042409Z   persist-credentials: true
JVM Unit Tests (Core & CLI)	Run actions/checkout@v4	2026-01-04T19:15:55.6042849Z   clean: true
JVM Unit Tests (Core & CLI)	Run actions/checkout@v4	2026-01-04T19:15:55.6043251Z   sparse-checkout-cone-mode: true
JVM Unit Tests (Core & CLI)	Run actions/checkout@v4	2026-01-04T19:15:55.6043718Z   fetch-depth: 1
JVM Unit Tests (Core & CLI)	Run actions/checkout@v4	2026-01-04T19:15:55.6044102Z   fetch-tags: false
JVM Unit Tests (Core & CLI)	Run actions/checkout@v4	2026-01-04T19:15:55.6044493Z   show-progress: true
JVM Unit Tests (Core & CLI)	Run actions/checkout@v4	2026-01-04T19:15:55.6044897Z   lfs: false
JVM Unit Tests (Core & CLI)	Run actions/checkout@v4	2026-01-04T19:15:55.6045323Z   submodules: false
JVM Unit Tests (Core & CLI)	Run actions/checkout@v4	2026-01-04T19:15:55.6045725Z   set-safe-directory: true
JVM Unit Tests (Core & CLI)	Run actions/checkout@v4	2026-01-04T19:15:55.6046524Z ##[endgroup]
JVM Unit Tests (Core & CLI)	Run actions/checkout@v4	2026-01-04T19:15:55.7117030Z Syncing repository: ImL1s/kotlin-crypto-pure
JVM Unit Tests (Core & CLI)	Run actions/checkout@v4	2026-01-04T19:15:55.7118860Z ##[group]Getting Git version info
JVM Unit Tests (Core & CLI)	Run actions/checkout@v4	2026-01-04T19:15:55.7120025Z Working directory is '/home/runner/work/kotlin-crypto-pure/kotlin-crypto-pure'
JVM Unit Tests (Core & CLI)	Run actions/checkout@v4	2026-01-04T19:15:55.7121200Z [command]/usr/bin/git version
JVM Unit Tests (Core & CLI)	Run actions/checkout@v4	2026-01-04T19:15:55.7185960Z git version 2.52.0
JVM Unit Tests (Core & CLI)	Run actions/checkout@v4	2026-01-04T19:15:55.7213145Z ##[endgroup]
JVM Unit Tests (Core & CLI)	Run actions/checkout@v4	2026-01-04T19:15:55.7228648Z Temporarily overriding HOME='/home/runner/work/_temp/cb8f23f1-d947-4ede-889a-789dd3714afb' before making global git config changes
JVM Unit Tests (Core & CLI)	Run actions/checkout@v4	2026-01-04T19:15:55.7231282Z Adding repository directory to the temporary git global config as a safe directory
JVM Unit Tests (Core & CLI)	Run actions/checkout@v4	2026-01-04T19:15:55.7242447Z [command]/usr/bin/git config --global --add safe.directory /home/runner/work/kotlin-crypto-pure/kotlin-crypto-pure
JVM Unit Tests (Core & CLI)	Run actions/checkout@v4	2026-01-04T19:15:55.7280206Z Deleting the contents of '/home/runner/work/kotlin-crypto-pure/kotlin-crypto-pure'
JVM Unit Tests (Core & CLI)	Run actions/checkout@v4	2026-01-04T19:15:55.7283702Z ##[group]Initializing the repository
JVM Unit Tests (Core & CLI)	Run actions/checkout@v4	2026-01-04T19:15:55.7287487Z [command]/usr/bin/git init /home/runner/work/kotlin-crypto-pure/kotlin-crypto-pure
JVM Unit Tests (Core & CLI)	Run actions/checkout@v4	2026-01-04T19:15:55.7394962Z hint: Using 'master' as the name for the initial branch. This default branch name
JVM Unit Tests (Core & CLI)	Run actions/checkout@v4	2026-01-04T19:15:55.7395971Z hint: will change to "main" in Git 3.0. To configure the initial branch name
JVM Unit Tests (Core & CLI)	Run actions/checkout@v4	2026-01-04T19:15:55.7397320Z hint: to use in all of your new repositories, which will suppress this warning,
JVM Unit Tests (Core & CLI)	Run actions/checkout@v4	2026-01-04T19:15:55.7398043Z hint: call:
JVM Unit Tests (Core & CLI)	Run actions/checkout@v4	2026-01-04T19:15:55.7398427Z hint:
JVM Unit Tests (Core & CLI)	Run actions/checkout@v4	2026-01-04T19:15:55.7399322Z hint: 	git config --global init.defaultBranch <name>
JVM Unit Tests (Core & CLI)	Run actions/checkout@v4	2026-01-04T19:15:55.7400298Z hint:
JVM Unit Tests (Core & CLI)	Run actions/checkout@v4	2026-01-04T19:15:55.7400916Z hint: Names commonly chosen instead of 'master' are 'main', 'trunk' and
JVM Unit Tests (Core & CLI)	Run actions/checkout@v4	2026-01-04T19:15:55.7401844Z hint: 'development'. The just-created branch can be renamed via this command:
JVM Unit Tests (Core & CLI)	Run actions/checkout@v4	2026-01-04T19:15:55.7402578Z hint:
JVM Unit Tests (Core & CLI)	Run actions/checkout@v4	2026-01-04T19:15:55.7402982Z hint: 	git branch -m <name>
JVM Unit Tests (Core & CLI)	Run actions/checkout@v4	2026-01-04T19:15:55.7403445Z hint:
JVM Unit Tests (Core & CLI)	Run actions/checkout@v4	2026-01-04T19:15:55.7404304Z hint: Disable this message with "git config set advice.defaultBranchName false"
JVM Unit Tests (Core & CLI)	Run actions/checkout@v4	2026-01-04T19:15:55.7406159Z Initialized empty Git repository in /home/runner/work/kotlin-crypto-pure/kotlin-crypto-pure/.git/
JVM Unit Tests (Core & CLI)	Run actions/checkout@v4	2026-01-04T19:15:55.7411071Z [command]/usr/bin/git remote add origin https://github.com/ImL1s/kotlin-crypto-pure
JVM Unit Tests (Core & CLI)	Run actions/checkout@v4	2026-01-04T19:15:55.7442808Z ##[endgroup]
JVM Unit Tests (Core & CLI)	Run actions/checkout@v4	2026-01-04T19:15:55.7443538Z ##[group]Disabling automatic garbage collection
JVM Unit Tests (Core & CLI)	Run actions/checkout@v4	2026-01-04T19:15:55.7446437Z [command]/usr/bin/git config --local gc.auto 0
JVM Unit Tests (Core & CLI)	Run actions/checkout@v4	2026-01-04T19:15:55.7473796Z ##[endgroup]
JVM Unit Tests (Core & CLI)	Run actions/checkout@v4	2026-01-04T19:15:55.7474476Z ##[group]Setting up auth
JVM Unit Tests (Core & CLI)	Run actions/checkout@v4	2026-01-04T19:15:55.7480204Z [command]/usr/bin/git config --local --name-only --get-regexp core\.sshCommand
JVM Unit Tests (Core & CLI)	Run actions/checkout@v4	2026-01-04T19:15:55.7508557Z [command]/usr/bin/git submodule foreach --recursive sh -c "git config --local --name-only --get-regexp 'core\.sshCommand' && git config --local --unset-all 'core.sshCommand' || :"
JVM Unit Tests (Core & CLI)	Run actions/checkout@v4	2026-01-04T19:15:55.7831480Z [command]/usr/bin/git config --local --name-only --get-regexp http\.https\:\/\/github\.com\/\.extraheader
JVM Unit Tests (Core & CLI)	Run actions/checkout@v4	2026-01-04T19:15:55.7862334Z [command]/usr/bin/git submodule foreach --recursive sh -c "git config --local --name-only --get-regexp 'http\.https\:\/\/github\.com\/\.extraheader' && git config --local --unset-all 'http.https://github.com/.extraheader' || :"
JVM Unit Tests (Core & CLI)	Run actions/checkout@v4	2026-01-04T19:15:55.8075551Z [command]/usr/bin/git config --local --name-only --get-regexp ^includeIf\.gitdir:
JVM Unit Tests (Core & CLI)	Run actions/checkout@v4	2026-01-04T19:15:55.8106150Z [command]/usr/bin/git submodule foreach --recursive git config --local --show-origin --name-only --get-regexp remote.origin.url
JVM Unit Tests (Core & CLI)	Run actions/checkout@v4	2026-01-04T19:15:55.8330678Z [command]/usr/bin/git config --local http.https://github.com/.extraheader AUTHORIZATION: basic ***
JVM Unit Tests (Core & CLI)	Run actions/checkout@v4	2026-01-04T19:15:55.8362481Z ##[endgroup]
JVM Unit Tests (Core & CLI)	Run actions/checkout@v4	2026-01-04T19:15:55.8371148Z ##[group]Fetching the repository
JVM Unit Tests (Core & CLI)	Run actions/checkout@v4	2026-01-04T19:15:55.8372549Z [command]/usr/bin/git -c protocol.version=2 fetch --no-tags --prune --no-recurse-submodules --depth=1 origin +5044c1085d6f4c621b1598e167ea7a375e24dedd:refs/remotes/origin/main
JVM Unit Tests (Core & CLI)	Run actions/checkout@v4	2026-01-04T19:15:56.1392520Z From https://github.com/ImL1s/kotlin-crypto-pure
JVM Unit Tests (Core & CLI)	Run actions/checkout@v4	2026-01-04T19:15:56.1396730Z  * [new ref]         5044c1085d6f4c621b1598e167ea7a375e24dedd -> origin/main
JVM Unit Tests (Core & CLI)	Run actions/checkout@v4	2026-01-04T19:15:56.1423461Z ##[endgroup]
JVM Unit Tests (Core & CLI)	Run actions/checkout@v4	2026-01-04T19:15:56.1424562Z ##[group]Determining the checkout info
JVM Unit Tests (Core & CLI)	Run actions/checkout@v4	2026-01-04T19:15:56.1426077Z ##[endgroup]
JVM Unit Tests (Core & CLI)	Run actions/checkout@v4	2026-01-04T19:15:56.1430339Z [command]/usr/bin/git sparse-checkout disable
JVM Unit Tests (Core & CLI)	Run actions/checkout@v4	2026-01-04T19:15:56.1469659Z [command]/usr/bin/git config --local --unset-all extensions.worktreeConfig
JVM Unit Tests (Core & CLI)	Run actions/checkout@v4	2026-01-04T19:15:56.1493652Z ##[group]Checking out the ref
JVM Unit Tests (Core & CLI)	Run actions/checkout@v4	2026-01-04T19:15:56.1497062Z [command]/usr/bin/git checkout --progress --force -B main refs/remotes/origin/main
JVM Unit Tests (Core & CLI)	Run actions/checkout@v4	2026-01-04T19:15:56.2589779Z Switched to a new branch 'main'
JVM Unit Tests (Core & CLI)	Run actions/checkout@v4	2026-01-04T19:15:56.2591811Z branch 'main' set up to track 'origin/main'.
JVM Unit Tests (Core & CLI)	Run actions/checkout@v4	2026-01-04T19:15:56.2604682Z ##[endgroup]
JVM Unit Tests (Core & CLI)	Run actions/checkout@v4	2026-01-04T19:15:56.2643248Z [command]/usr/bin/git log -1 --format=%H
JVM Unit Tests (Core & CLI)	Run actions/checkout@v4	2026-01-04T19:15:56.2666151Z 5044c1085d6f4c621b1598e167ea7a375e24dedd
JVM Unit Tests (Core & CLI)	Set up JDK 17	ï»¿2026-01-04T19:15:56.3025922Z ##[group]Run actions/setup-java@v4
JVM Unit Tests (Core & CLI)	Set up JDK 17	2026-01-04T19:15:56.3027090Z with:
JVM Unit Tests (Core & CLI)	Set up JDK 17	2026-01-04T19:15:56.3027897Z   java-version: 17
JVM Unit Tests (Core & CLI)	Set up JDK 17	2026-01-04T19:15:56.3028811Z   distribution: temurin
JVM Unit Tests (Core & CLI)	Set up JDK 17	2026-01-04T19:15:56.3029901Z   java-package: jdk
JVM Unit Tests (Core & CLI)	Set up JDK 17	2026-01-04T19:15:56.3030782Z   check-latest: false
JVM Unit Tests (Core & CLI)	Set up JDK 17	2026-01-04T19:15:56.3031660Z   server-id: github
JVM Unit Tests (Core & CLI)	Set up JDK 17	2026-01-04T19:15:56.3032810Z   server-username: GITHUB_ACTOR
JVM Unit Tests (Core & CLI)	Set up JDK 17	2026-01-04T19:15:56.3033860Z   server-password: GITHUB_TOKEN
JVM Unit Tests (Core & CLI)	Set up JDK 17	2026-01-04T19:15:56.3034906Z   overwrite-settings: true
JVM Unit Tests (Core & CLI)	Set up JDK 17	2026-01-04T19:15:56.3035852Z   job-status: success
JVM Unit Tests (Core & CLI)	Set up JDK 17	2026-01-04T19:15:56.3036978Z   token: ***
JVM Unit Tests (Core & CLI)	Set up JDK 17	2026-01-04T19:15:56.3037757Z ##[endgroup]
JVM Unit Tests (Core & CLI)	Set up JDK 17	2026-01-04T19:15:56.5100528Z ##[group]Installed distributions
JVM Unit Tests (Core & CLI)	Set up JDK 17	2026-01-04T19:15:56.5294124Z Resolved Java 17.0.17+10 from tool-cache
JVM Unit Tests (Core & CLI)	Set up JDK 17	2026-01-04T19:15:56.5296086Z Setting Java 17.0.17+10 as the default
JVM Unit Tests (Core & CLI)	Set up JDK 17	2026-01-04T19:15:56.5308868Z Creating toolchains.xml for JDK version 17 from temurin
JVM Unit Tests (Core & CLI)	Set up JDK 17	2026-01-04T19:15:56.5385622Z Writing to /home/runner/.m2/toolchains.xml
JVM Unit Tests (Core & CLI)	Set up JDK 17	2026-01-04T19:15:56.5387003Z 
JVM Unit Tests (Core & CLI)	Set up JDK 17	2026-01-04T19:15:56.5387683Z Java configuration:
JVM Unit Tests (Core & CLI)	Set up JDK 17	2026-01-04T19:15:56.5389301Z   Distribution: temurin
JVM Unit Tests (Core & CLI)	Set up JDK 17	2026-01-04T19:15:56.5390806Z   Version: 17.0.17+10
JVM Unit Tests (Core & CLI)	Set up JDK 17	2026-01-04T19:15:56.5392833Z   Path: /opt/hostedtoolcache/Java_Temurin-Hotspot_jdk/17.0.17-10/x64
JVM Unit Tests (Core & CLI)	Set up JDK 17	2026-01-04T19:15:56.5394641Z 
JVM Unit Tests (Core & CLI)	Set up JDK 17	2026-01-04T19:15:56.5396102Z ##[endgroup]
JVM Unit Tests (Core & CLI)	Set up JDK 17	2026-01-04T19:15:56.5410987Z Creating settings.xml with server-id: github
JVM Unit Tests (Core & CLI)	Set up JDK 17	2026-01-04T19:15:56.5412413Z Writing to /home/runner/.m2/settings.xml
JVM Unit Tests (Core & CLI)	Setup Gradle	ï»¿2026-01-04T19:15:56.5735715Z ##[group]Run gradle/gradle-build-action@v2
JVM Unit Tests (Core & CLI)	Setup Gradle	2026-01-04T19:15:56.5736773Z with:
JVM Unit Tests (Core & CLI)	Setup Gradle	2026-01-04T19:15:56.5737460Z   cache-disabled: false
JVM Unit Tests (Core & CLI)	Setup Gradle	2026-01-04T19:15:56.5738290Z   cache-read-only: false
JVM Unit Tests (Core & CLI)	Setup Gradle	2026-01-04T19:15:56.5739416Z   cache-write-only: false
JVM Unit Tests (Core & CLI)	Setup Gradle	2026-01-04T19:15:56.5740343Z   cache-overwrite-existing: false
JVM Unit Tests (Core & CLI)	Setup Gradle	2026-01-04T19:15:56.5741493Z   gradle-home-cache-includes: caches
JVM Unit Tests (Core & CLI)	Setup Gradle	notifications
JVM Unit Tests (Core & CLI)	Setup Gradle	
JVM Unit Tests (Core & CLI)	Setup Gradle	2026-01-04T19:15:56.5742721Z   gradle-home-cache-cleanup: false
JVM Unit Tests (Core & CLI)	Setup Gradle	2026-01-04T19:15:56.5743727Z   generate-job-summary: true
JVM Unit Tests (Core & CLI)	Setup Gradle	2026-01-04T19:15:56.5744668Z   dependency-graph: disabled
JVM Unit Tests (Core & CLI)	Setup Gradle	2026-01-04T19:15:56.5745643Z   gradle-home-cache-strict-match: false
JVM Unit Tests (Core & CLI)	Setup Gradle	2026-01-04T19:15:56.5746704Z   workflow-job-context: null
JVM Unit Tests (Core & CLI)	Setup Gradle	2026-01-04T19:15:56.5747944Z   github-token: ***
JVM Unit Tests (Core & CLI)	Setup Gradle	2026-01-04T19:15:56.5748693Z env:
JVM Unit Tests (Core & CLI)	Setup Gradle	2026-01-04T19:15:56.5750048Z   JAVA_HOME: /opt/hostedtoolcache/Java_Temurin-Hotspot_jdk/17.0.17-10/x64
JVM Unit Tests (Core & CLI)	Setup Gradle	2026-01-04T19:15:56.5751906Z   JAVA_HOME_17_X64: /opt/hostedtoolcache/Java_Temurin-Hotspot_jdk/17.0.17-10/x64
JVM Unit Tests (Core & CLI)	Setup Gradle	2026-01-04T19:15:56.5753335Z ##[endgroup]
JVM Unit Tests (Core & CLI)	Setup Gradle	2026-01-04T19:15:56.8460754Z ##[group]Restore Gradle state from cache
JVM Unit Tests (Core & CLI)	Setup Gradle	2026-01-04T19:15:56.9763256Z ##[warning]Failed to restore v8-gradle|Linux|ci-test-jvm[37a6259cc0c1dae299a7866489dff0bd]-5044c1085d6f4c621b1598e167ea7a375e24dedd: Error: Cache service responded with 400
JVM Unit Tests (Core & CLI)	Setup Gradle	2026-01-04T19:15:56.9801955Z Gradle User Home cache not found. Will initialize empty.
JVM Unit Tests (Core & CLI)	Setup Gradle	2026-01-04T19:15:56.9804840Z ##[endgroup]
JVM Unit Tests (Core & CLI)	Run Core JVM Tests	ï»¿2026-01-04T19:15:56.9950662Z ##[group]Run ./gradlew :crypto-core:jvmTest --continue
JVM Unit Tests (Core & CLI)	Run Core JVM Tests	2026-01-04T19:15:56.9952109Z [36;1m./gradlew :crypto-core:jvmTest --continue[0m
JVM Unit Tests (Core & CLI)	Run Core JVM Tests	2026-01-04T19:15:56.9988795Z shell: /usr/bin/bash -e {0}
JVM Unit Tests (Core & CLI)	Run Core JVM Tests	2026-01-04T19:15:56.9989890Z env:
JVM Unit Tests (Core & CLI)	Run Core JVM Tests	2026-01-04T19:15:56.9990962Z   JAVA_HOME: /opt/hostedtoolcache/Java_Temurin-Hotspot_jdk/17.0.17-10/x64
JVM Unit Tests (Core & CLI)	Run Core JVM Tests	2026-01-04T19:15:56.9992777Z   JAVA_HOME_17_X64: /opt/hostedtoolcache/Java_Temurin-Hotspot_jdk/17.0.17-10/x64
JVM Unit Tests (Core & CLI)	Run Core JVM Tests	2026-01-04T19:15:56.9994283Z   GRADLE_BUILD_ACTION_SETUP_COMPLETED: true
JVM Unit Tests (Core & CLI)	Run Core JVM Tests	2026-01-04T19:15:56.9995374Z   GRADLE_BUILD_ACTION_CACHE_RESTORED: true
JVM Unit Tests (Core & CLI)	Run Core JVM Tests	2026-01-04T19:15:56.9996363Z ##[endgroup]
JVM Unit Tests (Core & CLI)	Run Core JVM Tests	2026-01-04T19:15:57.2840867Z Downloading https://services.gradle.org/distributions/gradle-8.13-all.zip
JVM Unit Tests (Core & CLI)	Run Core JVM Tests	2026-01-04T19:15:59.8130851Z ......................10%......................20%......................30%......................40%......................50%......................60%......................70%.......................80%......................90%......................100%
JVM Unit Tests (Core & CLI)	Run Core JVM Tests	2026-01-04T19:16:03.1993929Z 
JVM Unit Tests (Core & CLI)	Run Core JVM Tests	2026-01-04T19:16:03.1995726Z Welcome to Gradle 8.13!
JVM Unit Tests (Core & CLI)	Run Core JVM Tests	2026-01-04T19:16:03.1997317Z 
JVM Unit Tests (Core & CLI)	Run Core JVM Tests	2026-01-04T19:16:03.1997582Z Here are the highlights of this release:
JVM Unit Tests (Core & CLI)	Run Core JVM Tests	2026-01-04T19:16:03.2002072Z  - Daemon JVM auto-provisioning
JVM Unit Tests (Core & CLI)	Run Core JVM Tests	2026-01-04T19:16:03.2014013Z  - Enhancements for Scala plugin and JUnit testing
JVM Unit Tests (Core & CLI)	Run Core JVM Tests	2026-01-04T19:16:03.2015971Z  - Improvements for build authors and plugin developers
JVM Unit Tests (Core & CLI)	Run Core JVM Tests	2026-01-04T19:16:03.2016729Z 
JVM Unit Tests (Core & CLI)	Run Core JVM Tests	2026-01-04T19:16:03.2017311Z For more details see https://docs.gradle.org/8.13/release-notes.html
JVM Unit Tests (Core & CLI)	Run Core JVM Tests	2026-01-04T19:16:03.2017848Z 
JVM Unit Tests (Core & CLI)	Run Core JVM Tests	2026-01-04T19:16:03.2954045Z Starting a Gradle Daemon (subsequent builds will be faster)
JVM Unit Tests (Core & CLI)	Run Core JVM Tests	2026-01-04T19:18:02.4961172Z 
JVM Unit Tests (Core & CLI)	Run Core JVM Tests	2026-01-04T19:18:02.4979942Z > Configure project :crypto-core
JVM Unit Tests (Core & CLI)	Run Core JVM Tests	2026-01-04T19:18:02.5020022Z w: file:///home/runner/work/kotlin-crypto-pure/kotlin-crypto-pure/crypto-core/build.gradle.kts:25:21: 'defFile: File' is deprecated. Deprecated because it is a non-lazy property.
JVM Unit Tests (Core & CLI)	Run Core JVM Tests	2026-01-04T19:18:02.5076949Z w: file:///home/runner/work/kotlin-crypto-pure/kotlin-crypto-pure/crypto-core/build.gradle.kts:36:21: 'defFile: File' is deprecated. Deprecated because it is a non-lazy property.
JVM Unit Tests (Core & CLI)	Run Core JVM Tests	2026-01-04T19:18:02.5079793Z w: file:///home/runner/work/kotlin-crypto-pure/kotlin-crypto-pure/crypto-core/build.gradle.kts:47:21: 'defFile: File' is deprecated. Deprecated because it is a non-lazy property.
JVM Unit Tests (Core & CLI)	Run Core JVM Tests	2026-01-04T19:18:02.5096059Z w: file:///home/runner/work/kotlin-crypto-pure/kotlin-crypto-pure/crypto-core/build.gradle.kts:59:21: 'defFile: File' is deprecated. Deprecated because it is a non-lazy property.
JVM Unit Tests (Core & CLI)	Run Core JVM Tests	2026-01-04T19:18:02.5098185Z w: file:///home/runner/work/kotlin-crypto-pure/kotlin-crypto-pure/crypto-core/build.gradle.kts:70:21: 'defFile: File' is deprecated. Deprecated because it is a non-lazy property.
JVM Unit Tests (Core & CLI)	Run Core JVM Tests	2026-01-04T19:18:02.5100340Z w: file:///home/runner/work/kotlin-crypto-pure/kotlin-crypto-pure/crypto-core/build.gradle.kts:81:21: 'defFile: File' is deprecated. Deprecated because it is a non-lazy property.
JVM Unit Tests (Core & CLI)	Run Core JVM Tests	2026-01-04T19:18:03.9972692Z w: The following Kotlin/Native targets cannot be built on this machine and are disabled:
JVM Unit Tests (Core & CLI)	Run Core JVM Tests	2026-01-04T19:18:03.9979785Z iosArm64, iosSimulatorArm64, iosX64, watchosArm64, watchosSimulatorArm64, watchosX64
JVM Unit Tests (Core & CLI)	Run Core JVM Tests	2026-01-04T19:18:03.9986817Z To hide this message, add 'kotlin.native.ignoreDisabledTargets=true' to the Gradle properties.
JVM Unit Tests (Core & CLI)	Run Core JVM Tests	2026-01-04T19:18:03.9987503Z 
JVM Unit Tests (Core & CLI)	Run Core JVM Tests	2026-01-04T19:18:03.9987919Z w: The Default Kotlin Hierarchy Template was not applied to 'project ':crypto-core'':
JVM Unit Tests (Core & CLI)	Run Core JVM Tests	2026-01-04T19:18:03.9988863Z Explicit .dependsOn() edges were configured for the following source sets:
JVM Unit Tests (Core & CLI)	Run Core JVM Tests	2026-01-04T19:18:04.0040788Z [iosArm64Main, iosArm64Test, iosMain, iosSimulatorArm64Main, iosSimulatorArm64Test, iosX64Main, iosX64Test, jvmMain, jvmTest, nativeMain, nativeTest, watchosArm64Main, watchosArm64Test, watchosMain, watchosSimulatorArm64Main, watchosSimulatorArm64Test, watchosX64Main, watchosX64Test]
JVM Unit Tests (Core & CLI)	Run Core JVM Tests	2026-01-04T19:18:04.0042739Z 
JVM Unit Tests (Core & CLI)	Run Core JVM Tests	2026-01-04T19:18:04.0043138Z Consider removing dependsOn-calls or disabling the default template by adding
JVM Unit Tests (Core & CLI)	Run Core JVM Tests	2026-01-04T19:18:04.0043988Z     'kotlin.mpp.applyDefaultHierarchyTemplate=false'
JVM Unit Tests (Core & CLI)	Run Core JVM Tests	2026-01-04T19:18:04.0045060Z to your gradle.properties
JVM Unit Tests (Core & CLI)	Run Core JVM Tests	2026-01-04T19:18:04.0045315Z 
JVM Unit Tests (Core & CLI)	Run Core JVM Tests	2026-01-04T19:18:04.0045693Z Learn more about hierarchy templates: https://kotl.in/hierarchy-template
JVM Unit Tests (Core & CLI)	Run Core JVM Tests	2026-01-04T19:18:04.0046172Z 
JVM Unit Tests (Core & CLI)	Run Core JVM Tests	2026-01-04T19:18:07.3959769Z 
JVM Unit Tests (Core & CLI)	Run Core JVM Tests	2026-01-04T19:18:07.3960271Z > Configure project :demo-cli
JVM Unit Tests (Core & CLI)	Run Core JVM Tests	2026-01-04T19:18:07.3961950Z w: file:///home/runner/work/kotlin-crypto-pure/kotlin-crypto-pure/demo-cli/build.gradle.kts:7:9: Experimental API in the Kotlin Gradle Plugin: No stability guarantees can be provided. The API could get removed in the future without replacement
JVM Unit Tests (Core & CLI)	Run Core JVM Tests	2026-01-04T19:18:07.3964662Z w: file:///home/runner/work/kotlin-crypto-pure/kotlin-crypto-pure/demo-cli/build.gradle.kts:8:13: Experimental API in the Kotlin Gradle Plugin: No stability guarantees can be provided. The API could get removed in the future without replacement
JVM Unit Tests (Core & CLI)	Run Core JVM Tests	2026-01-04T19:18:07.3966379Z w: The following Kotlin/Native targets cannot be built on this machine and are disabled:
JVM Unit Tests (Core & CLI)	Run Core JVM Tests	2026-01-04T19:18:07.3967100Z macosArm64, macosX64
JVM Unit Tests (Core & CLI)	Run Core JVM Tests	2026-01-04T19:18:07.3981321Z To hide this message, add 'kotlin.native.ignoreDisabledTargets=true' to the Gradle properties.
JVM Unit Tests (Core & CLI)	Run Core JVM Tests	2026-01-04T19:18:07.3984930Z 
JVM Unit Tests (Core & CLI)	Run Core JVM Tests	2026-01-04T19:18:07.7965912Z 
JVM Unit Tests (Core & CLI)	Run Core JVM Tests	2026-01-04T19:18:07.7967403Z > Task :crypto-core:checkKotlinGradlePluginConfigurationErrors SKIPPED
JVM Unit Tests (Core & CLI)	Run Core JVM Tests	2026-01-04T19:18:28.0966958Z > Task :crypto-core:jvmProcessResources NO-SOURCE
JVM Unit Tests (Core & CLI)	Run Core JVM Tests	2026-01-04T19:18:28.0968274Z > Task :crypto-core:jvmTestProcessResources NO-SOURCE
JVM Unit Tests (Core & CLI)	Run Core JVM Tests	2026-01-04T19:18:37.8963798Z > Task :crypto-core:compileKotlinJvm
JVM Unit Tests (Core & CLI)	Run Core JVM Tests	2026-01-04T19:18:41.9982335Z w: file:///home/runner/work/kotlin-crypto-pure/kotlin-crypto-pure/crypto-core/src/commonMain/kotlin/io/github/iml1s/crypto/AesGcm.kt:78:1 'expect'/'actual' classes (including interfaces, objects, annotations, enums, and 'actual' typealiases) are in Beta. You can use -Xexpect-actual-classes flag to suppress this warning. Also see: https://youtrack.jetbrains.com/issue/KT-61573
JVM Unit Tests (Core & CLI)	Run Core JVM Tests	2026-01-04T19:18:41.9985768Z w: file:///home/runner/work/kotlin-crypto-pure/kotlin-crypto-pure/crypto-core/src/commonMain/kotlin/io/github/iml1s/crypto/Digest.kt:61:13 Check for instance is always 'true'.
JVM Unit Tests (Core & CLI)	Run Core JVM Tests	2026-01-04T19:18:41.9988050Z w: file:///home/runner/work/kotlin-crypto-pure/kotlin-crypto-pure/crypto-core/src/commonMain/kotlin/io/github/iml1s/crypto/Digest.kt:80:13 Check for instance is always 'true'.
JVM Unit Tests (Core & CLI)	Run Core JVM Tests	2026-01-04T19:18:41.9991670Z w: file:///home/runner/work/kotlin-crypto-pure/kotlin-crypto-pure/crypto-core/src/commonMain/kotlin/io/github/iml1s/crypto/Secp256k1Provider.kt:12:1 'expect'/'actual' classes (including interfaces, objects, annotations, enums, and 'actual' typealiases) are in Beta. You can use -Xexpect-actual-classes flag to suppress this warning. Also see: https://youtrack.jetbrains.com/issue/KT-61573
JVM Unit Tests (Core & CLI)	Run Core JVM Tests	2026-01-04T19:18:41.9996246Z w: file:///home/runner/work/kotlin-crypto-pure/kotlin-crypto-pure/crypto-core/src/jvmMain/kotlin/io/github/iml1s/crypto/Actuals.jvm.kt:86:1 'expect'/'actual' classes (including interfaces, objects, annotations, enums, and 'actual' typealiases) are in Beta. You can use -Xexpect-actual-classes flag to suppress this warning. Also see: https://youtrack.jetbrains.com/issue/KT-61573
JVM Unit Tests (Core & CLI)	Run Core JVM Tests	2026-01-04T19:18:42.0000839Z w: file:///home/runner/work/kotlin-crypto-pure/kotlin-crypto-pure/crypto-core/src/jvmMain/kotlin/io/github/iml1s/crypto/AesGcm.jvm.kt:10:1 'expect'/'actual' classes (including interfaces, objects, annotations, enums, and 'actual' typealiases) are in Beta. You can use -Xexpect-actual-classes flag to suppress this warning. Also see: https://youtrack.jetbrains.com/issue/KT-61573
JVM Unit Tests (Core & CLI)	Run Core JVM Tests	2026-01-04T19:18:42.0984520Z 
JVM Unit Tests (Core & CLI)	Run Core JVM Tests	2026-01-04T19:18:42.0985374Z > Task :crypto-core:jvmMainClasses
JVM Unit Tests (Core & CLI)	Run Core JVM Tests	2026-01-04T19:18:42.1953721Z > Task :crypto-core:jvmJar
JVM Unit Tests (Core & CLI)	Run Core JVM Tests	2026-01-04T19:18:49.6981128Z > Task :crypto-core:compileTestKotlinJvm
JVM Unit Tests (Core & CLI)	Run Core JVM Tests	2026-01-04T19:18:49.6981805Z > Task :crypto-core:jvmTestClasses
JVM Unit Tests (Core & CLI)	Run Core JVM Tests	2026-01-04T19:19:19.6953471Z > Task :crypto-core:jvmTest
JVM Unit Tests (Core & CLI)	Run Core JVM Tests	2026-01-04T19:22:55.3953096Z 
JVM Unit Tests (Core & CLI)	Run Core JVM Tests	2026-01-04T19:22:55.3981969Z [Incubating] Problems report is available at: file:///home/runner/work/kotlin-crypto-pure/kotlin-crypto-pure/build/reports/problems/problems-report.html
JVM Unit Tests (Core & CLI)	Run Core JVM Tests	2026-01-04T19:22:55.3983396Z 
JVM Unit Tests (Core & CLI)	Run Core JVM Tests	2026-01-04T19:22:55.3983871Z Deprecated Gradle features were used in this build, making it incompatible with Gradle 9.0.
JVM Unit Tests (Core & CLI)	Run Core JVM Tests	2026-01-04T19:22:55.3984440Z 
JVM Unit Tests (Core & CLI)	Run Core JVM Tests	2026-01-04T19:22:55.3985003Z You can use '--warning-mode all' to show the individual deprecation warnings and determine if they come from your own scripts or plugins.
JVM Unit Tests (Core & CLI)	Run Core JVM Tests	2026-01-04T19:22:55.3985735Z 
JVM Unit Tests (Core & CLI)	Run Core JVM Tests	2026-01-04T19:22:55.3986492Z For more on this, please refer to https://docs.gradle.org/8.13/userguide/command_line_interface.html#sec:command_line_warnings in the Gradle documentation.
JVM Unit Tests (Core & CLI)	Run Core JVM Tests	2026-01-04T19:22:55.3987286Z 
JVM Unit Tests (Core & CLI)	Run Core JVM Tests	2026-01-04T19:22:55.3987419Z BUILD SUCCESSFUL in 6m 58s
JVM Unit Tests (Core & CLI)	Run Core JVM Tests	2026-01-04T19:22:55.3987748Z 4 actionable tasks: 4 executed
JVM Unit Tests (Core & CLI)	Run Demo CLI E2E Tests	ï»¿2026-01-04T19:22:55.7636892Z ##[group]Run ./gradlew :demo-cli:jvmTest --continue
JVM Unit Tests (Core & CLI)	Run Demo CLI E2E Tests	2026-01-04T19:22:55.7637274Z [36;1m./gradlew :demo-cli:jvmTest --continue[0m
JVM Unit Tests (Core & CLI)	Run Demo CLI E2E Tests	2026-01-04T19:22:55.7670145Z shell: /usr/bin/bash -e {0}
JVM Unit Tests (Core & CLI)	Run Demo CLI E2E Tests	2026-01-04T19:22:55.7670376Z env:
JVM Unit Tests (Core & CLI)	Run Demo CLI E2E Tests	2026-01-04T19:22:55.7670665Z   JAVA_HOME: /opt/hostedtoolcache/Java_Temurin-Hotspot_jdk/17.0.17-10/x64
JVM Unit Tests (Core & CLI)	Run Demo CLI E2E Tests	2026-01-04T19:22:55.7671138Z   JAVA_HOME_17_X64: /opt/hostedtoolcache/Java_Temurin-Hotspot_jdk/17.0.17-10/x64
JVM Unit Tests (Core & CLI)	Run Demo CLI E2E Tests	2026-01-04T19:22:55.7671515Z   GRADLE_BUILD_ACTION_SETUP_COMPLETED: true
JVM Unit Tests (Core & CLI)	Run Demo CLI E2E Tests	2026-01-04T19:22:55.7671774Z   GRADLE_BUILD_ACTION_CACHE_RESTORED: true
JVM Unit Tests (Core & CLI)	Run Demo CLI E2E Tests	2026-01-04T19:22:55.7672190Z ##[endgroup]
JVM Unit Tests (Core & CLI)	Run Demo CLI E2E Tests	2026-01-04T19:22:57.0712764Z 
JVM Unit Tests (Core & CLI)	Run Demo CLI E2E Tests	2026-01-04T19:22:57.0719966Z > Configure project :crypto-core
JVM Unit Tests (Core & CLI)	Run Demo CLI E2E Tests	2026-01-04T19:22:57.0720756Z w: The following Kotlin/Native targets cannot be built on this machine and are disabled:
JVM Unit Tests (Core & CLI)	Run Demo CLI E2E Tests	2026-01-04T19:22:57.0721940Z iosArm64, iosSimulatorArm64, iosX64, watchosArm64, watchosSimulatorArm64, watchosX64
JVM Unit Tests (Core & CLI)	Run Demo CLI E2E Tests	2026-01-04T19:22:57.0732549Z To hide this message, add 'kotlin.native.ignoreDisabledTargets=true' to the Gradle properties.
JVM Unit Tests (Core & CLI)	Run Demo CLI E2E Tests	2026-01-04T19:22:57.0733419Z 
JVM Unit Tests (Core & CLI)	Run Demo CLI E2E Tests	2026-01-04T19:22:57.0733888Z w: The Default Kotlin Hierarchy Template was not applied to 'project ':crypto-core'':
JVM Unit Tests (Core & CLI)	Run Demo CLI E2E Tests	2026-01-04T19:22:57.0735114Z Explicit .dependsOn() edges were configured for the following source sets:
JVM Unit Tests (Core & CLI)	Run Demo CLI E2E Tests	2026-01-04T19:22:57.0740170Z [iosArm64Main, iosArm64Test, iosMain, iosSimulatorArm64Main, iosSimulatorArm64Test, iosX64Main, iosX64Test, jvmMain, jvmTest, nativeMain, nativeTest, watchosArm64Main, watchosArm64Test, watchosMain, watchosSimulatorArm64Main, watchosSimulatorArm64Test, watchosX64Main, watchosX64Test]
JVM Unit Tests (Core & CLI)	Run Demo CLI E2E Tests	2026-01-04T19:22:57.0742230Z 
JVM Unit Tests (Core & CLI)	Run Demo CLI E2E Tests	2026-01-04T19:22:57.0764579Z Consider removing dependsOn-calls or disabling the default template by adding
JVM Unit Tests (Core & CLI)	Run Demo CLI E2E Tests	2026-01-04T19:22:57.0770092Z     'kotlin.mpp.applyDefaultHierarchyTemplate=false'
JVM Unit Tests (Core & CLI)	Run Demo CLI E2E Tests	2026-01-04T19:22:57.0770650Z to your gradle.properties
JVM Unit Tests (Core & CLI)	Run Demo CLI E2E Tests	2026-01-04T19:22:57.0770900Z 
JVM Unit Tests (Core & CLI)	Run Demo CLI E2E Tests	2026-01-04T19:22:57.0771230Z Learn more about hierarchy templates: https://kotl.in/hierarchy-template
JVM Unit Tests (Core & CLI)	Run Demo CLI E2E Tests	2026-01-04T19:22:57.0771744Z 
JVM Unit Tests (Core & CLI)	Run Demo CLI E2E Tests	2026-01-04T19:22:57.2685493Z 
JVM Unit Tests (Core & CLI)	Run Demo CLI E2E Tests	2026-01-04T19:22:57.2686656Z > Configure project :demo-cli
JVM Unit Tests (Core & CLI)	Run Demo CLI E2E Tests	2026-01-04T19:22:57.2687604Z w: The following Kotlin/Native targets cannot be built on this machine and are disabled:
JVM Unit Tests (Core & CLI)	Run Demo CLI E2E Tests	2026-01-04T19:22:57.2688431Z macosArm64, macosX64
JVM Unit Tests (Core & CLI)	Run Demo CLI E2E Tests	2026-01-04T19:22:57.2689379Z To hide this message, add 'kotlin.native.ignoreDisabledTargets=true' to the Gradle properties.
JVM Unit Tests (Core & CLI)	Run Demo CLI E2E Tests	2026-01-04T19:22:57.2690685Z 
JVM Unit Tests (Core & CLI)	Run Demo CLI E2E Tests	2026-01-04T19:22:57.3703661Z 
JVM Unit Tests (Core & CLI)	Run Demo CLI E2E Tests	2026-01-04T19:22:57.3713585Z > Task :crypto-core:checkKotlinGradlePluginConfigurationErrors SKIPPED
JVM Unit Tests (Core & CLI)	Run Demo CLI E2E Tests	2026-01-04T19:22:57.3718375Z > Task :demo-cli:checkKotlinGradlePluginConfigurationErrors SKIPPED
JVM Unit Tests (Core & CLI)	Run Demo CLI E2E Tests	2026-01-04T19:22:57.3719327Z > Task :demo-cli:jvmProcessResources NO-SOURCE
JVM Unit Tests (Core & CLI)	Run Demo CLI E2E Tests	2026-01-04T19:22:57.3719836Z > Task :demo-cli:jvmTestProcessResources NO-SOURCE
JVM Unit Tests (Core & CLI)	Run Demo CLI E2E Tests	2026-01-04T19:22:57.4685789Z > Task :crypto-core:compileKotlinJvm UP-TO-DATE
JVM Unit Tests (Core & CLI)	Run Demo CLI E2E Tests	2026-01-04T19:22:57.4686843Z > Task :crypto-core:jvmProcessResources NO-SOURCE
JVM Unit Tests (Core & CLI)	Run Demo CLI E2E Tests	2026-01-04T19:22:57.4687373Z > Task :crypto-core:jvmMainClasses UP-TO-DATE
JVM Unit Tests (Core & CLI)	Run Demo CLI E2E Tests	2026-01-04T19:22:57.4687890Z > Task :crypto-core:jvmJar UP-TO-DATE
JVM Unit Tests (Core & CLI)	Run Demo CLI E2E Tests	2026-01-04T19:23:03.3699310Z > Task :demo-cli:compileKotlinJvm
JVM Unit Tests (Core & CLI)	Run Demo CLI E2E Tests	2026-01-04T19:23:03.3700675Z > Task :demo-cli:jvmMainClasses
JVM Unit Tests (Core & CLI)	Run Demo CLI E2E Tests	2026-01-04T19:23:03.3701467Z > Task :demo-cli:jvmJar
JVM Unit Tests (Core & CLI)	Run Demo CLI E2E Tests	2026-01-04T19:23:03.7686486Z > Task :demo-cli:compileTestKotlinJvm
JVM Unit Tests (Core & CLI)	Run Demo CLI E2E Tests	2026-01-04T19:23:03.7690802Z > Task :demo-cli:jvmTestClasses
JVM Unit Tests (Core & CLI)	Run Demo CLI E2E Tests	2026-01-04T19:23:33.7685979Z > Task :demo-cli:jvmTest
JVM Unit Tests (Core & CLI)	Run Demo CLI E2E Tests	2026-01-04T19:24:34.7386893Z 
JVM Unit Tests (Core & CLI)	Run Demo CLI E2E Tests	2026-01-04T19:24:34.7387996Z [Incubating] Problems report is available at: file:///home/runner/work/kotlin-crypto-pure/kotlin-crypto-pure/build/reports/problems/problems-report.html
JVM Unit Tests (Core & CLI)	Run Demo CLI E2E Tests	2026-01-04T19:24:34.7389219Z 
JVM Unit Tests (Core & CLI)	Run Demo CLI E2E Tests	2026-01-04T19:24:34.7389651Z Deprecated Gradle features were used in this build, making it incompatible with Gradle 9.0.
JVM Unit Tests (Core & CLI)	Run Demo CLI E2E Tests	2026-01-04T19:24:34.7390220Z 
JVM Unit Tests (Core & CLI)	Run Demo CLI E2E Tests	2026-01-04T19:24:34.7390855Z You can use '--warning-mode all' to show the individual deprecation warnings and determine if they come from your own scripts or plugins.
JVM Unit Tests (Core & CLI)	Run Demo CLI E2E Tests	2026-01-04T19:24:34.7391966Z 
JVM Unit Tests (Core & CLI)	Run Demo CLI E2E Tests	2026-01-04T19:24:34.7392726Z For more on this, please refer to https://docs.gradle.org/8.13/userguide/command_line_interface.html#sec:command_line_warnings in the Gradle documentation.
JVM Unit Tests (Core & CLI)	Run Demo CLI E2E Tests	2026-01-04T19:24:34.7393632Z 
JVM Unit Tests (Core & CLI)	Run Demo CLI E2E Tests	2026-01-04T19:24:34.7393777Z BUILD SUCCESSFUL in 1m 38s
JVM Unit Tests (Core & CLI)	Run Demo CLI E2E Tests	2026-01-04T19:24:34.7394178Z 6 actionable tasks: 4 executed, 2 up-to-date
JVM Unit Tests (Core & CLI)	Post Setup Gradle	ï»¿2026-01-04T19:24:34.7620280Z Post job cleanup.
JVM Unit Tests (Core & CLI)	Post Setup Gradle	2026-01-04T19:24:34.9269717Z In final post-action step, saving state and writing summary
JVM Unit Tests (Core & CLI)	Post Setup Gradle	2026-01-04T19:24:34.9278666Z Stopping all Gradle daemons before saving Gradle User Home state
JVM Unit Tests (Core & CLI)	Post Setup Gradle	2026-01-04T19:24:34.9279846Z Stopping Gradle daemons for /home/runner/.gradle/wrapper/dists/gradle-8.13-all/54h0s9kvb6g2sinako7ub77ku/gradle-8.13
JVM Unit Tests (Core & CLI)	Post Setup Gradle	2026-01-04T19:24:34.9299462Z [command]/home/runner/.gradle/wrapper/dists/gradle-8.13-all/54h0s9kvb6g2sinako7ub77ku/gradle-8.13/bin/gradle --stop
JVM Unit Tests (Core & CLI)	Post Setup Gradle	2026-01-04T19:24:35.5962274Z Stopping Daemon(s)
JVM Unit Tests (Core & CLI)	Post Setup Gradle	2026-01-04T19:24:35.5963153Z 1 Daemon stopped
JVM Unit Tests (Core & CLI)	Post Setup Gradle	2026-01-04T19:24:35.6209212Z ##[group]Caching Gradle state
JVM Unit Tests (Core & CLI)	Post Setup Gradle	2026-01-04T19:24:35.6722667Z Caching generated-gradle-jars with path '/home/runner/.gradle/caches/8.13/generated-gradle-jars/gradle-api-8.13.jar' and cache key: generated-gradle-jars-697f81ec8d80712ce7da03f513960371
JVM Unit Tests (Core & CLI)	Post Setup Gradle	2026-01-04T19:24:35.6756430Z Caching wrapper-zips with path '/home/runner/.gradle/wrapper/dists/gradle-8.13-all/54h0s9kvb6g2sinako7ub77ku' and cache key: wrapper-zips-27b0df0fa405636de00fcbfa0ab79410
JVM Unit Tests (Core & CLI)	Post Setup Gradle	2026-01-04T19:24:35.6933151Z [command]/usr/bin/tar --posix -cf cache.tzst --exclude cache.tzst -P -C /home/runner/work/kotlin-crypto-pure/kotlin-crypto-pure --files-from manifest.txt --use-compress-program zstdmt
JVM Unit Tests (Core & CLI)	Post Setup Gradle	2026-01-04T19:24:35.6969494Z [command]/usr/bin/tar --posix -cf cache.tzst --exclude cache.tzst -P -C /home/runner/work/kotlin-crypto-pure/kotlin-crypto-pure --files-from manifest.txt --use-compress-program zstdmt
JVM Unit Tests (Core & CLI)	Post Setup Gradle	2026-01-04T19:24:36.3720146Z Caching dependencies with path '/home/runner/.gradle/caches/modules-*/files-*/*/*/*/*' and cache key: dependencies-7dc93d121cd8586d6e8ab2949c2e2c57
JVM Unit Tests (Core & CLI)	Post Setup Gradle	2026-01-04T19:24:36.4006415Z Caching instrumented-jars with path '/home/runner/.gradle/caches/jars-*/*' and cache key: instrumented-jars-c77d8e7cf8a0e4c1c3d16398ccce2998
JVM Unit Tests (Core & CLI)	Post Setup Gradle	2026-01-04T19:24:36.4529371Z [command]/usr/bin/tar --posix -cf cache.tzst --exclude cache.tzst -P -C /home/runner/work/kotlin-crypto-pure/kotlin-crypto-pure --files-from manifest.txt --use-compress-program zstdmt
JVM Unit Tests (Core & CLI)	Post Setup Gradle	2026-01-04T19:24:36.4580498Z Caching kotlin-dsl with path '/home/runner/.gradle/caches/*/kotlin-dsl/*/*' and cache key: kotlin-dsl-f37ea44656728e6163304b447d113bbe
JVM Unit Tests (Core & CLI)	Post Setup Gradle	2026-01-04T19:24:36.5674368Z [command]/usr/bin/tar --posix -cf cache.tzst --exclude cache.tzst -P -C /home/runner/work/kotlin-crypto-pure/kotlin-crypto-pure --files-from manifest.txt --use-compress-program zstdmt
JVM Unit Tests (Core & CLI)	Post Setup Gradle	2026-01-04T19:24:36.6144466Z ##[warning]Failed to save cache entry with path '/home/runner/.gradle/caches/jars-*/*,zstd-without-long,1.0' and key: instrumented-jars-c77d8e7cf8a0e4c1c3d16398ccce2998: Error: <h2>Our services aren't available right now</h2><p>We're working to restore all services as soon as possible. Please check back soon.</p>0dL5aaQAAAAAtUJY7QcUVQqliZu0eGG/0UEhMMzBFREdFMDQwOABFZGdl
JVM Unit Tests (Core & CLI)	Post Setup Gradle	2026-01-04T19:24:36.6682222Z ##[warning]Failed to save cache entry with path '/home/runner/.gradle/caches/8.13/generated-gradle-jars/gradle-api-8.13.jar,zstd-without-long,1.0' and key: generated-gradle-jars-697f81ec8d80712ce7da03f513960371: Error: <h2>Our services aren't available right now</h2><p>We're working to restore all services as soon as possible. Please check back soon.</p>0dL5aaQAAAAB7nvPeySb2Sa8v44J2c83/UEhMMzBFREdFMDQwNgBFZGdl
JVM Unit Tests (Core & CLI)	Post Setup Gradle	2026-01-04T19:24:36.7544891Z ##[warning]Failed to save cache entry with path '/home/runner/.gradle/caches/*/kotlin-dsl/*/*,zstd-without-long,1.0' and key: kotlin-dsl-f37ea44656728e6163304b447d113bbe: Error: <h2>Our services aren't available right now</h2><p>We're working to restore all services as soon as possible. Please check back soon.</p>0dL5aaQAAAAAjF/tOz+mzSoDeGee8U9q/UEhMMzBFREdFMDQwNgBFZGdl
JVM Unit Tests (Core & CLI)	Post Setup Gradle	2026-01-04T19:24:37.1593230Z [command]/usr/bin/tar --posix -cf cache.tzst --exclude cache.tzst -P -C /home/runner/work/kotlin-crypto-pure/kotlin-crypto-pure --files-from manifest.txt --use-compress-program zstdmt
JVM Unit Tests (Core & CLI)	Post Setup Gradle	2026-01-04T19:24:37.8694745Z ##[warning]Failed to save cache entry with path '/home/runner/.gradle/caches/modules-*/files-*/*/*/*/*,zstd-without-long,1.0' and key: dependencies-7dc93d121cd8586d6e8ab2949c2e2c57: Error: <h2>Our services aren't available right now</h2><p>We're working to restore all services as soon as possible. Please check back soon.</p>0db5aaQAAAAAXlfHkgD/6T4rXMzVLyUWyUEhMMzBFREdFMDQwNgBFZGdl
JVM Unit Tests (Core & CLI)	Post Setup Gradle	2026-01-04T19:24:38.5447999Z ##[warning]Failed to save cache entry with path '/home/runner/.gradle/wrapper/dists/gradle-8.13-all/54h0s9kvb6g2sinako7ub77ku,zstd-without-long,1.0' and key: wrapper-zips-27b0df0fa405636de00fcbfa0ab79410: Error: <h2>Our services aren't available right now</h2><p>We're working to restore all services as soon as possible. Please check back soon.</p>0dr5aaQAAAAADbCD1Wg8xSY8ryvMaBxX0UEhMMzBFREdFMDQwNgBFZGdl
JVM Unit Tests (Core & CLI)	Post Setup Gradle	2026-01-04T19:24:39.6042693Z Caching Gradle User Home with cache key: v8-gradle|Linux|ci-test-jvm[37a6259cc0c1dae299a7866489dff0bd]-5044c1085d6f4c621b1598e167ea7a375e24dedd
JVM Unit Tests (Core & CLI)	Post Setup Gradle	2026-01-04T19:24:39.6127573Z [command]/usr/bin/tar --posix -cf cache.tzst --exclude cache.tzst -P -C /home/runner/work/kotlin-crypto-pure/kotlin-crypto-pure --files-from manifest.txt --use-compress-program zstdmt
JVM Unit Tests (Core & CLI)	Post Setup Gradle	2026-01-04T19:24:40.4347347Z ##[warning]Failed to save cache entry with path '/home/runner/.gradle/caches,/home/runner/.gradle/notifications,/home/runner/.gradle/.gradle-build-action,zstd-without-long,1.0' and key: v8-gradle|Linux|ci-test-jvm[37a6259cc0c1dae299a7866489dff0bd]-5044c1085d6f4c621b1598e167ea7a375e24dedd: Error: <h2>Our services aren't available right now</h2><p>We're working to restore all services as soon as possible. Please check back soon.</p>0eL5aaQAAAACFmW9h2/UwTJ+DjF8AyOuHUEhMMzBFREdFMDQwNgBFZGdl
JVM Unit Tests (Core & CLI)	Post Setup Gradle	2026-01-04T19:24:40.4350956Z ##[endgroup]
JVM Unit Tests (Core & CLI)	Post Setup Gradle	2026-01-04T19:24:40.4351327Z Writing job summary
JVM Unit Tests (Core & CLI)	Post Set up JDK 17	ï»¿2026-01-04T19:24:40.4539382Z Post job cleanup.
JVM Unit Tests (Core & CLI)	Post Run actions/checkout@v4	ï»¿2026-01-04T19:24:40.6270585Z Post job cleanup.
JVM Unit Tests (Core & CLI)	Post Run actions/checkout@v4	2026-01-04T19:24:40.7213489Z [command]/usr/bin/git version
JVM Unit Tests (Core & CLI)	Post Run actions/checkout@v4	2026-01-04T19:24:40.7249646Z git version 2.52.0
JVM Unit Tests (Core & CLI)	Post Run actions/checkout@v4	2026-01-04T19:24:40.7293422Z Temporarily overriding HOME='/home/runner/work/_temp/0709f81c-7549-4118-ac6a-c781b30996e4' before making global git config changes
JVM Unit Tests (Core & CLI)	Post Run actions/checkout@v4	2026-01-04T19:24:40.7294598Z Adding repository directory to the temporary git global config as a safe directory
JVM Unit Tests (Core & CLI)	Post Run actions/checkout@v4	2026-01-04T19:24:40.7299145Z [command]/usr/bin/git config --global --add safe.directory /home/runner/work/kotlin-crypto-pure/kotlin-crypto-pure
JVM Unit Tests (Core & CLI)	Post Run actions/checkout@v4	2026-01-04T19:24:40.7341584Z [command]/usr/bin/git config --local --name-only --get-regexp core\.sshCommand
JVM Unit Tests (Core & CLI)	Post Run actions/checkout@v4	2026-01-04T19:24:40.7374153Z [command]/usr/bin/git submodule foreach --recursive sh -c "git config --local --name-only --get-regexp 'core\.sshCommand' && git config --local --unset-all 'core.sshCommand' || :"
JVM Unit Tests (Core & CLI)	Post Run actions/checkout@v4	2026-01-04T19:24:40.7609832Z [command]/usr/bin/git config --local --name-only --get-regexp http\.https\:\/\/github\.com\/\.extraheader
JVM Unit Tests (Core & CLI)	Post Run actions/checkout@v4	2026-01-04T19:24:40.7631482Z http.https://github.com/.extraheader
JVM Unit Tests (Core & CLI)	Post Run actions/checkout@v4	2026-01-04T19:24:40.7643460Z [command]/usr/bin/git config --local --unset-all http.https://github.com/.extraheader
JVM Unit Tests (Core & CLI)	Post Run actions/checkout@v4	2026-01-04T19:24:40.7700687Z [command]/usr/bin/git submodule foreach --recursive sh -c "git config --local --name-only --get-regexp 'http\.https\:\/\/github\.com\/\.extraheader' && git config --local --unset-all 'http.https://github.com/.extraheader' || :"
JVM Unit Tests (Core & CLI)	Post Run actions/checkout@v4	2026-01-04T19:24:40.7948156Z [command]/usr/bin/git config --local --name-only --get-regexp ^includeIf\.gitdir:
JVM Unit Tests (Core & CLI)	Post Run actions/checkout@v4	2026-01-04T19:24:40.7988521Z [command]/usr/bin/git submodule foreach --recursive git config --local --show-origin --name-only --get-regexp remote.origin.url
JVM Unit Tests (Core & CLI)	Complete job	ï»¿2026-01-04T19:24:40.8345912Z Cleaning up orphan processes
Android Core Tests	Set up job	ï»¿2026-01-04T19:15:54.9523104Z Current runner version: '2.330.0'
Android Core Tests	Set up job	2026-01-04T19:15:54.9550956Z ##[group]Runner Image Provisioner
Android Core Tests	Set up job	2026-01-04T19:15:54.9551809Z Hosted Compute Agent
Android Core Tests	Set up job	2026-01-04T19:15:54.9552511Z Version: 20251211.462
Android Core Tests	Set up job	2026-01-04T19:15:54.9553106Z Commit: 6cbad8c2bb55d58165063d031ccabf57e2d2db61
Android Core Tests	Set up job	2026-01-04T19:15:54.9553811Z Build Date: 2025-12-11T16:28:49Z
Android Core Tests	Set up job	2026-01-04T19:15:54.9554987Z Worker ID: {b8e4caf8-2018-44d9-8e18-e61a146556fa}
Android Core Tests	Set up job	2026-01-04T19:15:54.9555738Z ##[endgroup]
Android Core Tests	Set up job	2026-01-04T19:15:54.9556258Z ##[group]Operating System
Android Core Tests	Set up job	2026-01-04T19:15:54.9556903Z Ubuntu
Android Core Tests	Set up job	2026-01-04T19:15:54.9557379Z 24.04.3
Android Core Tests	Set up job	2026-01-04T19:15:54.9557881Z LTS
Android Core Tests	Set up job	2026-01-04T19:15:54.9558429Z ##[endgroup]
Android Core Tests	Set up job	2026-01-04T19:15:54.9558956Z ##[group]Runner Image
Android Core Tests	Set up job	2026-01-04T19:15:54.9559518Z Image: ubuntu-24.04
Android Core Tests	Set up job	2026-01-04T19:15:54.9560099Z Version: 20251215.174.1
Android Core Tests	Set up job	2026-01-04T19:15:54.9561179Z Included Software: https://github.com/actions/runner-images/blob/ubuntu24/20251215.174/images/ubuntu/Ubuntu2404-Readme.md
Android Core Tests	Set up job	2026-01-04T19:15:54.9562551Z Image Release: https://github.com/actions/runner-images/releases/tag/ubuntu24%2F20251215.174
Android Core Tests	Set up job	2026-01-04T19:15:54.9563851Z ##[endgroup]
Android Core Tests	Set up job	2026-01-04T19:15:54.9565296Z ##[group]GITHUB_TOKEN Permissions
Android Core Tests	Set up job	2026-01-04T19:15:54.9567575Z Contents: read
Android Core Tests	Set up job	2026-01-04T19:15:54.9568185Z Metadata: read
Android Core Tests	Set up job	2026-01-04T19:15:54.9568825Z Packages: read
Android Core Tests	Set up job	2026-01-04T19:15:54.9569424Z ##[endgroup]
Android Core Tests	Set up job	2026-01-04T19:15:54.9571883Z Secret source: Actions
Android Core Tests	Set up job	2026-01-04T19:15:54.9572746Z Prepare workflow directory
Android Core Tests	Set up job	2026-01-04T19:15:55.0110279Z Prepare all required actions
Android Core Tests	Set up job	2026-01-04T19:15:55.0149184Z Getting action download info
Android Core Tests	Set up job	2026-01-04T19:15:55.3163352Z Download action repository 'actions/checkout@v4' (SHA:34e114876b0b11c390a56381ad16ebd13914f8d5)
Android Core Tests	Set up job	2026-01-04T19:15:55.4196707Z Download action repository 'actions/setup-java@v4' (SHA:c1e323688fd81a25caa38c78aa6df2d33d3e20d9)
Android Core Tests	Set up job	2026-01-04T19:15:55.8632907Z Download action repository 'gradle/gradle-build-action@v2' (SHA:a8f75513eafdebd8141bd1cd4e30fcd194af8dfa)
Android Core Tests	Set up job	2026-01-04T19:15:56.8132233Z Complete job name: Android Core Tests
Android Core Tests	Run actions/checkout@v4	ï»¿2026-01-04T19:15:56.8891301Z ##[group]Run actions/checkout@v4
Android Core Tests	Run actions/checkout@v4	2026-01-04T19:15:56.8892643Z with:
Android Core Tests	Run actions/checkout@v4	2026-01-04T19:15:56.8893405Z   repository: ImL1s/kotlin-crypto-pure
Android Core Tests	Run actions/checkout@v4	2026-01-04T19:15:56.8894984Z   token: ***
Android Core Tests	Run actions/checkout@v4	2026-01-04T19:15:56.8895675Z   ssh-strict: true
Android Core Tests	Run actions/checkout@v4	2026-01-04T19:15:56.8896374Z   ssh-user: git
Android Core Tests	Run actions/checkout@v4	2026-01-04T19:15:56.8897086Z   persist-credentials: true
Android Core Tests	Run actions/checkout@v4	2026-01-04T19:15:56.8897879Z   clean: true
Android Core Tests	Run actions/checkout@v4	2026-01-04T19:15:56.8898606Z   sparse-checkout-cone-mode: true
Android Core Tests	Run actions/checkout@v4	2026-01-04T19:15:56.8899502Z   fetch-depth: 1
Android Core Tests	Run actions/checkout@v4	2026-01-04T19:15:56.8900193Z   fetch-tags: false
Android Core Tests	Run actions/checkout@v4	2026-01-04T19:15:56.8900912Z   show-progress: true
Android Core Tests	Run actions/checkout@v4	2026-01-04T19:15:56.8901651Z   lfs: false
Android Core Tests	Run actions/checkout@v4	2026-01-04T19:15:56.8902306Z   submodules: false
Android Core Tests	Run actions/checkout@v4	2026-01-04T19:15:56.8903058Z   set-safe-directory: true
Android Core Tests	Run actions/checkout@v4	2026-01-04T19:15:56.8904272Z env:
Android Core Tests	Run actions/checkout@v4	2026-01-04T19:15:56.8905244Z   GITHUB_TOKEN: ***
Android Core Tests	Run actions/checkout@v4	2026-01-04T19:15:56.8905984Z   GITHUB_ACTOR: ImL1s
Android Core Tests	Run actions/checkout@v4	2026-01-04T19:15:56.8906715Z ##[endgroup]
Android Core Tests	Run actions/checkout@v4	2026-01-04T19:15:57.0254203Z Syncing repository: ImL1s/kotlin-crypto-pure
Android Core Tests	Run actions/checkout@v4	2026-01-04T19:15:57.0257170Z ##[group]Getting Git version info
Android Core Tests	Run actions/checkout@v4	2026-01-04T19:15:57.0259158Z Working directory is '/home/runner/work/kotlin-crypto-pure/kotlin-crypto-pure'
Android Core Tests	Run actions/checkout@v4	2026-01-04T19:15:57.0262405Z [command]/usr/bin/git version
Android Core Tests	Run actions/checkout@v4	2026-01-04T19:15:57.0371780Z git version 2.52.0
Android Core Tests	Run actions/checkout@v4	2026-01-04T19:15:57.0401449Z ##[endgroup]
Android Core Tests	Run actions/checkout@v4	2026-01-04T19:15:57.0417130Z Temporarily overriding HOME='/home/runner/work/_temp/600b2d1c-3b69-4312-84b2-9b995a9d156c' before making global git config changes
Android Core Tests	Run actions/checkout@v4	2026-01-04T19:15:57.0420057Z Adding repository directory to the temporary git global config as a safe directory
Android Core Tests	Run actions/checkout@v4	2026-01-04T19:15:57.0430901Z [command]/usr/bin/git config --global --add safe.directory /home/runner/work/kotlin-crypto-pure/kotlin-crypto-pure
Android Core Tests	Run actions/checkout@v4	2026-01-04T19:15:57.0482909Z Deleting the contents of '/home/runner/work/kotlin-crypto-pure/kotlin-crypto-pure'
Android Core Tests	Run actions/checkout@v4	2026-01-04T19:15:57.0486584Z ##[group]Initializing the repository
Android Core Tests	Run actions/checkout@v4	2026-01-04T19:15:57.0492318Z [command]/usr/bin/git init /home/runner/work/kotlin-crypto-pure/kotlin-crypto-pure
Android Core Tests	Run actions/checkout@v4	2026-01-04T19:15:57.0627025Z hint: Using 'master' as the name for the initial branch. This default branch name
Android Core Tests	Run actions/checkout@v4	2026-01-04T19:15:57.0629963Z hint: will change to "main" in Git 3.0. To configure the initial branch name
Android Core Tests	Run actions/checkout@v4	2026-01-04T19:15:57.0633075Z hint: to use in all of your new repositories, which will suppress this warning,
Android Core Tests	Run actions/checkout@v4	2026-01-04T19:15:57.0635972Z hint: call:
Android Core Tests	Run actions/checkout@v4	2026-01-04T19:15:57.0637160Z hint:
Android Core Tests	Run actions/checkout@v4	2026-01-04T19:15:57.0638644Z hint: 	git config --global init.defaultBranch <name>
Android Core Tests	Run actions/checkout@v4	2026-01-04T19:15:57.0640747Z hint:
Android Core Tests	Run actions/checkout@v4	2026-01-04T19:15:57.0642512Z hint: Names commonly chosen instead of 'master' are 'main', 'trunk' and
Android Core Tests	Run actions/checkout@v4	2026-01-04T19:15:57.0645732Z hint: 'development'. The just-created branch can be renamed via this command:
Android Core Tests	Run actions/checkout@v4	2026-01-04T19:15:57.0648174Z hint:
Android Core Tests	Run actions/checkout@v4	2026-01-04T19:15:57.0649292Z hint: 	git branch -m <name>
Android Core Tests	Run actions/checkout@v4	2026-01-04T19:15:57.0650592Z hint:
Android Core Tests	Run actions/checkout@v4	2026-01-04T19:15:57.0652355Z hint: Disable this message with "git config set advice.defaultBranchName false"
Android Core Tests	Run actions/checkout@v4	2026-01-04T19:15:57.0655528Z Initialized empty Git repository in /home/runner/work/kotlin-crypto-pure/kotlin-crypto-pure/.git/
Android Core Tests	Run actions/checkout@v4	2026-01-04T19:15:57.0659081Z [command]/usr/bin/git remote add origin https://github.com/ImL1s/kotlin-crypto-pure
Android Core Tests	Run actions/checkout@v4	2026-01-04T19:15:57.0715834Z ##[endgroup]
Android Core Tests	Run actions/checkout@v4	2026-01-04T19:15:57.0718123Z ##[group]Disabling automatic garbage collection
Android Core Tests	Run actions/checkout@v4	2026-01-04T19:15:57.0720405Z [command]/usr/bin/git config --local gc.auto 0
Android Core Tests	Run actions/checkout@v4	2026-01-04T19:15:57.0755882Z ##[endgroup]
Android Core Tests	Run actions/checkout@v4	2026-01-04T19:15:57.0757975Z ##[group]Setting up auth
Android Core Tests	Run actions/checkout@v4	2026-01-04T19:15:57.0764693Z [command]/usr/bin/git config --local --name-only --get-regexp core\.sshCommand
Android Core Tests	Run actions/checkout@v4	2026-01-04T19:15:57.0801251Z [command]/usr/bin/git submodule foreach --recursive sh -c "git config --local --name-only --get-regexp 'core\.sshCommand' && git config --local --unset-all 'core.sshCommand' || :"
Android Core Tests	Run actions/checkout@v4	2026-01-04T19:15:57.1212797Z [command]/usr/bin/git config --local --name-only --get-regexp http\.https\:\/\/github\.com\/\.extraheader
Android Core Tests	Run actions/checkout@v4	2026-01-04T19:15:57.1246423Z [command]/usr/bin/git submodule foreach --recursive sh -c "git config --local --name-only --get-regexp 'http\.https\:\/\/github\.com\/\.extraheader' && git config --local --unset-all 'http.https://github.com/.extraheader' || :"
Android Core Tests	Run actions/checkout@v4	2026-01-04T19:15:57.1485183Z [command]/usr/bin/git config --local --name-only --get-regexp ^includeIf\.gitdir:
Android Core Tests	Run actions/checkout@v4	2026-01-04T19:15:57.1523107Z [command]/usr/bin/git submodule foreach --recursive git config --local --show-origin --name-only --get-regexp remote.origin.url
Android Core Tests	Run actions/checkout@v4	2026-01-04T19:15:57.1810456Z [command]/usr/bin/git config --local http.https://github.com/.extraheader AUTHORIZATION: basic ***
Android Core Tests	Run actions/checkout@v4	2026-01-04T19:15:57.1857241Z ##[endgroup]
Android Core Tests	Run actions/checkout@v4	2026-01-04T19:15:57.1859568Z ##[group]Fetching the repository
Android Core Tests	Run actions/checkout@v4	2026-01-04T19:15:57.1869562Z [command]/usr/bin/git -c protocol.version=2 fetch --no-tags --prune --no-recurse-submodules --depth=1 origin +5044c1085d6f4c621b1598e167ea7a375e24dedd:refs/remotes/origin/main
Android Core Tests	Run actions/checkout@v4	2026-01-04T19:15:57.6034650Z From https://github.com/ImL1s/kotlin-crypto-pure
Android Core Tests	Run actions/checkout@v4	2026-01-04T19:15:57.6036845Z  * [new ref]         5044c1085d6f4c621b1598e167ea7a375e24dedd -> origin/main
Android Core Tests	Run actions/checkout@v4	2026-01-04T19:15:57.6074230Z ##[endgroup]
Android Core Tests	Run actions/checkout@v4	2026-01-04T19:15:57.6076183Z ##[group]Determining the checkout info
Android Core Tests	Run actions/checkout@v4	2026-01-04T19:15:57.6077904Z ##[endgroup]
Android Core Tests	Run actions/checkout@v4	2026-01-04T19:15:57.6081912Z [command]/usr/bin/git sparse-checkout disable
Android Core Tests	Run actions/checkout@v4	2026-01-04T19:15:57.6128978Z [command]/usr/bin/git config --local --unset-all extensions.worktreeConfig
Android Core Tests	Run actions/checkout@v4	2026-01-04T19:15:57.6160260Z ##[group]Checking out the ref
Android Core Tests	Run actions/checkout@v4	2026-01-04T19:15:57.6164847Z [command]/usr/bin/git checkout --progress --force -B main refs/remotes/origin/main
Android Core Tests	Run actions/checkout@v4	2026-01-04T19:15:57.7233353Z Switched to a new branch 'main'
Android Core Tests	Run actions/checkout@v4	2026-01-04T19:15:57.7234526Z branch 'main' set up to track 'origin/main'.
Android Core Tests	Run actions/checkout@v4	2026-01-04T19:15:57.7247461Z ##[endgroup]
Android Core Tests	Run actions/checkout@v4	2026-01-04T19:15:57.7287586Z [command]/usr/bin/git log -1 --format=%H
Android Core Tests	Run actions/checkout@v4	2026-01-04T19:15:57.7320955Z 5044c1085d6f4c621b1598e167ea7a375e24dedd
Android Core Tests	Set up JDK 17	ï»¿2026-01-04T19:15:57.7582885Z ##[group]Run actions/setup-java@v4
Android Core Tests	Set up JDK 17	2026-01-04T19:15:57.7583264Z with:
Android Core Tests	Set up JDK 17	2026-01-04T19:15:57.7583490Z   java-version: 17
Android Core Tests	Set up JDK 17	2026-01-04T19:15:57.7583726Z   distribution: temurin
Android Core Tests	Set up JDK 17	2026-01-04T19:15:57.7584366Z   java-package: jdk
Android Core Tests	Set up JDK 17	2026-01-04T19:15:57.7584607Z   check-latest: false
Android Core Tests	Set up JDK 17	2026-01-04T19:15:57.7584846Z   server-id: github
Android Core Tests	Set up JDK 17	2026-01-04T19:15:57.7585081Z   server-username: GITHUB_ACTOR
Android Core Tests	Set up JDK 17	2026-01-04T19:15:57.7585370Z   server-password: GITHUB_TOKEN
Android Core Tests	Set up JDK 17	2026-01-04T19:15:57.7585643Z   overwrite-settings: true
Android Core Tests	Set up JDK 17	2026-01-04T19:15:57.7585898Z   job-status: success
Android Core Tests	Set up JDK 17	2026-01-04T19:15:57.7586276Z   token: ***
Android Core Tests	Set up JDK 17	2026-01-04T19:15:57.7586487Z env:
Android Core Tests	Set up JDK 17	2026-01-04T19:15:57.7586789Z   GITHUB_TOKEN: ***
Android Core Tests	Set up JDK 17	2026-01-04T19:15:57.7587021Z   GITHUB_ACTOR: ImL1s
Android Core Tests	Set up JDK 17	2026-01-04T19:15:57.7587253Z ##[endgroup]
Android Core Tests	Set up JDK 17	2026-01-04T19:15:57.9629890Z ##[group]Installed distributions
Android Core Tests	Set up JDK 17	2026-01-04T19:15:57.9746360Z Resolved Java 17.0.17+10 from tool-cache
Android Core Tests	Set up JDK 17	2026-01-04T19:15:57.9747638Z Setting Java 17.0.17+10 as the default
Android Core Tests	Set up JDK 17	2026-01-04T19:15:57.9761238Z Creating toolchains.xml for JDK version 17 from temurin
Android Core Tests	Set up JDK 17	2026-01-04T19:15:57.9840686Z Writing to /home/runner/.m2/toolchains.xml
Android Core Tests	Set up JDK 17	2026-01-04T19:15:57.9842910Z 
Android Core Tests	Set up JDK 17	2026-01-04T19:15:57.9844097Z Java configuration:
Android Core Tests	Set up JDK 17	2026-01-04T19:15:57.9844834Z   Distribution: temurin
Android Core Tests	Set up JDK 17	2026-01-04T19:15:57.9845346Z   Version: 17.0.17+10
Android Core Tests	Set up JDK 17	2026-01-04T19:15:57.9846047Z   Path: /opt/hostedtoolcache/Java_Temurin-Hotspot_jdk/17.0.17-10/x64
Android Core Tests	Set up JDK 17	2026-01-04T19:15:57.9846579Z 
Android Core Tests	Set up JDK 17	2026-01-04T19:15:57.9847196Z ##[endgroup]
Android Core Tests	Set up JDK 17	2026-01-04T19:15:57.9870776Z Creating settings.xml with server-id: github
Android Core Tests	Set up JDK 17	2026-01-04T19:15:57.9871233Z Writing to /home/runner/.m2/settings.xml
Android Core Tests	Setup Gradle	ï»¿2026-01-04T19:15:58.0101499Z ##[group]Run gradle/gradle-build-action@v2
Android Core Tests	Setup Gradle	2026-01-04T19:15:58.0101886Z with:
Android Core Tests	Setup Gradle	2026-01-04T19:15:58.0102124Z   cache-disabled: false
Android Core Tests	Setup Gradle	2026-01-04T19:15:58.0102390Z   cache-read-only: false
Android Core Tests	Setup Gradle	2026-01-04T19:15:58.0102652Z   cache-write-only: false
Android Core Tests	Setup Gradle	2026-01-04T19:15:58.0102924Z   cache-overwrite-existing: false
Android Core Tests	Setup Gradle	2026-01-04T19:15:58.0103247Z   gradle-home-cache-includes: caches
Android Core Tests	Setup Gradle	notifications
Android Core Tests	Setup Gradle	
Android Core Tests	Setup Gradle	2026-01-04T19:15:58.0103614Z   gradle-home-cache-cleanup: false
Android Core Tests	Setup Gradle	2026-01-04T19:15:58.0104101Z   generate-job-summary: true
Android Core Tests	Setup Gradle	2026-01-04T19:15:58.0104405Z   dependency-graph: disabled
Android Core Tests	Setup Gradle	2026-01-04T19:15:58.0104704Z   gradle-home-cache-strict-match: false
Android Core Tests	Setup Gradle	2026-01-04T19:15:58.0105016Z   workflow-job-context: null
Android Core Tests	Setup Gradle	2026-01-04T19:15:58.0105428Z   github-token: ***
Android Core Tests	Setup Gradle	2026-01-04T19:15:58.0105654Z env:
Android Core Tests	Setup Gradle	2026-01-04T19:15:58.0105942Z   GITHUB_TOKEN: ***
Android Core Tests	Setup Gradle	2026-01-04T19:15:58.0106167Z   GITHUB_ACTOR: ImL1s
Android Core Tests	Setup Gradle	2026-01-04T19:15:58.0106516Z   JAVA_HOME: /opt/hostedtoolcache/Java_Temurin-Hotspot_jdk/17.0.17-10/x64
Android Core Tests	Setup Gradle	2026-01-04T19:15:58.0107019Z   JAVA_HOME_17_X64: /opt/hostedtoolcache/Java_Temurin-Hotspot_jdk/17.0.17-10/x64
Android Core Tests	Setup Gradle	2026-01-04T19:15:58.0107457Z ##[endgroup]
Android Core Tests	Setup Gradle	2026-01-04T19:15:59.0405749Z ##[group]Restore Gradle state from cache
Android Core Tests	Setup Gradle	2026-01-04T19:15:59.1644070Z ##[warning]Failed to restore v8-gradle|Linux|ci-test-android[37a6259cc0c1dae299a7866489dff0bd]-5044c1085d6f4c621b1598e167ea7a375e24dedd: Error: Cache service responded with 400
Android Core Tests	Setup Gradle	2026-01-04T19:15:59.1674548Z Gradle User Home cache not found. Will initialize empty.
Android Core Tests	Setup Gradle	2026-01-04T19:15:59.1675522Z ##[endgroup]
Android Core Tests	Run Core Android Unit Tests	ï»¿2026-01-04T19:15:59.1797681Z ##[group]Run ./gradlew :crypto-core:testDebugUnitTest --continue
Android Core Tests	Run Core Android Unit Tests	2026-01-04T19:15:59.1798259Z [36;1m./gradlew :crypto-core:testDebugUnitTest --continue[0m
Android Core Tests	Run Core Android Unit Tests	2026-01-04T19:15:59.1833862Z shell: /usr/bin/bash -e {0}
Android Core Tests	Run Core Android Unit Tests	2026-01-04T19:15:59.1834370Z env:
Android Core Tests	Run Core Android Unit Tests	2026-01-04T19:15:59.1834788Z   GITHUB_TOKEN: ***
Android Core Tests	Run Core Android Unit Tests	2026-01-04T19:15:59.1834997Z   GITHUB_ACTOR: ImL1s
Android Core Tests	Run Core Android Unit Tests	2026-01-04T19:15:59.1835310Z   JAVA_HOME: /opt/hostedtoolcache/Java_Temurin-Hotspot_jdk/17.0.17-10/x64
Android Core Tests	Run Core Android Unit Tests	2026-01-04T19:15:59.1835761Z   JAVA_HOME_17_X64: /opt/hostedtoolcache/Java_Temurin-Hotspot_jdk/17.0.17-10/x64
Android Core Tests	Run Core Android Unit Tests	2026-01-04T19:15:59.1836127Z   GRADLE_BUILD_ACTION_SETUP_COMPLETED: true
Android Core Tests	Run Core Android Unit Tests	2026-01-04T19:15:59.1836387Z   GRADLE_BUILD_ACTION_CACHE_RESTORED: true
Android Core Tests	Run Core Android Unit Tests	2026-01-04T19:15:59.1836652Z ##[endgroup]
Android Core Tests	Run Core Android Unit Tests	2026-01-04T19:15:59.5421111Z Downloading https://services.gradle.org/distributions/gradle-8.13-all.zip
Android Core Tests	Run Core Android Unit Tests	2026-01-04T19:16:02.4205076Z ......................10%......................20%......................30%......................40%......................50%......................60%......................70%.......................80%......................90%......................100%
Android Core Tests	Run Core Android Unit Tests	2026-01-04T19:16:06.5168208Z 
Android Core Tests	Run Core Android Unit Tests	2026-01-04T19:16:06.5170039Z Welcome to Gradle 8.13!
Android Core Tests	Run Core Android Unit Tests	2026-01-04T19:16:06.5177311Z 
Android Core Tests	Run Core Android Unit Tests	2026-01-04T19:16:06.5177657Z Here are the highlights of this release:
Android Core Tests	Run Core Android Unit Tests	2026-01-04T19:16:06.5178265Z  - Daemon JVM auto-provisioning
Android Core Tests	Run Core Android Unit Tests	2026-01-04T19:16:06.5178817Z  - Enhancements for Scala plugin and JUnit testing
Android Core Tests	Run Core Android Unit Tests	2026-01-04T19:16:06.5179423Z  - Improvements for build authors and plugin developers
Android Core Tests	Run Core Android Unit Tests	2026-01-04T19:16:06.5179811Z 
Android Core Tests	Run Core Android Unit Tests	2026-01-04T19:16:06.5180749Z For more details see https://docs.gradle.org/8.13/release-notes.html
Android Core Tests	Run Core Android Unit Tests	2026-01-04T19:16:06.5181751Z 
Android Core Tests	Run Core Android Unit Tests	2026-01-04T19:16:06.6135874Z Starting a Gradle Daemon (subsequent builds will be faster)
Android Core Tests	Run Core Android Unit Tests	2026-01-04T19:17:54.7183352Z 
Android Core Tests	Run Core Android Unit Tests	2026-01-04T19:17:54.7184328Z > Configure project :crypto-core
Android Core Tests	Run Core Android Unit Tests	2026-01-04T19:17:54.7185644Z w: file:///home/runner/work/kotlin-crypto-pure/kotlin-crypto-pure/crypto-core/build.gradle.kts:25:21: 'defFile: File' is deprecated. Deprecated because it is a non-lazy property.
Android Core Tests	Run Core Android Unit Tests	2026-01-04T19:17:54.7187687Z w: file:///home/runner/work/kotlin-crypto-pure/kotlin-crypto-pure/crypto-core/build.gradle.kts:36:21: 'defFile: File' is deprecated. Deprecated because it is a non-lazy property.
Android Core Tests	Run Core Android Unit Tests	2026-01-04T19:17:54.7189779Z w: file:///home/runner/work/kotlin-crypto-pure/kotlin-crypto-pure/crypto-core/build.gradle.kts:47:21: 'defFile: File' is deprecated. Deprecated because it is a non-lazy property.
Android Core Tests	Run Core Android Unit Tests	2026-01-04T19:17:54.7191835Z w: file:///home/runner/work/kotlin-crypto-pure/kotlin-crypto-pure/crypto-core/build.gradle.kts:59:21: 'defFile: File' is deprecated. Deprecated because it is a non-lazy property.
Android Core Tests	Run Core Android Unit Tests	2026-01-04T19:17:54.7193841Z w: file:///home/runner/work/kotlin-crypto-pure/kotlin-crypto-pure/crypto-core/build.gradle.kts:70:21: 'defFile: File' is deprecated. Deprecated because it is a non-lazy property.
Android Core Tests	Run Core Android Unit Tests	2026-01-04T19:17:54.7196070Z w: file:///home/runner/work/kotlin-crypto-pure/kotlin-crypto-pure/crypto-core/build.gradle.kts:81:21: 'defFile: File' is deprecated. Deprecated because it is a non-lazy property.
Android Core Tests	Run Core Android Unit Tests	2026-01-04T19:17:56.3122323Z w: The following Kotlin/Native targets cannot be built on this machine and are disabled:
Android Core Tests	Run Core Android Unit Tests	2026-01-04T19:17:56.3132290Z iosArm64, iosSimulatorArm64, iosX64, watchosArm64, watchosSimulatorArm64, watchosX64
Android Core Tests	Run Core Android Unit Tests	2026-01-04T19:17:56.3133822Z To hide this message, add 'kotlin.native.ignoreDisabledTargets=true' to the Gradle properties.
Android Core Tests	Run Core Android Unit Tests	2026-01-04T19:17:56.3134943Z 
Android Core Tests	Run Core Android Unit Tests	2026-01-04T19:17:56.3135594Z w: The Default Kotlin Hierarchy Template was not applied to 'project ':crypto-core'':
Android Core Tests	Run Core Android Unit Tests	2026-01-04T19:17:56.3136756Z Explicit .dependsOn() edges were configured for the following source sets:
Android Core Tests	Run Core Android Unit Tests	2026-01-04T19:17:56.3139109Z [iosArm64Main, iosArm64Test, iosMain, iosSimulatorArm64Main, iosSimulatorArm64Test, iosX64Main, iosX64Test, jvmMain, jvmTest, nativeMain, nativeTest, watchosArm64Main, watchosArm64Test, watchosMain, watchosSimulatorArm64Main, watchosSimulatorArm64Test, watchosX64Main, watchosX64Test]
Android Core Tests	Run Core Android Unit Tests	2026-01-04T19:17:56.3141185Z 
Android Core Tests	Run Core Android Unit Tests	2026-01-04T19:17:56.3142330Z Consider removing dependsOn-calls or disabling the default template by adding
Android Core Tests	Run Core Android Unit Tests	2026-01-04T19:17:56.3143382Z     'kotlin.mpp.applyDefaultHierarchyTemplate=false'
Android Core Tests	Run Core Android Unit Tests	2026-01-04T19:17:56.3144354Z to your gradle.properties
Android Core Tests	Run Core Android Unit Tests	2026-01-04T19:17:56.3144742Z 
Android Core Tests	Run Core Android Unit Tests	2026-01-04T19:17:56.3145228Z Learn more about hierarchy templates: https://kotl.in/hierarchy-template
Android Core Tests	Run Core Android Unit Tests	2026-01-04T19:17:56.3145842Z 
Android Core Tests	Run Core Android Unit Tests	2026-01-04T19:17:59.9120328Z 
Android Core Tests	Run Core Android Unit Tests	2026-01-04T19:17:59.9126642Z > Configure project :demo-cli
Android Core Tests	Run Core Android Unit Tests	2026-01-04T19:17:59.9128580Z w: file:///home/runner/work/kotlin-crypto-pure/kotlin-crypto-pure/demo-cli/build.gradle.kts:7:9: Experimental API in the Kotlin Gradle Plugin: No stability guarantees can be provided. The API could get removed in the future without replacement
Android Core Tests	Run Core Android Unit Tests	2026-01-04T19:17:59.9135746Z w: file:///home/runner/work/kotlin-crypto-pure/kotlin-crypto-pure/demo-cli/build.gradle.kts:8:13: Experimental API in the Kotlin Gradle Plugin: No stability guarantees can be provided. The API could get removed in the future without replacement
Android Core Tests	Run Core Android Unit Tests	2026-01-04T19:17:59.9137515Z w: The following Kotlin/Native targets cannot be built on this machine and are disabled:
Android Core Tests	Run Core Android Unit Tests	2026-01-04T19:17:59.9138708Z macosArm64, macosX64
Android Core Tests	Run Core Android Unit Tests	2026-01-04T19:17:59.9139478Z To hide this message, add 'kotlin.native.ignoreDisabledTargets=true' to the Gradle properties.
Android Core Tests	Run Core Android Unit Tests	2026-01-04T19:17:59.9140071Z 
Android Core Tests	Run Core Android Unit Tests	2026-01-04T19:18:00.4120529Z WARNING: We recommend using a newer Android Gradle plugin to use compileSdk = 35
Android Core Tests	Run Core Android Unit Tests	2026-01-04T19:18:00.4125298Z 
Android Core Tests	Run Core Android Unit Tests	2026-01-04T19:18:00.4129454Z This Android Gradle plugin (8.5.2) was tested up to compileSdk = 34.
Android Core Tests	Run Core Android Unit Tests	2026-01-04T19:18:00.4135443Z 
Android Core Tests	Run Core Android Unit Tests	2026-01-04T19:18:00.4136275Z You are strongly encouraged to update your project to use a newer
Android Core Tests	Run Core Android Unit Tests	2026-01-04T19:18:00.4137126Z Android Gradle plugin that has been tested with compileSdk = 35.
Android Core Tests	Run Core Android Unit Tests	2026-01-04T19:18:00.4138089Z 
Android Core Tests	Run Core Android Unit Tests	2026-01-04T19:18:00.4141654Z If you are already using the latest version of the Android Gradle plugin,
Android Core Tests	Run Core Android Unit Tests	2026-01-04T19:18:00.4142626Z you may need to wait until a newer version with support for compileSdk = 35 is available.
Android Core Tests	Run Core Android Unit Tests	2026-01-04T19:18:00.4145248Z 
Android Core Tests	Run Core Android Unit Tests	2026-01-04T19:18:00.4145502Z For more information refer to the compatibility table:
Android Core Tests	Run Core Android Unit Tests	2026-01-04T19:18:00.4146047Z https://d.android.com/r/tools/api-level-support
Android Core Tests	Run Core Android Unit Tests	2026-01-04T19:18:00.4146371Z 
Android Core Tests	Run Core Android Unit Tests	2026-01-04T19:18:00.4146510Z To suppress this warning, add/update
Android Core Tests	Run Core Android Unit Tests	2026-01-04T19:18:00.4146939Z     android.suppressUnsupportedCompileSdk=35
Android Core Tests	Run Core Android Unit Tests	2026-01-04T19:18:00.4147374Z to this project's gradle.properties.
Android Core Tests	Run Core Android Unit Tests	2026-01-04T19:18:01.0129889Z 
Android Core Tests	Run Core Android Unit Tests	2026-01-04T19:18:01.0130706Z > Task :crypto-core:checkKotlinGradlePluginConfigurationErrors SKIPPED
Android Core Tests	Run Core Android Unit Tests	2026-01-04T19:18:01.0131576Z > Task :crypto-core:preBuild UP-TO-DATE
Android Core Tests	Run Core Android Unit Tests	2026-01-04T19:18:01.0132102Z > Task :crypto-core:preDebugBuild UP-TO-DATE
Android Core Tests	Run Core Android Unit Tests	2026-01-04T19:18:01.1125860Z > Task :crypto-core:generateDebugResValues
Android Core Tests	Run Core Android Unit Tests	2026-01-04T19:18:01.1130140Z > Task :crypto-core:generateDebugResources
Android Core Tests	Run Core Android Unit Tests	2026-01-04T19:18:01.1135295Z > Task :crypto-core:packageDebugResources
Android Core Tests	Run Core Android Unit Tests	2026-01-04T19:18:01.9160694Z > Task :crypto-core:preDebugUnitTestBuild UP-TO-DATE
Android Core Tests	Run Core Android Unit Tests	2026-01-04T19:18:02.0121479Z > Task :crypto-core:javaPreCompileDebug
Android Core Tests	Run Core Android Unit Tests	2026-01-04T19:18:02.0125775Z > Task :crypto-core:javaPreCompileDebugUnitTest
Android Core Tests	Run Core Android Unit Tests	2026-01-04T19:18:02.0135982Z > Task :crypto-core:parseDebugLocalResources
Android Core Tests	Run Core Android Unit Tests	2026-01-04T19:18:02.0138748Z > Task :crypto-core:generateDebugRFile
Android Core Tests	Run Core Android Unit Tests	2026-01-04T19:18:32.0120773Z > Task :crypto-core:compileDebugKotlinAndroid
Android Core Tests	Run Core Android Unit Tests	2026-01-04T19:18:43.3120759Z > Task :crypto-core:generateDebugUnitTestStubRFile
Android Core Tests	Run Core Android Unit Tests	2026-01-04T19:18:51.3119571Z 
Android Core Tests	Run Core Android Unit Tests	2026-01-04T19:18:51.3133324Z > Task :crypto-core:compileDebugKotlinAndroid
Android Core Tests	Run Core Android Unit Tests	2026-01-04T19:18:51.3139076Z w: file:///home/runner/work/kotlin-crypto-pure/kotlin-crypto-pure/crypto-core/src/androidMain/kotlin/io/github/iml1s/crypto/AesGcm.android.kt:24:1 'expect'/'actual' classes (including interfaces, objects, annotations, enums, and 'actual' typealiases) are in Beta. You can use -Xexpect-actual-classes flag to suppress this warning. Also see: https://youtrack.jetbrains.com/issue/KT-61573
Android Core Tests	Run Core Android Unit Tests	2026-01-04T19:18:51.3144200Z w: file:///home/runner/work/kotlin-crypto-pure/kotlin-crypto-pure/crypto-core/src/androidMain/kotlin/io/github/iml1s/crypto/Secp256k1Provider.android.kt:9:1 'expect'/'actual' classes (including interfaces, objects, annotations, enums, and 'actual' typealiases) are in Beta. You can use -Xexpect-actual-classes flag to suppress this warning. Also see: https://youtrack.jetbrains.com/issue/KT-61573
Android Core Tests	Run Core Android Unit Tests	2026-01-04T19:18:51.3149326Z w: file:///home/runner/work/kotlin-crypto-pure/kotlin-crypto-pure/crypto-core/src/commonMain/kotlin/io/github/iml1s/crypto/AesGcm.kt:78:1 'expect'/'actual' classes (including interfaces, objects, annotations, enums, and 'actual' typealiases) are in Beta. You can use -Xexpect-actual-classes flag to suppress this warning. Also see: https://youtrack.jetbrains.com/issue/KT-61573
Android Core Tests	Run Core Android Unit Tests	2026-01-04T19:18:51.3167532Z w: file:///home/runner/work/kotlin-crypto-pure/kotlin-crypto-pure/crypto-core/src/commonMain/kotlin/io/github/iml1s/crypto/Digest.kt:61:13 Check for instance is always 'true'.
Android Core Tests	Run Core Android Unit Tests	2026-01-04T19:18:51.3169819Z w: file:///home/runner/work/kotlin-crypto-pure/kotlin-crypto-pure/crypto-core/src/commonMain/kotlin/io/github/iml1s/crypto/Digest.kt:80:13 Check for instance is always 'true'.
Android Core Tests	Run Core Android Unit Tests	2026-01-04T19:18:51.3173706Z w: file:///home/runner/work/kotlin-crypto-pure/kotlin-crypto-pure/crypto-core/src/commonMain/kotlin/io/github/iml1s/crypto/Secp256k1Provider.kt:12:1 'expect'/'actual' classes (including interfaces, objects, annotations, enums, and 'actual' typealiases) are in Beta. You can use -Xexpect-actual-classes flag to suppress this warning. Also see: https://youtrack.jetbrains.com/issue/KT-61573
Android Core Tests	Run Core Android Unit Tests	2026-01-04T19:18:51.4120458Z 
Android Core Tests	Run Core Android Unit Tests	2026-01-04T19:18:51.4121402Z > Task :crypto-core:compileDebugJavaWithJavac NO-SOURCE
Android Core Tests	Run Core Android Unit Tests	2026-01-04T19:18:51.4121825Z > Task :crypto-core:bundleLibRuntimeToJarDebug
Android Core Tests	Run Core Android Unit Tests	2026-01-04T19:18:51.4122141Z > Task :crypto-core:bundleLibCompileToJarDebug
Android Core Tests	Run Core Android Unit Tests	2026-01-04T19:18:51.4122503Z > Task :crypto-core:processDebugJavaRes
Android Core Tests	Run Core Android Unit Tests	2026-01-04T19:18:55.7180481Z > Task :crypto-core:compileDebugUnitTestKotlinAndroid
Android Core Tests	Run Core Android Unit Tests	2026-01-04T19:18:55.7181277Z > Task :crypto-core:compileDebugUnitTestJavaWithJavac NO-SOURCE
Android Core Tests	Run Core Android Unit Tests	2026-01-04T19:18:55.7181976Z > Task :crypto-core:processDebugUnitTestJavaRes
Android Core Tests	Run Core Android Unit Tests	2026-01-04T19:19:25.7120318Z > Task :crypto-core:testDebugUnitTest
Android Core Tests	Run Core Android Unit Tests	2026-01-04T19:22:44.6119420Z 
Android Core Tests	Run Core Android Unit Tests	2026-01-04T19:22:44.6120930Z [Incubating] Problems report is available at: file:///home/runner/work/kotlin-crypto-pure/kotlin-crypto-pure/build/reports/problems/problems-report.html
Android Core Tests	Run Core Android Unit Tests	2026-01-04T19:22:44.6122169Z 
Android Core Tests	Run Core Android Unit Tests	2026-01-04T19:22:44.6122710Z Deprecated Gradle features were used in this build, making it incompatible with Gradle 9.0.
Android Core Tests	Run Core Android Unit Tests	2026-01-04T19:22:44.6125448Z 
Android Core Tests	Run Core Android Unit Tests	2026-01-04T19:22:44.6126153Z You can use '--warning-mode all' to show the individual deprecation warnings and determine if they come from your own scripts or plugins.
Android Core Tests	Run Core Android Unit Tests	2026-01-04T19:22:44.6126911Z 
Android Core Tests	Run Core Android Unit Tests	2026-01-04T19:22:44.6127788Z For more on this, please refer to https://docs.gradle.org/8.13/userguide/command_line_interface.html#sec:command_line_warnings in the Gradle documentation.
Android Core Tests	Run Core Android Unit Tests	2026-01-04T19:22:44.6128696Z 
Android Core Tests	Run Core Android Unit Tests	2026-01-04T19:22:44.6128861Z BUILD SUCCESSFUL in 6m 45s
Android Core Tests	Run Core Android Unit Tests	2026-01-04T19:22:44.6129278Z 15 actionable tasks: 15 executed
Android Core Tests	Post Setup Gradle	ï»¿2026-01-04T19:22:44.9738413Z Post job cleanup.
Android Core Tests	Post Setup Gradle	2026-01-04T19:22:45.1411892Z In final post-action step, saving state and writing summary
Android Core Tests	Post Setup Gradle	2026-01-04T19:22:45.1421918Z Stopping all Gradle daemons before saving Gradle User Home state
Android Core Tests	Post Setup Gradle	2026-01-04T19:22:45.1425239Z Stopping Gradle daemons for /home/runner/.gradle/wrapper/dists/gradle-8.13-all/54h0s9kvb6g2sinako7ub77ku/gradle-8.13
Android Core Tests	Post Setup Gradle	2026-01-04T19:22:45.1443694Z [command]/home/runner/.gradle/wrapper/dists/gradle-8.13-all/54h0s9kvb6g2sinako7ub77ku/gradle-8.13/bin/gradle --stop
Android Core Tests	Post Setup Gradle	2026-01-04T19:22:45.8529842Z Stopping Daemon(s)
Android Core Tests	Post Setup Gradle	2026-01-04T19:22:45.8534926Z 1 Daemon stopped
Android Core Tests	Post Setup Gradle	2026-01-04T19:22:45.8658732Z ##[group]Caching Gradle state
Android Core Tests	Post Setup Gradle	2026-01-04T19:22:45.9199132Z Caching generated-gradle-jars with path '/home/runner/.gradle/caches/8.13/generated-gradle-jars/gradle-api-8.13.jar' and cache key: generated-gradle-jars-697f81ec8d80712ce7da03f513960371
Android Core Tests	Post Setup Gradle	2026-01-04T19:22:45.9235284Z Caching wrapper-zips with path '/home/runner/.gradle/wrapper/dists/gradle-8.13-all/54h0s9kvb6g2sinako7ub77ku' and cache key: wrapper-zips-27b0df0fa405636de00fcbfa0ab79410
Android Core Tests	Post Setup Gradle	2026-01-04T19:22:45.9428259Z [command]/usr/bin/tar --posix -cf cache.tzst --exclude cache.tzst -P -C /home/runner/work/kotlin-crypto-pure/kotlin-crypto-pure --files-from manifest.txt --use-compress-program zstdmt
Android Core Tests	Post Setup Gradle	2026-01-04T19:22:45.9468835Z [command]/usr/bin/tar --posix -cf cache.tzst --exclude cache.tzst -P -C /home/runner/work/kotlin-crypto-pure/kotlin-crypto-pure --files-from manifest.txt --use-compress-program zstdmt
Android Core Tests	Post Setup Gradle	2026-01-04T19:22:46.3804465Z Caching dependencies with path '/home/runner/.gradle/caches/modules-*/files-*/*/*/*/*' and cache key: dependencies-36e6e74a7c55483d667afdedf6501974
Android Core Tests	Post Setup Gradle	2026-01-04T19:22:46.4085449Z Caching instrumented-jars with path '/home/runner/.gradle/caches/jars-*/*' and cache key: instrumented-jars-c77d8e7cf8a0e4c1c3d16398ccce2998
Android Core Tests	Post Setup Gradle	2026-01-04T19:22:46.4571462Z [command]/usr/bin/tar --posix -cf cache.tzst --exclude cache.tzst -P -C /home/runner/work/kotlin-crypto-pure/kotlin-crypto-pure --files-from manifest.txt --use-compress-program zstdmt
Android Core Tests	Post Setup Gradle	2026-01-04T19:22:46.4746879Z Caching kotlin-dsl with path '/home/runner/.gradle/caches/*/kotlin-dsl/*/*' and cache key: kotlin-dsl-f37ea44656728e6163304b447d113bbe
Android Core Tests	Post Setup Gradle	2026-01-04T19:22:46.6070633Z ##[warning]Failed to save cache entry with path '/home/runner/.gradle/caches/jars-*/*,zstd-without-long,1.0' and key: instrumented-jars-c77d8e7cf8a0e4c1c3d16398ccce2998: Error: <h2>Our services aren't available right now</h2><p>We're working to restore all services as soon as possible. Please check back soon.</p>0Br5aaQAAAADzfn5cRNTXSpDcBG2XKXKQQ0hHRURHRTE4MTAARWRnZQ==
Android Core Tests	Post Setup Gradle	2026-01-04T19:22:46.6226814Z [command]/usr/bin/tar --posix -cf cache.tzst --exclude cache.tzst -P -C /home/runner/work/kotlin-crypto-pure/kotlin-crypto-pure --files-from manifest.txt --use-compress-program zstdmt
Android Core Tests	Post Setup Gradle	2026-01-04T19:22:46.8832419Z ##[warning]Failed to save cache entry with path '/home/runner/.gradle/caches/*/kotlin-dsl/*/*,zstd-without-long,1.0' and key: kotlin-dsl-f37ea44656728e6163304b447d113bbe: Error: <h2>Our services aren't available right now</h2><p>We're working to restore all services as soon as possible. Please check back soon.</p>0Br5aaQAAAAAET8Q1oL8FQJMSdyZh3EI6Q0hHRURHRTE4MTAARWRnZQ==
Android Core Tests	Post Setup Gradle	2026-01-04T19:22:47.0391290Z ##[warning]Failed to save cache entry with path '/home/runner/.gradle/caches/8.13/generated-gradle-jars/gradle-api-8.13.jar,zstd-without-long,1.0' and key: generated-gradle-jars-697f81ec8d80712ce7da03f513960371: Error: <h2>Our services aren't available right now</h2><p>We're working to restore all services as soon as possible. Please check back soon.</p>0B75aaQAAAACT9SLdo2n0TZRtkARuxhJUQ0hHRURHRTE4MTAARWRnZQ==
Android Core Tests	Post Setup Gradle	2026-01-04T19:22:47.3283031Z [command]/usr/bin/tar --posix -cf cache.tzst --exclude cache.tzst -P -C /home/runner/work/kotlin-crypto-pure/kotlin-crypto-pure --files-from manifest.txt --use-compress-program zstdmt
Android Core Tests	Post Setup Gradle	2026-01-04T19:22:48.0659991Z ##[warning]Failed to save cache entry with path '/home/runner/.gradle/caches/modules-*/files-*/*/*/*/*,zstd-without-long,1.0' and key: dependencies-36e6e74a7c55483d667afdedf6501974: Error: <h2>Our services aren't available right now</h2><p>We're working to restore all services as soon as possible. Please check back soon.</p>0CL5aaQAAAABU3pJ2K7UeRLoJKQ/wQeQrQ0hHRURHRTE4MTAARWRnZQ==
Android Core Tests	Post Setup Gradle	2026-01-04T19:22:48.9217792Z ##[warning]Failed to save cache entry with path '/home/runner/.gradle/wrapper/dists/gradle-8.13-all/54h0s9kvb6g2sinako7ub77ku,zstd-without-long,1.0' and key: wrapper-zips-27b0df0fa405636de00fcbfa0ab79410: Error: <h2>Our services aren't available right now</h2><p>We're working to restore all services as soon as possible. Please check back soon.</p>0CL5aaQAAAADFiqZ62dG3SaZ0DW0IgQcdQ0hHRURHRTE4MTAARWRnZQ==
Android Core Tests	Post Setup Gradle	2026-01-04T19:22:50.0260571Z Caching Gradle User Home with cache key: v8-gradle|Linux|ci-test-android[37a6259cc0c1dae299a7866489dff0bd]-5044c1085d6f4c621b1598e167ea7a375e24dedd
Android Core Tests	Post Setup Gradle	2026-01-04T19:22:50.0353790Z [command]/usr/bin/tar --posix -cf cache.tzst --exclude cache.tzst -P -C /home/runner/work/kotlin-crypto-pure/kotlin-crypto-pure --files-from manifest.txt --use-compress-program zstdmt
Android Core Tests	Post Setup Gradle	2026-01-04T19:22:50.9902090Z ##[warning]Failed to save cache entry with path '/home/runner/.gradle/caches,/home/runner/.gradle/notifications,/home/runner/.gradle/.gradle-build-action,zstd-without-long,1.0' and key: v8-gradle|Linux|ci-test-android[37a6259cc0c1dae299a7866489dff0bd]-5044c1085d6f4c621b1598e167ea7a375e24dedd: Error: <h2>Our services aren't available right now</h2><p>We're working to restore all services as soon as possible. Please check back soon.</p>0Cr5aaQAAAAC6nOpguFzWRbnJfPpB+5nfQ0hHRURHRTE4MTAARWRnZQ==
Android Core Tests	Post Setup Gradle	2026-01-04T19:22:50.9906860Z ##[endgroup]
Android Core Tests	Post Setup Gradle	2026-01-04T19:22:50.9907107Z Writing job summary
Android Core Tests	Post Set up JDK 17	ï»¿2026-01-04T19:22:51.0112050Z Post job cleanup.
Android Core Tests	Post Run actions/checkout@v4	ï»¿2026-01-04T19:22:51.1946980Z Post job cleanup.
Android Core Tests	Post Run actions/checkout@v4	2026-01-04T19:22:51.2935204Z [command]/usr/bin/git version
Android Core Tests	Post Run actions/checkout@v4	2026-01-04T19:22:51.2979477Z git version 2.52.0
Android Core Tests	Post Run actions/checkout@v4	2026-01-04T19:22:51.3029035Z Temporarily overriding HOME='/home/runner/work/_temp/d8afed77-ec1e-4c13-a5a2-cc0049a8ed94' before making global git config changes
Android Core Tests	Post Run actions/checkout@v4	2026-01-04T19:22:51.3030599Z Adding repository directory to the temporary git global config as a safe directory
Android Core Tests	Post Run actions/checkout@v4	2026-01-04T19:22:51.3037039Z [command]/usr/bin/git config --global --add safe.directory /home/runner/work/kotlin-crypto-pure/kotlin-crypto-pure
Android Core Tests	Post Run actions/checkout@v4	2026-01-04T19:22:51.3082239Z [command]/usr/bin/git config --local --name-only --get-regexp core\.sshCommand
Android Core Tests	Post Run actions/checkout@v4	2026-01-04T19:22:51.3118872Z [command]/usr/bin/git submodule foreach --recursive sh -c "git config --local --name-only --get-regexp 'core\.sshCommand' && git config --local --unset-all 'core.sshCommand' || :"
Android Core Tests	Post Run actions/checkout@v4	2026-01-04T19:22:51.3361665Z [command]/usr/bin/git config --local --name-only --get-regexp http\.https\:\/\/github\.com\/\.extraheader
Android Core Tests	Post Run actions/checkout@v4	2026-01-04T19:22:51.3383768Z http.https://github.com/.extraheader
Android Core Tests	Post Run actions/checkout@v4	2026-01-04T19:22:51.3396995Z [command]/usr/bin/git config --local --unset-all http.https://github.com/.extraheader
Android Core Tests	Post Run actions/checkout@v4	2026-01-04T19:22:51.3428532Z [command]/usr/bin/git submodule foreach --recursive sh -c "git config --local --name-only --get-regexp 'http\.https\:\/\/github\.com\/\.extraheader' && git config --local --unset-all 'http.https://github.com/.extraheader' || :"
Android Core Tests	Post Run actions/checkout@v4	2026-01-04T19:22:51.3665675Z [command]/usr/bin/git config --local --name-only --get-regexp ^includeIf\.gitdir:
Android Core Tests	Post Run actions/checkout@v4	2026-01-04T19:22:51.3702636Z [command]/usr/bin/git submodule foreach --recursive git config --local --show-origin --name-only --get-regexp remote.origin.url
Android Core Tests	Complete job	ï»¿2026-01-04T19:22:51.4056335Z Cleaning up orphan processes
Demo App Build Check	Set up job	ï»¿2026-01-04T19:15:54.9070969Z Current runner version: '2.330.0'
Demo App Build Check	Set up job	2026-01-04T19:15:54.9096642Z ##[group]Runner Image Provisioner
Demo App Build Check	Set up job	2026-01-04T19:15:54.9097641Z Hosted Compute Agent
Demo App Build Check	Set up job	2026-01-04T19:15:54.9098237Z Version: 20251211.462
Demo App Build Check	Set up job	2026-01-04T19:15:54.9098854Z Commit: 6cbad8c2bb55d58165063d031ccabf57e2d2db61
Demo App Build Check	Set up job	2026-01-04T19:15:54.9099548Z Build Date: 2025-12-11T16:28:49Z
Demo App Build Check	Set up job	2026-01-04T19:15:54.9100192Z Worker ID: {5f18208b-e5d1-4a96-83a6-5a6457689120}
Demo App Build Check	Set up job	2026-01-04T19:15:54.9101063Z ##[endgroup]
Demo App Build Check	Set up job	2026-01-04T19:15:54.9101564Z ##[group]Operating System
Demo App Build Check	Set up job	2026-01-04T19:15:54.9102176Z Ubuntu
Demo App Build Check	Set up job	2026-01-04T19:15:54.9102624Z 24.04.3
Demo App Build Check	Set up job	2026-01-04T19:15:54.9103084Z LTS
Demo App Build Check	Set up job	2026-01-04T19:15:54.9103482Z ##[endgroup]
Demo App Build Check	Set up job	2026-01-04T19:15:54.9104068Z ##[group]Runner Image
Demo App Build Check	Set up job	2026-01-04T19:15:54.9104617Z Image: ubuntu-24.04
Demo App Build Check	Set up job	2026-01-04T19:15:54.9105065Z Version: 20251215.174.1
Demo App Build Check	Set up job	2026-01-04T19:15:54.9106131Z Included Software: https://github.com/actions/runner-images/blob/ubuntu24/20251215.174/images/ubuntu/Ubuntu2404-Readme.md
Demo App Build Check	Set up job	2026-01-04T19:15:54.9107466Z Image Release: https://github.com/actions/runner-images/releases/tag/ubuntu24%2F20251215.174
Demo App Build Check	Set up job	2026-01-04T19:15:54.9108858Z ##[endgroup]
Demo App Build Check	Set up job	2026-01-04T19:15:54.9109897Z ##[group]GITHUB_TOKEN Permissions
Demo App Build Check	Set up job	2026-01-04T19:15:54.9112090Z Contents: read
Demo App Build Check	Set up job	2026-01-04T19:15:54.9112672Z Metadata: read
Demo App Build Check	Set up job	2026-01-04T19:15:54.9113142Z Packages: read
Demo App Build Check	Set up job	2026-01-04T19:15:54.9113727Z ##[endgroup]
Demo App Build Check	Set up job	2026-01-04T19:15:54.9115760Z Secret source: Actions
Demo App Build Check	Set up job	2026-01-04T19:15:54.9116471Z Prepare workflow directory
Demo App Build Check	Set up job	2026-01-04T19:15:54.9465172Z Prepare all required actions
Demo App Build Check	Set up job	2026-01-04T19:15:54.9504116Z Getting action download info
Demo App Build Check	Set up job	2026-01-04T19:15:55.4219741Z Download action repository 'actions/checkout@v4' (SHA:34e114876b0b11c390a56381ad16ebd13914f8d5)
Demo App Build Check	Set up job	2026-01-04T19:15:55.5252597Z Download action repository 'actions/setup-java@v4' (SHA:c1e323688fd81a25caa38c78aa6df2d33d3e20d9)
Demo App Build Check	Set up job	2026-01-04T19:15:56.2485200Z Download action repository 'gradle/gradle-build-action@v2' (SHA:a8f75513eafdebd8141bd1cd4e30fcd194af8dfa)
Demo App Build Check	Set up job	2026-01-04T19:15:57.1448745Z Complete job name: Demo App Build Check
Demo App Build Check	Run actions/checkout@v4	ï»¿2026-01-04T19:15:57.2259833Z ##[group]Run actions/checkout@v4
Demo App Build Check	Run actions/checkout@v4	2026-01-04T19:15:57.2261487Z with:
Demo App Build Check	Run actions/checkout@v4	2026-01-04T19:15:57.2262317Z   repository: ImL1s/kotlin-crypto-pure
Demo App Build Check	Run actions/checkout@v4	2026-01-04T19:15:57.2263644Z   token: ***
Demo App Build Check	Run actions/checkout@v4	2026-01-04T19:15:57.2264387Z   ssh-strict: true
Demo App Build Check	Run actions/checkout@v4	2026-01-04T19:15:57.2265155Z   ssh-user: git
Demo App Build Check	Run actions/checkout@v4	2026-01-04T19:15:57.2265965Z   persist-credentials: true
Demo App Build Check	Run actions/checkout@v4	2026-01-04T19:15:57.2266844Z   clean: true
Demo App Build Check	Run actions/checkout@v4	2026-01-04T19:15:57.2267652Z   sparse-checkout-cone-mode: true
Demo App Build Check	Run actions/checkout@v4	2026-01-04T19:15:57.2268616Z   fetch-depth: 1
Demo App Build Check	Run actions/checkout@v4	2026-01-04T19:15:57.2269384Z   fetch-tags: false
Demo App Build Check	Run actions/checkout@v4	2026-01-04T19:15:57.2270182Z   show-progress: true
Demo App Build Check	Run actions/checkout@v4	2026-01-04T19:15:57.2271296Z   lfs: false
Demo App Build Check	Run actions/checkout@v4	2026-01-04T19:15:57.2272040Z   submodules: false
Demo App Build Check	Run actions/checkout@v4	2026-01-04T19:15:57.2272856Z   set-safe-directory: true
Demo App Build Check	Run actions/checkout@v4	2026-01-04T19:15:57.2274144Z ##[endgroup]
Demo App Build Check	Run actions/checkout@v4	2026-01-04T19:15:57.3428262Z Syncing repository: ImL1s/kotlin-crypto-pure
Demo App Build Check	Run actions/checkout@v4	2026-01-04T19:15:57.3431577Z ##[group]Getting Git version info
Demo App Build Check	Run actions/checkout@v4	2026-01-04T19:15:57.3433277Z Working directory is '/home/runner/work/kotlin-crypto-pure/kotlin-crypto-pure'
Demo App Build Check	Run actions/checkout@v4	2026-01-04T19:15:57.3435537Z [command]/usr/bin/git version
Demo App Build Check	Run actions/checkout@v4	2026-01-04T19:15:57.3487733Z git version 2.52.0
Demo App Build Check	Run actions/checkout@v4	2026-01-04T19:15:57.3517230Z ##[endgroup]
Demo App Build Check	Run actions/checkout@v4	2026-01-04T19:15:57.3540180Z Temporarily overriding HOME='/home/runner/work/_temp/36856032-71de-485f-ad79-023dee8f491d' before making global git config changes
Demo App Build Check	Run actions/checkout@v4	2026-01-04T19:15:57.3543302Z Adding repository directory to the temporary git global config as a safe directory
Demo App Build Check	Run actions/checkout@v4	2026-01-04T19:15:57.3547199Z [command]/usr/bin/git config --global --add safe.directory /home/runner/work/kotlin-crypto-pure/kotlin-crypto-pure
Demo App Build Check	Run actions/checkout@v4	2026-01-04T19:15:57.3588736Z Deleting the contents of '/home/runner/work/kotlin-crypto-pure/kotlin-crypto-pure'
Demo App Build Check	Run actions/checkout@v4	2026-01-04T19:15:57.3592797Z ##[group]Initializing the repository
Demo App Build Check	Run actions/checkout@v4	2026-01-04T19:15:57.3598413Z [command]/usr/bin/git init /home/runner/work/kotlin-crypto-pure/kotlin-crypto-pure
Demo App Build Check	Run actions/checkout@v4	2026-01-04T19:15:57.3726124Z hint: Using 'master' as the name for the initial branch. This default branch name
Demo App Build Check	Run actions/checkout@v4	2026-01-04T19:15:57.3728312Z hint: will change to "main" in Git 3.0. To configure the initial branch name
Demo App Build Check	Run actions/checkout@v4	2026-01-04T19:15:57.3731781Z hint: to use in all of your new repositories, which will suppress this warning,
Demo App Build Check	Run actions/checkout@v4	2026-01-04T19:15:57.3734223Z hint: call:
Demo App Build Check	Run actions/checkout@v4	2026-01-04T19:15:57.3735439Z hint:
Demo App Build Check	Run actions/checkout@v4	2026-01-04T19:15:57.3737252Z hint: 	git config --global init.defaultBranch <name>
Demo App Build Check	Run actions/checkout@v4	2026-01-04T19:15:57.3739178Z hint:
Demo App Build Check	Run actions/checkout@v4	2026-01-04T19:15:57.3741163Z hint: Names commonly chosen instead of 'master' are 'main', 'trunk' and
Demo App Build Check	Run actions/checkout@v4	2026-01-04T19:15:57.3744291Z hint: 'development'. The just-created branch can be renamed via this command:
Demo App Build Check	Run actions/checkout@v4	2026-01-04T19:15:57.3746696Z hint:
Demo App Build Check	Run actions/checkout@v4	2026-01-04T19:15:57.3747904Z hint: 	git branch -m <name>
Demo App Build Check	Run actions/checkout@v4	2026-01-04T19:15:57.3749254Z hint:
Demo App Build Check	Run actions/checkout@v4	2026-01-04T19:15:57.3751326Z hint: Disable this message with "git config set advice.defaultBranchName false"
Demo App Build Check	Run actions/checkout@v4	2026-01-04T19:15:57.3753606Z Initialized empty Git repository in /home/runner/work/kotlin-crypto-pure/kotlin-crypto-pure/.git/
Demo App Build Check	Run actions/checkout@v4	2026-01-04T19:15:57.3757749Z [command]/usr/bin/git remote add origin https://github.com/ImL1s/kotlin-crypto-pure
Demo App Build Check	Run actions/checkout@v4	2026-01-04T19:15:57.3783974Z ##[endgroup]
Demo App Build Check	Run actions/checkout@v4	2026-01-04T19:15:57.3786274Z ##[group]Disabling automatic garbage collection
Demo App Build Check	Run actions/checkout@v4	2026-01-04T19:15:57.3788411Z [command]/usr/bin/git config --local gc.auto 0
Demo App Build Check	Run actions/checkout@v4	2026-01-04T19:15:57.3818951Z ##[endgroup]
Demo App Build Check	Run actions/checkout@v4	2026-01-04T19:15:57.3821350Z ##[group]Setting up auth
Demo App Build Check	Run actions/checkout@v4	2026-01-04T19:15:57.3827313Z [command]/usr/bin/git config --local --name-only --get-regexp core\.sshCommand
Demo App Build Check	Run actions/checkout@v4	2026-01-04T19:15:57.3861091Z [command]/usr/bin/git submodule foreach --recursive sh -c "git config --local --name-only --get-regexp 'core\.sshCommand' && git config --local --unset-all 'core.sshCommand' || :"
Demo App Build Check	Run actions/checkout@v4	2026-01-04T19:15:57.4211284Z [command]/usr/bin/git config --local --name-only --get-regexp http\.https\:\/\/github\.com\/\.extraheader
Demo App Build Check	Run actions/checkout@v4	2026-01-04T19:15:57.4244925Z [command]/usr/bin/git submodule foreach --recursive sh -c "git config --local --name-only --get-regexp 'http\.https\:\/\/github\.com\/\.extraheader' && git config --local --unset-all 'http.https://github.com/.extraheader' || :"
Demo App Build Check	Run actions/checkout@v4	2026-01-04T19:15:57.4470832Z [command]/usr/bin/git config --local --name-only --get-regexp ^includeIf\.gitdir:
Demo App Build Check	Run actions/checkout@v4	2026-01-04T19:15:57.4513000Z [command]/usr/bin/git submodule foreach --recursive git config --local --show-origin --name-only --get-regexp remote.origin.url
Demo App Build Check	Run actions/checkout@v4	2026-01-04T19:15:57.4741230Z [command]/usr/bin/git config --local http.https://github.com/.extraheader AUTHORIZATION: basic ***
Demo App Build Check	Run actions/checkout@v4	2026-01-04T19:15:57.4782652Z ##[endgroup]
Demo App Build Check	Run actions/checkout@v4	2026-01-04T19:15:57.4785004Z ##[group]Fetching the repository
Demo App Build Check	Run actions/checkout@v4	2026-01-04T19:15:57.4793801Z [command]/usr/bin/git -c protocol.version=2 fetch --no-tags --prune --no-recurse-submodules --depth=1 origin +5044c1085d6f4c621b1598e167ea7a375e24dedd:refs/remotes/origin/main
Demo App Build Check	Run actions/checkout@v4	2026-01-04T19:15:58.1227232Z From https://github.com/ImL1s/kotlin-crypto-pure
Demo App Build Check	Run actions/checkout@v4	2026-01-04T19:15:58.1227959Z  * [new ref]         5044c1085d6f4c621b1598e167ea7a375e24dedd -> origin/main
Demo App Build Check	Run actions/checkout@v4	2026-01-04T19:15:58.1264222Z ##[endgroup]
Demo App Build Check	Run actions/checkout@v4	2026-01-04T19:15:58.1264872Z ##[group]Determining the checkout info
Demo App Build Check	Run actions/checkout@v4	2026-01-04T19:15:58.1267357Z ##[endgroup]
Demo App Build Check	Run actions/checkout@v4	2026-01-04T19:15:58.1273360Z [command]/usr/bin/git sparse-checkout disable
Demo App Build Check	Run actions/checkout@v4	2026-01-04T19:15:58.1320265Z [command]/usr/bin/git config --local --unset-all extensions.worktreeConfig
Demo App Build Check	Run actions/checkout@v4	2026-01-04T19:15:58.1348969Z ##[group]Checking out the ref
Demo App Build Check	Run actions/checkout@v4	2026-01-04T19:15:58.1353387Z [command]/usr/bin/git checkout --progress --force -B main refs/remotes/origin/main
Demo App Build Check	Run actions/checkout@v4	2026-01-04T19:15:58.2445619Z Switched to a new branch 'main'
Demo App Build Check	Run actions/checkout@v4	2026-01-04T19:15:58.2446808Z branch 'main' set up to track 'origin/main'.
Demo App Build Check	Run actions/checkout@v4	2026-01-04T19:15:58.2459016Z ##[endgroup]
Demo App Build Check	Run actions/checkout@v4	2026-01-04T19:15:58.2499338Z [command]/usr/bin/git log -1 --format=%H
Demo App Build Check	Run actions/checkout@v4	2026-01-04T19:15:58.2523867Z 5044c1085d6f4c621b1598e167ea7a375e24dedd
Demo App Build Check	Set up JDK 17	ï»¿2026-01-04T19:15:58.2788724Z ##[group]Run actions/setup-java@v4
Demo App Build Check	Set up JDK 17	2026-01-04T19:15:58.2789148Z with:
Demo App Build Check	Set up JDK 17	2026-01-04T19:15:58.2789431Z   java-version: 17
Demo App Build Check	Set up JDK 17	2026-01-04T19:15:58.2789728Z   distribution: temurin
Demo App Build Check	Set up JDK 17	2026-01-04T19:15:58.2790040Z   java-package: jdk
Demo App Build Check	Set up JDK 17	2026-01-04T19:15:58.2790334Z   check-latest: false
Demo App Build Check	Set up JDK 17	2026-01-04T19:15:58.2790796Z   server-id: github
Demo App Build Check	Set up JDK 17	2026-01-04T19:15:58.2791347Z   server-username: GITHUB_ACTOR
Demo App Build Check	Set up JDK 17	2026-01-04T19:15:58.2791690Z   server-password: GITHUB_TOKEN
Demo App Build Check	Set up JDK 17	2026-01-04T19:15:58.2792042Z   overwrite-settings: true
Demo App Build Check	Set up JDK 17	2026-01-04T19:15:58.2792359Z   job-status: success
Demo App Build Check	Set up JDK 17	2026-01-04T19:15:58.2792796Z   token: ***
Demo App Build Check	Set up JDK 17	2026-01-04T19:15:58.2793076Z ##[endgroup]
Demo App Build Check	Set up JDK 17	2026-01-04T19:15:58.4827532Z ##[group]Installed distributions
Demo App Build Check	Set up JDK 17	2026-01-04T19:15:58.4897818Z Resolved Java 17.0.17+10 from tool-cache
Demo App Build Check	Set up JDK 17	2026-01-04T19:15:58.4898984Z Setting Java 17.0.17+10 as the default
Demo App Build Check	Set up JDK 17	2026-01-04T19:15:58.4912821Z Creating toolchains.xml for JDK version 17 from temurin
Demo App Build Check	Set up JDK 17	2026-01-04T19:15:58.4992718Z Writing to /home/runner/.m2/toolchains.xml
Demo App Build Check	Set up JDK 17	2026-01-04T19:15:58.4993249Z 
Demo App Build Check	Set up JDK 17	2026-01-04T19:15:58.4993547Z Java configuration:
Demo App Build Check	Set up JDK 17	2026-01-04T19:15:58.4995994Z   Distribution: temurin
Demo App Build Check	Set up JDK 17	2026-01-04T19:15:58.4996751Z   Version: 17.0.17+10
Demo App Build Check	Set up JDK 17	2026-01-04T19:15:58.4997656Z   Path: /opt/hostedtoolcache/Java_Temurin-Hotspot_jdk/17.0.17-10/x64
Demo App Build Check	Set up JDK 17	2026-01-04T19:15:58.4998415Z 
Demo App Build Check	Set up JDK 17	2026-01-04T19:15:58.4999550Z ##[endgroup]
Demo App Build Check	Set up JDK 17	2026-01-04T19:15:58.5014534Z Creating settings.xml with server-id: github
Demo App Build Check	Set up JDK 17	2026-01-04T19:15:58.5021308Z Writing to /home/runner/.m2/settings.xml
Demo App Build Check	Setup Gradle	ï»¿2026-01-04T19:15:58.5265774Z ##[group]Run gradle/gradle-build-action@v2
Demo App Build Check	Setup Gradle	2026-01-04T19:15:58.5266173Z with:
Demo App Build Check	Setup Gradle	2026-01-04T19:15:58.5266411Z   cache-disabled: false
Demo App Build Check	Setup Gradle	2026-01-04T19:15:58.5266675Z   cache-read-only: false
Demo App Build Check	Setup Gradle	2026-01-04T19:15:58.5266961Z   cache-write-only: false
Demo App Build Check	Setup Gradle	2026-01-04T19:15:58.5267240Z   cache-overwrite-existing: false
Demo App Build Check	Setup Gradle	2026-01-04T19:15:58.5267585Z   gradle-home-cache-includes: caches
Demo App Build Check	Setup Gradle	notifications
Demo App Build Check	Setup Gradle	
Demo App Build Check	Setup Gradle	2026-01-04T19:15:58.5267950Z   gradle-home-cache-cleanup: false
Demo App Build Check	Setup Gradle	2026-01-04T19:15:58.5268252Z   generate-job-summary: true
Demo App Build Check	Setup Gradle	2026-01-04T19:15:58.5268536Z   dependency-graph: disabled
Demo App Build Check	Setup Gradle	2026-01-04T19:15:58.5268825Z   gradle-home-cache-strict-match: false
Demo App Build Check	Setup Gradle	2026-01-04T19:15:58.5269137Z   workflow-job-context: null
Demo App Build Check	Setup Gradle	2026-01-04T19:15:58.5269574Z   github-token: ***
Demo App Build Check	Setup Gradle	2026-01-04T19:15:58.5269813Z env:
Demo App Build Check	Setup Gradle	2026-01-04T19:15:58.5270137Z   JAVA_HOME: /opt/hostedtoolcache/Java_Temurin-Hotspot_jdk/17.0.17-10/x64
Demo App Build Check	Setup Gradle	2026-01-04T19:15:58.5270807Z   JAVA_HOME_17_X64: /opt/hostedtoolcache/Java_Temurin-Hotspot_jdk/17.0.17-10/x64
Demo App Build Check	Setup Gradle	2026-01-04T19:15:58.5271200Z ##[endgroup]
Demo App Build Check	Setup Gradle	2026-01-04T19:15:59.5816012Z ##[group]Restore Gradle state from cache
Demo App Build Check	Setup Gradle	2026-01-04T19:15:59.6975203Z ##[warning]Failed to restore v8-gradle|Linux|ci-build-demo-app[37a6259cc0c1dae299a7866489dff0bd]-5044c1085d6f4c621b1598e167ea7a375e24dedd: Error: Cache service responded with 400
Demo App Build Check	Setup Gradle	2026-01-04T19:15:59.7005831Z Gradle User Home cache not found. Will initialize empty.
Demo App Build Check	Setup Gradle	2026-01-04T19:15:59.7006878Z ##[endgroup]
Demo App Build Check	Build Desktop App	ï»¿2026-01-04T19:15:59.7130330Z ##[group]Run ./gradlew :demo-app:desktopJar
Demo App Build Check	Build Desktop App	2026-01-04T19:15:59.7130896Z [36;1m./gradlew :demo-app:desktopJar[0m
Demo App Build Check	Build Desktop App	2026-01-04T19:15:59.7165432Z shell: /usr/bin/bash -e {0}
Demo App Build Check	Build Desktop App	2026-01-04T19:15:59.7165680Z env:
Demo App Build Check	Build Desktop App	2026-01-04T19:15:59.7165961Z   JAVA_HOME: /opt/hostedtoolcache/Java_Temurin-Hotspot_jdk/17.0.17-10/x64
Demo App Build Check	Build Desktop App	2026-01-04T19:15:59.7166419Z   JAVA_HOME_17_X64: /opt/hostedtoolcache/Java_Temurin-Hotspot_jdk/17.0.17-10/x64
Demo App Build Check	Build Desktop App	2026-01-04T19:15:59.7166819Z   GRADLE_BUILD_ACTION_SETUP_COMPLETED: true
Demo App Build Check	Build Desktop App	2026-01-04T19:15:59.7167088Z   GRADLE_BUILD_ACTION_CACHE_RESTORED: true
Demo App Build Check	Build Desktop App	2026-01-04T19:15:59.7167318Z ##[endgroup]
Demo App Build Check	Build Desktop App	2026-01-04T19:16:00.0999911Z Downloading https://services.gradle.org/distributions/gradle-8.13-all.zip
Demo App Build Check	Build Desktop App	2026-01-04T19:16:04.0872895Z ......................10%......................20%......................30%......................40%......................50%......................60%......................70%.......................80%......................90%......................100%
Demo App Build Check	Build Desktop App	2026-01-04T19:16:07.5320639Z 
Demo App Build Check	Build Desktop App	2026-01-04T19:16:07.5325517Z Welcome to Gradle 8.13!
Demo App Build Check	Build Desktop App	2026-01-04T19:16:07.5327396Z 
Demo App Build Check	Build Desktop App	2026-01-04T19:16:07.5336895Z Here are the highlights of this release:
Demo App Build Check	Build Desktop App	2026-01-04T19:16:07.5338059Z  - Daemon JVM auto-provisioning
Demo App Build Check	Build Desktop App	2026-01-04T19:16:07.5338614Z  - Enhancements for Scala plugin and JUnit testing
Demo App Build Check	Build Desktop App	2026-01-04T19:16:07.5338994Z  - Improvements for build authors and plugin developers
Demo App Build Check	Build Desktop App	2026-01-04T19:16:07.5339595Z 
Demo App Build Check	Build Desktop App	2026-01-04T19:16:07.5339807Z For more details see https://docs.gradle.org/8.13/release-notes.html
Demo App Build Check	Build Desktop App	2026-01-04T19:16:07.5340070Z 
Demo App Build Check	Build Desktop App	2026-01-04T19:16:07.6285257Z Starting a Gradle Daemon (subsequent builds will be faster)
Demo App Build Check	Build Desktop App	2026-01-04T19:17:56.1304796Z 
Demo App Build Check	Build Desktop App	2026-01-04T19:17:56.1316749Z > Configure project :crypto-core
Demo App Build Check	Build Desktop App	2026-01-04T19:17:56.1342350Z w: file:///home/runner/work/kotlin-crypto-pure/kotlin-crypto-pure/crypto-core/build.gradle.kts:25:21: 'defFile: File' is deprecated. Deprecated because it is a non-lazy property.
Demo App Build Check	Build Desktop App	2026-01-04T19:17:56.1344540Z w: file:///home/runner/work/kotlin-crypto-pure/kotlin-crypto-pure/crypto-core/build.gradle.kts:36:21: 'defFile: File' is deprecated. Deprecated because it is a non-lazy property.
Demo App Build Check	Build Desktop App	2026-01-04T19:17:56.1347826Z w: file:///home/runner/work/kotlin-crypto-pure/kotlin-crypto-pure/crypto-core/build.gradle.kts:47:21: 'defFile: File' is deprecated. Deprecated because it is a non-lazy property.
Demo App Build Check	Build Desktop App	2026-01-04T19:17:56.1355249Z w: file:///home/runner/work/kotlin-crypto-pure/kotlin-crypto-pure/crypto-core/build.gradle.kts:59:21: 'defFile: File' is deprecated. Deprecated because it is a non-lazy property.
Demo App Build Check	Build Desktop App	2026-01-04T19:17:56.1357348Z w: file:///home/runner/work/kotlin-crypto-pure/kotlin-crypto-pure/crypto-core/build.gradle.kts:70:21: 'defFile: File' is deprecated. Deprecated because it is a non-lazy property.
Demo App Build Check	Build Desktop App	2026-01-04T19:17:56.1359416Z w: file:///home/runner/work/kotlin-crypto-pure/kotlin-crypto-pure/crypto-core/build.gradle.kts:81:21: 'defFile: File' is deprecated. Deprecated because it is a non-lazy property.
Demo App Build Check	Build Desktop App	2026-01-04T19:17:57.7276022Z w: The following Kotlin/Native targets cannot be built on this machine and are disabled:
Demo App Build Check	Build Desktop App	2026-01-04T19:17:57.7279669Z iosArm64, iosSimulatorArm64, iosX64, watchosArm64, watchosSimulatorArm64, watchosX64
Demo App Build Check	Build Desktop App	2026-01-04T19:17:57.7280937Z To hide this message, add 'kotlin.native.ignoreDisabledTargets=true' to the Gradle properties.
Demo App Build Check	Build Desktop App	2026-01-04T19:17:57.7281568Z 
Demo App Build Check	Build Desktop App	2026-01-04T19:17:57.7281956Z w: The Default Kotlin Hierarchy Template was not applied to 'project ':crypto-core'':
Demo App Build Check	Build Desktop App	2026-01-04T19:17:57.7282842Z Explicit .dependsOn() edges were configured for the following source sets:
Demo App Build Check	Build Desktop App	2026-01-04T19:17:57.7285004Z [iosArm64Main, iosArm64Test, iosMain, iosSimulatorArm64Main, iosSimulatorArm64Test, iosX64Main, iosX64Test, jvmMain, jvmTest, nativeMain, nativeTest, watchosArm64Main, watchosArm64Test, watchosMain, watchosSimulatorArm64Main, watchosSimulatorArm64Test, watchosX64Main, watchosX64Test]
Demo App Build Check	Build Desktop App	2026-01-04T19:17:57.7287002Z 
Demo App Build Check	Build Desktop App	2026-01-04T19:17:57.7301533Z Consider removing dependsOn-calls or disabling the default template by adding
Demo App Build Check	Build Desktop App	2026-01-04T19:17:57.7302458Z     'kotlin.mpp.applyDefaultHierarchyTemplate=false'
Demo App Build Check	Build Desktop App	2026-01-04T19:17:57.7303532Z to your gradle.properties
Demo App Build Check	Build Desktop App	2026-01-04T19:17:57.7303785Z 
Demo App Build Check	Build Desktop App	2026-01-04T19:17:57.7304158Z Learn more about hierarchy templates: https://kotl.in/hierarchy-template
Demo App Build Check	Build Desktop App	2026-01-04T19:17:57.7304641Z 
Demo App Build Check	Build Desktop App	2026-01-04T19:18:01.4284017Z 
Demo App Build Check	Build Desktop App	2026-01-04T19:18:01.4288221Z > Configure project :demo-cli
Demo App Build Check	Build Desktop App	2026-01-04T19:18:01.4293803Z w: file:///home/runner/work/kotlin-crypto-pure/kotlin-crypto-pure/demo-cli/build.gradle.kts:7:9: Experimental API in the Kotlin Gradle Plugin: No stability guarantees can be provided. The API could get removed in the future without replacement
Demo App Build Check	Build Desktop App	2026-01-04T19:18:01.4300119Z w: file:///home/runner/work/kotlin-crypto-pure/kotlin-crypto-pure/demo-cli/build.gradle.kts:8:13: Experimental API in the Kotlin Gradle Plugin: No stability guarantees can be provided. The API could get removed in the future without replacement
Demo App Build Check	Build Desktop App	2026-01-04T19:18:01.4304304Z w: The following Kotlin/Native targets cannot be built on this machine and are disabled:
Demo App Build Check	Build Desktop App	2026-01-04T19:18:01.4305015Z macosArm64, macosX64
Demo App Build Check	Build Desktop App	2026-01-04T19:18:01.4307095Z To hide this message, add 'kotlin.native.ignoreDisabledTargets=true' to the Gradle properties.
Demo App Build Check	Build Desktop App	2026-01-04T19:18:01.4308623Z 
Demo App Build Check	Build Desktop App	2026-01-04T19:18:01.9274937Z 
Demo App Build Check	Build Desktop App	2026-01-04T19:18:01.9279451Z > Task :crypto-core:checkKotlinGradlePluginConfigurationErrors SKIPPED
Demo App Build Check	Build Desktop App	2026-01-04T19:18:01.9291086Z > Task :demo-app:checkKotlinGradlePluginConfigurationErrors SKIPPED
Demo App Build Check	Build Desktop App	2026-01-04T19:18:02.0318135Z > Task :demo-app:convertXmlValueResourcesForCommonMain NO-SOURCE
Demo App Build Check	Build Desktop App	2026-01-04T19:18:02.0319378Z > Task :demo-app:copyNonXmlValueResourcesForCommonMain NO-SOURCE
Demo App Build Check	Build Desktop App	2026-01-04T19:18:02.0320286Z > Task :demo-app:prepareComposeResourcesTaskForCommonMain NO-SOURCE
Demo App Build Check	Build Desktop App	2026-01-04T19:18:02.0321389Z > Task :demo-app:generateResourceAccessorsForCommonMain NO-SOURCE
Demo App Build Check	Build Desktop App	2026-01-04T19:18:02.0322622Z > Task :demo-app:convertXmlValueResourcesForDesktopMain NO-SOURCE
Demo App Build Check	Build Desktop App	2026-01-04T19:18:02.0323423Z > Task :demo-app:copyNonXmlValueResourcesForDesktopMain NO-SOURCE
Demo App Build Check	Build Desktop App	2026-01-04T19:18:02.0324221Z > Task :demo-app:prepareComposeResourcesTaskForDesktopMain NO-SOURCE
Demo App Build Check	Build Desktop App	2026-01-04T19:18:02.0325071Z > Task :demo-app:generateResourceAccessorsForDesktopMain NO-SOURCE
Demo App Build Check	Build Desktop App	2026-01-04T19:18:02.1276107Z > Task :demo-app:generateActualResourceCollectorsForDesktopMain
Demo App Build Check	Build Desktop App	2026-01-04T19:18:02.2275441Z > Task :demo-app:generateComposeResClass
Demo App Build Check	Build Desktop App	2026-01-04T19:18:02.2276573Z > Task :demo-app:generateExpectResourceCollectorsForCommonMain
Demo App Build Check	Build Desktop App	2026-01-04T19:18:02.2277638Z > Task :demo-app:assembleDesktopMainResources
Demo App Build Check	Build Desktop App	2026-01-04T19:18:02.2278644Z > Task :demo-app:desktopProcessResources
Demo App Build Check	Build Desktop App	2026-01-04T19:18:20.5276369Z > Task :crypto-core:jvmProcessResources NO-SOURCE
Demo App Build Check	Build Desktop App	2026-01-04T19:18:31.9278337Z > Task :crypto-core:compileKotlinJvm
Demo App Build Check	Build Desktop App	2026-01-04T19:18:35.6280274Z w: file:///home/runner/work/kotlin-crypto-pure/kotlin-crypto-pure/crypto-core/src/commonMain/kotlin/io/github/iml1s/crypto/AesGcm.kt:78:1 'expect'/'actual' classes (including interfaces, objects, annotations, enums, and 'actual' typealiases) are in Beta. You can use -Xexpect-actual-classes flag to suppress this warning. Also see: https://youtrack.jetbrains.com/issue/KT-61573
Demo App Build Check	Build Desktop App	2026-01-04T19:18:35.6287376Z w: file:///home/runner/work/kotlin-crypto-pure/kotlin-crypto-pure/crypto-core/src/commonMain/kotlin/io/github/iml1s/crypto/Digest.kt:61:13 Check for instance is always 'true'.
Demo App Build Check	Build Desktop App	2026-01-04T19:18:35.6289658Z w: file:///home/runner/work/kotlin-crypto-pure/kotlin-crypto-pure/crypto-core/src/commonMain/kotlin/io/github/iml1s/crypto/Digest.kt:80:13 Check for instance is always 'true'.
Demo App Build Check	Build Desktop App	2026-01-04T19:18:35.6293427Z w: file:///home/runner/work/kotlin-crypto-pure/kotlin-crypto-pure/crypto-core/src/commonMain/kotlin/io/github/iml1s/crypto/Secp256k1Provider.kt:12:1 'expect'/'actual' classes (including interfaces, objects, annotations, enums, and 'actual' typealiases) are in Beta. You can use -Xexpect-actual-classes flag to suppress this warning. Also see: https://youtrack.jetbrains.com/issue/KT-61573
Demo App Build Check	Build Desktop App	2026-01-04T19:18:35.6298026Z w: file:///home/runner/work/kotlin-crypto-pure/kotlin-crypto-pure/crypto-core/src/jvmMain/kotlin/io/github/iml1s/crypto/Actuals.jvm.kt:86:1 'expect'/'actual' classes (including interfaces, objects, annotations, enums, and 'actual' typealiases) are in Beta. You can use -Xexpect-actual-classes flag to suppress this warning. Also see: https://youtrack.jetbrains.com/issue/KT-61573
Demo App Build Check	Build Desktop App	2026-01-04T19:18:35.6327428Z w: file:///home/runner/work/kotlin-crypto-pure/kotlin-crypto-pure/crypto-core/src/jvmMain/kotlin/io/github/iml1s/crypto/AesGcm.jvm.kt:10:1 'expect'/'actual' classes (including interfaces, objects, annotations, enums, and 'actual' typealiases) are in Beta. You can use -Xexpect-actual-classes flag to suppress this warning. Also see: https://youtrack.jetbrains.com/issue/KT-61573
Demo App Build Check	Build Desktop App	2026-01-04T19:18:35.7274593Z 
Demo App Build Check	Build Desktop App	2026-01-04T19:18:35.7275852Z > Task :crypto-core:jvmMainClasses
Demo App Build Check	Build Desktop App	2026-01-04T19:18:35.7276335Z > Task :crypto-core:jvmJar
Demo App Build Check	Build Desktop App	2026-01-04T19:18:55.2284551Z > Task :demo-app:compileKotlinDesktop
Demo App Build Check	Build Desktop App	2026-01-04T19:18:55.2285532Z > Task :demo-app:desktopMainClasses
Demo App Build Check	Build Desktop App	2026-01-04T19:18:55.2286176Z > Task :demo-app:desktopJar
Demo App Build Check	Build Desktop App	2026-01-04T19:18:55.3318879Z 
Demo App Build Check	Build Desktop App	2026-01-04T19:18:55.3320810Z [Incubating] Problems report is available at: file:///home/runner/work/kotlin-crypto-pure/kotlin-crypto-pure/build/reports/problems/problems-report.html
Demo App Build Check	Build Desktop App	2026-01-04T19:18:55.3322104Z 
Demo App Build Check	Build Desktop App	2026-01-04T19:18:55.3322820Z Deprecated Gradle features were used in this build, making it incompatible with Gradle 9.0.
Demo App Build Check	Build Desktop App	2026-01-04T19:18:55.3324066Z 
Demo App Build Check	Build Desktop App	2026-01-04T19:18:55.3371970Z You can use '--warning-mode all' to show the individual deprecation warnings and determine if they come from your own scripts or plugins.
Demo App Build Check	Build Desktop App	2026-01-04T19:18:55.3372825Z 
Demo App Build Check	Build Desktop App	2026-01-04T19:18:55.3373654Z For more on this, please refer to https://docs.gradle.org/8.13/userguide/command_line_interface.html#sec:command_line_warnings in the Gradle documentation.
Demo App Build Check	Build Desktop App	2026-01-04T19:18:55.3374548Z 
Demo App Build Check	Build Desktop App	2026-01-04T19:18:55.3374697Z BUILD SUCCESSFUL in 2m 55s
Demo App Build Check	Build Desktop App	2026-01-04T19:18:55.3375047Z 9 actionable tasks: 9 executed
Demo App Build Check	Post Setup Gradle	ï»¿2026-01-04T19:18:55.7692289Z Post job cleanup.
Demo App Build Check	Post Setup Gradle	2026-01-04T19:18:55.9386727Z In final post-action step, saving state and writing summary
Demo App Build Check	Post Setup Gradle	2026-01-04T19:18:55.9396357Z Stopping all Gradle daemons before saving Gradle User Home state
Demo App Build Check	Post Setup Gradle	2026-01-04T19:18:55.9397557Z Stopping Gradle daemons for /home/runner/.gradle/wrapper/dists/gradle-8.13-all/54h0s9kvb6g2sinako7ub77ku/gradle-8.13
Demo App Build Check	Post Setup Gradle	2026-01-04T19:18:55.9418220Z [command]/home/runner/.gradle/wrapper/dists/gradle-8.13-all/54h0s9kvb6g2sinako7ub77ku/gradle-8.13/bin/gradle --stop
Demo App Build Check	Post Setup Gradle	2026-01-04T19:18:56.6265382Z Stopping Daemon(s)
Demo App Build Check	Post Setup Gradle	2026-01-04T19:18:56.6266357Z 1 Daemon stopped
Demo App Build Check	Post Setup Gradle	2026-01-04T19:18:56.6391424Z ##[group]Caching Gradle state
Demo App Build Check	Post Setup Gradle	2026-01-04T19:18:56.6942173Z Caching generated-gradle-jars with path '/home/runner/.gradle/caches/8.13/generated-gradle-jars/gradle-api-8.13.jar' and cache key: generated-gradle-jars-697f81ec8d80712ce7da03f513960371
Demo App Build Check	Post Setup Gradle	2026-01-04T19:18:56.6975384Z Caching wrapper-zips with path '/home/runner/.gradle/wrapper/dists/gradle-8.13-all/54h0s9kvb6g2sinako7ub77ku' and cache key: wrapper-zips-27b0df0fa405636de00fcbfa0ab79410
Demo App Build Check	Post Setup Gradle	2026-01-04T19:18:56.7173406Z [command]/usr/bin/tar --posix -cf cache.tzst --exclude cache.tzst -P -C /home/runner/work/kotlin-crypto-pure/kotlin-crypto-pure --files-from manifest.txt --use-compress-program zstdmt
Demo App Build Check	Post Setup Gradle	2026-01-04T19:18:56.7215679Z [command]/usr/bin/tar --posix -cf cache.tzst --exclude cache.tzst -P -C /home/runner/work/kotlin-crypto-pure/kotlin-crypto-pure --files-from manifest.txt --use-compress-program zstdmt
Demo App Build Check	Post Setup Gradle	2026-01-04T19:18:57.2349813Z Caching dependencies with path '/home/runner/.gradle/caches/modules-*/files-*/*/*/*/*' and cache key: dependencies-dbe7c48c294eef2828d8cefb3b882e4a
Demo App Build Check	Post Setup Gradle	2026-01-04T19:18:57.2488963Z Caching instrumented-jars with path '/home/runner/.gradle/caches/jars-*/*' and cache key: instrumented-jars-c77d8e7cf8a0e4c1c3d16398ccce2998
Demo App Build Check	Post Setup Gradle	2026-01-04T19:18:57.3025579Z [command]/usr/bin/tar --posix -cf cache.tzst --exclude cache.tzst -P -C /home/runner/work/kotlin-crypto-pure/kotlin-crypto-pure --files-from manifest.txt --use-compress-program zstdmt
Demo App Build Check	Post Setup Gradle	2026-01-04T19:18:57.3262861Z Caching kotlin-dsl with path '/home/runner/.gradle/caches/*/kotlin-dsl/*/*' and cache key: kotlin-dsl-f37ea44656728e6163304b447d113bbe
Demo App Build Check	Post Setup Gradle	2026-01-04T19:18:57.4517595Z [command]/usr/bin/tar --posix -cf cache.tzst --exclude cache.tzst -P -C /home/runner/work/kotlin-crypto-pure/kotlin-crypto-pure --files-from manifest.txt --use-compress-program zstdmt
Demo App Build Check	Post Setup Gradle	2026-01-04T19:18:57.4974229Z ##[warning]Failed to save cache entry with path '/home/runner/.gradle/caches/jars-*/*,zstd-without-long,1.0' and key: instrumented-jars-c77d8e7cf8a0e4c1c3d16398ccce2998: Error: <h2>Our services aren't available right now</h2><p>We're working to restore all services as soon as possible. Please check back soon.</p>0Ib1aaQAAAADo4iXS5DDmTKLorq7JxLagREVOMzAxMDAwMTAxMDI1AEVkZ2U=
Demo App Build Check	Post Setup Gradle	2026-01-04T19:18:57.6266970Z ##[warning]Failed to save cache entry with path '/home/runner/.gradle/caches/*/kotlin-dsl/*/*,zstd-without-long,1.0' and key: kotlin-dsl-f37ea44656728e6163304b447d113bbe: Error: <h2>Our services aren't available right now</h2><p>We're working to restore all services as soon as possible. Please check back soon.</p>0Ib1aaQAAAACqq4BpUJe2Q4eOIYWjzjXjREVOMzAxMDAwMTAxMDI1AEVkZ2U=
Demo App Build Check	Post Setup Gradle	2026-01-04T19:18:57.8072315Z ##[warning]Failed to save cache entry with path '/home/runner/.gradle/caches/8.13/generated-gradle-jars/gradle-api-8.13.jar,zstd-without-long,1.0' and key: generated-gradle-jars-697f81ec8d80712ce7da03f513960371: Error: <h2>Our services aren't available right now</h2><p>We're working to restore all services as soon as possible. Please check back soon.</p>0Ib1aaQAAAADoC5FvQTpoSa5hMjUVs8zhREVOMzAxMDAwMTAxMDI1AEVkZ2U=
Demo App Build Check	Post Setup Gradle	2026-01-04T19:18:58.0807034Z [command]/usr/bin/tar --posix -cf cache.tzst --exclude cache.tzst -P -C /home/runner/work/kotlin-crypto-pure/kotlin-crypto-pure --files-from manifest.txt --use-compress-program zstdmt
Demo App Build Check	Post Setup Gradle	2026-01-04T19:18:58.8829201Z ##[warning]Failed to save cache entry with path '/home/runner/.gradle/caches/modules-*/files-*/*/*/*/*,zstd-without-long,1.0' and key: dependencies-dbe7c48c294eef2828d8cefb3b882e4a: Error: <h2>Our services aren't available right now</h2><p>We're working to restore all services as soon as possible. Please check back soon.</p>0Ir1aaQAAAACYSynaa2xSToc8p4hdNp/eREVOMzAxMDAwMTAxMDI1AEVkZ2U=
Demo App Build Check	Post Setup Gradle	2026-01-04T19:18:59.7322704Z ##[warning]Failed to save cache entry with path '/home/runner/.gradle/wrapper/dists/gradle-8.13-all/54h0s9kvb6g2sinako7ub77ku,zstd-without-long,1.0' and key: wrapper-zips-27b0df0fa405636de00fcbfa0ab79410: Error: <h2>Our services aren't available right now</h2><p>We're working to restore all services as soon as possible. Please check back soon.</p>0I71aaQAAAABuD0pGvHhNTJqXE1I4TQqAREVOMzAxMDAwMTAxMDI1AEVkZ2U=
Demo App Build Check	Post Setup Gradle	2026-01-04T19:19:00.8175917Z Caching Gradle User Home with cache key: v8-gradle|Linux|ci-build-demo-app[37a6259cc0c1dae299a7866489dff0bd]-5044c1085d6f4c621b1598e167ea7a375e24dedd
Demo App Build Check	Post Setup Gradle	2026-01-04T19:19:00.8262789Z [command]/usr/bin/tar --posix -cf cache.tzst --exclude cache.tzst -P -C /home/runner/work/kotlin-crypto-pure/kotlin-crypto-pure --files-from manifest.txt --use-compress-program zstdmt
Demo App Build Check	Post Setup Gradle	2026-01-04T19:19:01.6727970Z ##[warning]Failed to save cache entry with path '/home/runner/.gradle/caches,/home/runner/.gradle/notifications,/home/runner/.gradle/.gradle-build-action,zstd-without-long,1.0' and key: v8-gradle|Linux|ci-build-demo-app[37a6259cc0c1dae299a7866489dff0bd]-5044c1085d6f4c621b1598e167ea7a375e24dedd: Error: <h2>Our services aren't available right now</h2><p>We're working to restore all services as soon as possible. Please check back soon.</p>0Jb1aaQAAAAAiZBz6ZiSdSZy26il30XvEREVOMzAxMDAwMTAxMDI1AEVkZ2U=
Demo App Build Check	Post Setup Gradle	2026-01-04T19:19:01.6732436Z ##[endgroup]
Demo App Build Check	Post Setup Gradle	2026-01-04T19:19:01.6732675Z Writing job summary
Demo App Build Check	Post Set up JDK 17	ï»¿2026-01-04T19:19:01.6937703Z Post job cleanup.
Demo App Build Check	Post Run actions/checkout@v4	ï»¿2026-01-04T19:19:01.8774721Z Post job cleanup.
Demo App Build Check	Post Run actions/checkout@v4	2026-01-04T19:19:01.9790189Z [command]/usr/bin/git version
Demo App Build Check	Post Run actions/checkout@v4	2026-01-04T19:19:01.9834465Z git version 2.52.0
Demo App Build Check	Post Run actions/checkout@v4	2026-01-04T19:19:01.9881388Z Temporarily overriding HOME='/home/runner/work/_temp/f4f2158b-8f34-468e-a390-e641c68cda77' before making global git config changes
Demo App Build Check	Post Run actions/checkout@v4	2026-01-04T19:19:01.9882716Z Adding repository directory to the temporary git global config as a safe directory
Demo App Build Check	Post Run actions/checkout@v4	2026-01-04T19:19:01.9888258Z [command]/usr/bin/git config --global --add safe.directory /home/runner/work/kotlin-crypto-pure/kotlin-crypto-pure
Demo App Build Check	Post Run actions/checkout@v4	2026-01-04T19:19:01.9934938Z [command]/usr/bin/git config --local --name-only --get-regexp core\.sshCommand
Demo App Build Check	Post Run actions/checkout@v4	2026-01-04T19:19:01.9975280Z [command]/usr/bin/git submodule foreach --recursive sh -c "git config --local --name-only --get-regexp 'core\.sshCommand' && git config --local --unset-all 'core.sshCommand' || :"
Demo App Build Check	Post Run actions/checkout@v4	2026-01-04T19:19:02.0235637Z [command]/usr/bin/git config --local --name-only --get-regexp http\.https\:\/\/github\.com\/\.extraheader
Demo App Build Check	Post Run actions/checkout@v4	2026-01-04T19:19:02.0260285Z http.https://github.com/.extraheader
Demo App Build Check	Post Run actions/checkout@v4	2026-01-04T19:19:02.0273578Z [command]/usr/bin/git config --local --unset-all http.https://github.com/.extraheader
Demo App Build Check	Post Run actions/checkout@v4	2026-01-04T19:19:02.0305061Z [command]/usr/bin/git submodule foreach --recursive sh -c "git config --local --name-only --get-regexp 'http\.https\:\/\/github\.com\/\.extraheader' && git config --local --unset-all 'http.https://github.com/.extraheader' || :"
Demo App Build Check	Post Run actions/checkout@v4	2026-01-04T19:19:02.0537385Z [command]/usr/bin/git config --local --name-only --get-regexp ^includeIf\.gitdir:
Demo App Build Check	Post Run actions/checkout@v4	2026-01-04T19:19:02.0571556Z [command]/usr/bin/git submodule foreach --recursive git config --local --show-origin --name-only --get-regexp remote.origin.url
Demo App Build Check	Complete job	ï»¿2026-01-04T19:19:02.0930019Z Cleaning up orphan processes
