Initialized native services in: C:\Users\aa223\.gradle\native
Initialized jansi services in: C:\Users\aa223\.gradle\native
To honour the JVM settings for this build a single-use Daemon process will be forked. For more on this, please refer to https://docs.gradle.org/8.13/userguide/gradle_daemon.html#sec:disabling_the_daemon in the Gradle documentation.
Starting process 'Gradle build daemon'. Working directory: C:\Users\aa223\.gradle\daemon\8.13 Command: C:\Program Files\Eclipse Adoptium\jdk-21.0.9.10-hotspot\bin\java.exe --add-opens=java.base/java.lang=ALL-UNNAMED --add-opens=java.base/java.lang.invoke=ALL-UNNAMED --add-opens=java.base/java.util=ALL-UNNAMED --add-opens=java.prefs/java.util.prefs=ALL-UNNAMED --add-exports=jdk.compiler/com.sun.tools.javac.api=ALL-UNNAMED --add-exports=jdk.compiler/com.sun.tools.javac.util=ALL-UNNAMED --add-opens=java.base/java.util=ALL-UNNAMED --add-opens=java.prefs/java.util.prefs=ALL-UNNAMED --add-opens=java.base/java.nio.charset=ALL-UNNAMED --add-opens=java.base/java.net=ALL-UNNAMED --add-opens=java.base/java.util.concurrent.atomic=ALL-UNNAMED --add-opens=java.xml/javax.xml.namespace=ALL-UNNAMED -XX:MaxMetaspaceSize=1g -XX:+HeapDumpOnOutOfMemoryError -Xmx4g -Dfile.encoding=UTF-8 -Duser.country=TW -Duser.language=zh -Duser.variant -cp C:\Users\aa223\.gradle\wrapper\dists\gradle-8.13-all\54h0s9kvb6g2sinako7ub77ku\gradle-8.13\lib\gradle-daemon-main-8.13.jar -javaagent:C:\Users\aa223\.gradle\wrapper\dists\gradle-8.13-all\54h0s9kvb6g2sinako7ub77ku\gradle-8.13\lib\agents\gradle-instrumentation-agent-8.13.jar org.gradle.launcher.daemon.bootstrap.GradleDaemon 8.13
Successfully started process 'Gradle build daemon'
An attempt to start the daemon took 1.317 secs.
The client will now receive all logging from the daemon (pid: 60160). The daemon log file: C:\Users\aa223\.gradle\daemon\8.13\daemon-60160.out.log
Daemon will be stopped at the end of the build 
Using 32 worker leases.
Received JVM installation metadata from 'C:\Program Files\Eclipse Adoptium\jdk-21.0.9.10-hotspot': {JAVA_HOME=C:\Program Files\Eclipse Adoptium\jdk-21.0.9.10-hotspot, JAVA_VERSION=21.0.9, JAVA_VENDOR=Eclipse Adoptium, RUNTIME_NAME=OpenJDK Runtime Environment, RUNTIME_VERSION=21.0.9+10-LTS, VM_NAME=OpenJDK 64-Bit Server VM, VM_VERSION=21.0.9+10-LTS, VM_VENDOR=Eclipse Adoptium, OS_ARCH=amd64}
Watching the file system is configured to be enabled if available
Now considering [D:\OtherProject\mine\crypto\kotlin-crypto-pure] as hierarchies to watch
File system watching is active
Starting Build
Settings evaluated using settings file 'D:\OtherProject\mine\crypto\kotlin-crypto-pure\settings.gradle.kts'.
Using local directory build cache for the root build (location = C:\Users\aa223\.gradle\caches\build-cache-1, remove unused entries = after 7 days).
Projects loaded. Root project using build file 'D:\OtherProject\mine\crypto\kotlin-crypto-pure\build.gradle.kts'.
Included projects: [root project 'kotlin-crypto-pure']

> Configure project :
Evaluating root project 'kotlin-crypto-pure' using build file 'D:\OtherProject\mine\crypto\kotlin-crypto-pure\build.gradle.kts'.
Resolved plugin [id: 'org.jetbrains.kotlin.multiplatform', version: '2.1.0']
Resolved plugin [id: 'com.android.library', version: '8.5.2']
Resolved plugin [id: 'org.gradle.maven-publish']
Using Kotlin Gradle Plugin gradle85 variant
Using default execution profile
kotlin scripting plugin: created the scripting discovery configuration: kotlinScriptDef
kotlin scripting plugin: created the scripting discovery configuration: testKotlinScriptDef
w: The following Kotlin/Native targets cannot be built on this machine and are disabled:
iosArm64, iosSimulatorArm64, iosX64, watchosArm64, watchosSimulatorArm64, watchosX64
To hide this message, add 'kotlin.native.ignoreDisabledTargets=true' to the Gradle properties.

w: The Default Kotlin Hierarchy Template was not applied to 'root project 'kotlin-crypto-pure'':
Explicit .dependsOn() edges were configured for the following source sets:
[iosArm64Main, iosArm64Test, iosMain, iosSimulatorArm64Main, iosSimulatorArm64Test, iosX64Main, iosX64Test, nativeMain, nativeTest, watchosArm64Main, watchosArm64Test, watchosMain, watchosSimulatorArm64Main, watchosSimulatorArm64Test, watchosX64Main, watchosX64Test]

Consider removing dependsOn-calls or disabling the default template by adding
    'kotlin.mpp.applyDefaultHierarchyTemplate=false'
to your gradle.properties

Learn more about hierarchy templates: https://kotl.in/hierarchy-template

w: The project is using Kotlin Multiplatform with hierarchical structure and disabled 'cinterop commonization'
See: https://kotlinlang.org/docs/mpp-share-on-platforms.html#use-native-libraries-in-the-hierarchical-structure

'cinterop commonization' can be enabled in your 'gradle.properties'
kotlin.mpp.enableCInteropCommonization=true

To hide this message, add to your 'gradle.properties'
kotlin.mpp.enableCInteropCommonization.nowarn=true 

The following source sets are affected: 
[iosMain, nativeMain, watchosMain]

The following cinterops are affected: 
[cinterop:compilation/compileKotlinIosArm64/CommonCrypto, cinterop:compilation/compileKotlinIosSimulatorArm64/CommonCrypto, cinterop:compilation/compileKotlinIosX64/CommonCrypto, cinterop:compilation/compileKotlinWatchosArm64/CommonCrypto, cinterop:compilation/compileKotlinWatchosSimulatorArm64/CommonCrypto, cinterop:compilation/compileKotlinWatchosX64/CommonCrypto]

All projects evaluated.
Task name matched 'jvmTest'
Selected primary task 'jvmTest' from project :
Tasks to be executed: [task ':checkKotlinGradlePluginConfigurationErrors', task ':compileKotlinJvm', task ':jvmProcessResources', task ':jvmMainClasses', task ':jvmJar', task ':compileTestKotlinJvm', task ':jvmTestProcessResources', task ':jvmTestClasses', task ':jvmTest']
Tasks that were excluded: []
Resolve mutations for :checkKotlinGradlePluginConfigurationErrors (Thread[#180,Execution worker,5,main]) started.
:checkKotlinGradlePluginConfigurationErrors (Thread[#180,Execution worker,5,main]) started.

> Task :checkKotlinGradlePluginConfigurationErrors SKIPPED
Skipping task ':checkKotlinGradlePluginConfigurationErrors' as task onlyIf 'errorDiagnostics are present' is false.
Resolve mutations for :compileKotlinJvm (Thread[#180,Execution worker,5,main]) started.
:compileKotlinJvm (Thread[#180,Execution worker,5,main]) started.
Resolve mutations for :jvmProcessResources (Thread[#202,Execution worker Thread 23,5,main]) started.
:jvmProcessResources (Thread[#202,Execution worker Thread 23,5,main]) started.

> Task :jvmProcessResources NO-SOURCE
Skipping task ':jvmProcessResources' as it has no source files and no previous output files.
Resolve mutations for :jvmTestProcessResources (Thread[#202,Execution worker Thread 23,5,main]) started.
:jvmTestProcessResources (Thread[#202,Execution worker Thread 23,5,main]) started.

> Task :jvmTestProcessResources NO-SOURCE
Skipping task ':jvmTestProcessResources' as it has no source files and no previous output files.

> Task :compileKotlinJvm FAILED
Build cache key for task ':compileKotlinJvm' is 355efb2f14218536553a9bbdc8e2ae4e
Task ':compileKotlinJvm' is not up-to-date because:
  Task has failed previously.
The input changes require a full rebuild for incremental task ':compileKotlinJvm'.
Kotlin source files: D:\OtherProject\mine\crypto\kotlin-crypto-pure\src\jvmMain\kotlin\io\github\iml1s\crypto\Actuals.jvm.kt, D:\OtherProject\mine\crypto\kotlin-crypto-pure\src\commonMain\kotlin\io\github\iml1s\crypto\AesGcm.kt, D:\OtherProject\mine\crypto\kotlin-crypto-pure\src\commonMain\kotlin\io\github\iml1s\crypto\Base58.kt, D:\OtherProject\mine\crypto\kotlin-crypto-pure\src\commonMain\kotlin\io\github\iml1s\crypto\Bip32.kt, D:\OtherProject\mine\crypto\kotlin-crypto-pure\src\commonMain\kotlin\io\github\iml1s\crypto\Bip39.kt, D:\OtherProject\mine\crypto\kotlin-crypto-pure\src\commonMain\kotlin\io\github\iml1s\crypto\BIP39WordList.kt, D:\OtherProject\mine\crypto\kotlin-crypto-pure\src\commonMain\kotlin\io\github\iml1s\crypto\CryptoProvider.kt, D:\OtherProject\mine\crypto\kotlin-crypto-pure\src\commonMain\kotlin\io\github\iml1s\crypto\Digest.kt, D:\OtherProject\mine\crypto\kotlin-crypto-pure\src\commonMain\kotlin\io\github\iml1s\crypto\HDWallet.kt, D:\OtherProject\mine\crypto\kotlin-crypto-pure\src\commonMain\kotlin\io\github\iml1s\crypto\Hex.kt, D:\OtherProject\mine\crypto\kotlin-crypto-pure\src\commonMain\kotlin\io\github\iml1s\crypto\HmacSha256.kt, D:\OtherProject\mine\crypto\kotlin-crypto-pure\src\commonMain\kotlin\io\github\iml1s\crypto\HmacSha512.kt, D:\OtherProject\mine\crypto\kotlin-crypto-pure\src\commonMain\kotlin\io\github\iml1s\crypto\Keccak256.kt, D:\OtherProject\mine\crypto\kotlin-crypto-pure\src\commonMain\kotlin\io\github\iml1s\crypto\Pbkdf2.kt, D:\OtherProject\mine\crypto\kotlin-crypto-pure\src\commonMain\kotlin\io\github\iml1s\crypto\PureEthereumCrypto.kt, D:\OtherProject\mine\crypto\kotlin-crypto-pure\src\commonMain\kotlin\io\github\iml1s\crypto\Ripemd160.kt, D:\OtherProject\mine\crypto\kotlin-crypto-pure\src\commonMain\kotlin\io\github\iml1s\crypto\RLP.kt, D:\OtherProject\mine\crypto\kotlin-crypto-pure\src\commonMain\kotlin\io\github\iml1s\crypto\Secp256k1Provider.kt, D:\OtherProject\mine\crypto\kotlin-crypto-pure\src\commonMain\kotlin\io\github\iml1s\crypto\Secp256k1Pure.kt, D:\OtherProject\mine\crypto\kotlin-crypto-pure\src\commonMain\kotlin\io\github\iml1s\crypto\SecureByteArray.kt
Java source files: 
Script source files: 
Script file extensions: 
Using Kotlin/JVM incremental compilation
[KOTLIN] Kotlin compilation 'jdkHome' argument: C:\Program Files\Eclipse Adoptium\jdk-21.0.9.10-hotspot
Options for KOTLIN DAEMON: IncrementalCompilationOptions(super=CompilationOptions(compilerMode=INCREMENTAL_COMPILER, targetPlatform=JVM, reportCategories=[0, 3], reportSeverity=2, requestedCompilationResults=[0], kotlinScriptExtensions=[]), areFileChangesKnown=false, modifiedFiles=null, deletedFiles=null, classpathChanges=NotAvailableForNonIncrementalRun, workingDir=D:\OtherProject\mine\crypto\kotlin-crypto-pure\build\kotlin\compileKotlinJvm\cacheable, multiModuleICSettings=MultiModuleICSettings(buildHistoryFile=D:\OtherProject\mine\crypto\kotlin-crypto-pure\build\kotlin\compileKotlinJvm\local-state\build-history.bin, useModuleDetection=false), usePreciseJavaTracking=true, icFeatures=IncrementalCompilationFeatures(withAbiSnapshot=false, preciseCompilationResultsBackup=true, keepIncrementalCompilationCachesInMemory=true, enableUnsafeIncrementalCompilationForMultiplatform=false), outputFiles=[D:\OtherProject\mine\crypto\kotlin-crypto-pure\build\classes\kotlin\jvm\main, D:\OtherProject\mine\crypto\kotlin-crypto-pure\build\kotlin\compileKotlinJvm\cacheable, D:\OtherProject\mine\crypto\kotlin-crypto-pure\build\kotlin\compileKotlinJvm\local-state])
e: file:///D:/OtherProject/mine/crypto/kotlin-crypto-pure/src/commonMain/kotlin/io/github/iml1s/crypto/AesGcm.kt:78:1 Expected AesGcm has no actual declaration in module <kotlin-crypto-pure> for JVM
Finished executing kotlin compiler using DAEMON strategy

[Incubating] Problems report is available at: file:///D:/OtherProject/mine/crypto/kotlin-crypto-pure/build/reports/problems/problems-report.html

FAILURE: Build failed with an exception.

* What went wrong:
Execution failed for task ':compileKotlinJvm'.
> A failure occurred while executing org.jetbrains.kotlin.compilerRunner.GradleCompilerRunnerWithWorkers$GradleKotlinCompilerWorkAction
   > Compilation error. See log for more details

* Try:
> Run with --stacktrace option to get the stack trace.
> Run with --debug option to get more log output.
> Run with --scan to get full insights.
> Get more help at https://help.gradle.org.

Deprecated Gradle features were used in this build, making it incompatible with Gradle 9.0.

You can use '--warning-mode all' to show the individual deprecation warnings and determine if they come from your own scripts or plugins.

For more on this, please refer to https://docs.gradle.org/8.13/userguide/command_line_interface.html#sec:command_line_warnings in the Gradle documentation.

BUILD FAILED in 11s
1 actionable task: 1 executed
Watched directory hierarchies: [D:\OtherProject\mine\crypto\kotlin-crypto-pure]
