
> Configure project :
w: The following Kotlin/Native targets cannot be built on this machine and are disabled:
iosArm64, iosSimulatorArm64, iosX64, watchosArm64, watchosSimulatorArm64, watchosX64
To hide this message, add 'kotlin.native.ignoreDisabledTargets=true' to the Gradle properties.

w: The Default Kotlin Hierarchy Template was not applied to 'root project 'kotlin-crypto-pure'':
Explicit .dependsOn() edges were configured for the following source sets:
[iosArm64Main, iosArm64Test, iosMain, iosSimulatorArm64Main, iosSimulatorArm64Test, iosX64Main, iosX64Test, jvmMain, jvmTest, nativeMain, nativeTest, watchosArm64Main, watchosArm64Test, watchosMain, watchosSimulatorArm64Main, watchosSimulatorArm64Test, watchosX64Main, watchosX64Test]

Consider removing dependsOn-calls or disabling the default template by adding
    'kotlin.mpp.applyDefaultHierarchyTemplate=false'
to your gradle.properties

Learn more about hierarchy templates: https://kotl.in/hierarchy-template

WARNING: We recommend using a newer Android Gradle plugin to use compileSdk = 35

This Android Gradle plugin (8.5.2) was tested up to compileSdk = 34.

You are strongly encouraged to update your project to use a newer
Android Gradle plugin that has been tested with compileSdk = 35.

If you are already using the latest version of the Android Gradle plugin,
you may need to wait until a newer version with support for compileSdk = 35 is available.

For more information refer to the compatibility table:
https://d.android.com/r/tools/api-level-support

To suppress this warning, add/update
    android.suppressUnsupportedCompileSdk=35
to this project's gradle.properties.

> Task :cleanTestDebugUnitTest
> Task :checkKotlinGradlePluginConfigurationErrors SKIPPED
> Task :preBuild UP-TO-DATE
> Task :preDebugBuild UP-TO-DATE
> Task :generateDebugResValues UP-TO-DATE
> Task :generateDebugResources UP-TO-DATE
> Task :packageDebugResources UP-TO-DATE
> Task :parseDebugLocalResources UP-TO-DATE
> Task :generateDebugRFile UP-TO-DATE
> Task :javaPreCompileDebug UP-TO-DATE
> Task :preDebugUnitTestBuild UP-TO-DATE
> Task :generateDebugUnitTestStubRFile UP-TO-DATE
> Task :javaPreCompileDebugUnitTest UP-TO-DATE

> Task :compileDebugKotlinAndroid
w: file:///D:/OtherProject/mine/crypto/kotlin-crypto-pure/src/androidMain/kotlin/io/github/iml1s/crypto/AesGcm.android.kt:24:1 'expect'/'actual' classes (including interfaces, objects, annotations, enums, and 'actual' typealiases) are in Beta. You can use -Xexpect-actual-classes flag to suppress this warning. Also see: https://youtrack.jetbrains.com/issue/KT-61573
w: file:///D:/OtherProject/mine/crypto/kotlin-crypto-pure/src/androidMain/kotlin/io/github/iml1s/crypto/Secp256k1Provider.android.kt:9:1 'expect'/'actual' classes (including interfaces, objects, annotations, enums, and 'actual' typealiases) are in Beta. You can use -Xexpect-actual-classes flag to suppress this warning. Also see: https://youtrack.jetbrains.com/issue/KT-61573
w: file:///D:/OtherProject/mine/crypto/kotlin-crypto-pure/src/commonMain/kotlin/io/github/iml1s/crypto/AesGcm.kt:78:1 'expect'/'actual' classes (including interfaces, objects, annotations, enums, and 'actual' typealiases) are in Beta. You can use -Xexpect-actual-classes flag to suppress this warning. Also see: https://youtrack.jetbrains.com/issue/KT-61573
w: file:///D:/OtherProject/mine/crypto/kotlin-crypto-pure/src/commonMain/kotlin/io/github/iml1s/crypto/Digest.kt:61:13 Check for instance is always 'true'.
w: file:///D:/OtherProject/mine/crypto/kotlin-crypto-pure/src/commonMain/kotlin/io/github/iml1s/crypto/Digest.kt:80:13 Check for instance is always 'true'.
w: file:///D:/OtherProject/mine/crypto/kotlin-crypto-pure/src/commonMain/kotlin/io/github/iml1s/crypto/Secp256k1Provider.kt:12:1 'expect'/'actual' classes (including interfaces, objects, annotations, enums, and 'actual' typealiases) are in Beta. You can use -Xexpect-actual-classes flag to suppress this warning. Also see: https://youtrack.jetbrains.com/issue/KT-61573

> Task :compileDebugJavaWithJavac NO-SOURCE
> Task :processDebugJavaRes UP-TO-DATE
> Task :bundleLibCompileToJarDebug
> Task :bundleLibRuntimeToJarDebug
> Task :compileDebugUnitTestKotlinAndroid
> Task :compileDebugUnitTestJavaWithJavac NO-SOURCE
> Task :processDebugUnitTestJavaRes UP-TO-DATE

> Task :testDebugUnitTest FAILED

PolkadotTest > testAlicePolkadotAddress FAILED
    org.junit.ComparisonFailure at PolkadotTest.kt:24

PolkadotTest > testAliceSubstrateAddress FAILED
    org.junit.ComparisonFailure at PolkadotTest.kt:33

PolkadotTest > testDecode FAILED
    org.junit.ComparisonFailure at PolkadotTest.kt:42

3 tests completed, 3 failed

[Incubating] Problems report is available at: file:///D:/OtherProject/mine/crypto/kotlin-crypto-pure/build/reports/problems/problems-report.html

FAILURE: Build failed with an exception.

* What went wrong:
Execution failed for task ':testDebugUnitTest'.
> There were failing tests. See the report at: file:///D:/OtherProject/mine/crypto/kotlin-crypto-pure/build/reports/tests/testDebugUnitTest/index.html

* Try:
> Run with --scan to get full insights.

Deprecated Gradle features were used in this build, making it incompatible with Gradle 9.0.

You can use '--warning-mode all' to show the individual deprecation warnings and determine if they come from your own scripts or plugins.

For more on this, please refer to https://docs.gradle.org/8.13/userguide/command_line_interface.html#sec:command_line_warnings in the Gradle documentation.

BUILD FAILED in 5s
16 actionable tasks: 6 executed, 10 up-to-date
