
> Configure project :
w: The following Kotlin/Native targets cannot be built on this machine and are disabled:
iosArm64, iosSimulatorArm64, iosX64, watchosArm64, watchosSimulatorArm64, watchosX64
To hide this message, add 'kotlin.native.ignoreDisabledTargets=true' to the Gradle properties.

w: The Default Kotlin Hierarchy Template was not applied to 'root project 'kotlin-crypto-pure'':
Explicit .dependsOn() edges were configured for the following source sets:
[iosArm64Main, iosArm64Test, iosMain, iosSimulatorArm64Main, iosSimulatorArm64Test, iosX64Main, iosX64Test, jvmMain, jvmTest, nativeMain, nativeTest, watchosArm64Main, watchosArm64Test, watchosMain, watchosSimulatorArm64Main, watchosSimulatorArm64Test, watchosX64Main, watchosX64Test]

Consider removing dependsOn-calls or disabling the default template by adding
    'kotlin.mpp.applyDefaultHierarchyTemplate=false'
to your gradle.properties

Learn more about hierarchy templates: https://kotl.in/hierarchy-template


> Task :checkKotlinGradlePluginConfigurationErrors SKIPPED
> Task :jvmProcessResources NO-SOURCE
> Task :jvmTestProcessResources NO-SOURCE

> Task :compileKotlinJvm FAILED
e: file:///D:/OtherProject/mine/crypto/kotlin-crypto-pure/src/commonMain/kotlin/io/github/iml1s/crypto/Solana.kt:3:8 Unresolved reference 'curve25519'.
e: file:///D:/OtherProject/mine/crypto/kotlin-crypto-pure/src/commonMain/kotlin/io/github/iml1s/crypto/Solana.kt:4:8 Unresolved reference 'curve25519'.
e: file:///D:/OtherProject/mine/crypto/kotlin-crypto-pure/src/commonMain/kotlin/io/github/iml1s/crypto/Solana.kt:12:28 Unresolved reference 'Ed25519KeyPair'.
e: file:///D:/OtherProject/mine/crypto/kotlin-crypto-pure/src/commonMain/kotlin/io/github/iml1s/crypto/Solana.kt:13:16 Unresolved reference 'Ed25519'.

FAILURE: Build failed with an exception.

* What went wrong:
Execution failed for task ':compileKotlinJvm'.
> A failure occurred while executing org.jetbrains.kotlin.compilerRunner.GradleCompilerRunnerWithWorkers$GradleKotlinCompilerWorkAction
   > Compilation error. See log for more details

* Try:
> Run with --stacktrace option to get the stack trace.
> Run with --info or --debug option to get more log output.
> Run with --scan to get full insights.
> Get more help at https://help.gradle.org.

BUILD FAILED in 2s
1 actionable task: 1 executed
