Initialized native services in: C:\Users\aa223\.gradle\native
Initialized jansi services in: C:\Users\aa223\.gradle\native
Found daemon DaemonInfo{pid=61556, address=[1145355e-23bd-4b08-8055-52bc4329183a port:55810, addresses:[/127.0.0.1]], state=Idle, lastBusy=1767298347502, context=DefaultDaemonContext[uid=705c84f8-322c-4097-80b1-d8aa0279e47d,javaHome=C:\Program Files\Eclipse Adoptium\jdk-21.0.9.10-hotspot,javaVersion=21,javaVendor=Eclipse Adoptium,daemonRegistryDir=C:\Users\aa223\.gradle\daemon,pid=61556,idleTimeout=10800000,priority=NORMAL,applyInstrumentationAgent=true,nativeServicesMode=ENABLED,daemonOpts=-XX:MaxMetaspaceSize=384m,-XX:+HeapDumpOnOutOfMemoryError,-Xms256m,-Xmx512m,-Dfile.encoding=UTF-8,-Duser.country=TW,-Duser.language=zh,-Duser.variant]} however its context does not match the desired criteria.
At least one daemon option is different.
Wanted: DaemonRequestContext{jvmCriteria=C:\Program Files\Eclipse Adoptium\jdk-21.0.9.10-hotspot (no JDK specified, using current Java home), daemonOpts=[-XX:MaxMetaspaceSize=1g, -XX:+HeapDumpOnOutOfMemoryError, -Xmx4g, -Dfile.encoding=UTF-8, -Duser.country=TW, -Duser.language=zh, -Duser.variant], applyInstrumentationAgent=true, nativeServicesMode=ENABLED, priority=NORMAL}
Actual: DefaultDaemonContext[uid=705c84f8-322c-4097-80b1-d8aa0279e47d,javaHome=C:\Program Files\Eclipse Adoptium\jdk-21.0.9.10-hotspot,javaVersion=21,javaVendor=Eclipse Adoptium,daemonRegistryDir=C:\Users\aa223\.gradle\daemon,pid=61556,idleTimeout=10800000,priority=NORMAL,applyInstrumentationAgent=true,nativeServicesMode=ENABLED,daemonOpts=-XX:MaxMetaspaceSize=384m,-XX:+HeapDumpOnOutOfMemoryError,-Xms256m,-Xmx512m,-Dfile.encoding=UTF-8,-Duser.country=TW,-Duser.language=zh,-Duser.variant]

  Looking for a different daemon...
The client will now receive all logging from the daemon (pid: 60364). The daemon log file: C:\Users\aa223\.gradle\daemon\8.13\daemon-60364.out.log
Starting 22nd build in daemon [uptime: 37 mins 7.63 secs, performance: 100%, GC rate: 0.00/s, heap usage: 0% of 4 GiB, non-heap usage: 12% of 1 GiB]
Using 32 worker leases.
Now considering [D:\OtherProject\mine\crypto\kotlin-crypto-pure] as hierarchies to watch
Watching the file system is configured to be enabled if available
File system watching is active
Starting Build
Settings evaluated using settings file 'D:\OtherProject\mine\crypto\kotlin-crypto-pure\settings.gradle.kts'.
Using local directory build cache for the root build (location = C:\Users\aa223\.gradle\caches\build-cache-1, remove unused entries = after 7 days).
Projects loaded. Root project using build file 'D:\OtherProject\mine\crypto\kotlin-crypto-pure\build.gradle.kts'.
Included projects: [root project 'kotlin-crypto-pure']

> Configure project :
Evaluating root project 'kotlin-crypto-pure' using build file 'D:\OtherProject\mine\crypto\kotlin-crypto-pure\build.gradle.kts'.
Resolved plugin [id: 'org.jetbrains.kotlin.multiplatform', version: '2.1.0']
Resolved plugin [id: 'com.android.library', version: '8.5.2']
Resolved plugin [id: 'org.gradle.maven-publish']
Using Kotlin Gradle Plugin gradle85 variant
Using default execution profile
kotlin scripting plugin: created the scripting discovery configuration: kotlinScriptDef
kotlin scripting plugin: created the scripting discovery configuration: testKotlinScriptDef
w: The following Kotlin/Native targets cannot be built on this machine and are disabled:
iosArm64, iosSimulatorArm64, iosX64, watchosArm64, watchosSimulatorArm64, watchosX64
To hide this message, add 'kotlin.native.ignoreDisabledTargets=true' to the Gradle properties.

w: The Default Kotlin Hierarchy Template was not applied to 'root project 'kotlin-crypto-pure'':
Explicit .dependsOn() edges were configured for the following source sets:
[iosArm64Main, iosArm64Test, iosMain, iosSimulatorArm64Main, iosSimulatorArm64Test, iosX64Main, iosX64Test, jvmMain, jvmTest, nativeMain, nativeTest, watchosArm64Main, watchosArm64Test, watchosMain, watchosSimulatorArm64Main, watchosSimulatorArm64Test, watchosX64Main, watchosX64Test]

Consider removing dependsOn-calls or disabling the default template by adding
    'kotlin.mpp.applyDefaultHierarchyTemplate=false'
to your gradle.properties

Learn more about hierarchy templates: https://kotl.in/hierarchy-template

All projects evaluated.
Task name matched 'jvmTest'
Selected primary task 'jvmTest' from project :
Tasks to be executed: [task ':checkKotlinGradlePluginConfigurationErrors', task ':compileKotlinJvm', task ':jvmProcessResources', task ':jvmMainClasses', task ':jvmJar', task ':compileTestKotlinJvm', task ':jvmTestProcessResources', task ':jvmTestClasses', task ':jvmTest']
Tasks that were excluded: []
Resolve mutations for :checkKotlinGradlePluginConfigurationErrors (Thread[#3633,Execution worker,5,main]) started.
:checkKotlinGradlePluginConfigurationErrors (Thread[#3633,Execution worker,5,main]) started.

> Task :checkKotlinGradlePluginConfigurationErrors SKIPPED
Skipping task ':checkKotlinGradlePluginConfigurationErrors' as task onlyIf 'errorDiagnostics are present' is false.
Resolve mutations for :compileKotlinJvm (Thread[#3633,Execution worker,5,main]) started.
:compileKotlinJvm (Thread[#3633,Execution worker,5,main]) started.

> Task :compileKotlinJvm UP-TO-DATE
Build cache key for task ':compileKotlinJvm' is 20132cf036df6d12a381f6cc64801fdb
Skipping task ':compileKotlinJvm' as it is up-to-date.
Resolve mutations for :jvmProcessResources (Thread[#3633,Execution worker,5,main]) started.
:jvmProcessResources (Thread[#3656,Execution worker Thread 23,5,main]) started.

> Task :jvmProcessResources NO-SOURCE
Skipping task ':jvmProcessResources' as it has no source files and no previous output files.
Resolve mutations for :jvmMainClasses (Thread[#3656,Execution worker Thread 23,5,main]) started.
:jvmMainClasses (Thread[#3635,Execution worker Thread 3,5,main]) started.

> Task :jvmMainClasses UP-TO-DATE
Skipping task ':jvmMainClasses' as it has no actions.
Resolve mutations for :jvmJar (Thread[#3635,Execution worker Thread 3,5,main]) started.
:jvmJar (Thread[#3659,Execution worker Thread 26,5,main]) started.

> Task :jvmJar UP-TO-DATE
Caching disabled for task ':jvmJar' because:
  Not worth caching
Skipping task ':jvmJar' as it is up-to-date.
Resolve mutations for :compileTestKotlinJvm (Thread[#3659,Execution worker Thread 26,5,main]) started.
:compileTestKotlinJvm (Thread[#3659,Execution worker Thread 26,5,main]) started.
Resolve mutations for :jvmTestProcessResources (Thread[#3646,Execution worker Thread 13,5,main]) started.
:jvmTestProcessResources (Thread[#3646,Execution worker Thread 13,5,main]) started.

> Task :jvmTestProcessResources NO-SOURCE
Skipping task ':jvmTestProcessResources' as it has no source files and no previous output files.

> Task :compileTestKotlinJvm FAILED
Build cache key for task ':compileTestKotlinJvm' is 98c64d2459b569381bf5883f50e8e489
Task ':compileTestKotlinJvm' is not up-to-date because:
  Input property 'commonSourceSet$kotlin_gradle_plugin_common' file D:\OtherProject\mine\crypto\kotlin-crypto-pure\src\commonTest\kotlin\io\github\iml1s\crypto\Sr25519DebugTest.kt has changed.
  Input property 'multiplatformStructure.fragments.$1.sources' file D:\OtherProject\mine\crypto\kotlin-crypto-pure\src\commonTest\kotlin\io\github\iml1s\crypto\Sr25519DebugTest.kt has changed.
  Input property 'sources' file D:\OtherProject\mine\crypto\kotlin-crypto-pure\src\commonTest\kotlin\io\github\iml1s\crypto\Sr25519DebugTest.kt has changed.
Kotlin source files: D:\OtherProject\mine\crypto\kotlin-crypto-pure\src\jvmTest\kotlin\io\github\iml1s\crypto\PlatformSetup.jvm.kt, D:\OtherProject\mine\crypto\kotlin-crypto-pure\src\commonTest\kotlin\io\github\iml1s\crypto\AesGcmTest.kt, D:\OtherProject\mine\crypto\kotlin-crypto-pure\src\commonTest\kotlin\io\github\iml1s\crypto\Base58Test.kt, D:\OtherProject\mine\crypto\kotlin-crypto-pure\src\commonTest\kotlin\io\github\iml1s\crypto\Bech32Test.kt, D:\OtherProject\mine\crypto\kotlin-crypto-pure\src\commonTest\kotlin\io\github\iml1s\crypto\Bip32Test.kt, D:\OtherProject\mine\crypto\kotlin-crypto-pure\src\commonTest\kotlin\io\github\iml1s\crypto\Bip39Test.kt, D:\OtherProject\mine\crypto\kotlin-crypto-pure\src\commonTest\kotlin\io\github\iml1s\crypto\Bip39VectorTest.kt, D:\OtherProject\mine\crypto\kotlin-crypto-pure\src\commonTest\kotlin\io\github\iml1s\crypto\Blake2bTest.kt, D:\OtherProject\mine\crypto\kotlin-crypto-pure\src\commonTest\kotlin\io\github\iml1s\crypto\CardanoHdTest.kt, D:\OtherProject\mine\crypto\kotlin-crypto-pure\src\commonTest\kotlin\io\github\iml1s\crypto\CardanoTest.kt, D:\OtherProject\mine\crypto\kotlin-crypto-pure\src\commonTest\kotlin\io\github\iml1s\crypto\CryptoProviderConsistencyTest.kt, D:\OtherProject\mine\crypto\kotlin-crypto-pure\src\commonTest\kotlin\io\github\iml1s\crypto\CryptoProviderTest.kt, D:\OtherProject\mine\crypto\kotlin-crypto-pure\src\commonTest\kotlin\io\github\iml1s\crypto\HmacSha512Test.kt, D:\OtherProject\mine\crypto\kotlin-crypto-pure\src\commonTest\kotlin\io\github\iml1s\crypto\HmacTest.kt, D:\OtherProject\mine\crypto\kotlin-crypto-pure\src\commonTest\kotlin\io\github\iml1s\crypto\MultiChainPhase2Test.kt, D:\OtherProject\mine\crypto\kotlin-crypto-pure\src\commonTest\kotlin\io\github\iml1s\crypto\MuSig2Test.kt, D:\OtherProject\mine\crypto\kotlin-crypto-pure\src\commonTest\kotlin\io\github\iml1s\crypto\OfficialRfcTestVectors.kt, D:\OtherProject\mine\crypto\kotlin-crypto-pure\src\commonTest\kotlin\io\github\iml1s\crypto\Pbkdf2Test.kt, D:\OtherProject\mine\crypto\kotlin-crypto-pure\src\commonTest\kotlin\io\github\iml1s\crypto\PlatformSetup.kt, D:\OtherProject\mine\crypto\kotlin-crypto-pure\src\commonTest\kotlin\io\github\iml1s\crypto\PolkadotTest.kt, D:\OtherProject\mine\crypto\kotlin-crypto-pure\src\commonTest\kotlin\io\github\iml1s\crypto\ProtocolCoverageTest.kt, D:\OtherProject\mine\crypto\kotlin-crypto-pure\src\commonTest\kotlin\io\github\iml1s\crypto\PureEthereumCryptoTest.kt, D:\OtherProject\mine\crypto\kotlin-crypto-pure\src\commonTest\kotlin\io\github\iml1s\crypto\SchnorrTest.kt, D:\OtherProject\mine\crypto\kotlin-crypto-pure\src\commonTest\kotlin\io\github\iml1s\crypto\Secp256k1RFC6979Test.kt, D:\OtherProject\mine\crypto\kotlin-crypto-pure\src\commonTest\kotlin\io\github\iml1s\crypto\Sr25519DebugTest.kt, D:\OtherProject\mine\crypto\kotlin-crypto-pure\src\commonTest\kotlin\io\github\iml1s\crypto\Sr25519Test.kt, D:\OtherProject\mine\crypto\kotlin-crypto-pure\src\commonTest\kotlin\io\github\iml1s\crypto\TaprootBip341OfficialTest.kt, D:\OtherProject\mine\crypto\kotlin-crypto-pure\src\commonTest\kotlin\io\github\iml1s\crypto\TaprootBip341Test.kt, D:\OtherProject\mine\crypto\kotlin-crypto-pure\src\commonTest\kotlin\io\github\iml1s\crypto\TaprootKeyPathSpendingTest.kt, D:\OtherProject\mine\crypto\kotlin-crypto-pure\src\commonTest\kotlin\io\github\iml1s\crypto\TaprootTest.kt, D:\OtherProject\mine\crypto\kotlin-crypto-pure\src\commonTest\kotlin\io\github\iml1s\crypto\TonTest.kt, D:\OtherProject\mine\crypto\kotlin-crypto-pure\src\commonTest\kotlin\io\github\iml1s\crypto\XrpTest.kt
Java source files: 
Script source files: 
Script file extensions: 
Using Kotlin/JVM incremental compilation
[KOTLIN] Kotlin compilation 'jdkHome' argument: C:\Program Files\Eclipse Adoptium\jdk-21.0.9.10-hotspot
Options for KOTLIN DAEMON: IncrementalCompilationOptions(super=CompilationOptions(compilerMode=INCREMENTAL_COMPILER, targetPlatform=JVM, reportCategories=[0, 3], reportSeverity=2, requestedCompilationResults=[0], kotlinScriptExtensions=[]), areFileChangesKnown=true, modifiedFiles=[D:\OtherProject\mine\crypto\kotlin-crypto-pure\src\commonTest\kotlin\io\github\iml1s\crypto\Sr25519DebugTest.kt, D:\OtherProject\mine\crypto\kotlin-crypto-pure\src\commonTest\kotlin\io\github\iml1s\crypto\Sr25519DebugTest.kt], deletedFiles=[], classpathChanges=NoChanges, workingDir=D:\OtherProject\mine\crypto\kotlin-crypto-pure\build\kotlin\compileTestKotlinJvm\cacheable, multiModuleICSettings=MultiModuleICSettings(buildHistoryFile=D:\OtherProject\mine\crypto\kotlin-crypto-pure\build\kotlin\compileTestKotlinJvm\local-state\build-history.bin, useModuleDetection=false), usePreciseJavaTracking=true, icFeatures=IncrementalCompilationFeatures(withAbiSnapshot=false, preciseCompilationResultsBackup=true, keepIncrementalCompilationCachesInMemory=true, enableUnsafeIncrementalCompilationForMultiplatform=false), outputFiles=[D:\OtherProject\mine\crypto\kotlin-crypto-pure\build\classes\kotlin\jvm\test, D:\OtherProject\mine\crypto\kotlin-crypto-pure\build\kotlin\compileTestKotlinJvm\cacheable, D:\OtherProject\mine\crypto\kotlin-crypto-pure\build\kotlin\compileTestKotlinJvm\local-state])
e: file:///D:/OtherProject/mine/crypto/kotlin-crypto-pure/src/commonTest/kotlin/io/github/iml1s/crypto/Sr25519DebugTest.kt:195:19 Unresolved reference 'modPow'.
e: file:///D:/OtherProject/mine/crypto/kotlin-crypto-pure/src/commonTest/kotlin/io/github/iml1s/crypto/Sr25519DebugTest.kt:215:24 Unresolved reference 'modPow'.
Finished executing kotlin compiler using DAEMON strategy
Restoring task outputs to pre-compilation state

FAILURE: Build failed with an exception.

* What went wrong:
Execution failed for task ':compileTestKotlinJvm'.
> A failure occurred while executing org.jetbrains.kotlin.compilerRunner.GradleCompilerRunnerWithWorkers$GradleKotlinCompilerWorkAction
   > Compilation error. See log for more details

* Try:
> Run with --stacktrace option to get the stack trace.
> Run with --debug option to get more log output.
> Run with --scan to get full insights.
> Get more help at https://help.gradle.org.

BUILD FAILED in 2s
3 actionable tasks: 1 executed, 2 up-to-date
Watched directory hierarchies: [D:\OtherProject\mine\crypto\kotlin-crypto-pure]
