Initialized native services in: C:\Users\aa223\.gradle\native
Initialized jansi services in: C:\Users\aa223\.gradle\native
Found daemon DaemonInfo{pid=61556, address=[1145355e-23bd-4b08-8055-52bc4329183a port:55810, addresses:[/127.0.0.1]], state=Idle, lastBusy=1767298347502, context=DefaultDaemonContext[uid=705c84f8-322c-4097-80b1-d8aa0279e47d,javaHome=C:\Program Files\Eclipse Adoptium\jdk-21.0.9.10-hotspot,javaVersion=21,javaVendor=Eclipse Adoptium,daemonRegistryDir=C:\Users\aa223\.gradle\daemon,pid=61556,idleTimeout=10800000,priority=NORMAL,applyInstrumentationAgent=true,nativeServicesMode=ENABLED,daemonOpts=-XX:MaxMetaspaceSize=384m,-XX:+HeapDumpOnOutOfMemoryError,-Xms256m,-Xmx512m,-Dfile.encoding=UTF-8,-Duser.country=TW,-Duser.language=zh,-Duser.variant]} however its context does not match the desired criteria.
At least one daemon option is different.
Wanted: DaemonRequestContext{jvmCriteria=C:\Program Files\Eclipse Adoptium\jdk-21.0.9.10-hotspot (no JDK specified, using current Java home), daemonOpts=[-XX:MaxMetaspaceSize=1g, -XX:+HeapDumpOnOutOfMemoryError, -Xmx4g, -Dfile.encoding=UTF-8, -Duser.country=TW, -Duser.language=zh, -Duser.variant], applyInstrumentationAgent=true, nativeServicesMode=ENABLED, priority=NORMAL}
Actual: DefaultDaemonContext[uid=705c84f8-322c-4097-80b1-d8aa0279e47d,javaHome=C:\Program Files\Eclipse Adoptium\jdk-21.0.9.10-hotspot,javaVersion=21,javaVendor=Eclipse Adoptium,daemonRegistryDir=C:\Users\aa223\.gradle\daemon,pid=61556,idleTimeout=10800000,priority=NORMAL,applyInstrumentationAgent=true,nativeServicesMode=ENABLED,daemonOpts=-XX:MaxMetaspaceSize=384m,-XX:+HeapDumpOnOutOfMemoryError,-Xms256m,-Xmx512m,-Dfile.encoding=UTF-8,-Duser.country=TW,-Duser.language=zh,-Duser.variant]

  Looking for a different daemon...
The client will now receive all logging from the daemon (pid: 60364). The daemon log file: C:\Users\aa223\.gradle\daemon\8.13\daemon-60364.out.log
Starting 21st build in daemon [uptime: 35 mins 13.405 secs, performance: 100%, GC rate: 0.00/s, heap usage: 0% of 4 GiB, non-heap usage: 12% of 1 GiB]
Using 32 worker leases.
Now considering [D:\OtherProject\mine\crypto\kotlin-crypto-pure] as hierarchies to watch
Watching the file system is configured to be enabled if available
File system watching is active
Starting Build
Settings evaluated using settings file 'D:\OtherProject\mine\crypto\kotlin-crypto-pure\settings.gradle.kts'.
Using local directory build cache for the root build (location = C:\Users\aa223\.gradle\caches\build-cache-1, remove unused entries = after 7 days).
Projects loaded. Root project using build file 'D:\OtherProject\mine\crypto\kotlin-crypto-pure\build.gradle.kts'.
Included projects: [root project 'kotlin-crypto-pure']

> Configure project :
Evaluating root project 'kotlin-crypto-pure' using build file 'D:\OtherProject\mine\crypto\kotlin-crypto-pure\build.gradle.kts'.
Resolved plugin [id: 'org.jetbrains.kotlin.multiplatform', version: '2.1.0']
Resolved plugin [id: 'com.android.library', version: '8.5.2']
Resolved plugin [id: 'org.gradle.maven-publish']
Using Kotlin Gradle Plugin gradle85 variant
Using default execution profile
kotlin scripting plugin: created the scripting discovery configuration: kotlinScriptDef
kotlin scripting plugin: created the scripting discovery configuration: testKotlinScriptDef
w: The following Kotlin/Native targets cannot be built on this machine and are disabled:
iosArm64, iosSimulatorArm64, iosX64, watchosArm64, watchosSimulatorArm64, watchosX64
To hide this message, add 'kotlin.native.ignoreDisabledTargets=true' to the Gradle properties.

w: The Default Kotlin Hierarchy Template was not applied to 'root project 'kotlin-crypto-pure'':
Explicit .dependsOn() edges were configured for the following source sets:
[iosArm64Main, iosArm64Test, iosMain, iosSimulatorArm64Main, iosSimulatorArm64Test, iosX64Main, iosX64Test, jvmMain, jvmTest, nativeMain, nativeTest, watchosArm64Main, watchosArm64Test, watchosMain, watchosSimulatorArm64Main, watchosSimulatorArm64Test, watchosX64Main, watchosX64Test]

Consider removing dependsOn-calls or disabling the default template by adding
    'kotlin.mpp.applyDefaultHierarchyTemplate=false'
to your gradle.properties

Learn more about hierarchy templates: https://kotl.in/hierarchy-template

All projects evaluated.
Task name matched 'jvmTest'
Selected primary task 'jvmTest' from project :
Tasks to be executed: [task ':checkKotlinGradlePluginConfigurationErrors', task ':compileKotlinJvm', task ':jvmProcessResources', task ':jvmMainClasses', task ':jvmJar', task ':compileTestKotlinJvm', task ':jvmTestProcessResources', task ':jvmTestClasses', task ':jvmTest']
Tasks that were excluded: []
Resolve mutations for :checkKotlinGradlePluginConfigurationErrors (Thread[#3467,Execution worker,5,main]) started.
:checkKotlinGradlePluginConfigurationErrors (Thread[#3467,Execution worker,5,main]) started.

> Task :checkKotlinGradlePluginConfigurationErrors SKIPPED
Skipping task ':checkKotlinGradlePluginConfigurationErrors' as task onlyIf 'errorDiagnostics are present' is false.
Resolve mutations for :compileKotlinJvm (Thread[#3467,Execution worker,5,main]) started.
:compileKotlinJvm (Thread[#3467,Execution worker,5,main]) started.
Resolve mutations for :jvmProcessResources (Thread[#3492,Execution worker Thread 25,5,main]) started.
:jvmProcessResources (Thread[#3494,Execution worker Thread 27,5,main]) started.

> Task :jvmProcessResources NO-SOURCE
Skipping task ':jvmProcessResources' as it has no source files and no previous output files.
Resolve mutations for :jvmTestProcessResources (Thread[#3494,Execution worker Thread 27,5,main]) started.
:jvmTestProcessResources (Thread[#3470,Execution worker Thread 4,5,main]) started.

> Task :jvmTestProcessResources NO-SOURCE
Skipping task ':jvmTestProcessResources' as it has no source files and no previous output files.

> Task :compileKotlinJvm
Build cache key for task ':compileKotlinJvm' is 20132cf036df6d12a381f6cc64801fdb
Task ':compileKotlinJvm' is not up-to-date because:
  Input property 'commonSourceSet$kotlin_gradle_plugin_common' file D:\OtherProject\mine\crypto\kotlin-crypto-pure\src\commonMain\kotlin\io\github\iml1s\crypto\Ristretto255.kt has changed.
  Input property 'multiplatformStructure.fragments.$1.sources' file D:\OtherProject\mine\crypto\kotlin-crypto-pure\src\commonMain\kotlin\io\github\iml1s\crypto\Ristretto255.kt has changed.
  Input property 'sources' file D:\OtherProject\mine\crypto\kotlin-crypto-pure\src\commonMain\kotlin\io\github\iml1s\crypto\Ristretto255.kt has changed.
Kotlin source files: D:\OtherProject\mine\crypto\kotlin-crypto-pure\src\jvmMain\kotlin\io\github\iml1s\crypto\Actuals.jvm.kt, D:\OtherProject\mine\crypto\kotlin-crypto-pure\src\jvmMain\kotlin\io\github\iml1s\crypto\AesGcm.jvm.kt, D:\OtherProject\mine\crypto\kotlin-crypto-pure\src\commonMain\kotlin\io\github\iml1s\crypto\AesGcm.kt, D:\OtherProject\mine\crypto\kotlin-crypto-pure\src\commonMain\kotlin\io\github\iml1s\crypto\Aptos.kt, D:\OtherProject\mine\crypto\kotlin-crypto-pure\src\commonMain\kotlin\io\github\iml1s\crypto\Avalanche.kt, D:\OtherProject\mine\crypto\kotlin-crypto-pure\src\commonMain\kotlin\io\github\iml1s\crypto\Base58.kt, D:\OtherProject\mine\crypto\kotlin-crypto-pure\src\commonMain\kotlin\io\github\iml1s\crypto\Bech32.kt, D:\OtherProject\mine\crypto\kotlin-crypto-pure\src\commonMain\kotlin\io\github\iml1s\crypto\Bip32.kt, D:\OtherProject\mine\crypto\kotlin-crypto-pure\src\commonMain\kotlin\io\github\iml1s\crypto\Bip32Ed25519.kt, D:\OtherProject\mine\crypto\kotlin-crypto-pure\src\commonMain\kotlin\io\github\iml1s\crypto\Bip39.kt, D:\OtherProject\mine\crypto\kotlin-crypto-pure\src\commonMain\kotlin\io\github\iml1s\crypto\BIP39WordList.kt, D:\OtherProject\mine\crypto\kotlin-crypto-pure\src\commonMain\kotlin\io\github\iml1s\crypto\Blake2b.kt, D:\OtherProject\mine\crypto\kotlin-crypto-pure\src\commonMain\kotlin\io\github\iml1s\crypto\Cardano.kt, D:\OtherProject\mine\crypto\kotlin-crypto-pure\src\commonMain\kotlin\io\github\iml1s\crypto\CardanoHd.kt, D:\OtherProject\mine\crypto\kotlin-crypto-pure\src\commonMain\kotlin\io\github\iml1s\crypto\Cosmos.kt, D:\OtherProject\mine\crypto\kotlin-crypto-pure\src\commonMain\kotlin\io\github\iml1s\crypto\Crc16.kt, D:\OtherProject\mine\crypto\kotlin-crypto-pure\src\commonMain\kotlin\io\github\iml1s\crypto\CryptoProvider.kt, D:\OtherProject\mine\crypto\kotlin-crypto-pure\src\commonMain\kotlin\io\github\iml1s\crypto\Digest.kt, D:\OtherProject\mine\crypto\kotlin-crypto-pure\src\commonMain\kotlin\io\github\iml1s\crypto\HDWallet.kt, D:\OtherProject\mine\crypto\kotlin-crypto-pure\src\commonMain\kotlin\io\github\iml1s\crypto\Hex.kt, D:\OtherProject\mine\crypto\kotlin-crypto-pure\src\commonMain\kotlin\io\github\iml1s\crypto\HmacSha256.kt, D:\OtherProject\mine\crypto\kotlin-crypto-pure\src\commonMain\kotlin\io\github\iml1s\crypto\HmacSha512.kt, D:\OtherProject\mine\crypto\kotlin-crypto-pure\src\commonMain\kotlin\io\github\iml1s\crypto\Keccak256.kt, D:\OtherProject\mine\crypto\kotlin-crypto-pure\src\commonMain\kotlin\io\github\iml1s\crypto\Merlin.kt, D:\OtherProject\mine\crypto\kotlin-crypto-pure\src\commonMain\kotlin\io\github\iml1s\crypto\MuSig2.kt, D:\OtherProject\mine\crypto\kotlin-crypto-pure\src\commonMain\kotlin\io\github\iml1s\crypto\Near.kt, D:\OtherProject\mine\crypto\kotlin-crypto-pure\src\commonMain\kotlin\io\github\iml1s\crypto\Pbkdf2.kt, D:\OtherProject\mine\crypto\kotlin-crypto-pure\src\commonMain\kotlin\io\github\iml1s\crypto\Polkadot.kt, D:\OtherProject\mine\crypto\kotlin-crypto-pure\src\commonMain\kotlin\io\github\iml1s\crypto\PureEthereumCrypto.kt, D:\OtherProject\mine\crypto\kotlin-crypto-pure\src\commonMain\kotlin\io\github\iml1s\crypto\Ripemd160.kt, D:\OtherProject\mine\crypto\kotlin-crypto-pure\src\commonMain\kotlin\io\github\iml1s\crypto\Ristretto255.kt, D:\OtherProject\mine\crypto\kotlin-crypto-pure\src\commonMain\kotlin\io\github\iml1s\crypto\RLP.kt, D:\OtherProject\mine\crypto\kotlin-crypto-pure\src\commonMain\kotlin\io\github\iml1s\crypto\Secp256k1Provider.kt, D:\OtherProject\mine\crypto\kotlin-crypto-pure\src\commonMain\kotlin\io\github\iml1s\crypto\Secp256k1Pure.kt, D:\OtherProject\mine\crypto\kotlin-crypto-pure\src\commonMain\kotlin\io\github\iml1s\crypto\SecureByteArray.kt, D:\OtherProject\mine\crypto\kotlin-crypto-pure\src\commonMain\kotlin\io\github\iml1s\crypto\Sha3.kt, D:\OtherProject\mine\crypto\kotlin-crypto-pure\src\commonMain\kotlin\io\github\iml1s\crypto\Solana.kt, D:\OtherProject\mine\crypto\kotlin-crypto-pure\src\commonMain\kotlin\io\github\iml1s\crypto\Sr25519.kt, D:\OtherProject\mine\crypto\kotlin-crypto-pure\src\commonMain\kotlin\io\github\iml1s\crypto\Sui.kt, D:\OtherProject\mine\crypto\kotlin-crypto-pure\src\commonMain\kotlin\io\github\iml1s\crypto\Ton.kt, D:\OtherProject\mine\crypto\kotlin-crypto-pure\src\commonMain\kotlin\io\github\iml1s\crypto\Tron.kt, D:\OtherProject\mine\crypto\kotlin-crypto-pure\src\commonMain\kotlin\io\github\iml1s\crypto\Xrp.kt
Java source files: 
Script source files: 
Script file extensions: 
Using Kotlin/JVM incremental compilation
[KOTLIN] Kotlin compilation 'jdkHome' argument: C:\Program Files\Eclipse Adoptium\jdk-21.0.9.10-hotspot
Options for KOTLIN DAEMON: IncrementalCompilationOptions(super=CompilationOptions(compilerMode=INCREMENTAL_COMPILER, targetPlatform=JVM, reportCategories=[0, 3], reportSeverity=2, requestedCompilationResults=[0], kotlinScriptExtensions=[]), areFileChangesKnown=true, modifiedFiles=[D:\OtherProject\mine\crypto\kotlin-crypto-pure\src\commonMain\kotlin\io\github\iml1s\crypto\Ristretto255.kt, D:\OtherProject\mine\crypto\kotlin-crypto-pure\src\commonMain\kotlin\io\github\iml1s\crypto\Ristretto255.kt], deletedFiles=[], classpathChanges=NoChanges, workingDir=D:\OtherProject\mine\crypto\kotlin-crypto-pure\build\kotlin\compileKotlinJvm\cacheable, multiModuleICSettings=MultiModuleICSettings(buildHistoryFile=D:\OtherProject\mine\crypto\kotlin-crypto-pure\build\kotlin\compileKotlinJvm\local-state\build-history.bin, useModuleDetection=false), usePreciseJavaTracking=true, icFeatures=IncrementalCompilationFeatures(withAbiSnapshot=false, preciseCompilationResultsBackup=true, keepIncrementalCompilationCachesInMemory=true, enableUnsafeIncrementalCompilationForMultiplatform=false), outputFiles=[D:\OtherProject\mine\crypto\kotlin-crypto-pure\build\classes\kotlin\jvm\main, D:\OtherProject\mine\crypto\kotlin-crypto-pure\build\kotlin\compileKotlinJvm\cacheable, D:\OtherProject\mine\crypto\kotlin-crypto-pure\build\kotlin\compileKotlinJvm\local-state])
w: file:///D:/OtherProject/mine/crypto/kotlin-crypto-pure/src/commonMain/kotlin/io/github/iml1s/crypto/AesGcm.kt:78:1 'expect'/'actual' classes (including interfaces, objects, annotations, enums, and 'actual' typealiases) are in Beta. You can use -Xexpect-actual-classes flag to suppress this warning. Also see: https://youtrack.jetbrains.com/issue/KT-61573
w: file:///D:/OtherProject/mine/crypto/kotlin-crypto-pure/src/commonMain/kotlin/io/github/iml1s/crypto/Digest.kt:61:13 Check for instance is always 'true'.
w: file:///D:/OtherProject/mine/crypto/kotlin-crypto-pure/src/commonMain/kotlin/io/github/iml1s/crypto/Digest.kt:80:13 Check for instance is always 'true'.
w: file:///D:/OtherProject/mine/crypto/kotlin-crypto-pure/src/commonMain/kotlin/io/github/iml1s/crypto/Secp256k1Provider.kt:12:1 'expect'/'actual' classes (including interfaces, objects, annotations, enums, and 'actual' typealiases) are in Beta. You can use -Xexpect-actual-classes flag to suppress this warning. Also see: https://youtrack.jetbrains.com/issue/KT-61573
w: file:///D:/OtherProject/mine/crypto/kotlin-crypto-pure/src/jvmMain/kotlin/io/github/iml1s/crypto/Actuals.jvm.kt:86:1 'expect'/'actual' classes (including interfaces, objects, annotations, enums, and 'actual' typealiases) are in Beta. You can use -Xexpect-actual-classes flag to suppress this warning. Also see: https://youtrack.jetbrains.com/issue/KT-61573
w: file:///D:/OtherProject/mine/crypto/kotlin-crypto-pure/src/jvmMain/kotlin/io/github/iml1s/crypto/AesGcm.jvm.kt:10:1 'expect'/'actual' classes (including interfaces, objects, annotations, enums, and 'actual' typealiases) are in Beta. You can use -Xexpect-actual-classes flag to suppress this warning. Also see: https://youtrack.jetbrains.com/issue/KT-61573
Finished executing kotlin compiler using DAEMON strategy
Stored cache entry for task ':compileKotlinJvm' with cache key 20132cf036df6d12a381f6cc64801fdb
Resolve mutations for :jvmMainClasses (Thread[#3467,Execution worker,5,main]) started.
:jvmMainClasses (Thread[#3467,Execution worker,5,main]) started.

> Task :jvmMainClasses
Skipping task ':jvmMainClasses' as it has no actions.
Resolve mutations for :jvmJar (Thread[#3474,Execution worker Thread 8,5,main]) started.
:jvmJar (Thread[#3494,Execution worker Thread 27,5,main]) started.

> Task :jvmJar
Caching disabled for task ':jvmJar' because:
  Not worth caching
Task ':jvmJar' is not up-to-date because:
  Input property 'rootSpec$1' file D:\OtherProject\mine\crypto\kotlin-crypto-pure\build\classes\kotlin\jvm\main\io\github\iml1s\crypto\Ristretto255$Companion.class has changed.
  Input property 'rootSpec$1' file D:\OtherProject\mine\crypto\kotlin-crypto-pure\build\classes\kotlin\jvm\main\io\github\iml1s\crypto\Ristretto255.class has changed.
file or directory 'D:\OtherProject\mine\crypto\kotlin-crypto-pure\build\processedResources\jvm\main', not found
Resolve mutations for :compileTestKotlinJvm (Thread[#3494,Execution worker Thread 27,5,main]) started.
:compileTestKotlinJvm (Thread[#3494,Execution worker Thread 27,5,main]) started.

> Task :compileTestKotlinJvm
Build cache key for BuildToolsApiClasspathEntrySnapshotTransform: D:\OtherProject\mine\crypto\kotlin-crypto-pure\build\classes\kotlin\jvm\main is c0b2e88619f37b3174358de8f666a74e
Stored cache entry for BuildToolsApiClasspathEntrySnapshotTransform: D:\OtherProject\mine\crypto\kotlin-crypto-pure\build\classes\kotlin\jvm\main with cache key c0b2e88619f37b3174358de8f666a74e
Build cache key for task ':compileTestKotlinJvm' is f565270fa033a4cca8283906902def30
Task ':compileTestKotlinJvm' is not up-to-date because:
  Input property 'classpathSnapshotProperties.classpathSnapshot' file C:\Users\aa223\.gradle\caches\8.13\transforms\2b9e44980fcdca7a1ce498ef12de2f90\transformed\main-snapshot.bin has been removed.
  Input property 'classpathSnapshotProperties.classpathSnapshot' file C:\Users\aa223\.gradle\caches\8.13\transforms\ed4e9014e6aa6c1493d2860627dfee82\transformed\main-snapshot.bin has been added.
Kotlin source files: D:\OtherProject\mine\crypto\kotlin-crypto-pure\src\jvmTest\kotlin\io\github\iml1s\crypto\PlatformSetup.jvm.kt, D:\OtherProject\mine\crypto\kotlin-crypto-pure\src\commonTest\kotlin\io\github\iml1s\crypto\AesGcmTest.kt, D:\OtherProject\mine\crypto\kotlin-crypto-pure\src\commonTest\kotlin\io\github\iml1s\crypto\Base58Test.kt, D:\OtherProject\mine\crypto\kotlin-crypto-pure\src\commonTest\kotlin\io\github\iml1s\crypto\Bech32Test.kt, D:\OtherProject\mine\crypto\kotlin-crypto-pure\src\commonTest\kotlin\io\github\iml1s\crypto\Bip32Test.kt, D:\OtherProject\mine\crypto\kotlin-crypto-pure\src\commonTest\kotlin\io\github\iml1s\crypto\Bip39Test.kt, D:\OtherProject\mine\crypto\kotlin-crypto-pure\src\commonTest\kotlin\io\github\iml1s\crypto\Bip39VectorTest.kt, D:\OtherProject\mine\crypto\kotlin-crypto-pure\src\commonTest\kotlin\io\github\iml1s\crypto\Blake2bTest.kt, D:\OtherProject\mine\crypto\kotlin-crypto-pure\src\commonTest\kotlin\io\github\iml1s\crypto\CardanoHdTest.kt, D:\OtherProject\mine\crypto\kotlin-crypto-pure\src\commonTest\kotlin\io\github\iml1s\crypto\CardanoTest.kt, D:\OtherProject\mine\crypto\kotlin-crypto-pure\src\commonTest\kotlin\io\github\iml1s\crypto\CryptoProviderConsistencyTest.kt, D:\OtherProject\mine\crypto\kotlin-crypto-pure\src\commonTest\kotlin\io\github\iml1s\crypto\CryptoProviderTest.kt, D:\OtherProject\mine\crypto\kotlin-crypto-pure\src\commonTest\kotlin\io\github\iml1s\crypto\HmacSha512Test.kt, D:\OtherProject\mine\crypto\kotlin-crypto-pure\src\commonTest\kotlin\io\github\iml1s\crypto\HmacTest.kt, D:\OtherProject\mine\crypto\kotlin-crypto-pure\src\commonTest\kotlin\io\github\iml1s\crypto\MultiChainPhase2Test.kt, D:\OtherProject\mine\crypto\kotlin-crypto-pure\src\commonTest\kotlin\io\github\iml1s\crypto\MuSig2Test.kt, D:\OtherProject\mine\crypto\kotlin-crypto-pure\src\commonTest\kotlin\io\github\iml1s\crypto\OfficialRfcTestVectors.kt, D:\OtherProject\mine\crypto\kotlin-crypto-pure\src\commonTest\kotlin\io\github\iml1s\crypto\Pbkdf2Test.kt, D:\OtherProject\mine\crypto\kotlin-crypto-pure\src\commonTest\kotlin\io\github\iml1s\crypto\PlatformSetup.kt, D:\OtherProject\mine\crypto\kotlin-crypto-pure\src\commonTest\kotlin\io\github\iml1s\crypto\PolkadotTest.kt, D:\OtherProject\mine\crypto\kotlin-crypto-pure\src\commonTest\kotlin\io\github\iml1s\crypto\ProtocolCoverageTest.kt, D:\OtherProject\mine\crypto\kotlin-crypto-pure\src\commonTest\kotlin\io\github\iml1s\crypto\PureEthereumCryptoTest.kt, D:\OtherProject\mine\crypto\kotlin-crypto-pure\src\commonTest\kotlin\io\github\iml1s\crypto\SchnorrTest.kt, D:\OtherProject\mine\crypto\kotlin-crypto-pure\src\commonTest\kotlin\io\github\iml1s\crypto\Secp256k1RFC6979Test.kt, D:\OtherProject\mine\crypto\kotlin-crypto-pure\src\commonTest\kotlin\io\github\iml1s\crypto\Sr25519DebugTest.kt, D:\OtherProject\mine\crypto\kotlin-crypto-pure\src\commonTest\kotlin\io\github\iml1s\crypto\Sr25519Test.kt, D:\OtherProject\mine\crypto\kotlin-crypto-pure\src\commonTest\kotlin\io\github\iml1s\crypto\TaprootBip341OfficialTest.kt, D:\OtherProject\mine\crypto\kotlin-crypto-pure\src\commonTest\kotlin\io\github\iml1s\crypto\TaprootBip341Test.kt, D:\OtherProject\mine\crypto\kotlin-crypto-pure\src\commonTest\kotlin\io\github\iml1s\crypto\TaprootKeyPathSpendingTest.kt, D:\OtherProject\mine\crypto\kotlin-crypto-pure\src\commonTest\kotlin\io\github\iml1s\crypto\TaprootTest.kt, D:\OtherProject\mine\crypto\kotlin-crypto-pure\src\commonTest\kotlin\io\github\iml1s\crypto\TonTest.kt, D:\OtherProject\mine\crypto\kotlin-crypto-pure\src\commonTest\kotlin\io\github\iml1s\crypto\XrpTest.kt
Java source files: 
Script source files: 
Script file extensions: 
Using Kotlin/JVM incremental compilation
[KOTLIN] Kotlin compilation 'jdkHome' argument: C:\Program Files\Eclipse Adoptium\jdk-21.0.9.10-hotspot
Options for KOTLIN DAEMON: IncrementalCompilationOptions(super=CompilationOptions(compilerMode=INCREMENTAL_COMPILER, targetPlatform=JVM, reportCategories=[0, 3], reportSeverity=2, requestedCompilationResults=[0], kotlinScriptExtensions=[]), areFileChangesKnown=true, modifiedFiles=[C:\Users\aa223\.gradle\caches\8.13\transforms\ed4e9014e6aa6c1493d2860627dfee82\transformed\main-snapshot.bin], deletedFiles=[C:\Users\aa223\.gradle\caches\8.13\transforms\2b9e44980fcdca7a1ce498ef12de2f90\transformed\main-snapshot.bin], classpathChanges=ToBeComputedByIncrementalCompiler, workingDir=D:\OtherProject\mine\crypto\kotlin-crypto-pure\build\kotlin\compileTestKotlinJvm\cacheable, multiModuleICSettings=MultiModuleICSettings(buildHistoryFile=D:\OtherProject\mine\crypto\kotlin-crypto-pure\build\kotlin\compileTestKotlinJvm\local-state\build-history.bin, useModuleDetection=false), usePreciseJavaTracking=true, icFeatures=IncrementalCompilationFeatures(withAbiSnapshot=false, preciseCompilationResultsBackup=true, keepIncrementalCompilationCachesInMemory=true, enableUnsafeIncrementalCompilationForMultiplatform=false), outputFiles=[D:\OtherProject\mine\crypto\kotlin-crypto-pure\build\classes\kotlin\jvm\test, D:\OtherProject\mine\crypto\kotlin-crypto-pure\build\kotlin\compileTestKotlinJvm\cacheable, D:\OtherProject\mine\crypto\kotlin-crypto-pure\build\kotlin\compileTestKotlinJvm\local-state])
Finished executing kotlin compiler using DAEMON strategy
Stored cache entry for task ':compileTestKotlinJvm' with cache key f565270fa033a4cca8283906902def30
Resolve mutations for :jvmTestClasses (Thread[#3494,Execution worker Thread 27,5,main]) started.
:jvmTestClasses (Thread[#3494,Execution worker Thread 27,5,main]) started.

> Task :jvmTestClasses
Skipping task ':jvmTestClasses' as it has no actions.
Resolve mutations for :jvmTest (Thread[#3489,Execution worker Thread 22,5,main]) started.
:jvmTest (Thread[#3489,Execution worker Thread 22,5,main]) started.
Gradle Test Executor 18 started executing tests.
Gradle Test Executor 18 finished executing tests.

> Task :jvmTest FAILED
Build cache key for task ':jvmTest' is 4a3e2fbbee9744f347eb2771d3718a7f
Task ':jvmTest' is not up-to-date because:
  Task has failed previously.
Starting process 'Gradle Test Executor 18'. Working directory: D:\OtherProject\mine\crypto\kotlin-crypto-pure Command: C:\Program Files\Eclipse Adoptium\jdk-21.0.9.10-hotspot\bin\java.exe -Dorg.gradle.internal.worker.tmpdir=D:\OtherProject\mine\crypto\kotlin-crypto-pure\build\tmp\jvmTest\work @C:\Users\aa223\.gradle\.tmp\gradle-worker-classpath6643627175828150182txt -Xmx512m -Dfile.encoding=UTF-8 -Duser.country=TW -Duser.language=zh -Duser.variant -ea worker.org.gradle.process.internal.worker.GradleWorkerMain 'Gradle Test Executor 18'
Successfully started process 'Gradle Test Executor 18'

Sr25519DebugTest[jvm] > testBasepointOnCurve[jvm] FAILED
    java.lang.ExceptionInInitializerError
        at io.github.iml1s.crypto.Sr25519DebugTest.testBasepointOnCurve(Sr25519DebugTest.kt:53)

        Caused by:
        java.lang.RuntimeException: Failed to decode standard BASEPOINT
            at io.github.iml1s.crypto.Ristretto255.<clinit>(Ristretto255.kt:42)
            ... 1 more

Sr25519DebugTest[jvm] > testRistrettoEncodingRoundtrip[jvm] FAILED
    java.lang.NoClassDefFoundError: Could not initialize class io.github.iml1s.crypto.Ristretto255
        at io.github.iml1s.crypto.Sr25519DebugTest.testRistrettoEncodingRoundtrip(Sr25519DebugTest.kt:16)

        Caused by:
        java.lang.ExceptionInInitializerError: Exception java.lang.RuntimeException: Failed to decode standard BASEPOINT [in thread "Test worker"]
            at io.github.iml1s.crypto.Ristretto255.<clinit>(Ristretto255.kt:42)
            at io.github.iml1s.crypto.Sr25519DebugTest.testBasepointOnCurve(Sr25519DebugTest.kt:53)

Sr25519DebugTest[jvm] > testConstants[jvm] STANDARD_OUT
    Calculated D: 37095705934669439343138083508754565189542113879843219016388785533085940283555

Sr25519DebugTest[jvm] > testConstants[jvm] FAILED
    java.lang.NoClassDefFoundError: Could not initialize class io.github.iml1s.crypto.Ristretto255
        at io.github.iml1s.crypto.Sr25519DebugTest.testConstants(Sr25519DebugTest.kt:81)

        Caused by:
        java.lang.ExceptionInInitializerError: Exception java.lang.RuntimeException: Failed to decode standard BASEPOINT [in thread "Test worker"]
            at io.github.iml1s.crypto.Ristretto255.<clinit>(Ristretto255.kt:42)
            at io.github.iml1s.crypto.Sr25519DebugTest.testBasepointOnCurve(Sr25519DebugTest.kt:53)

Sr25519DebugTest[jvm] > testPointAddition[jvm] FAILED
    java.lang.NoClassDefFoundError: Could not initialize class io.github.iml1s.crypto.Ristretto255
        at io.github.iml1s.crypto.Sr25519DebugTest.testPointAddition(Sr25519DebugTest.kt:33)

        Caused by:
        java.lang.ExceptionInInitializerError: Exception java.lang.RuntimeException: Failed to decode standard BASEPOINT [in thread "Test worker"]
            at io.github.iml1s.crypto.Ristretto255.<clinit>(Ristretto255.kt:42)
            at io.github.iml1s.crypto.Sr25519DebugTest.testBasepointOnCurve(Sr25519DebugTest.kt:53)

Sr25519DebugTest[jvm] > testSchnorrEquation[jvm] FAILED
    java.lang.NoClassDefFoundError: Could not initialize class io.github.iml1s.crypto.Ristretto255
        at io.github.iml1s.crypto.Sr25519DebugTest.testSchnorrEquation(Sr25519DebugTest.kt:90)

        Caused by:
        java.lang.ExceptionInInitializerError: Exception java.lang.RuntimeException: Failed to decode standard BASEPOINT [in thread "Test worker"]
            at io.github.iml1s.crypto.Ristretto255.<clinit>(Ristretto255.kt:42)
            at io.github.iml1s.crypto.Sr25519DebugTest.testBasepointOnCurve(Sr25519DebugTest.kt:53)

5 tests completed, 5 failed
Finished generating test XML results (0.002 secs) into: D:\OtherProject\mine\crypto\kotlin-crypto-pure\build\test-results\jvmTest
Generating HTML test report...
Finished generating test html results (0.004 secs) into: D:\OtherProject\mine\crypto\kotlin-crypto-pure\build\reports\tests\jvmTest

FAILURE: Build failed with an exception.

* What went wrong:
Execution failed for task ':jvmTest'.
> There were failing tests. See the report at: file:///D:/OtherProject/mine/crypto/kotlin-crypto-pure/build/reports/tests/jvmTest/index.html

* Try:
> Run with --scan to get full insights.

BUILD FAILED in 4s
4 actionable tasks: 4 executed
Watched directory hierarchies: [D:\OtherProject\mine\crypto\kotlin-crypto-pure]
