<?xml version="1.0" encoding="UTF-8"?>
<testsuite name="io.github.iml1s.crypto.demo.cli.CliTest" tests="1" skipped="0" failures="0" errors="0" timestamp="2026-01-04T15:45:49.713Z" hostname="WIN_DESKTOP" time="47.003">
  <properties/>
  <testcase name="testCliExecution[jvm]" classname="io.github.iml1s.crypto.demo.cli.CliTest" time="47.003"/>
  <system-out><![CDATA[============================================================
]]>&#x1f984;<![CDATA[ kotlin-crypto-pure Universal Wallet Demo
============================================================

Mnemonic: abandon abandon abandon abando...

Seed: 5eb00bbddcf069084889a8ab91555681...

╔══════════════════════════════════════════════════════════╗
║ ]]>&#x1f7e0;<![CDATA[ Bitcoin (BTC)                                         ║
╚══════════════════════════════════════════════════════════╝
Path: m/44'/0'/0'/0/0
Private Key: e284129cc0922579a535bbf4d1a3b25773090d28c909bc0fed73b5e0222cc372
Public Key:  03aaeb52dd7494c361049de67cc680e83ebcbbbdbeb13637d92cd845f70308af5e

╔══════════════════════════════════════════════════════════╗
║ ]]>&#x1f537;<![CDATA[ Ethereum (ETH)                                        ║
╚══════════════════════════════════════════════════════════╝
Path: m/44'/60'/0'/0/0
Address: 0x9858EfFD232B4033E47d90003D41EC34EcaEda94

╔══════════════════════════════════════════════════════════╗
║ ☀️  Solana (SOL)                                          ║
╚══════════════════════════════════════════════════════════╝
Path: m/44'/501'/0'/0'
Address: 4nFZgXtZAEwbfA56LRVRdsDGNeW3U55gr5hL9c5E5de5

╔══════════════════════════════════════════════════════════╗
║ ]]>&#x1f48e;<![CDATA[ TON                                                   ║
╚══════════════════════════════════════════════════════════╝
Address (Non-Bounceable): UQD7DRRfQ9wPlyVtFaBz4ymGUa9g3a4R2GsqdjFWKyXZ0J8o

╔══════════════════════════════════════════════════════════╗
║ ]]>&#x1f7e3;<![CDATA[ Polkadot (DOT)                                        ║
╚══════════════════════════════════════════════════════════╝
Address (SS58): 13myNyw9JSkdo5M7vdy7u8Mx4BrsFFRkuEdAZNfdLaXQjajg

╔══════════════════════════════════════════════════════════╗
║ ⚛️  Cosmos (ATOM)                                         ║
╚══════════════════════════════════════════════════════════╝
Path: m/44'/118'/0'/0/0
Address: cosmos19rl4cm2hmr8afy4kldpxz3fka4jguq0auqdal4

╔══════════════════════════════════════════════════════════╗
║ ]]>&#x1f53a;<![CDATA[ Avalanche X-Chain                                     ║
╚══════════════════════════════════════════════════════════╝
Path: m/44'/9000'/0'/0/0
Address: X-avax1p9575chzhvcwvmvzaqh7yeld76r3af0ha56phl

╔══════════════════════════════════════════════════════════╗
║ ]]>&#x1f310;<![CDATA[ Near Protocol                                         ║
╚══════════════════════════════════════════════════════════╝
Path: m/44'/397'/0'
Address: a8c7db6ce81f8f5d96fce0c1cc615a874b1844bfa23c27f68eb788a0f145a7c8

╔══════════════════════════════════════════════════════════╗
║ ]]>&#x1f30a;<![CDATA[ Sui                                                   ║
╚══════════════════════════════════════════════════════════╝
Path: m/44'/784'/0'/0'/0'
Address: 0xe4e64369b7720adcd3a52134822536451d12c5d72396a55c6d13ae70dcf2ffa1

╔══════════════════════════════════════════════════════════╗
║ ]]>&#x1f343;<![CDATA[ Aptos                                                 ║
╚══════════════════════════════════════════════════════════╝
Path: m/44'/637'/0'/0'/0'
Address: 0x658ca249b7c6fe2cfc7a77fe12ec5cf65ee88b1f983dced214448a02dc08bd48

╔══════════════════════════════════════════════════════════╗
║ ]]>&#x1f4a7;<![CDATA[ Ripple (XRP)                                          ║
╚══════════════════════════════════════════════════════════╝
Path: m/44'/144'/0'/0/0
Address: rHsMGQEkVNJmpGWs8XUBoTBiAAbwxZN5v3

╔══════════════════════════════════════════════════════════╗
║ ⚡ Tron (TRX)                                            ║
╚══════════════════════════════════════════════════════════╝
Path: m/44'/195'/0'/0/0
Address: TUEZSdKsoDHQMeZwihtdoBiN46zxhGWYdH

============================================================
✅ Done! Generated addresses for supported blockchains.
============================================================
]]></system-out>
  <system-err><![CDATA[]]></system-err>
</testsuite>
