<?xml version="1.0" encoding="UTF-8"?>
<testsuite name="io.github.iml1s.crypto.MultiChainPhase2Test" tests="14" skipped="0" failures="0" errors="0" timestamp="2026-01-04T15:37:59.472Z" hostname="WIN_DESKTOP" time="0.011">
  <properties/>
  <testcase name="near_account_validation[jvm]" classname="io.github.iml1s.crypto.MultiChainPhase2Test" time="0.001"/>
  <testcase name="aptos_address_format[jvm]" classname="io.github.iml1s.crypto.MultiChainPhase2Test" time="0.002"/>
  <testcase name="sui_address_validation[jvm]" classname="io.github.iml1s.crypto.MultiChainPhase2Test" time="0.0"/>
  <testcase name="sha3_256_empty_input[jvm]" classname="io.github.iml1s.crypto.MultiChainPhase2Test" time="0.0"/>
  <testcase name="avalanche_xchain_format[jvm]" classname="io.github.iml1s.crypto.MultiChainPhase2Test" time="0.001"/>
  <testcase name="aptos_uses_sha3_not_keccak[jvm]" classname="io.github.iml1s.crypto.MultiChainPhase2Test" time="0.001"/>
  <testcase name="keccak256_empty_input[jvm]" classname="io.github.iml1s.crypto.MultiChainPhase2Test" time="0.0"/>
  <testcase name="cosmos_address_validation[jvm]" classname="io.github.iml1s.crypto.MultiChainPhase2Test" time="0.0"/>
  <testcase name="avalanche_cchain_uses_same_logic_as_ethereum[jvm]" classname="io.github.iml1s.crypto.MultiChainPhase2Test" time="0.005"/>
  <testcase name="sui_address_format[jvm]" classname="io.github.iml1s.crypto.MultiChainPhase2Test" time="0.0"/>
  <testcase name="cosmos_address_format[jvm]" classname="io.github.iml1s.crypto.MultiChainPhase2Test" time="0.0"/>
  <testcase name="near_implicit_account_format[jvm]" classname="io.github.iml1s.crypto.MultiChainPhase2Test" time="0.0"/>
  <testcase name="avalanche_pchain_format[jvm]" classname="io.github.iml1s.crypto.MultiChainPhase2Test" time="0.001"/>
  <testcase name="sha3_256_abc[jvm]" classname="io.github.iml1s.crypto.MultiChainPhase2Test" time="0.0"/>
  <system-out><![CDATA[]]></system-out>
  <system-err><![CDATA[]]></system-err>
</testsuite>
