<?xml version="1.0" encoding="UTF-8"?>
<testsuite name="io.github.iml1s.crypto.XrpTest" tests="2" skipped="0" failures="0" errors="0" timestamp="2026-01-04T15:38:46.850Z" hostname="WIN_DESKTOP" time="0.0">
  <properties/>
  <testcase name="testValidation[jvm]" classname="io.github.iml1s.crypto.XrpTest" time="0.0"/>
  <testcase name="testGenesisAddress[jvm]" classname="io.github.iml1s.crypto.XrpTest" time="0.0"/>
  <system-out><![CDATA[]]></system-out>
  <system-err><![CDATA[]]></system-err>
</testsuite>
