<?xml version="1.0" encoding="UTF-8"?>
<testsuite name="io.github.iml1s.crypto.CryptoProviderTest" tests="4" skipped="0" failures="0" errors="0" timestamp="2026-01-04T15:37:21.531Z" hostname="WIN_DESKTOP" time="5.708">
  <properties/>
  <testcase name="testSchnorrBip340Vectors[jvm]" classname="io.github.iml1s.crypto.CryptoProviderTest" time="3.576"/>
  <testcase name="testEcdsaSignAndVerify[jvm]" classname="io.github.iml1s.crypto.CryptoProviderTest" time="2.129"/>
  <testcase name="testSha256[jvm]" classname="io.github.iml1s.crypto.CryptoProviderTest" time="0.001"/>
  <testcase name="testPublicKeyGeneration[jvm]" classname="io.github.iml1s.crypto.CryptoProviderTest" time="0.002"/>
  <system-out><![CDATA[]]></system-out>
  <system-err><![CDATA[]]></system-err>
</testsuite>
