<?xml version="1.0" encoding="UTF-8"?>
<testsuite name="io.github.iml1s.crypto.Pbkdf2Test" tests="17" skipped="0" failures="0" errors="0" timestamp="2026-01-04T15:37:59.488Z" hostname="WIN_DESKTOP" time="0.027">
  <properties/>
  <testcase name="testBip39Vector1_12Words_TrezorPassphrase[jvm]" classname="io.github.iml1s.crypto.Pbkdf2Test" time="0.001"/>
  <testcase name="testNegativeIterations_ShouldFail[jvm]" classname="io.github.iml1s.crypto.Pbkdf2Test" time="0.001"/>
  <testcase name="testBip39Vector5_DifferentMnemonic[jvm]" classname="io.github.iml1s.crypto.Pbkdf2Test" time="0.001"/>
  <testcase name="testMinimumKeyLength[jvm]" classname="io.github.iml1s.crypto.Pbkdf2Test" time="0.0"/>
  <testcase name="testZeroKeyLength_ShouldFail[jvm]" classname="io.github.iml1s.crypto.Pbkdf2Test" time="0.0"/>
  <testcase name="testEmptyPassword_ShouldFail[jvm]" classname="io.github.iml1s.crypto.Pbkdf2Test" time="0.0"/>
  <testcase name="testRfc6070Vector2_MultipleIterations[jvm]" classname="io.github.iml1s.crypto.Pbkdf2Test" time="0.0"/>
  <testcase name="testZeroIterations_ShouldFail[jvm]" classname="io.github.iml1s.crypto.Pbkdf2Test" time="0.0"/>
  <testcase name="testLargeKeyLength[jvm]" classname="io.github.iml1s.crypto.Pbkdf2Test" time="0.0"/>
  <testcase name="testBip39Vector2_24Words_TrezorPassphrase[jvm]" classname="io.github.iml1s.crypto.Pbkdf2Test" time="0.001"/>
  <testcase name="testBip39Vector3_DifferentMnemonic[jvm]" classname="io.github.iml1s.crypto.Pbkdf2Test" time="0.002"/>
  <testcase name="testBip39Vector4_NoPassphrase[jvm]" classname="io.github.iml1s.crypto.Pbkdf2Test" time="0.003"/>
  <testcase name="testEmptySalt_ShouldWork[jvm]" classname="io.github.iml1s.crypto.Pbkdf2Test" time="0.0"/>
  <testcase name="testPerformance_Bip39Standard[jvm]" classname="io.github.iml1s.crypto.Pbkdf2Test" time="0.013"/>
  <testcase name="testRfc6070Vector1[jvm]" classname="io.github.iml1s.crypto.Pbkdf2Test" time="0.0"/>
  <testcase name="testRfc6070Vector3_HighIterations[jvm]" classname="io.github.iml1s.crypto.Pbkdf2Test" time="0.002"/>
  <testcase name="testCrossPlatformConsistency[jvm]" classname="io.github.iml1s.crypto.Pbkdf2Test" time="0.003"/>
  <system-out><![CDATA[]]></system-out>
  <system-err><![CDATA[]]></system-err>
</testsuite>
