<?xml version="1.0" encoding="UTF-8"?>
<testsuite name="io.github.iml1s.crypto.Sr25519Test" tests="3" skipped="1" failures="0" errors="0" timestamp="2026-01-04T15:38:34.858Z" hostname="WIN_DESKTOP" time="0.103">
  <properties/>
  <testcase name="testKeypairFromKnownSeed[jvm]" classname="io.github.iml1s.crypto.Sr25519Test" time="0.012"/>
  <testcase name="testSignVerifyRoundtrip[jvm]" classname="io.github.iml1s.crypto.Sr25519Test" time="0.09"/>
  <testcase name="testVerifyKnownSignature[jvm]" classname="io.github.iml1s.crypto.Sr25519Test" time="0.0">
    <skipped/>
  </testcase>
  <system-out><![CDATA[]]></system-out>
  <system-err><![CDATA[]]></system-err>
</testsuite>
