<?xml version="1.0" encoding="UTF-8"?>
<testsuite name="io.github.iml1s.crypto.PolkadotTest" tests="3" skipped="0" failures="0" errors="0" timestamp="2026-01-04T15:37:59.517Z" hostname="WIN_DESKTOP" time="0.0">
  <properties/>
  <testcase name="testAlicePolkadotAddress[jvm]" classname="io.github.iml1s.crypto.PolkadotTest" time="0.0"/>
  <testcase name="testAliceSubstrateAddress[jvm]" classname="io.github.iml1s.crypto.PolkadotTest" time="0.0"/>
  <testcase name="testDecode[jvm]" classname="io.github.iml1s.crypto.PolkadotTest" time="0.0"/>
  <system-out><![CDATA[]]></system-out>
  <system-err><![CDATA[]]></system-err>
</testsuite>
