<?xml version="1.0" encoding="UTF-8"?>
<testsuite name="io.github.iml1s.crypto.Bip39Test" tests="3" skipped="0" failures="0" errors="0" timestamp="2026-01-04T15:36:47.034Z" hostname="WIN_DESKTOP" time="0.1">
  <properties/>
  <testcase name="testEmptyPassphrase[jvm]" classname="io.github.iml1s.crypto.Bip39Test" time="0.028"/>
  <testcase name="testInvalidMnemonics[jvm]" classname="io.github.iml1s.crypto.Bip39Test" time="0.007"/>
  <testcase name="testBip39OfficialVectors[jvm]" classname="io.github.iml1s.crypto.Bip39Test" time="0.065"/>
  <system-out><![CDATA[]]></system-out>
  <system-err><![CDATA[]]></system-err>
</testsuite>
