<?xml version="1.0" encoding="UTF-8"?>
<testsuite name="io.github.iml1s.crypto.Secp256k1RFC6979Test" tests="4" skipped="0" failures="0" errors="0" timestamp="2026-01-04T15:38:27.879Z" hostname="WIN_DESKTOP" time="6.916">
  <properties/>
  <testcase name="testDifferentMessagesProduceDifferentSignatures[jvm]" classname="io.github.iml1s.crypto.Secp256k1RFC6979Test" time="1.403"/>
  <testcase name="testSignatureVerification[jvm]" classname="io.github.iml1s.crypto.Secp256k1RFC6979Test" time="2.795"/>
  <testcase name="testDeterministicSignature[jvm]" classname="io.github.iml1s.crypto.Secp256k1RFC6979Test" time="1.352"/>
  <testcase name="testDifferentPrivateKeysProduceDifferentSignatures[jvm]" classname="io.github.iml1s.crypto.Secp256k1RFC6979Test" time="1.366"/>
  <system-out><![CDATA[]]></system-out>
  <system-err><![CDATA[]]></system-err>
</testsuite>
