<?xml version="1.0" encoding="UTF-8"?>
<testsuite name="io.github.iml1s.crypto.AesGcmTest" tests="16" skipped="0" failures="0" errors="0" timestamp="2026-01-04T15:36:37.899Z" hostname="WIN_DESKTOP" time="0.909">
  <properties/>
  <testcase name="test different passwords produce different ciphertext[jvm]" classname="io.github.iml1s.crypto.AesGcmTest" time="0.475"/>
  <testcase name="test basic encrypt and decrypt[jvm]" classname="io.github.iml1s.crypto.AesGcmTest" time="0.046"/>
  <testcase name="test too short base64 data[jvm]" classname="io.github.iml1s.crypto.AesGcmTest" time="0.003"/>
  <testcase name="test invalid base64 format[jvm]" classname="io.github.iml1s.crypto.AesGcmTest" time="0.001"/>
  <testcase name="test large plaintext[jvm]" classname="io.github.iml1s.crypto.AesGcmTest" time="0.042"/>
  <testcase name="test unicode and special characters[jvm]" classname="io.github.iml1s.crypto.AesGcmTest" time="0.04"/>
  <testcase name="test custom salt and iterations[jvm]" classname="io.github.iml1s.crypto.AesGcmTest" time="0.019"/>
  <testcase name="test AesGcmResult base64 encoding[jvm]" classname="io.github.iml1s.crypto.AesGcmTest" time="0.034"/>
  <testcase name="test wrong salt fails decryption[jvm]" classname="io.github.iml1s.crypto.AesGcmTest" time="0.037"/>
  <testcase name="test empty plaintext[jvm]" classname="io.github.iml1s.crypto.AesGcmTest" time="0.001"/>
  <testcase name="test decrypt with wrong password fails[jvm]" classname="io.github.iml1s.crypto.AesGcmTest" time="0.034"/>
  <testcase name="test tampered tag fails authentication[jvm]" classname="io.github.iml1s.crypto.AesGcmTest" time="0.035"/>
  <testcase name="test empty password[jvm]" classname="io.github.iml1s.crypto.AesGcmTest" time="0.002"/>
  <testcase name="test same password and plaintext produce different nonces[jvm]" classname="io.github.iml1s.crypto.AesGcmTest" time="0.067"/>
  <testcase name="test encrypt and decrypt string[jvm]" classname="io.github.iml1s.crypto.AesGcmTest" time="0.035"/>
  <testcase name="test tampered ciphertext fails authentication[jvm]" classname="io.github.iml1s.crypto.AesGcmTest" time="0.035"/>
  <system-out><![CDATA[]]></system-out>
  <system-err><![CDATA[]]></system-err>
</testsuite>
