<?xml version="1.0" encoding="UTF-8"?>
<testsuite name="io.github.iml1s.crypto.TonTest" tests="5" skipped="0" failures="0" errors="0" timestamp="2026-01-04T15:38:46.490Z" hostname="WIN_DESKTOP" time="0.359">
  <properties/>
  <testcase name="testOfficialTonCryptoVectors[jvm]" classname="io.github.iml1s.crypto.TonTest" time="0.256"/>
  <testcase name="testWorkchainParameter[jvm]" classname="io.github.iml1s.crypto.TonTest" time="0.001"/>
  <testcase name="testAddressFormat[jvm]" classname="io.github.iml1s.crypto.TonTest" time="0.051"/>
  <testcase name="testCrc16Xmodem[jvm]" classname="io.github.iml1s.crypto.TonTest" time="0.0"/>
  <testcase name="testWalletIdDefault[jvm]" classname="io.github.iml1s.crypto.TonTest" time="0.051"/>
  <system-out><![CDATA[]]></system-out>
  <system-err><![CDATA[]]></system-err>
</testsuite>
