<?xml version="1.0" encoding="UTF-8"?>
<testsuite name="io.github.iml1s.crypto.TaprootKeyPathSpendingTest" tests="9" skipped="0" failures="0" errors="0" timestamp="2026-01-04T15:38:40.446Z" hostname="WIN_DESKTOP" time="6.034">
  <properties/>
  <testcase name="testVector3_SigHash[jvm]" classname="io.github.iml1s.crypto.TaprootKeyPathSpendingTest" time="0.0"/>
  <testcase name="testVector3_Signature[jvm]" classname="io.github.iml1s.crypto.TaprootKeyPathSpendingTest" time="1.346"/>
  <testcase name="testVector0_SigHash[jvm]" classname="io.github.iml1s.crypto.TaprootKeyPathSpendingTest" time="0.0"/>
  <testcase name="testVector0_Signature[jvm]" classname="io.github.iml1s.crypto.TaprootKeyPathSpendingTest" time="1.375"/>
  <testcase name="testVector4_SigHash[jvm]" classname="io.github.iml1s.crypto.TaprootKeyPathSpendingTest" time="0.0"/>
  <testcase name="testVector4_Signature[jvm]" classname="io.github.iml1s.crypto.TaprootKeyPathSpendingTest" time="1.318"/>
  <testcase name="testVector6_SigHash[jvm]" classname="io.github.iml1s.crypto.TaprootKeyPathSpendingTest" time="0.0"/>
  <testcase name="testVector6_Signature[jvm]" classname="io.github.iml1s.crypto.TaprootKeyPathSpendingTest" time="1.319"/>
  <testcase name="testVector0_TweakedPrivkey[jvm]" classname="io.github.iml1s.crypto.TaprootKeyPathSpendingTest" time="0.675"/>
  <system-out><![CDATA[]]></system-out>
  <system-err><![CDATA[]]></system-err>
</testsuite>
