<?xml version="1.0" encoding="UTF-8"?>
<testsuite name="io.github.iml1s.crypto.TaprootBip341OfficialTest" tests="7" skipped="0" failures="0" errors="0" timestamp="2026-01-04T15:38:34.962Z" hostname="WIN_DESKTOP" time="4.794">
  <properties/>
  <testcase name="testVector3_TwoScriptsBalanced[jvm]" classname="io.github.iml1s.crypto.TaprootBip341OfficialTest" time="0.667"/>
  <testcase name="testVector0_KeyPathOnly[jvm]" classname="io.github.iml1s.crypto.TaprootBip341OfficialTest" time="0.679"/>
  <testcase name="testVector6_AnotherNestedTree[jvm]" classname="io.github.iml1s.crypto.TaprootBip341OfficialTest" time="0.691"/>
  <testcase name="testVector2_SingleScriptVariant[jvm]" classname="io.github.iml1s.crypto.TaprootBip341OfficialTest" time="0.684"/>
  <testcase name="testVector1_SingleScript[jvm]" classname="io.github.iml1s.crypto.TaprootBip341OfficialTest" time="0.681"/>
  <testcase name="testVector5_NestedTree[jvm]" classname="io.github.iml1s.crypto.TaprootBip341OfficialTest" time="0.71"/>
  <testcase name="testVector4_TwoScriptsStandard[jvm]" classname="io.github.iml1s.crypto.TaprootBip341OfficialTest" time="0.68"/>
  <system-out><![CDATA[]]></system-out>
  <system-err><![CDATA[]]></system-err>
</testsuite>
