<?xml version="1.0" encoding="UTF-8"?>
<testsuite name="io.github.iml1s.crypto.Blake2bTest" tests="6" skipped="0" failures="0" errors="0" timestamp="2026-01-04T15:36:47.145Z" hostname="WIN_DESKTOP" time="0.002">
  <properties/>
  <testcase name="testSS58Personalization[jvm]" classname="io.github.iml1s.crypto.Blake2bTest" time="0.001"/>
  <testcase name="testKeyedHash[jvm]" classname="io.github.iml1s.crypto.Blake2bTest" time="0.0"/>
  <testcase name="testHash512[jvm]" classname="io.github.iml1s.crypto.Blake2bTest" time="0.0"/>
  <testcase name="testKeyedHashEmptyData[jvm]" classname="io.github.iml1s.crypto.Blake2bTest" time="0.0"/>
  <testcase name="testDigestSize32[jvm]" classname="io.github.iml1s.crypto.Blake2bTest" time="0.0"/>
  <testcase name="testEmptyDataEmptyKey[jvm]" classname="io.github.iml1s.crypto.Blake2bTest" time="0.001"/>
  <system-out><![CDATA[]]></system-out>
  <system-err><![CDATA[]]></system-err>
</testsuite>
