<?xml version="1.0" encoding="UTF-8"?>
<testsuite name="io.github.iml1s.crypto.TaprootBip341Test" tests="3" skipped="0" failures="0" errors="0" timestamp="2026-01-04T15:43:30.123Z" hostname="WIN_DESKTOP" time="0.698">
  <properties/>
  <testcase name="testScriptPubKeyDerivation" classname="io.github.iml1s.crypto.TaprootBip341Test" time="0.698"/>
  <testcase name="testTapLeafHash" classname="io.github.iml1s.crypto.TaprootBip341Test" time="0.0"/>
  <testcase name="testTaggedHash" classname="io.github.iml1s.crypto.TaprootBip341Test" time="0.0"/>
  <system-out><![CDATA[]]></system-out>
  <system-err><![CDATA[]]></system-err>
</testsuite>
