<?xml version="1.0" encoding="UTF-8"?>
<testsuite name="io.github.iml1s.crypto.Secp256k1RFC6979Test" tests="4" skipped="0" failures="0" errors="0" timestamp="2026-01-04T15:43:17.813Z" hostname="WIN_DESKTOP" time="7.067">
  <properties/>
  <testcase name="testDifferentMessagesProduceDifferentSignatures" classname="io.github.iml1s.crypto.Secp256k1RFC6979Test" time="1.428"/>
  <testcase name="testSignatureVerification" classname="io.github.iml1s.crypto.Secp256k1RFC6979Test" time="2.854"/>
  <testcase name="testDeterministicSignature" classname="io.github.iml1s.crypto.Secp256k1RFC6979Test" time="1.381"/>
  <testcase name="testDifferentPrivateKeysProduceDifferentSignatures" classname="io.github.iml1s.crypto.Secp256k1RFC6979Test" time="1.404"/>
  <system-out><![CDATA[]]></system-out>
  <system-err><![CDATA[]]></system-err>
</testsuite>
