<?xml version="1.0" encoding="UTF-8"?>
<testsuite name="io.github.iml1s.crypto.TaprootKeyPathSpendingTest" tests="9" skipped="0" failures="0" errors="0" timestamp="2026-01-04T15:43:30.823Z" hostname="WIN_DESKTOP" time="6.223">
  <properties/>
  <testcase name="testVector3_SigHash" classname="io.github.iml1s.crypto.TaprootKeyPathSpendingTest" time="0.0"/>
  <testcase name="testVector3_Signature" classname="io.github.iml1s.crypto.TaprootKeyPathSpendingTest" time="1.399"/>
  <testcase name="testVector0_SigHash" classname="io.github.iml1s.crypto.TaprootKeyPathSpendingTest" time="0.0"/>
  <testcase name="testVector0_Signature" classname="io.github.iml1s.crypto.TaprootKeyPathSpendingTest" time="1.421"/>
  <testcase name="testVector4_SigHash" classname="io.github.iml1s.crypto.TaprootKeyPathSpendingTest" time="0.0"/>
  <testcase name="testVector4_Signature" classname="io.github.iml1s.crypto.TaprootKeyPathSpendingTest" time="1.349"/>
  <testcase name="testVector6_SigHash" classname="io.github.iml1s.crypto.TaprootKeyPathSpendingTest" time="0.001"/>
  <testcase name="testVector6_Signature" classname="io.github.iml1s.crypto.TaprootKeyPathSpendingTest" time="1.363"/>
  <testcase name="testVector0_TweakedPrivkey" classname="io.github.iml1s.crypto.TaprootKeyPathSpendingTest" time="0.69"/>
  <system-out><![CDATA[]]></system-out>
  <system-err><![CDATA[]]></system-err>
</testsuite>
