<?xml version="1.0" encoding="UTF-8"?>
<testsuite name="io.github.iml1s.crypto.SchnorrTest" tests="1" skipped="0" failures="0" errors="0" timestamp="2026-01-04T15:42:59.359Z" hostname="WIN_DESKTOP" time="18.453">
  <properties/>
  <testcase name="testBip340Vectors" classname="io.github.iml1s.crypto.SchnorrTest" time="18.453"/>
  <system-out><![CDATA[Testing Vector 0...
  Vector 0 passed!
Testing Vector 1...
  Vector 1 passed!
Testing Vector 2...
  Vector 2 passed!
Testing Vector 3...
  Vector 3 passed!
]]></system-out>
  <system-err><![CDATA[]]></system-err>
</testsuite>
