<?xml version="1.0" encoding="UTF-8"?>
<testsuite name="io.github.iml1s.crypto.Sr25519Test" tests="3" skipped="1" failures="0" errors="0" timestamp="2026-01-04T15:43:24.943Z" hostname="WIN_DESKTOP" time="0.104">
  <properties/>
  <testcase name="testKeypairFromKnownSeed" classname="io.github.iml1s.crypto.Sr25519Test" time="0.013"/>
  <testcase name="testSignVerifyRoundtrip" classname="io.github.iml1s.crypto.Sr25519Test" time="0.091"/>
  <testcase name="testVerifyKnownSignature" classname="io.github.iml1s.crypto.Sr25519Test" time="0.0">
    <skipped/>
  </testcase>
  <system-out><![CDATA[]]></system-out>
  <system-err><![CDATA[]]></system-err>
</testsuite>
