<?xml version="1.0" encoding="UTF-8"?>
<testsuite name="io.github.iml1s.crypto.CryptoProviderTest" tests="4" skipped="0" failures="0" errors="0" timestamp="2026-01-04T15:42:09.685Z" hostname="WIN_DESKTOP" time="6.406">
  <properties/>
  <testcase name="testSchnorrBip340Vectors" classname="io.github.iml1s.crypto.CryptoProviderTest" time="3.507"/>
  <testcase name="testEcdsaSignAndVerify" classname="io.github.iml1s.crypto.CryptoProviderTest" time="2.895"/>
  <testcase name="testSha256" classname="io.github.iml1s.crypto.CryptoProviderTest" time="0.0"/>
  <testcase name="testPublicKeyGeneration" classname="io.github.iml1s.crypto.CryptoProviderTest" time="0.003"/>
  <system-out><![CDATA[]]></system-out>
  <system-err><![CDATA[]]></system-err>
</testsuite>
