<?xml version="1.0" encoding="UTF-8"?>
<testsuite name="io.github.iml1s.crypto.TaprootBip341OfficialTest" tests="7" skipped="0" failures="0" errors="0" timestamp="2026-01-04T15:43:25.049Z" hostname="WIN_DESKTOP" time="5.073">
  <properties/>
  <testcase name="testVector3_TwoScriptsBalanced" classname="io.github.iml1s.crypto.TaprootBip341OfficialTest" time="0.693"/>
  <testcase name="testVector0_KeyPathOnly" classname="io.github.iml1s.crypto.TaprootBip341OfficialTest" time="0.701"/>
  <testcase name="testVector6_AnotherNestedTree" classname="io.github.iml1s.crypto.TaprootBip341OfficialTest" time="0.781"/>
  <testcase name="testVector2_SingleScriptVariant" classname="io.github.iml1s.crypto.TaprootBip341OfficialTest" time="0.739"/>
  <testcase name="testVector1_SingleScript" classname="io.github.iml1s.crypto.TaprootBip341OfficialTest" time="0.713"/>
  <testcase name="testVector5_NestedTree" classname="io.github.iml1s.crypto.TaprootBip341OfficialTest" time="0.748"/>
  <testcase name="testVector4_TwoScriptsStandard" classname="io.github.iml1s.crypto.TaprootBip341OfficialTest" time="0.698"/>
  <system-out><![CDATA[]]></system-out>
  <system-err><![CDATA[]]></system-err>
</testsuite>
