<?xml version="1.0" encoding="UTF-8"?>
<testsuite name="io.github.iml1s.crypto.CryptoProviderConsistencyTest" tests="5" skipped="0" failures="0" errors="0" timestamp="2026-01-04T15:41:36.165Z" hostname="WIN_DESKTOP" time="33.519">
  <properties/>
  <testcase name="testSchnorrSignatureVerification" classname="io.github.iml1s.crypto.CryptoProviderConsistencyTest" time="12.317"/>
  <testcase name="testEcdsaConsistency" classname="io.github.iml1s.crypto.CryptoProviderConsistencyTest" time="19.776"/>
  <testcase name="testSignatureFormats" classname="io.github.iml1s.crypto.CryptoProviderConsistencyTest" time="1.419"/>
  <testcase name="testSha256Consistency" classname="io.github.iml1s.crypto.CryptoProviderConsistencyTest" time="0.001"/>
  <testcase name="testPublicKeyDerivationConsistency" classname="io.github.iml1s.crypto.CryptoProviderConsistencyTest" time="0.006"/>
  <system-out><![CDATA[]]></system-out>
  <system-err><![CDATA[]]></system-err>
</testsuite>
