<?xml version="1.0" encoding="UTF-8"?>
<testsuite name="io.github.iml1s.crypto.demo.app.ChainTests" tests="1" skipped="0" failures="0" errors="0" timestamp="2026-01-06T15:27:11.215Z" hostname="WIN_DESKTOP" time="69.43">
  <properties/>
  <testcase name="testNetworkToggle[desktop]" classname="io.github.iml1s.crypto.demo.app.ChainTests" time="69.43"/>
  <system-out><![CDATA[ChainTests: Starting testNetworkToggle
ChainTests: Clicking 'networkToggle'
ChainTests: Clicking 'Load Wallet' (Testnet)
ChainTests: Waiting for Testnet addresses
App: Wallet generated, updating wallets list
App: Updating balance for Dash: 1.23 DAS
App: Updating balance for Bitcoin: 1.23 BIT
App: Updating balance for Ethereum: 1.23 ETH
App: Updating balance for Monero: 1.23 MON
App: Updating balance for Solana: 1.23 SOL
App: Updating balance for Zcash: 1.23 ZCA
ChainTests: Testnet addresses found
ChainTests: Clicking 'networkToggle' (back to Mainnet)
ChainTests: Clicking 'Load Wallet' (Mainnet)
ChainTests: Waiting for Mainnet addresses
App: Wallet generated, updating wallets list
App: Updating balance for Bitcoin: 1.23 BIT
App: Updating balance for Ethereum: 1.23 ETH
App: Updating balance for Dash: 1.23 DAS
App: Updating balance for Zcash: 1.23 ZCA
App: Updating balance for Monero: 1.23 MON
App: Updating balance for Solana: 1.23 SOL
ChainTests: Mainnet addresses found
ChainTests: Finished testNetworkToggle
]]></system-out>
  <system-err><![CDATA[SLF4J(W): No SLF4J providers were found.
SLF4J(W): Defaulting to no-operation (NOP) logger implementation
SLF4J(W): See https://www.slf4j.org/codes.html#noProviders for further details.
]]></system-err>
</testsuite>
