<?xml version="1.0" encoding="UTF-8"?>
<testsuite name="io.github.iml1s.crypto.CryptoProviderTest" tests="4" skipped="0" failures="0" errors="0" timestamp="2026-01-04T15:40:08.067Z" hostname="WIN_DESKTOP" time="5.504">
  <properties/>
  <testcase name="testSchnorrBip340Vectors" classname="io.github.iml1s.crypto.CryptoProviderTest" time="3.414"/>
  <testcase name="testEcdsaSignAndVerify" classname="io.github.iml1s.crypto.CryptoProviderTest" time="2.088"/>
  <testcase name="testSha256" classname="io.github.iml1s.crypto.CryptoProviderTest" time="0.0"/>
  <testcase name="testPublicKeyGeneration" classname="io.github.iml1s.crypto.CryptoProviderTest" time="0.002"/>
  <system-out><![CDATA[]]></system-out>
  <system-err><![CDATA[]]></system-err>
</testsuite>
