<?xml version="1.0" encoding="UTF-8"?>
<testsuite name="io.github.iml1s.crypto.ProtocolCoverageTest" tests="3" skipped="0" failures="0" errors="0" timestamp="2026-01-04T15:40:45.610Z" hostname="WIN_DESKTOP" time="0.723">
  <properties/>
  <testcase name="testTron" classname="io.github.iml1s.crypto.ProtocolCoverageTest" time="0.0"/>
  <testcase name="testSegwitAddress" classname="io.github.iml1s.crypto.ProtocolCoverageTest" time="0.705"/>
  <testcase name="testSolana" classname="io.github.iml1s.crypto.ProtocolCoverageTest" time="0.018"/>
  <system-out><![CDATA[]]></system-out>
  <system-err><![CDATA[]]></system-err>
</testsuite>
