<?xml version="1.0" encoding="UTF-8"?>
<testsuite name="io.github.iml1s.crypto.PureEthereumCryptoTest" tests="3" skipped="0" failures="0" errors="0" timestamp="2026-01-04T15:40:46.334Z" hostname="WIN_DESKTOP" time="9.945">
  <properties/>
  <testcase name="testDerivePrivateKeyAndAddress" classname="io.github.iml1s.crypto.PureEthereumCryptoTest" time="2.826"/>
  <testcase name="testDerivationFromXpub" classname="io.github.iml1s.crypto.PureEthereumCryptoTest" time="2.827"/>
  <testcase name="testDerivationDeterministic" classname="io.github.iml1s.crypto.PureEthereumCryptoTest" time="4.291"/>
  <system-out><![CDATA[]]></system-out>
  <system-err><![CDATA[]]></system-err>
</testsuite>
