<?xml version="1.0" encoding="UTF-8"?>
<testsuite name="io.github.iml1s.crypto.Secp256k1RFC6979Test" tests="4" skipped="0" failures="0" errors="0" timestamp="2026-01-04T15:41:14.547Z" hostname="WIN_DESKTOP" time="7.059">
  <properties/>
  <testcase name="testDifferentMessagesProduceDifferentSignatures" classname="io.github.iml1s.crypto.Secp256k1RFC6979Test" time="1.426"/>
  <testcase name="testSignatureVerification" classname="io.github.iml1s.crypto.Secp256k1RFC6979Test" time="2.853"/>
  <testcase name="testDeterministicSignature" classname="io.github.iml1s.crypto.Secp256k1RFC6979Test" time="1.386"/>
  <testcase name="testDifferentPrivateKeysProduceDifferentSignatures" classname="io.github.iml1s.crypto.Secp256k1RFC6979Test" time="1.394"/>
  <system-out><![CDATA[]]></system-out>
  <system-err><![CDATA[]]></system-err>
</testsuite>
