<?xml version="1.0" encoding="UTF-8"?>
<testsuite name="io.github.iml1s.crypto.AndroidBigIntegerTest" tests="2" skipped="0" failures="0" errors="0" timestamp="2026-01-04T15:39:34.433Z" hostname="WIN_DESKTOP" time="0.0">
  <properties/>
  <testcase name="testSimpleModulo" classname="io.github.iml1s.crypto.AndroidBigIntegerTest" time="0.0"/>
  <testcase name="testSimpleDivision" classname="io.github.iml1s.crypto.AndroidBigIntegerTest" time="0.0"/>
  <system-out><![CDATA[]]></system-out>
  <system-err><![CDATA[]]></system-err>
</testsuite>
