<?xml version="1.0" encoding="UTF-8"?>
<testsuite name="io.github.iml1s.crypto.Bip39Test" tests="3" skipped="0" failures="0" errors="0" timestamp="2026-01-04T15:39:34.870Z" hostname="WIN_DESKTOP" time="0.105">
  <properties/>
  <testcase name="testEmptyPassphrase" classname="io.github.iml1s.crypto.Bip39Test" time="0.043"/>
  <testcase name="testInvalidMnemonics" classname="io.github.iml1s.crypto.Bip39Test" time="0.005"/>
  <testcase name="testBip39OfficialVectors" classname="io.github.iml1s.crypto.Bip39Test" time="0.056"/>
  <system-out><![CDATA[]]></system-out>
  <system-err><![CDATA[]]></system-err>
</testsuite>
