<?xml version="1.0" encoding="UTF-8"?>
<testsuite name="io.github.iml1s.crypto.Bip32Test" tests="3" skipped="0" failures="0" errors="0" timestamp="2026-01-04T15:39:34.455Z" hostname="WIN_DESKTOP" time="0.413">
  <properties/>
  <testcase name="testDerivePath" classname="io.github.iml1s.crypto.Bip32Test" time="0.412"/>
  <testcase name="testDeriveChild" classname="io.github.iml1s.crypto.Bip32Test" time="0.001"/>
  <testcase name="testMasterKeyFromSeed" classname="io.github.iml1s.crypto.Bip32Test" time="0.0"/>
  <system-out><![CDATA[Could not load Android Secp256k1. Trying to extract JVM platform specific version.
]]></system-out>
  <system-err><![CDATA[]]></system-err>
</testsuite>
