<?xml version="1.0" encoding="UTF-8"?>
<testsuite name="io.github.iml1s.crypto.TaprootKeyPathSpendingTest" tests="9" skipped="0" failures="0" errors="0" timestamp="2026-01-04T15:41:27.423Z" hostname="WIN_DESKTOP" time="6.219">
  <properties/>
  <testcase name="testVector3_SigHash" classname="io.github.iml1s.crypto.TaprootKeyPathSpendingTest" time="0.001"/>
  <testcase name="testVector3_Signature" classname="io.github.iml1s.crypto.TaprootKeyPathSpendingTest" time="1.395"/>
  <testcase name="testVector0_SigHash" classname="io.github.iml1s.crypto.TaprootKeyPathSpendingTest" time="0.0"/>
  <testcase name="testVector0_Signature" classname="io.github.iml1s.crypto.TaprootKeyPathSpendingTest" time="1.419"/>
  <testcase name="testVector4_SigHash" classname="io.github.iml1s.crypto.TaprootKeyPathSpendingTest" time="0.0"/>
  <testcase name="testVector4_Signature" classname="io.github.iml1s.crypto.TaprootKeyPathSpendingTest" time="1.346"/>
  <testcase name="testVector6_SigHash" classname="io.github.iml1s.crypto.TaprootKeyPathSpendingTest" time="0.001"/>
  <testcase name="testVector6_Signature" classname="io.github.iml1s.crypto.TaprootKeyPathSpendingTest" time="1.362"/>
  <testcase name="testVector0_TweakedPrivkey" classname="io.github.iml1s.crypto.TaprootKeyPathSpendingTest" time="0.695"/>
  <system-out><![CDATA[]]></system-out>
  <system-err><![CDATA[]]></system-err>
</testsuite>
