<?xml version="1.0" encoding="UTF-8"?>
<testsuite name="io.github.iml1s.crypto.TonTest" tests="5" skipped="0" failures="0" errors="0" timestamp="2026-01-04T15:41:33.654Z" hostname="WIN_DESKTOP" time="0.364">
  <properties/>
  <testcase name="testOfficialTonCryptoVectors" classname="io.github.iml1s.crypto.TonTest" time="0.261"/>
  <testcase name="testWorkchainParameter" classname="io.github.iml1s.crypto.TonTest" time="0.0"/>
  <testcase name="testAddressFormat" classname="io.github.iml1s.crypto.TonTest" time="0.051"/>
  <testcase name="testCrc16Xmodem" classname="io.github.iml1s.crypto.TonTest" time="0.001"/>
  <testcase name="testWalletIdDefault" classname="io.github.iml1s.crypto.TonTest" time="0.05"/>
  <system-out><![CDATA[]]></system-out>
  <system-err><![CDATA[]]></system-err>
</testsuite>
