<?xml version="1.0" encoding="UTF-8"?>
<testsuite name="io.github.iml1s.crypto.TaprootBip341OfficialTest" tests="7" skipped="0" failures="0" errors="0" timestamp="2026-01-04T15:41:21.777Z" hostname="WIN_DESKTOP" time="4.927">
  <properties/>
  <testcase name="testVector3_TwoScriptsBalanced" classname="io.github.iml1s.crypto.TaprootBip341OfficialTest" time="0.683"/>
  <testcase name="testVector0_KeyPathOnly" classname="io.github.iml1s.crypto.TaprootBip341OfficialTest" time="0.691"/>
  <testcase name="testVector6_AnotherNestedTree" classname="io.github.iml1s.crypto.TaprootBip341OfficialTest" time="0.708"/>
  <testcase name="testVector2_SingleScriptVariant" classname="io.github.iml1s.crypto.TaprootBip341OfficialTest" time="0.707"/>
  <testcase name="testVector1_SingleScript" classname="io.github.iml1s.crypto.TaprootBip341OfficialTest" time="0.71"/>
  <testcase name="testVector5_NestedTree" classname="io.github.iml1s.crypto.TaprootBip341OfficialTest" time="0.728"/>
  <testcase name="testVector4_TwoScriptsStandard" classname="io.github.iml1s.crypto.TaprootBip341OfficialTest" time="0.7"/>
  <system-out><![CDATA[]]></system-out>
  <system-err><![CDATA[]]></system-err>
</testsuite>
