<?xml version="1.0" encoding="UTF-8"?>
<testsuite name="io.github.iml1s.crypto.CardanoHdTest" tests="2" skipped="1" failures="0" errors="0" timestamp="2026-01-04T15:39:34.989Z" hostname="WIN_DESKTOP" time="0.004">
  <properties/>
  <testcase name="testHardenedDerivation" classname="io.github.iml1s.crypto.CardanoHdTest" time="0.0">
    <skipped/>
  </testcase>
  <testcase name="testV2Compliance" classname="io.github.iml1s.crypto.CardanoHdTest" time="0.004"/>
  <system-out><![CDATA[RUNNING NEW CODE V2 COMPLIANCE
]]></system-out>
  <system-err><![CDATA[]]></system-err>
</testsuite>
